{"ts": "2026-04-26T09:34:44Z", "event": "bacen_fetch_error", "anomes": 202403, "tipo": 1, "rel": "5", "cod": "C0080075", "error": "HTTP 400"}
{"ts": "2026-04-26T09:34:54Z", "event": "bacen_fetch_error", "anomes": 202403, "tipo": 2, "rel": "8", "cod": "C0010045", "error": "HTTP 400"}
{"ts": "2026-04-26T09:35:03Z", "event": "bacen_fetch_error", "anomes": 202406, "tipo": 1, "rel": "5", "cod": "C0080075", "error": "HTTP 400"}
{"ts": "2026-04-26T09:35:13Z", "event": "bacen_fetch_error", "anomes": 202406, "tipo": 2, "rel": "8", "cod": "C0010045", "error": "HTTP 400"}
{"ts": "2026-04-26T09:35:22Z", "event": "bacen_fetch_error", "anomes": 202409, "tipo": 1, "rel": "5", "cod": "C0080075", "error": "HTTP 400"}
{"ts": "2026-04-26T09:35:32Z", "event": "bacen_fetch_error", "anomes": 202409, "tipo": 2, "rel": "8", "cod": "C0010045", "error": "HTTP 400"}
{"ts": "2026-04-26T09:35:41Z", "event": "bacen_fetch_error", "anomes": 202412, "tipo": 1, "rel": "5", "cod": "C0080075", "error": "HTTP 400"}
{"ts": "2026-04-26T09:35:51Z", "event": "bacen_fetch_error", "anomes": 202412, "tipo": 2, "rel": "8", "cod": "C0010045", "error": "HTTP 400"}
{"ts": "2026-04-26T09:36:01Z", "event": "bacen_fetch_error", "anomes": 202503, "tipo": 1, "rel": "5", "cod": "C0080075", "error": "HTTP 400"}
{"ts": "2026-04-26T09:36:10Z", "event": "bacen_fetch_error", "anomes": 202503, "tipo": 2, "rel": "8", "cod": "C0010045", "error": "HTTP 400"}
{"ts": "2026-04-26T09:36:20Z", "event": "bacen_fetch_error", "anomes": 202506, "tipo": 1, "rel": "5", "cod": "C0080075", "error": "HTTP 400"}
{"ts": "2026-04-26T09:36:28Z", "event": "bacen_fetch_error", "anomes": 202506, "tipo": 2, "rel": "8", "cod": "C0010045", "error": "HTTP 400"}
{"ts": "2026-04-26T09:36:37Z", "event": "bacen_fetch_error", "anomes": 202509, "tipo": 1, "rel": "5", "cod": "C0080075", "error": "HTTP 400"}
{"ts": "2026-04-26T09:36:47Z", "event": "bacen_fetch_error", "anomes": 202509, "tipo": 2, "rel": "8", "cod": "C0010045", "error": "HTTP 400"}
{"ts": "2026-04-26T09:36:47Z", "event": "bacen_ticker_done", "ticker": "BBDC4", "periods_total": 7, "periods_updated": 0, "periods_partial": 0, "periods_empty": 7, "first_period": null, "last_period": null, "sample_basel": null, "sample_npl": null}
{"ts": "2026-04-26T09:40:48Z", "event": "bacen_ticker_done", "ticker": "BBDC4", "periods_total": 7, "periods_updated": 7, "periods_partial": 3, "periods_empty": 0, "first_period": "2024-03-31", "last_period": "2025-09-30", "sample_basel": 0.153763026649122, "sample_npl": 0.0834733143737382}
{"ts": "2026-04-26T10:13:47Z", "event": "bacen_ticker_done", "ticker": "ITUB4", "periods_total": 7, "periods_updated": 7, "periods_partial": 3, "periods_empty": 0, "first_period": "2024-03-31", "last_period": "2025-09-30", "sample_basel": 0.163950482872659, "sample_npl": 0.04033044653890888}
{"ts": "2026-04-26T10:39:44Z", "event": "bacen_ticker_done", "ticker": "BBDC4", "periods_total": 30, "periods_updated": 30, "periods_partial": 3, "periods_empty": 0, "first_period": "2018-03-31", "last_period": "2025-09-30", "sample_basel": 0.158665242244858, "sample_npl": 0.07695032550351875}
{"ts": "2026-04-26T10:51:29Z", "event": "bacen_ticker_done", "ticker": "ITUB4", "periods_total": 26, "periods_updated": 26, "periods_partial": 3, "periods_empty": 0, "first_period": "2018-03-31", "last_period": "2025-09-30", "sample_basel": 0.166125208755513, "sample_npl": 0.046703502692391194}
{"ts": "2026-04-26T11:11:13Z", "event": "bacen_ticker_done", "ticker": "ABCB4", "periods_total": 31, "periods_updated": 31, "periods_partial": 3, "periods_empty": 0, "first_period": "2018-03-31", "last_period": "2025-09-30", "sample_basel": 0.161167624673056, "sample_npl": 0.021643882765238445}
{"ts": "2026-04-26T12:27:58Z", "event": "bacen_ticker_done", "ticker": "ABCB4", "periods_total": 31, "periods_updated": 3, "periods_partial": 3, "periods_empty": 0, "periods_skipped": 28, "first_period": "2025-03-31", "last_period": "2025-09-30", "sample_basel": 0.171548542912822, "sample_npl": null}
{"ts": "2026-04-26T12:32:17Z", "event": "bacen_ticker_done", "ticker": "ABCB4", "periods_total": 31, "periods_updated": 3, "periods_partial": 3, "periods_empty": 0, "periods_skipped": 28, "first_period": "2025-03-31", "last_period": "2025-09-30", "sample_basel": 0.171548542912822, "sample_npl": null}
{"ts": "2026-04-26T12:36:36Z", "event": "bacen_ticker_done", "ticker": "ABCB4", "periods_total": 31, "periods_updated": 3, "periods_partial": 3, "periods_empty": 0, "periods_skipped": 28, "first_period": "2025-03-31", "last_period": "2025-09-30", "sample_basel": 0.171548542912822, "sample_npl": null}
{"ts": "2026-04-26T12:37:03Z", "event": "bacen_ticker_done", "ticker": "ABCB4", "periods_total": 31, "periods_updated": 0, "periods_partial": 0, "periods_empty": 0, "periods_skipped": 31, "first_period": null, "last_period": null, "sample_basel": null, "sample_npl": null}
{"ts": "2026-04-26T12:44:54Z", "event": "bacen_ticker_done", "ticker": "BBAS3", "periods_total": 32, "periods_updated": 32, "periods_partial": 4, "periods_empty": 0, "periods_skipped": 0, "first_period": "2018-03-31", "last_period": "2025-12-31", "sample_basel": 0.184371153637809, "sample_npl": 0.06554699402710253}
{"ts": "2026-04-26T14:51:32Z", "event": "bacen_ticker_done", "ticker": "BBDC4", "periods_total": 30, "periods_updated": 0, "periods_partial": 0, "periods_empty": 0, "periods_skipped": 30, "first_period": null, "last_period": null, "sample_basel": null, "sample_npl": null}
{"ts": "2026-04-26T14:51:35Z", "event": "bacen_ticker_done", "ticker": "ITUB4", "periods_total": 26, "periods_updated": 0, "periods_partial": 0, "periods_empty": 0, "periods_skipped": 26, "first_period": null, "last_period": null, "sample_basel": null, "sample_npl": null}
{"ts": "2026-04-26T17:55:00Z", "event": "bacen_ticker_done", "ticker": "BPAC11", "periods_total": 32, "periods_updated": 32, "periods_partial": 4, "periods_empty": 0, "periods_skipped": 0, "first_period": "2018-03-31", "last_period": "2025-12-31", "sample_basel": 0.164675236186146, "sample_npl": 0.0852824370730349}
{"ts": "2026-04-26T17:55:25Z", "event": "bacen_ticker_done", "ticker": "BPAC11", "periods_total": 32, "periods_updated": 32, "periods_partial": 4, "periods_empty": 0, "periods_skipped": 0, "first_period": "2018-03-31", "last_period": "2025-12-31", "sample_basel": 0.164675236186146, "sample_npl": 0.0852824370730349}
