{"ts": "2026-05-05T18:48:54", "event": "run_start", "market": "both", "ticker": null}
{"ts": "2026-05-05T18:48:54", "market": "br", "ticker": "ABCB4", "tag": "Dividend/DRIP (5/12) | Value (4/12)", "value": 4, "growth": 0, "dividend": 5, "buffett": 3}
{"ts": "2026-05-05T18:48:54", "market": "br", "ticker": "ABEV3", "tag": "Dividend/DRIP (5/12) | Buffett/Quality (4/12)", "value": 0, "growth": 0, "dividend": 5, "buffett": 4}
{"ts": "2026-05-05T18:48:54", "market": "br", "ticker": "ALOS3", "tag": "Dividend/DRIP (5/12)", "value": 2, "growth": 0, "dividend": 5, "buffett": 0}
{"ts": "2026-05-05T18:48:54", "market": "br", "ticker": "ALUP11", "tag": "Value (4/12)", "value": 4, "growth": 0, "dividend": 2, "buffett": 1}
{"ts": "2026-05-05T18:48:54", "market": "br", "ticker": "AXIA7", "tag": "N/A", "value": 2, "growth": 0, "dividend": 0, "buffett": 0}
{"ts": "2026-05-05T18:48:54", "market": "br", "ticker": "B3SA3", "tag": "Buffett/Quality (4/12)", "value": 2, "growth": 0, "dividend": 2, "buffett": 4}
{"ts": "2026-05-05T18:48:54", "market": "br", "ticker": "BBAS3", "tag": "N/A", "value": 2, "growth": 0, "dividend": 2, "buffett": 1}
{"ts": "2026-05-05T18:48:54", "market": "br", "ticker": "BBDC4", "tag": "Dividend/DRIP (5/12)", "value": 2, "growth": 0, "dividend": 5, "buffett": 1}
{"ts": "2026-05-05T18:48:54", "market": "br", "ticker": "BBSE3", "tag": "Dividend/DRIP (5/12) | Value (4/12)", "value": 4, "growth": 0, "dividend": 5, "buffett": 4}
{"ts": "2026-05-05T18:48:54", "market": "br", "ticker": "BPAC11", "tag": "N/A", "value": 2, "growth": 1, "dividend": 2, "buffett": 2}
{"ts": "2026-05-05T18:48:54", "market": "br", "ticker": "BRBI11", "tag": "N/A", "value": 2, "growth": 0, "dividend": 3, "buffett": 2}
{"ts": "2026-05-05T18:48:54", "market": "br", "ticker": "BRCO11", "tag": "Dividend/DRIP (5/12)", "value": 0, "growth": 0, "dividend": 5, "buffett": 0}
{"ts": "2026-05-05T18:48:54", "market": "br", "ticker": "BRKM5", "tag": "N/A", "value": 2, "growth": 0, "dividend": 0, "buffett": 0}
{"ts": "2026-05-05T18:48:54", "market": "br", "ticker": "BTLG11", "tag": "Dividend/DRIP (5/12)", "value": 2, "growth": 0, "dividend": 5, "buffett": 0}
{"ts": "2026-05-05T18:48:54", "market": "br", "ticker": "CMIG4", "tag": "Dividend/DRIP (5/12) | Value (4/12)", "value": 4, "growth": 0, "dividend": 5, "buffett": 3}
{"ts": "2026-05-05T18:48:54", "market": "br", "ticker": "CPLE3", "tag": "N/A", "value": 0, "growth": 0, "dividend": 3, "buffett": 0}
{"ts": "2026-05-05T18:48:54", "market": "br", "ticker": "CSMG3", "tag": "N/A", "value": 0, "growth": 0, "dividend": 3, "buffett": 3}
{"ts": "2026-05-05T18:48:54", "market": "br", "ticker": "EGIE3", "tag": "N/A", "value": 2, "growth": 0, "dividend": 2, "buffett": 3}
{"ts": "2026-05-05T18:48:54", "market": "br", "ticker": "ENGI11", "tag": "N/A", "value": 2, "growth": 0, "dividend": 2, "buffett": 1}
{"ts": "2026-05-05T18:48:54", "market": "br", "ticker": "EQTL3", "tag": "N/A", "value": 0, "growth": 0, "dividend": 2, "buffett": 1}
{"ts": "2026-05-05T18:48:54", "market": "br", "ticker": "EZTC3", "tag": "Dividend/DRIP (5/12) | Value (4/12)", "value": 4, "growth": 0, "dividend": 5, "buffett": 2}
{"ts": "2026-05-05T18:48:54", "market": "br", "ticker": "GARE11", "tag": "N/A", "value": 0, "growth": 0, "dividend": 3, "buffett": 0}
{"ts": "2026-05-05T18:48:54", "market": "br", "ticker": "GMAT3", "tag": "Value (4/12)", "value": 4, "growth": 0, "dividend": 1, "buffett": 3}
{"ts": "2026-05-05T18:48:54", "market": "br", "ticker": "GRND3", "tag": "Dividend/DRIP (5/12) | Value (4/12)", "value": 4, "growth": 0, "dividend": 5, "buffett": 4}
{"ts": "2026-05-05T18:48:54", "market": "br", "ticker": "HGLG11", "tag": "Dividend/DRIP (5/12) | Value (4/12)", "value": 4, "growth": 0, "dividend": 5, "buffett": 0}
{"ts": "2026-05-05T18:48:54", "market": "br", "ticker": "HGRU11", "tag": "Dividend/DRIP (5/12)", "value": 0, "growth": 0, "dividend": 5, "buffett": 0}
{"ts": "2026-05-05T18:48:54", "market": "br", "ticker": "ISAE4", "tag": "Value (4/12)", "value": 4, "growth": 0, "dividend": 3, "buffett": 0}
{"ts": "2026-05-05T18:48:54", "market": "br", "ticker": "ITSA4", "tag": "Dividend/DRIP (5/12)", "value": 0, "growth": 0, "dividend": 5, "buffett": 3}
{"ts": "2026-05-05T18:48:54", "market": "br", "ticker": "ITUB4", "tag": "Dividend/DRIP (5/12)", "value": 2, "growth": 0, "dividend": 5, "buffett": 3}
{"ts": "2026-05-05T18:48:54", "market": "br", "ticker": "IVVB11", "tag": "N/A", "value": 0, "growth": 0, "dividend": 0, "buffett": 0}
{"ts": "2026-05-05T18:48:54", "market": "br", "ticker": "KLBN11", "tag": "Dividend/DRIP (5/12)", "value": 0, "growth": 0, "dividend": 5, "buffett": 1}
{"ts": "2026-05-05T18:48:54", "market": "br", "ticker": "KLBN4", "tag": "Dividend/DRIP (5/12)", "value": 2, "growth": 0, "dividend": 5, "buffett": 1}
{"ts": "2026-05-05T18:48:54", "market": "br", "ticker": "KNCR11", "tag": "Dividend/DRIP (5/12) | Value (4/12)", "value": 4, "growth": 0, "dividend": 5, "buffett": 2}
{"ts": "2026-05-05T18:48:54", "market": "br", "ticker": "KNRI11", "tag": "Dividend/DRIP (5/12) | Value (4/12)", "value": 4, "growth": 0, "dividend": 5, "buffett": 0}
{"ts": "2026-05-05T18:48:54", "market": "br", "ticker": "LFTB11", "tag": "N/A", "value": 0, "growth": 0, "dividend": 0, "buffett": 0}
{"ts": "2026-05-05T18:48:54", "market": "br", "ticker": "MCCI11", "tag": "Dividend/DRIP (5/12)", "value": 2, "growth": 0, "dividend": 5, "buffett": 0}
{"ts": "2026-05-05T18:48:54", "market": "br", "ticker": "MCRE11", "tag": "Dividend/DRIP (5/12)", "value": 2, "growth": 0, "dividend": 5, "buffett": 0}
{"ts": "2026-05-05T18:48:54", "market": "br", "ticker": "MOTV3", "tag": "Value (4/12)", "value": 4, "growth": 1, "dividend": 0, "buffett": 2}
{"ts": "2026-05-05T18:48:54", "market": "br", "ticker": "MULT3", "tag": "Value (4/12)", "value": 4, "growth": 0, "dividend": 2, "buffett": 3}
{"ts": "2026-05-05T18:48:54", "market": "br", "ticker": "PETR4", "tag": "Dividend/DRIP (5/12) | Value (4/12)", "value": 4, "growth": 0, "dividend": 5, "buffett": 3}
{"ts": "2026-05-05T18:48:54", "market": "br", "ticker": "PGMN3", "tag": "Value (4/12)", "value": 4, "growth": 0, "dividend": 1, "buffett": 0}
{"ts": "2026-05-05T18:48:54", "market": "br", "ticker": "PLPL3", "tag": "Value (4/12)", "value": 4, "growth": 0, "dividend": 3, "buffett": 3}
{"ts": "2026-05-05T18:48:54", "market": "br", "ticker": "PMLL11", "tag": "Dividend/DRIP (5/12)", "value": 0, "growth": 0, "dividend": 5, "buffett": 0}
{"ts": "2026-05-05T18:48:54", "market": "br", "ticker": "PNVL3", "tag": "N/A", "value": 0, "growth": 0, "dividend": 2, "buffett": 1}
{"ts": "2026-05-05T18:48:54", "market": "br", "ticker": "POMO3", "tag": "Dividend/DRIP (5/12) | Buffett/Quality (5/12)", "value": 4, "growth": 0, "dividend": 5, "buffett": 5}
{"ts": "2026-05-05T18:48:54", "market": "br", "ticker": "POMO4", "tag": "Dividend/DRIP (5/12) | Value (4/12)", "value": 4, "growth": 0, "dividend": 5, "buffett": 4}
{"ts": "2026-05-05T18:48:54", "market": "br", "ticker": "PRIO3", "tag": "N/A", "value": 0, "growth": 0, "dividend": 0, "buffett": 0}
{"ts": "2026-05-05T18:48:54", "market": "br", "ticker": "PSSA3", "tag": "Dividend/DRIP (5/12) | Value (4/12)", "value": 4, "growth": 0, "dividend": 5, "buffett": 4}
{"ts": "2026-05-05T18:48:54", "market": "br", "ticker": "PVBI11", "tag": "Dividend/DRIP (5/12)", "value": 2, "growth": 0, "dividend": 5, "buffett": 0}
{"ts": "2026-05-05T18:48:54", "market": "br", "ticker": "RAPT4", "tag": "N/A", "value": 2, "growth": 0, "dividend": 2, "buffett": 0}
{"ts": "2026-05-05T18:48:54", "market": "br", "ticker": "RBRX11", "tag": "Dividend/DRIP (5/12)", "value": 0, "growth": 0, "dividend": 5, "buffett": 0}
{"ts": "2026-05-05T18:48:54", "market": "br", "ticker": "RBRY11", "tag": "Dividend/DRIP (5/12)", "value": 0, "growth": 0, "dividend": 5, "buffett": 0}
{"ts": "2026-05-05T18:48:54", "market": "br", "ticker": "RDOR3", "tag": "Dividend/DRIP (5/12)", "value": 2, "growth": 0, "dividend": 5, "buffett": 3}
{"ts": "2026-05-05T18:48:54", "market": "br", "ticker": "RECR11", "tag": "Dividend/DRIP (5/12)", "value": 2, "growth": 0, "dividend": 5, "buffett": 0}
{"ts": "2026-05-05T18:48:54", "market": "br", "ticker": "RENT3", "tag": "N/A", "value": 0, "growth": 0, "dividend": 3, "buffett": 2}
{"ts": "2026-05-05T18:48:54", "market": "br", "ticker": "SANB11", "tag": "Dividend/DRIP (5/12)", "value": 2, "growth": 0, "dividend": 5, "buffett": 1}
{"ts": "2026-05-05T18:48:54", "market": "br", "ticker": "SAPR11", "tag": "N/A", "value": 2, "growth": 0, "dividend": 3, "buffett": 3}
{"ts": "2026-05-05T18:48:54", "market": "br", "ticker": "SEER3", "tag": "Value (4/12)", "value": 4, "growth": 0, "dividend": 0, "buffett": 2}
{"ts": "2026-05-05T18:48:54", "market": "br", "ticker": "SIMH3", "tag": "N/A", "value": 2, "growth": 0, "dividend": 0, "buffett": 0}
{"ts": "2026-05-05T18:48:54", "market": "br", "ticker": "SLCE3", "tag": "Dividend/DRIP (5/12)", "value": 0, "growth": 0, "dividend": 5, "buffett": 1}
{"ts": "2026-05-05T18:48:54", "market": "br", "ticker": "SUZB3", "tag": "Value (6/12)", "value": 6, "growth": 1, "dividend": 2, "buffett": 2}
{"ts": "2026-05-05T18:48:54", "market": "br", "ticker": "TAEE11", "tag": "Dividend/DRIP (5/12)", "value": 2, "growth": 0, "dividend": 5, "buffett": 3}
{"ts": "2026-05-05T18:48:54", "market": "br", "ticker": "TIMS3", "tag": "Dividend/DRIP (5/12) | Buffett/Quality (4/12)", "value": 0, "growth": 0, "dividend": 5, "buffett": 4}
{"ts": "2026-05-05T18:48:54", "market": "br", "ticker": "TRXF11", "tag": "Dividend/DRIP (5/12)", "value": 2, "growth": 0, "dividend": 5, "buffett": 0}
{"ts": "2026-05-05T18:48:54", "market": "br", "ticker": "TTEN3", "tag": "Value (4/12)", "value": 4, "growth": 1, "dividend": 2, "buffett": 2}
{"ts": "2026-05-05T18:48:54", "market": "br", "ticker": "TUPY3", "tag": "Dividend/DRIP (5/12)", "value": 2, "growth": 0, "dividend": 5, "buffett": 0}
{"ts": "2026-05-05T18:48:54", "market": "br", "ticker": "UNIP6", "tag": "Dividend/DRIP (5/12)", "value": 2, "growth": 0, "dividend": 5, "buffett": 3}
{"ts": "2026-05-05T18:48:54", "market": "br", "ticker": "VALE3", "tag": "Dividend/DRIP (5/12)", "value": 0, "growth": 0, "dividend": 5, "buffett": 2}
{"ts": "2026-05-05T18:48:54", "market": "br", "ticker": "VAMO3", "tag": "N/A", "value": 0, "growth": 0, "dividend": 2, "buffett": 0}
{"ts": "2026-05-05T18:48:54", "market": "br", "ticker": "VGIP11", "tag": "Dividend/DRIP (5/12)", "value": 2, "growth": 0, "dividend": 5, "buffett": 0}
{"ts": "2026-05-05T18:48:54", "market": "br", "ticker": "VGIR11", "tag": "Dividend/DRIP (5/12)", "value": 0, "growth": 0, "dividend": 5, "buffett": 0}
{"ts": "2026-05-05T18:48:54", "market": "br", "ticker": "VISC11", "tag": "Dividend/DRIP (5/12)", "value": 0, "growth": 0, "dividend": 5, "buffett": 0}
{"ts": "2026-05-05T18:48:54", "market": "br", "ticker": "VIVA3", "tag": "Value (4/12)", "value": 4, "growth": 1, "dividend": 2, "buffett": 3}
{"ts": "2026-05-05T18:48:54", "market": "br", "ticker": "VIVT3", "tag": "N/A", "value": 0, "growth": 0, "dividend": 2, "buffett": 2}
{"ts": "2026-05-05T18:48:54", "market": "br", "ticker": "VRTA11", "tag": "Dividend/DRIP (5/12) | Value (4/12)", "value": 4, "growth": 0, "dividend": 5, "buffett": 0}
{"ts": "2026-05-05T18:48:54", "market": "br", "ticker": "WIZC3", "tag": "Dividend/DRIP (5/12) | Value (4/12)", "value": 4, "growth": 0, "dividend": 5, "buffett": 4}
{"ts": "2026-05-05T18:48:54", "market": "br", "ticker": "XPLG11", "tag": "Dividend/DRIP (5/12)", "value": 0, "growth": 0, "dividend": 5, "buffett": 0}
{"ts": "2026-05-05T18:48:54", "market": "br", "ticker": "XPML11", "tag": "Dividend/DRIP (5/12)", "value": 0, "growth": 0, "dividend": 5, "buffett": 0}
{"ts": "2026-05-05T18:48:54", "market": "us", "ticker": "AAPL", "tag": "Buffett/Quality (4/12)", "value": 2, "growth": 1, "dividend": 2, "buffett": 4}
{"ts": "2026-05-05T18:48:54", "market": "us", "ticker": "ABBV", "tag": "Dividend/DRIP (4/12)", "value": 0, "growth": 0, "dividend": 4, "buffett": 1}
{"ts": "2026-05-05T18:48:54", "market": "us", "ticker": "ABM", "tag": "Value (4/12)", "value": 4, "growth": 0, "dividend": 2, "buffett": 2}
{"ts": "2026-05-05T18:48:54", "market": "us", "ticker": "ABT", "tag": "N/A", "value": 0, "growth": 0, "dividend": 2, "buffett": 1}
{"ts": "2026-05-05T18:48:54", "market": "us", "ticker": "ACN", "tag": "Value (4/12) | Buffett/Quality (4/12)", "value": 4, "growth": 1, "dividend": 2, "buffett": 4}
{"ts": "2026-05-05T18:48:54", "market": "us", "ticker": "ADM", "tag": "N/A", "value": 0, "growth": 0, "dividend": 2, "buffett": 1}
{"ts": "2026-05-05T18:48:54", "market": "us", "ticker": "ADP", "tag": "Buffett/Quality (5/12) | Dividend/DRIP (4/12)", "value": 2, "growth": 0, "dividend": 4, "buffett": 5}
{"ts": "2026-05-05T18:48:54", "market": "us", "ticker": "AFL", "tag": "Buffett/Quality (4/12)", "value": 2, "growth": 1, "dividend": 2, "buffett": 4}
{"ts": "2026-05-05T18:48:54", "market": "us", "ticker": "ALB", "tag": "N/A", "value": 0, "growth": 0, "dividend": 2, "buffett": 1}
{"ts": "2026-05-05T18:48:54", "market": "us", "ticker": "AOS", "tag": "Buffett/Quality (5/12) | Value (4/12)", "value": 4, "growth": 1, "dividend": 2, "buffett": 5}
{"ts": "2026-05-05T18:48:54", "market": "us", "ticker": "APD", "tag": "N/A", "value": 0, "growth": 0, "dividend": 2, "buffett": 1}
{"ts": "2026-05-05T18:48:54", "market": "us", "ticker": "ATO", "tag": "N/A", "value": 0, "growth": 0, "dividend": 2, "buffett": 1}
{"ts": "2026-05-05T18:48:54", "market": "us", "ticker": "AWR", "tag": "N/A", "value": 0, "growth": 0, "dividend": 2, "buffett": 1}
{"ts": "2026-05-05T18:48:54", "market": "us", "ticker": "BDX", "tag": "N/A", "value": 0, "growth": 0, "dividend": 2, "buffett": 1}
{"ts": "2026-05-05T18:48:54", "market": "us", "ticker": "BEN", "tag": "Dividend/DRIP (4/12)", "value": 2, "growth": 0, "dividend": 4, "buffett": 2}
{"ts": "2026-05-05T18:48:54", "market": "us", "ticker": "BF-B", "tag": "Value (4/12) | Dividend/DRIP (4/12)", "value": 4, "growth": 0, "dividend": 4, "buffett": 4}
{"ts": "2026-05-05T18:48:54", "market": "us", "ticker": "BKH", "tag": "Dividend/DRIP (4/12)", "value": 2, "growth": 0, "dividend": 4, "buffett": 1}
{"ts": "2026-05-05T18:48:54", "market": "us", "ticker": "BLK", "tag": "N/A", "value": 0, "growth": 0, "dividend": 2, "buffett": 2}
{"ts": "2026-05-05T18:48:54", "market": "us", "ticker": "BN", "tag": "N/A", "value": 0, "growth": 0, "dividend": 2, "buffett": 1}
{"ts": "2026-05-05T18:48:54", "market": "us", "ticker": "BRK-B", "tag": "Value (4/12)", "value": 4, "growth": 0, "dividend": 0, "buffett": 1}
{"ts": "2026-05-05T18:48:54", "market": "us", "ticker": "BRO", "tag": "N/A", "value": 0, "growth": 0, "dividend": 2, "buffett": 1}
{"ts": "2026-05-05T18:48:54", "market": "us", "ticker": "CAT", "tag": "Buffett/Quality (4/12)", "value": 2, "growth": 1, "dividend": 2, "buffett": 4}
{"ts": "2026-05-05T18:48:54", "market": "us", "ticker": "CB", "tag": "Buffett/Quality (4/12)", "value": 2, "growth": 1, "dividend": 2, "buffett": 4}
{"ts": "2026-05-05T18:48:54", "market": "us", "ticker": "CBSH", "tag": "N/A", "value": 2, "growth": 0, "dividend": 2, "buffett": 1}
{"ts": "2026-05-05T18:48:54", "market": "us", "ticker": "CHD", "tag": "Buffett/Quality (4/12)", "value": 0, "growth": 1, "dividend": 2, "buffett": 4}
{"ts": "2026-05-05T18:48:54", "market": "us", "ticker": "CHRW", "tag": "Buffett/Quality (5/12)", "value": 2, "growth": 1, "dividend": 2, "buffett": 5}
{"ts": "2026-05-05T18:48:54", "market": "us", "ticker": "CINF", "tag": "Value (4/12) | Buffett/Quality (4/12)", "value": 4, "growth": 1, "dividend": 2, "buffett": 4}
{"ts": "2026-05-05T18:48:54", "market": "us", "ticker": "CL", "tag": "Buffett/Quality (4/12)", "value": 2, "growth": 1, "dividend": 2, "buffett": 4}
{"ts": "2026-05-05T18:48:54", "market": "us", "ticker": "CLX", "tag": "Dividend/DRIP (4/12)", "value": 2, "growth": 0, "dividend": 4, "buffett": 1}
{"ts": "2026-05-05T18:48:54", "market": "us", "ticker": "CTAS", "tag": "Buffett/Quality (5/12)", "value": 2, "growth": 1, "dividend": 2, "buffett": 5}
{"ts": "2026-05-05T18:48:54", "market": "us", "ticker": "CVX", "tag": "Dividend/DRIP (4/12)", "value": 0, "growth": 0, "dividend": 4, "buffett": 2}
{"ts": "2026-05-05T18:48:54", "market": "us", "ticker": "CWT", "tag": "N/A", "value": 0, "growth": 0, "dividend": 2, "buffett": 1}
{"ts": "2026-05-05T18:48:54", "market": "us", "ticker": "DOV", "tag": "N/A", "value": 0, "growth": 0, "dividend": 2, "buffett": 3}
{"ts": "2026-05-05T18:48:54", "market": "us", "ticker": "ECL", "tag": "N/A", "value": 2, "growth": 1, "dividend": 2, "buffett": 3}
{"ts": "2026-05-05T18:48:54", "market": "us", "ticker": "ED", "tag": "Dividend/DRIP (4/12)", "value": 0, "growth": 0, "dividend": 4, "buffett": 1}
{"ts": "2026-05-05T18:48:54", "market": "us", "ticker": "EMR", "tag": "N/A", "value": 0, "growth": 0, "dividend": 2, "buffett": 2}
{"ts": "2026-05-05T18:48:54", "market": "us", "ticker": "ERIE", "tag": "Buffett/Quality (4/12)", "value": 2, "growth": 1, "dividend": 2, "buffett": 4}
{"ts": "2026-05-05T18:48:54", "market": "us", "ticker": "ES", "tag": "Dividend/DRIP (4/12)", "value": 2, "growth": 0, "dividend": 4, "buffett": 1}
{"ts": "2026-05-05T18:48:54", "market": "us", "ticker": "EXPD", "tag": "Buffett/Quality (5/12)", "value": 2, "growth": 1, "dividend": 2, "buffett": 5}
{"ts": "2026-05-05T18:48:54", "market": "us", "ticker": "FAST", "tag": "Buffett/Quality (5/12)", "value": 2, "growth": 1, "dividend": 2, "buffett": 5}
{"ts": "2026-05-05T18:48:54", "market": "us", "ticker": "FDS", "tag": "Value (4/12) | Buffett/Quality (4/12)", "value": 4, "growth": 1, "dividend": 2, "buffett": 4}
{"ts": "2026-05-05T18:48:54", "market": "us", "ticker": "FRT", "tag": "Dividend/DRIP (4/12)", "value": 0, "growth": 0, "dividend": 4, "buffett": 1}
{"ts": "2026-05-05T18:48:54", "market": "us", "ticker": "FUL", "tag": "N/A", "value": 0, "growth": 0, "dividend": 2, "buffett": 1}
{"ts": "2026-05-05T18:48:54", "market": "us", "ticker": "GD", "tag": "Buffett/Quality (5/12)", "value": 0, "growth": 1, "dividend": 2, "buffett": 5}
{"ts": "2026-05-05T18:48:54", "market": "us", "ticker": "GPC", "tag": "Dividend/DRIP (4/12)", "value": 0, "growth": 0, "dividend": 4, "buffett": 1}
{"ts": "2026-05-05T18:48:54", "market": "us", "ticker": "GRC", "tag": "N/A", "value": 0, "growth": 0, "dividend": 2, "buffett": 2}
{"ts": "2026-05-05T18:48:54", "market": "us", "ticker": "GREK", "tag": "Dividend/DRIP (4/12)", "value": 2, "growth": 0, "dividend": 4, "buffett": 1}
{"ts": "2026-05-05T18:48:54", "market": "us", "ticker": "GS", "tag": "N/A", "value": 2, "growth": 0, "dividend": 2, "buffett": 1}
{"ts": "2026-05-05T18:48:54", "market": "us", "ticker": "GWW", "tag": "Buffett/Quality (5/12)", "value": 2, "growth": 1, "dividend": 2, "buffett": 5}
{"ts": "2026-05-05T18:48:54", "market": "us", "ticker": "HD", "tag": "N/A", "value": 2, "growth": 1, "dividend": 2, "buffett": 3}
{"ts": "2026-05-05T18:48:54", "market": "us", "ticker": "HRL", "tag": "Dividend/DRIP (4/12)", "value": 2, "growth": 0, "dividend": 4, "buffett": 2}
{"ts": "2026-05-05T18:48:54", "market": "us", "ticker": "IBM", "tag": "N/A", "value": 2, "growth": 1, "dividend": 2, "buffett": 3}
{"ts": "2026-05-05T18:48:54", "market": "us", "ticker": "ITW", "tag": "Buffett/Quality (5/12)", "value": 2, "growth": 1, "dividend": 2, "buffett": 5}
{"ts": "2026-05-05T18:48:54", "market": "us", "ticker": "JKHY", "tag": "Buffett/Quality (4/12)", "value": 2, "growth": 1, "dividend": 2, "buffett": 4}
{"ts": "2026-05-05T18:48:54", "market": "us", "ticker": "JNJ", "tag": "Buffett/Quality (4/12)", "value": 2, "growth": 1, "dividend": 2, "buffett": 4}
{"ts": "2026-05-05T18:48:54", "market": "us", "ticker": "JPM", "tag": "N/A", "value": 2, "growth": 1, "dividend": 2, "buffett": 3}
{"ts": "2026-05-05T18:48:54", "market": "us", "ticker": "KMB", "tag": "Dividend/DRIP (4/12) | Buffett/Quality (4/12)", "value": 2, "growth": 0, "dividend": 4, "buffett": 4}
{"ts": "2026-05-05T18:48:54", "market": "us", "ticker": "KO", "tag": "Buffett/Quality (4/12)", "value": 2, "growth": 1, "dividend": 2, "buffett": 4}
{"ts": "2026-05-05T18:48:54", "market": "us", "ticker": "LEG", "tag": "Value (6/12)", "value": 6, "growth": 1, "dividend": 2, "buffett": 3}
{"ts": "2026-05-05T18:48:54", "market": "us", "ticker": "LIN", "tag": "Buffett/Quality (4/12)", "value": 0, "growth": 1, "dividend": 2, "buffett": 4}
{"ts": "2026-05-05T18:48:54", "market": "us", "ticker": "LOW", "tag": "N/A", "value": 2, "growth": 0, "dividend": 2, "buffett": 1}
{"ts": "2026-05-05T18:48:54", "market": "us", "ticker": "MCD", "tag": "N/A", "value": 0, "growth": 0, "dividend": 2, "buffett": 1}
{"ts": "2026-05-05T18:48:54", "market": "us", "ticker": "MDT", "tag": "Dividend/DRIP (4/12)", "value": 0, "growth": 0, "dividend": 4, "buffett": 1}
{"ts": "2026-05-05T18:48:54", "market": "us", "ticker": "MGEE", "tag": "N/A", "value": 0, "growth": 0, "dividend": 2, "buffett": 1}
{"ts": "2026-05-05T18:48:54", "market": "us", "ticker": "MKC", "tag": "Value (4/12) | Dividend/DRIP (4/12)", "value": 4, "growth": 0, "dividend": 4, "buffett": 3}
{"ts": "2026-05-05T18:48:54", "market": "us", "ticker": "MO", "tag": "Value (4/12) | Dividend/DRIP (4/12)", "value": 4, "growth": 0, "dividend": 4, "buffett": 2}
{"ts": "2026-05-05T18:48:54", "market": "us", "ticker": "MSA", "tag": "Buffett/Quality (5/12)", "value": 2, "growth": 1, "dividend": 2, "buffett": 5}
{"ts": "2026-05-05T18:48:54", "market": "us", "ticker": "MSEX", "tag": "N/A", "value": 0, "growth": 0, "dividend": 2, "buffett": 1}
{"ts": "2026-05-05T18:48:54", "market": "us", "ticker": "MSFT", "tag": "Buffett/Quality (4/12)", "value": 2, "growth": 1, "dividend": 2, "buffett": 4}
{"ts": "2026-05-05T18:48:54", "market": "us", "ticker": "NDSN", "tag": "Buffett/Quality (4/12)", "value": 0, "growth": 1, "dividend": 2, "buffett": 4}
{"ts": "2026-05-05T18:48:54", "market": "us", "ticker": "NEE", "tag": "N/A", "value": 0, "growth": 0, "dividend": 2, "buffett": 1}
{"ts": "2026-05-05T18:48:54", "market": "us", "ticker": "NFG", "tag": "Value (4/12) | Buffett/Quality (4/12)", "value": 4, "growth": 1, "dividend": 2, "buffett": 4}
{"ts": "2026-05-05T18:48:54", "market": "us", "ticker": "NU", "tag": "N/A", "value": 2, "growth": 0, "dividend": 0, "buffett": 2}
{"ts": "2026-05-05T18:48:54", "market": "us", "ticker": "NUE", "tag": "N/A", "value": 0, "growth": 0, "dividend": 2, "buffett": 2}
{"ts": "2026-05-05T18:48:54", "market": "us", "ticker": "NWN", "tag": "Dividend/DRIP (4/12)", "value": 2, "growth": 0, "dividend": 4, "buffett": 1}
{"ts": "2026-05-05T18:48:54", "market": "us", "ticker": "O", "tag": "Dividend/DRIP (4/12)", "value": 0, "growth": 0, "dividend": 4, "buffett": 1}
{"ts": "2026-05-05T18:48:54", "market": "us", "ticker": "PEP", "tag": "Dividend/DRIP (4/12)", "value": 2, "growth": 0, "dividend": 4, "buffett": 3}
{"ts": "2026-05-05T18:48:54", "market": "us", "ticker": "PG", "tag": "Buffett/Quality (4/12)", "value": 2, "growth": 1, "dividend": 2, "buffett": 4}
{"ts": "2026-05-05T18:48:54", "market": "us", "ticker": "PH", "tag": "Buffett/Quality (5/12)", "value": 2, "growth": 1, "dividend": 2, "buffett": 5}
{"ts": "2026-05-05T18:48:54", "market": "us", "ticker": "PLD", "tag": "N/A", "value": 0, "growth": 0, "dividend": 2, "buffett": 1}
{"ts": "2026-05-05T18:48:54", "market": "us", "ticker": "PLTR", "tag": "N/A", "value": 2, "growth": 0, "dividend": 0, "buffett": 3}
{"ts": "2026-05-05T18:48:54", "market": "us", "ticker": "PNR", "tag": "Buffett/Quality (5/12)", "value": 0, "growth": 1, "dividend": 2, "buffett": 5}
{"ts": "2026-05-05T18:48:54", "market": "us", "ticker": "PPG", "tag": "Value (4/12)", "value": 4, "growth": 1, "dividend": 2, "buffett": 3}
{"ts": "2026-05-05T18:48:54", "market": "us", "ticker": "RLI", "tag": "Value (4/12) | Dividend/DRIP (4/12)", "value": 4, "growth": 0, "dividend": 4, "buffett": 4}
{"ts": "2026-05-05T18:48:54", "market": "us", "ticker": "ROP", "tag": "N/A", "value": 0, "growth": 0, "dividend": 2, "buffett": 1}
{"ts": "2026-05-05T18:48:54", "market": "us", "ticker": "RPM", "tag": "N/A", "value": 2, "growth": 1, "dividend": 2, "buffett": 3}
{"ts": "2026-05-05T18:48:54", "market": "us", "ticker": "SCL", "tag": "Dividend/DRIP (4/12)", "value": 2, "growth": 0, "dividend": 4, "buffett": 1}
{"ts": "2026-05-05T18:48:54", "market": "us", "ticker": "SHW", "tag": "N/A", "value": 2, "growth": 1, "dividend": 2, "buffett": 3}
{"ts": "2026-05-05T18:48:54", "market": "us", "ticker": "SJM", "tag": "Dividend/DRIP (4/12)", "value": 0, "growth": 0, "dividend": 4, "buffett": 1}
{"ts": "2026-05-05T18:48:54", "market": "us", "ticker": "SPGI", "tag": "N/A", "value": 0, "growth": 0, "dividend": 2, "buffett": 2}
{"ts": "2026-05-05T18:48:54", "market": "us", "ticker": "SWK", "tag": "Dividend/DRIP (4/12)", "value": 2, "growth": 0, "dividend": 4, "buffett": 2}
{"ts": "2026-05-05T18:48:54", "market": "us", "ticker": "SYY", "tag": "N/A", "value": 2, "growth": 1, "dividend": 2, "buffett": 3}
{"ts": "2026-05-05T18:48:54", "market": "us", "ticker": "TDS", "tag": "N/A", "value": 2, "growth": 0, "dividend": 2, "buffett": 1}
{"ts": "2026-05-05T18:48:54", "market": "us", "ticker": "TEN", "tag": "Value (4/12)", "value": 4, "growth": 0, "dividend": 2, "buffett": 1}
{"ts": "2026-05-05T18:48:54", "market": "us", "ticker": "TFC", "tag": "Value (4/12) | Dividend/DRIP (4/12)", "value": 4, "growth": 0, "dividend": 4, "buffett": 1}
{"ts": "2026-05-05T18:48:54", "market": "us", "ticker": "TGT", "tag": "Value (4/12) | Dividend/DRIP (4/12)", "value": 4, "growth": 0, "dividend": 4, "buffett": 4}
{"ts": "2026-05-05T18:48:54", "market": "us", "ticker": "TNC", "tag": "N/A", "value": 0, "growth": 0, "dividend": 2, "buffett": 3}
{"ts": "2026-05-05T18:48:54", "market": "us", "ticker": "TR", "tag": "N/A", "value": 0, "growth": 0, "dividend": 2, "buffett": 2}
{"ts": "2026-05-05T18:48:54", "market": "us", "ticker": "TROW", "tag": "Value (4/12) | Dividend/DRIP (4/12)", "value": 4, "growth": 0, "dividend": 4, "buffett": 4}
{"ts": "2026-05-05T18:48:54", "market": "us", "ticker": "TSLA", "tag": "N/A", "value": 0, "growth": 0, "dividend": 0, "buffett": 1}
{"ts": "2026-05-05T18:48:54", "market": "us", "ticker": "TSM", "tag": "Buffett/Quality (4/12)", "value": 2, "growth": 1, "dividend": 2, "buffett": 4}
{"ts": "2026-05-05T18:48:54", "market": "us", "ticker": "TTD", "tag": "N/A", "value": 0, "growth": 0, "dividend": 0, "buffett": 3}
{"ts": "2026-05-05T18:48:54", "market": "us", "ticker": "UVV", "tag": "Value (4/12) | Dividend/DRIP (4/12)", "value": 4, "growth": 0, "dividend": 4, "buffett": 1}
{"ts": "2026-05-05T18:48:54", "market": "us", "ticker": "V", "tag": "Buffett/Quality (4/12)", "value": 2, "growth": 1, "dividend": 2, "buffett": 4}
{"ts": "2026-05-05T18:48:54", "market": "us", "ticker": "WMT", "tag": "Buffett/Quality (4/12)", "value": 2, "growth": 1, "dividend": 2, "buffett": 4}
{"ts": "2026-05-05T18:48:54", "market": "us", "ticker": "WST", "tag": "Buffett/Quality (4/12)", "value": 2, "growth": 1, "dividend": 2, "buffett": 4}
{"ts": "2026-05-05T18:48:54", "market": "us", "ticker": "XOM", "tag": "N/A", "value": 0, "growth": 0, "dividend": 2, "buffett": 2}
{"ts": "2026-05-05T18:48:54", "market": "us", "ticker": "XP", "tag": "Value (4/12)", "value": 4, "growth": 1, "dividend": 2, "buffett": 2}
{"ts": "2026-05-05T18:48:54", "event": "run_end", "total": 186, "distribution": {"Dividend/DRIP": 64, "Value": 29, "N/A": 62, "Buffett/Quality": 31}}
