{"ts": "2026-04-15T16:15:57Z", "event": "bcb_fetch_start", "series_id": "SELIC_DAILY", "code": 11, "start": "11/03/2025", "end": "15/04/2026"}
{"ts": "2026-04-15T16:16:06Z", "event": "bcb_fetch_done", "series_id": "SELIC_DAILY", "rows": 276, "first": {"data": "11/03/2025", "valor": "0.049037"}, "last": {"data": "14/04/2026", "valor": "0.054266"}}
{"ts": "2026-04-15T16:16:06Z", "event": "bcb_fetch_start", "series_id": "SELIC_META", "code": 432, "start": "11/03/2025", "end": "15/04/2026"}
{"ts": "2026-04-15T16:16:15Z", "event": "bcb_fetch_done", "series_id": "SELIC_META", "rows": 401, "first": {"data": "11/03/2025", "valor": "13.25"}, "last": {"data": "15/04/2026", "valor": "14.75"}}
{"ts": "2026-04-15T16:16:15Z", "event": "bcb_fetch_start", "series_id": "CDI_DAILY", "code": 12, "start": "11/03/2025", "end": "15/04/2026"}
{"ts": "2026-04-15T16:16:22Z", "event": "bcb_fetch_done", "series_id": "CDI_DAILY", "rows": 276, "first": {"data": "11/03/2025", "valor": "0.049037"}, "last": {"data": "14/04/2026", "valor": "0.054266"}}
{"ts": "2026-04-15T16:16:22Z", "event": "bcb_fetch_start", "series_id": "IPCA_MONTHLY", "code": 433, "start": "11/03/2025", "end": "15/04/2026"}
{"ts": "2026-04-15T16:16:29Z", "event": "bcb_fetch_done", "series_id": "IPCA_MONTHLY", "rows": 13, "first": {"data": "01/03/2025", "valor": "0.56"}, "last": {"data": "01/03/2026", "valor": "0.88"}}
{"ts": "2026-04-15T16:16:29Z", "event": "bcb_fetch_start", "series_id": "USDBRL_PTAX", "code": 1, "start": "11/03/2025", "end": "15/04/2026"}
{"ts": "2026-04-15T16:16:36Z", "event": "bcb_fetch_done", "series_id": "USDBRL_PTAX", "rows": 277, "first": {"data": "11/03/2025", "valor": "5.8346"}, "last": {"data": "15/04/2026", "valor": "4.9928"}}
{"ts": "2026-04-15T16:45:57Z", "event": "bcb_fetch_start", "series_id": "SELIC_DAILY", "code": 11, "start": "22/03/2021", "end": "15/04/2026"}
{"ts": "2026-04-15T16:46:04Z", "event": "bcb_fetch_done", "series_id": "SELIC_DAILY", "rows": 1273, "first": {"data": "22/03/2021", "valor": "0.010379"}, "last": {"data": "14/04/2026", "valor": "0.054266"}}
{"ts": "2026-04-15T16:46:04Z", "event": "bcb_fetch_start", "series_id": "SELIC_META", "code": 432, "start": "22/03/2021", "end": "15/04/2026"}
{"ts": "2026-04-15T16:46:18Z", "event": "bcb_fetch_done", "series_id": "SELIC_META", "rows": 1851, "first": {"data": "22/03/2021", "valor": "2.75"}, "last": {"data": "15/04/2026", "valor": "14.75"}}
{"ts": "2026-04-15T16:46:18Z", "event": "bcb_fetch_start", "series_id": "CDI_DAILY", "code": 12, "start": "22/03/2021", "end": "15/04/2026"}
{"ts": "2026-04-15T16:46:26Z", "event": "bcb_fetch_done", "series_id": "CDI_DAILY", "rows": 1273, "first": {"data": "22/03/2021", "valor": "0.010379"}, "last": {"data": "14/04/2026", "valor": "0.054266"}}
{"ts": "2026-04-15T16:46:26Z", "event": "bcb_fetch_start", "series_id": "IPCA_MONTHLY", "code": 433, "start": "22/03/2021", "end": "15/04/2026"}
{"ts": "2026-04-15T16:46:27Z", "event": "bcb_fetch_done", "series_id": "IPCA_MONTHLY", "rows": 61, "first": {"data": "01/03/2021", "valor": "0.93"}, "last": {"data": "01/03/2026", "valor": "0.88"}}
{"ts": "2026-04-15T16:46:27Z", "event": "bcb_fetch_start", "series_id": "USDBRL_PTAX", "code": 1, "start": "22/03/2021", "end": "15/04/2026"}
{"ts": "2026-04-15T16:46:37Z", "event": "bcb_fetch_done", "series_id": "USDBRL_PTAX", "rows": 1274, "first": {"data": "22/03/2021", "valor": "5.5269"}, "last": {"data": "15/04/2026", "valor": "4.9928"}}
{"ts": "2026-04-15T16:50:03Z", "event": "bcb_fetch_start", "series_id": "SELIC_DAILY", "code": 11, "start": "14/02/2026", "end": "15/04/2026"}
{"ts": "2026-04-15T16:50:04Z", "event": "bcb_fetch_done", "series_id": "SELIC_DAILY", "rows": 39, "first": {"data": "18/02/2026", "valor": "0.055131"}, "last": {"data": "14/04/2026", "valor": "0.054266"}}
{"ts": "2026-04-15T16:50:04Z", "event": "bcb_fetch_start", "series_id": "SELIC_META", "code": 432, "start": "14/02/2026", "end": "15/04/2026"}
{"ts": "2026-04-15T16:50:06Z", "event": "bcb_fetch_done", "series_id": "SELIC_META", "rows": 61, "first": {"data": "14/02/2026", "valor": "15.00"}, "last": {"data": "15/04/2026", "valor": "14.75"}}
{"ts": "2026-04-15T16:50:06Z", "event": "bcb_fetch_start", "series_id": "CDI_DAILY", "code": 12, "start": "14/02/2026", "end": "15/04/2026"}
{"ts": "2026-04-15T16:50:07Z", "event": "bcb_fetch_done", "series_id": "CDI_DAILY", "rows": 39, "first": {"data": "18/02/2026", "valor": "0.055131"}, "last": {"data": "14/04/2026", "valor": "0.054266"}}
{"ts": "2026-04-15T16:50:07Z", "event": "bcb_fetch_start", "series_id": "IPCA_MONTHLY", "code": 433, "start": "14/02/2026", "end": "15/04/2026"}
{"ts": "2026-04-15T16:50:08Z", "event": "bcb_fetch_done", "series_id": "IPCA_MONTHLY", "rows": 2, "first": {"data": "01/02/2026", "valor": "0.70"}, "last": {"data": "01/03/2026", "valor": "0.88"}}
{"ts": "2026-04-15T16:50:08Z", "event": "bcb_fetch_start", "series_id": "USDBRL_PTAX", "code": 1, "start": "14/02/2026", "end": "15/04/2026"}
{"ts": "2026-04-15T16:50:10Z", "event": "bcb_fetch_done", "series_id": "USDBRL_PTAX", "rows": 40, "first": {"data": "18/02/2026", "valor": "5.2349"}, "last": {"data": "15/04/2026", "valor": "4.9928"}}
