=== BR price backfill (period=max) start: Sun Apr 26 00:57:59 GTBST 2026 ===
[RECR11] fetching...
{"ts": "2026-04-25T21:58:00Z", "event": "yf_br_fetch_start", "ticker": "RECR11", "period": "max"}
{"ts": "2026-04-25T21:58:04Z", "event": "yf_br_persisted", "ticker": "RECR11", "prices": 1215, "dividends": 46, "price_range": ["2021-06-11", "2026-04-24"], "div_count_all_time": 46}
[TTEN3] fetching...
{"ts": "2026-04-25T21:58:05Z", "event": "yf_br_fetch_start", "ticker": "TTEN3", "period": "max"}
{"ts": "2026-04-25T21:58:07Z", "event": "yf_br_persisted", "ticker": "TTEN3", "prices": 1190, "dividends": 5, "price_range": ["2021-07-16", "2026-04-24"], "div_count_all_time": 5}
[RBRX11] fetching...
{"ts": "2026-04-25T21:58:08Z", "event": "yf_br_fetch_start", "ticker": "RBRX11", "period": "max"}
{"ts": "2026-04-25T21:58:10Z", "event": "yf_br_persisted", "ticker": "RBRX11", "prices": 906, "dividends": 43, "price_range": ["2022-09-05", "2026-04-24"], "div_count_all_time": 43}
[GARE11] fetching...
{"ts": "2026-04-25T21:58:11Z", "event": "yf_br_fetch_start", "ticker": "GARE11", "period": "max"}
{"ts": "2026-04-25T21:58:14Z", "event": "yf_br_persisted", "ticker": "GARE11", "prices": 535, "dividends": 24, "price_range": ["2024-03-05", "2026-04-24"], "div_count_all_time": 24}
[BBAS3] fetching...
{"ts": "2026-04-25T21:58:14Z", "event": "yf_br_fetch_start", "ticker": "BBAS3", "period": "max"}
{"ts": "2026-04-25T21:58:18Z", "event": "yf_br_persisted", "ticker": "BBAS3", "prices": 6604, "dividends": 128, "price_range": ["2000-01-03", "2026-04-24"], "div_count_all_time": 128}
[BBSE3] fetching...
{"ts": "2026-04-25T21:58:18Z", "event": "yf_br_fetch_start", "ticker": "BBSE3", "period": "max"}
{"ts": "2026-04-25T21:58:21Z", "event": "yf_br_persisted", "ticker": "BBSE3", "prices": 3231, "dividends": 28, "price_range": ["2013-04-29", "2026-04-24"], "div_count_all_time": 28}
[BRBI11] fetching...
{"ts": "2026-04-25T21:58:22Z", "event": "yf_br_fetch_start", "ticker": "BRBI11", "period": "max"}
{"ts": "2026-04-25T21:58:24Z", "event": "yf_br_persisted", "ticker": "BRBI11", "prices": 1193, "dividends": 16, "price_range": ["2021-07-14", "2026-04-24"], "div_count_all_time": 16}
[BRKM5] fetching...
{"ts": "2026-04-25T21:58:25Z", "event": "yf_br_fetch_start", "ticker": "BRKM5", "period": "max"}
{"ts": "2026-04-25T21:58:28Z", "event": "yf_br_persisted", "ticker": "BRKM5", "prices": 6604, "dividends": 16, "price_range": ["2000-01-03", "2026-04-24"], "div_count_all_time": 16}
[EGIE3] fetching...
{"ts": "2026-04-25T21:58:29Z", "event": "yf_br_fetch_start", "ticker": "EGIE3", "period": "max"}
{"ts": "2026-04-25T21:58:32Z", "event": "yf_br_persisted", "ticker": "EGIE3", "prices": 6040, "dividends": 53, "price_range": ["2002-03-01", "2026-04-24"], "div_count_all_time": 53}
[EZTC3] fetching...
{"ts": "2026-04-25T21:58:33Z", "event": "yf_br_fetch_start", "ticker": "EZTC3", "period": "max"}
{"ts": "2026-04-25T21:58:37Z", "event": "yf_br_persisted", "ticker": "EZTC3", "prices": 4676, "dividends": 31, "price_range": ["2007-06-22", "2026-04-24"], "div_count_all_time": 31}
[GMAT3] fetching...
{"ts": "2026-04-25T21:58:38Z", "event": "yf_br_fetch_start", "ticker": "GMAT3", "period": "max"}
{"ts": "2026-04-25T21:58:41Z", "event": "yf_br_persisted", "ticker": "GMAT3", "prices": 1376, "dividends": 8, "price_range": ["2020-10-13", "2026-04-24"], "div_count_all_time": 8}
[KLBN4] fetching...
{"ts": "2026-04-25T21:58:41Z", "event": "yf_br_fetch_start", "ticker": "KLBN4", "period": "max"}
{"ts": "2026-04-25T21:58:44Z", "event": "yf_br_persisted", "ticker": "KLBN4", "prices": 4548, "dividends": 58, "price_range": ["2008-01-02", "2026-04-24"], "div_count_all_time": 58}
[PNVL3] fetching...
{"ts": "2026-04-25T21:58:45Z", "event": "yf_br_fetch_start", "ticker": "PNVL3", "period": "max"}
{"ts": "2026-04-25T21:58:48Z", "event": "yf_br_persisted", "ticker": "PNVL3", "prices": 6604, "dividends": 45, "price_range": ["2000-01-03", "2026-04-24"], "div_count_all_time": 45}
[SEER3] fetching...
{"ts": "2026-04-25T21:58:49Z", "event": "yf_br_fetch_start", "ticker": "SEER3", "period": "max"}
{"ts": "2026-04-25T21:58:52Z", "event": "yf_br_persisted", "ticker": "SEER3", "prices": 3103, "dividends": 20, "price_range": ["2013-10-29", "2026-04-24"], "div_count_all_time": 20}
[SIMH3] fetching...
{"ts": "2026-04-25T21:58:52Z", "event": "yf_br_fetch_start", "ticker": "SIMH3", "period": "max"}
{"ts": "2026-04-25T21:58:55Z", "event": "yf_br_persisted", "ticker": "SIMH3", "prices": 1392, "dividends": 7, "price_range": ["2020-09-18", "2026-04-24"], "div_count_all_time": 7}
[SLCE3] fetching...
{"ts": "2026-04-25T21:58:55Z", "event": "yf_br_fetch_start", "ticker": "SLCE3", "period": "max"}
{"ts": "2026-04-25T21:58:59Z", "event": "yf_br_persisted", "ticker": "SLCE3", "prices": 4681, "dividends": 21, "price_range": ["2007-06-15", "2026-04-24"], "div_count_all_time": 21}
[TIMS3] fetching...
{"ts": "2026-04-25T21:58:59Z", "event": "yf_br_fetch_start", "ticker": "TIMS3", "period": "max"}
{"ts": "2026-04-25T21:59:02Z", "event": "yf_br_persisted", "ticker": "TIMS3", "prices": 5172, "dividends": 44, "price_range": ["2005-07-08", "2026-04-24"], "div_count_all_time": 44}
[TUPY3] fetching...
{"ts": "2026-04-25T21:59:03Z", "event": "yf_br_fetch_start", "ticker": "TUPY3", "period": "max"}
{"ts": "2026-04-25T21:59:06Z", "event": "yf_br_persisted", "ticker": "TUPY3", "prices": 6604, "dividends": 32, "price_range": ["2000-01-03", "2026-04-24"], "div_count_all_time": 32}
[UNIP6] fetching...
{"ts": "2026-04-25T21:59:07Z", "event": "yf_br_fetch_start", "ticker": "UNIP6", "period": "max"}
{"ts": "2026-04-25T21:59:10Z", "event": "yf_br_persisted", "ticker": "UNIP6", "prices": 6604, "dividends": 29, "price_range": ["2000-01-03", "2026-04-24"], "div_count_all_time": 29}
[VAMO3] fetching...
{"ts": "2026-04-25T21:59:11Z", "event": "yf_br_fetch_start", "ticker": "VAMO3", "period": "max"}
{"ts": "2026-04-25T21:59:13Z", "event": "yf_br_persisted", "ticker": "VAMO3", "prices": 1303, "dividends": 6, "price_range": ["2021-02-02", "2026-04-24"], "div_count_all_time": 6}
[VIVA3] fetching...
{"ts": "2026-04-25T21:59:14Z", "event": "yf_br_fetch_start", "ticker": "VIVA3", "period": "max"}
{"ts": "2026-04-25T21:59:17Z", "event": "yf_br_persisted", "ticker": "VIVA3", "prices": 1624, "dividends": 9, "price_range": ["2019-10-11", "2026-04-24"], "div_count_all_time": 9}
[WIZC3] fetching...
{"ts": "2026-04-25T21:59:17Z", "event": "yf_br_fetch_start", "ticker": "WIZC3", "period": "max"}
{"ts": "2026-04-25T21:59:20Z", "event": "yf_br_persisted", "ticker": "WIZC3", "prices": 2710, "dividends": 18, "price_range": ["2015-06-05", "2026-04-24"], "div_count_all_time": 18}
[MOTV3] fetching...
{"ts": "2026-04-25T21:59:21Z", "event": "yf_br_fetch_start", "ticker": "MOTV3", "period": "max"}
{"ts": "2026-04-25T21:59:23Z", "event": "yf_br_persisted", "ticker": "MOTV3", "prices": 252, "dividends": 4, "price_range": ["2025-04-23", "2026-04-24"], "div_count_all_time": 4}
[AXIA7] fetching...
{"ts": "2026-04-25T21:59:24Z", "event": "yf_br_fetch_start", "ticker": "AXIA7", "period": "max"}
{"ts": "2026-04-25T21:59:26Z", "event": "yf_br_persisted", "ticker": "AXIA7", "prices": 82, "dividends": 0, "price_range": ["2025-12-22", "2026-04-24"], "div_count_all_time": 0}
[KLBN11] fetching...
{"ts": "2026-04-25T21:59:27Z", "event": "yf_br_fetch_start", "ticker": "KLBN11", "period": "max"}
{"ts": "2026-04-25T21:59:30Z", "event": "yf_br_persisted", "ticker": "KLBN11", "prices": 3047, "dividends": 47, "price_range": ["2014-01-23", "2026-04-24"], "div_count_all_time": 47}
[LFTB11] fetching...
{"ts": "2026-04-25T21:59:30Z", "event": "yf_br_fetch_start", "ticker": "LFTB11", "period": "max"}
{"ts": "2026-04-25T21:59:32Z", "event": "yf_br_persisted", "ticker": "LFTB11", "prices": 1, "dividends": 0, "price_range": ["2026-04-24", "2026-04-24"], "div_count_all_time": 0}
=== END: Sun Apr 26 00:59:33 GTBST 2026 ===
