{"ts": "2026-04-15T11:28:15Z", "event": "extract_start", "pending": 6}
{"ts": "2026-04-15T11:28:41Z", "event": "extract_result", "event_id": 5, "ticker": "ITSA4", "date": "2026-03-25", "kind": "comunicado", "ok": true, "msg": "36313 chars"}
{"ts": "2026-04-15T11:28:51Z", "event": "extract_result", "event_id": 1, "ticker": "ITSA4", "date": "2026-03-17", "kind": "comunicado", "ok": true, "msg": "9473 chars"}
{"ts": "2026-04-15T11:28:55Z", "event": "extract_result", "event_id": 6, "ticker": "ITSA4", "date": "2026-03-16", "kind": "fato_relevante", "ok": true, "msg": "745 chars"}
{"ts": "2026-04-15T11:29:20Z", "event": "extract_result", "event_id": 4, "ticker": "ITSA4", "date": "2026-02-10", "kind": "comunicado", "ok": true, "msg": "34583 chars"}
{"ts": "2026-04-15T11:29:23Z", "event": "extract_result", "event_id": 3, "ticker": "ITSA4", "date": "2026-02-09", "kind": "comunicado", "ok": true, "msg": "1709 chars"}
{"ts": "2026-04-15T11:30:00Z", "event": "extract_result", "event_id": 2, "ticker": "ITSA4", "date": "2026-01-27", "kind": "comunicado", "ok": true, "msg": "39198 chars"}
{"ts": "2026-04-15T11:30:01Z", "event": "extract_done", "ok": 6, "fail": 0}
{"ts": "2026-04-16T17:24:20Z", "event": "extract_start", "pending": 5}
{"ts": "2026-04-16T17:25:21Z", "event": "extract_result", "event_id": 134, "ticker": "PETR4", "date": "2026-04-09", "kind": "comunicado", "ok": false, "msg": "ReadTimeout: HTTPSConnectionPool(host='www.rad.cvm.gov.br', port=443): Read timed out. (read timeout=60)"}
{"ts": "2026-04-16T17:26:22Z", "event": "extract_result", "event_id": 133, "ticker": "PETR4", "date": "2026-04-08", "kind": "comunicado", "ok": false, "msg": "ReadTimeout: HTTPSConnectionPool(host='www.rad.cvm.gov.br', port=443): Read timed out. (read timeout=60)"}
{"ts": "2026-04-16T17:27:23Z", "event": "extract_result", "event_id": 141, "ticker": "PETR4", "date": "2026-04-06", "kind": "fato_relevante", "ok": false, "msg": "ReadTimeout: HTTPSConnectionPool(host='www.rad.cvm.gov.br', port=443): Read timed out. (read timeout=60)"}
{"ts": "2026-04-16T17:28:24Z", "event": "extract_result", "event_id": 132, "ticker": "PETR4", "date": "2026-04-06", "kind": "comunicado", "ok": false, "msg": "ReadTimeout: HTTPSConnectionPool(host='www.rad.cvm.gov.br', port=443): Read timed out. (read timeout=60)"}
{"ts": "2026-04-16T17:29:25Z", "event": "extract_result", "event_id": 131, "ticker": "PETR4", "date": "2026-04-06", "kind": "comunicado", "ok": false, "msg": "ReadTimeout: HTTPSConnectionPool(host='www.rad.cvm.gov.br', port=443): Read timed out. (read timeout=60)"}
{"ts": "2026-04-16T17:29:25Z", "event": "extract_done", "ok": 0, "fail": 5}
{"ts": "2026-04-16T18:46:25Z", "event": "extract_start", "pending": 20}
{"ts": "2026-04-16T18:51:02Z", "event": "extract_result", "event_id": 170, "ticker": "ALOS3", "date": "2026-04-10", "kind": "fato_relevante", "ok": false, "msg": "SSLError: HTTPSConnectionPool(host='www.rad.cvm.gov.br', port=443): Max retries exceeded with url: /ENET/frmDownloadDocumento.aspx?Tela=ext&descTipo=IPE&CodigoInstituicao=1&numProtocolo=1503340&numSequencia=1028046&numVersao=1 (Caused by SSLError(SSLEOFError(8, '[SSL: UNEXPECTED_EOF_WHILE_READING] EOF occurred in violation of protocol (_ssl.c:1032)')))"}
{"ts": "2026-04-16T18:55:38Z", "event": "extract_result", "event_id": 208, "ticker": "EQTL3", "date": "2026-04-10", "kind": "comunicado", "ok": false, "msg": "SSLError: HTTPSConnectionPool(host='www.rad.cvm.gov.br', port=443): Max retries exceeded with url: /ENET/frmDownloadDocumento.aspx?Tela=ext&descTipo=IPE&CodigoInstituicao=1&numProtocolo=1504031&numSequencia=1028737&numVersao=1 (Caused by SSLError(SSLEOFError(8, '[SSL: UNEXPECTED_EOF_WHILE_READING] EOF occurred in violation of protocol (_ssl.c:1032)')))"}
{"ts": "2026-04-16T19:00:15Z", "event": "extract_result", "event_id": 220, "ticker": "MOTV3", "date": "2026-04-10", "kind": "comunicado", "ok": false, "msg": "SSLError: HTTPSConnectionPool(host='www.rad.cvm.gov.br', port=443): Max retries exceeded with url: /ENET/frmDownloadDocumento.aspx?Tela=ext&descTipo=IPE&CodigoInstituicao=1&numProtocolo=1504057&numSequencia=1028763&numVersao=1 (Caused by SSLError(SSLEOFError(8, '[SSL: UNEXPECTED_EOF_WHILE_READING] EOF occurred in violation of protocol (_ssl.c:1032)')))"}
{"ts": "2026-04-16T19:04:51Z", "event": "extract_result", "event_id": 134, "ticker": "PETR4", "date": "2026-04-09", "kind": "comunicado", "ok": false, "msg": "SSLError: HTTPSConnectionPool(host='www.rad.cvm.gov.br', port=443): Max retries exceeded with url: /ENET/frmDownloadDocumento.aspx?Tela=ext&descTipo=IPE&CodigoInstituicao=1&numProtocolo=1503174&numSequencia=1027880&numVersao=1 (Caused by SSLError(SSLEOFError(8, '[SSL: UNEXPECTED_EOF_WHILE_READING] EOF occurred in violation of protocol (_ssl.c:1032)')))"}
{"ts": "2026-04-16T19:09:28Z", "event": "extract_result", "event_id": 18, "ticker": "PRIO3", "date": "2026-04-08", "kind": "comunicado", "ok": false, "msg": "SSLError: HTTPSConnectionPool(host='www.rad.cvm.gov.br', port=443): Max retries exceeded with url: /ENET/frmDownloadDocumento.aspx?Tela=ext&descTipo=IPE&CodigoInstituicao=1&numProtocolo=1502680&numSequencia=1027386&numVersao=1 (Caused by SSLError(SSLEOFError(8, '[SSL: UNEXPECTED_EOF_WHILE_READING] EOF occurred in violation of protocol (_ssl.c:1032)')))"}
{"ts": "2026-04-16T19:14:04Z", "event": "extract_result", "event_id": 133, "ticker": "PETR4", "date": "2026-04-08", "kind": "comunicado", "ok": false, "msg": "SSLError: HTTPSConnectionPool(host='www.rad.cvm.gov.br', port=443): Max retries exceeded with url: /ENET/frmDownloadDocumento.aspx?Tela=ext&descTipo=IPE&CodigoInstituicao=1&numProtocolo=1502762&numSequencia=1027468&numVersao=1 (Caused by SSLError(SSLEOFError(8, '[SSL: UNEXPECTED_EOF_WHILE_READING] EOF occurred in violation of protocol (_ssl.c:1032)')))"}
{"ts": "2026-04-16T19:18:41Z", "event": "extract_result", "event_id": 9, "ticker": "PRIO3", "date": "2026-04-07", "kind": "comunicado", "ok": false, "msg": "SSLError: HTTPSConnectionPool(host='www.rad.cvm.gov.br', port=443): Max retries exceeded with url: /ENET/frmDownloadDocumento.aspx?Tela=ext&descTipo=IPE&CodigoInstituicao=1&numProtocolo=1502221&numSequencia=1026927&numVersao=1 (Caused by SSLError(SSLEOFError(8, '[SSL: UNEXPECTED_EOF_WHILE_READING] EOF occurred in violation of protocol (_ssl.c:1032)')))"}
{"ts": "2026-04-16T19:23:17Z", "event": "extract_result", "event_id": 228, "ticker": "MULT3", "date": "2026-04-07", "kind": "comunicado", "ok": false, "msg": "SSLError: HTTPSConnectionPool(host='www.rad.cvm.gov.br', port=443): Max retries exceeded with url: /ENET/frmDownloadDocumento.aspx?Tela=ext&descTipo=IPE&CodigoInstituicao=1&numProtocolo=1501869&numSequencia=1026575&numVersao=1 (Caused by SSLError(SSLEOFError(8, '[SSL: UNEXPECTED_EOF_WHILE_READING] EOF occurred in violation of protocol (_ssl.c:1032)')))"}
{"ts": "2026-04-16T19:27:54Z", "event": "extract_result", "event_id": 229, "ticker": "MULT3", "date": "2026-04-07", "kind": "comunicado", "ok": false, "msg": "SSLError: HTTPSConnectionPool(host='www.rad.cvm.gov.br', port=443): Max retries exceeded with url: /ENET/frmDownloadDocumento.aspx?Tela=ext&descTipo=IPE&CodigoInstituicao=1&numProtocolo=1501870&numSequencia=1026576&numVersao=1 (Caused by SSLError(SSLEOFError(8, '[SSL: UNEXPECTED_EOF_WHILE_READING] EOF occurred in violation of protocol (_ssl.c:1032)')))"}
{"ts": "2026-04-16T19:32:30Z", "event": "extract_result", "event_id": 90, "ticker": "VALE3", "date": "2026-04-06", "kind": "comunicado", "ok": false, "msg": "SSLError: HTTPSConnectionPool(host='www.rad.cvm.gov.br', port=443): Max retries exceeded with url: /ENET/frmDownloadDocumento.aspx?Tela=ext&descTipo=IPE&CodigoInstituicao=1&numProtocolo=1501510&numSequencia=1026216&numVersao=1 (Caused by SSLError(SSLEOFError(8, '[SSL: UNEXPECTED_EOF_WHILE_READING] EOF occurred in violation of protocol (_ssl.c:1032)')))"}
{"ts": "2026-04-16T19:37:07Z", "event": "extract_result", "event_id": 103, "ticker": "BBDC4", "date": "2026-04-06", "kind": "comunicado", "ok": false, "msg": "SSLError: HTTPSConnectionPool(host='www.rad.cvm.gov.br', port=443): Max retries exceeded with url: /ENET/frmDownloadDocumento.aspx?Tela=ext&descTipo=IPE&CodigoInstituicao=1&numProtocolo=1501628&numSequencia=1026334&numVersao=1 (Caused by SSLError(SSLEOFError(8, '[SSL: UNEXPECTED_EOF_WHILE_READING] EOF occurred in violation of protocol (_ssl.c:1032)')))"}
{"ts": "2026-04-17T13:00:07Z", "event": "extract_start", "pending": 20}
{"ts": "2026-04-17T13:00:10Z", "event": "extract_result", "event_id": 170, "ticker": "ALOS3", "date": "2026-04-10", "kind": "fato_relevante", "ok": true, "msg": "7371 chars"}
{"ts": "2026-04-17T13:00:13Z", "event": "extract_result", "event_id": 208, "ticker": "EQTL3", "date": "2026-04-10", "kind": "comunicado", "ok": true, "msg": "2332 chars"}
{"ts": "2026-04-17T13:00:16Z", "event": "extract_result", "event_id": 220, "ticker": "MOTV3", "date": "2026-04-10", "kind": "comunicado", "ok": true, "msg": "4667 chars"}
{"ts": "2026-04-17T13:00:19Z", "event": "extract_result", "event_id": 134, "ticker": "PETR4", "date": "2026-04-09", "kind": "comunicado", "ok": true, "msg": "2718 chars"}
{"ts": "2026-04-17T13:00:22Z", "event": "extract_result", "event_id": 18, "ticker": "PRIO3", "date": "2026-04-08", "kind": "comunicado", "ok": true, "msg": "5287 chars"}
{"ts": "2026-04-17T13:00:24Z", "event": "extract_result", "event_id": 133, "ticker": "PETR4", "date": "2026-04-08", "kind": "comunicado", "ok": true, "msg": "1724 chars"}
{"ts": "2026-04-17T13:00:35Z", "event": "extract_result", "event_id": 9, "ticker": "PRIO3", "date": "2026-04-07", "kind": "comunicado", "ok": true, "msg": "16027 chars"}
{"ts": "2026-04-17T13:00:58Z", "event": "extract_result", "event_id": 228, "ticker": "MULT3", "date": "2026-04-07", "kind": "comunicado", "ok": true, "msg": "21506 chars"}
{"ts": "2026-04-17T13:01:23Z", "event": "extract_result", "event_id": 229, "ticker": "MULT3", "date": "2026-04-07", "kind": "comunicado", "ok": true, "msg": "24572 chars"}
{"ts": "2026-04-17T13:01:26Z", "event": "extract_result", "event_id": 90, "ticker": "VALE3", "date": "2026-04-06", "kind": "comunicado", "ok": true, "msg": "4110 chars"}
{"ts": "2026-04-17T13:01:28Z", "event": "extract_result", "event_id": 103, "ticker": "BBDC4", "date": "2026-04-06", "kind": "comunicado", "ok": true, "msg": "2188 chars"}
{"ts": "2026-04-17T13:01:31Z", "event": "extract_result", "event_id": 131, "ticker": "PETR4", "date": "2026-04-06", "kind": "comunicado", "ok": true, "msg": "1914 chars"}
{"ts": "2026-04-17T13:01:34Z", "event": "extract_result", "event_id": 132, "ticker": "PETR4", "date": "2026-04-06", "kind": "comunicado", "ok": true, "msg": "2732 chars"}
{"ts": "2026-04-17T13:01:36Z", "event": "extract_result", "event_id": 141, "ticker": "PETR4", "date": "2026-04-06", "kind": "fato_relevante", "ok": true, "msg": "1494 chars"}
{"ts": "2026-04-17T13:01:41Z", "event": "extract_result", "event_id": 167, "ticker": "ALOS3", "date": "2026-04-06", "kind": "comunicado", "ok": true, "msg": "6925 chars"}
{"ts": "2026-04-17T13:01:44Z", "event": "extract_result", "event_id": 291, "ticker": "PRIO3", "date": "2026-04-06", "kind": "fato_relevante", "ok": true, "msg": "6142 chars"}
{"ts": "2026-04-17T13:01:49Z", "event": "extract_result", "event_id": 89, "ticker": "VALE3", "date": "2026-04-02", "kind": "comunicado", "ok": true, "msg": "35020 chars"}
{"ts": "2026-04-17T13:01:52Z", "event": "extract_result", "event_id": 111, "ticker": "PETR4", "date": "2026-04-02", "kind": "comunicado", "ok": true, "msg": "7513 chars"}
{"ts": "2026-04-17T13:01:55Z", "event": "extract_result", "event_id": 130, "ticker": "PETR4", "date": "2026-04-02", "kind": "comunicado", "ok": true, "msg": "3144 chars"}
{"ts": "2026-04-17T13:01:59Z", "event": "extract_result", "event_id": 166, "ticker": "ALOS3", "date": "2026-04-02", "kind": "comunicado", "ok": true, "msg": "5773 chars"}
{"ts": "2026-04-17T13:01:59Z", "event": "extract_done", "ok": 20, "fail": 0}
