======================================== 
daily_run.bat  23/04/2026 23:30:01.64 
======================================== 
[BR] daily_update.py 
Universo: 50 stocks, 21 fiis

============================================================
== 1/5  BCB SGS  (macro, 60d)
============================================================
{"ts": "2026-04-23T20:30:02Z", "event": "bcb_fetch_start", "series_id": "SELIC_DAILY", "code": 11, "start": "22/02/2026", "end": "23/04/2026"}
{"ts": "2026-04-23T20:30:03Z", "event": "bcb_fetch_done", "series_id": "SELIC_DAILY", "rows": 41, "first": {"data": "23/02/2026", "valor": "0.055131"}, "last": {"data": "22/04/2026", "valor": "0.054266"}}
{"ts": "2026-04-23T20:30:03Z", "event": "bcb_fetch_start", "series_id": "SELIC_META", "code": 432, "start": "22/02/2026", "end": "23/04/2026"}
{"ts": "2026-04-23T20:30:04Z", "event": "bcb_fetch_done", "series_id": "SELIC_META", "rows": 61, "first": {"data": "22/02/2026", "valor": "15.00"}, "last": {"data": "23/04/2026", "valor": "14.75"}}
{"ts": "2026-04-23T20:30:04Z", "event": "bcb_fetch_start", "series_id": "CDI_DAILY", "code": 12, "start": "22/02/2026", "end": "23/04/2026"}
{"ts": "2026-04-23T20:30:06Z", "event": "bcb_fetch_done", "series_id": "CDI_DAILY", "rows": 41, "first": {"data": "23/02/2026", "valor": "0.055131"}, "last": {"data": "22/04/2026", "valor": "0.054266"}}
{"ts": "2026-04-23T20:30:06Z", "event": "bcb_fetch_start", "series_id": "IPCA_MONTHLY", "code": 433, "start": "22/02/2026", "end": "23/04/2026"}
{"ts": "2026-04-23T20:30:06Z", "event": "bcb_fetch_done", "series_id": "IPCA_MONTHLY", "rows": 2, "first": {"data": "01/02/2026", "valor": "0.70"}, "last": {"data": "01/03/2026", "valor": "0.88"}}
{"ts": "2026-04-23T20:30:06Z", "event": "bcb_fetch_start", "series_id": "USDBRL_PTAX", "code": 1, "start": "22/02/2026", "end": "23/04/2026"}
{"ts": "2026-04-23T20:30:07Z", "event": "bcb_fetch_done", "series_id": "USDBRL_PTAX", "rows": 42, "first": {"data": "23/02/2026", "valor": "5.1635"}, "last": {"data": "23/04/2026", "valor": "4.9539"}}

============================================================
== 2/5  yfinance BR  (period=3mo)
============================================================
{"ts": "2026-04-23T20:30:10Z", "event": "yf_br_fetch_start", "ticker": "PRIO3", "period": "3mo"}
{"ts": "2026-04-23T20:30:14Z", "event": "yf_br_persisted", "ticker": "PRIO3", "prices": 61, "dividends": 1, "price_range": ["2026-01-23", "2026-04-23"], "div_count_all_time": 1}
{"ts": "2026-04-23T20:30:14Z", "event": "yf_br_fetch_start", "ticker": "VALE3", "period": "3mo"}
{"ts": "2026-04-23T20:30:15Z", "event": "yf_br_persisted", "ticker": "VALE3", "prices": 61, "dividends": 38, "price_range": ["2026-01-23", "2026-04-23"], "div_count_all_time": 38}
{"ts": "2026-04-23T20:30:15Z", "event": "yf_br_fetch_start", "ticker": "BBDC4", "period": "3mo"}
{"ts": "2026-04-23T20:30:16Z", "event": "yf_br_persisted", "ticker": "BBDC4", "prices": 61, "dividends": 262, "price_range": ["2026-01-23", "2026-04-23"], "div_count_all_time": 262}
{"ts": "2026-04-23T20:30:16Z", "event": "yf_br_fetch_start", "ticker": "ITSA4", "period": "3mo"}
{"ts": "2026-04-23T20:30:17Z", "event": "yf_br_persisted", "ticker": "ITSA4", "prices": 61, "dividends": 139, "price_range": ["2026-01-23", "2026-04-23"], "div_count_all_time": 139}
{"ts": "2026-04-23T20:30:17Z", "event": "yf_br_fetch_start", "ticker": "PETR4", "period": "3mo"}
{"ts": "2026-04-23T20:30:18Z", "event": "yf_br_persisted", "ticker": "PETR4", "prices": 61, "dividends": 60, "price_range": ["2026-01-23", "2026-04-23"], "div_count_all_time": 60}
{"ts": "2026-04-23T20:30:18Z", "event": "yf_br_fetch_start", "ticker": "AXIA7", "period": "3mo"}
{"ts": "2026-04-23T20:30:19Z", "event": "yf_br_persisted", "ticker": "AXIA7", "prices": 61, "dividends": 0, "price_range": ["2026-01-23", "2026-04-23"], "div_count_all_time": 0}
{"ts": "2026-04-23T20:30:19Z", "event": "yf_br_fetch_start", "ticker": "CPLE3", "period": "3mo"}
{"ts": "2026-04-23T20:30:20Z", "event": "yf_br_persisted", "ticker": "CPLE3", "prices": 61, "dividends": 35, "price_range": ["2026-01-23", "2026-04-23"], "div_count_all_time": 35}
{"ts": "2026-04-23T20:30:20Z", "event": "yf_br_fetch_start", "ticker": "ALOS3", "period": "3mo"}
{"ts": "2026-04-23T20:30:21Z", "event": "yf_br_persisted", "ticker": "ALOS3", "prices": 61, "dividends": 22, "price_range": ["2026-01-23", "2026-04-23"], "div_count_all_time": 22}
{"ts": "2026-04-23T20:30:21Z", "event": "yf_br_fetch_start", "ticker": "B3SA3", "period": "3mo"}
{"ts": "2026-04-23T20:30:22Z", "event": "yf_br_persisted", "ticker": "B3SA3", "prices": 61, "dividends": 82, "price_range": ["2026-01-23", "2026-04-23"], "div_count_all_time": 82}
{"ts": "2026-04-23T20:30:22Z", "event": "yf_br_fetch_start", "ticker": "ENGI11", "period": "3mo"}
{"ts": "2026-04-23T20:30:23Z", "event": "yf_br_persisted", "ticker": "ENGI11", "prices": 61, "dividends": 35, "price_range": ["2026-01-23", "2026-04-23"], "div_count_all_time": 35}
{"ts": "2026-04-23T20:30:23Z", "event": "yf_br_fetch_start", "ticker": "ITUB4", "period": "3mo"}
{"ts": "2026-04-23T20:30:24Z", "event": "yf_br_persisted", "ticker": "ITUB4", "prices": 61, "dividends": 269, "price_range": ["2026-01-23", "2026-04-23"], "div_count_all_time": 269}
{"ts": "2026-04-23T20:30:24Z", "event": "yf_br_fetch_start", "ticker": "EQTL3", "period": "3mo"}
{"ts": "2026-04-23T20:30:25Z", "event": "yf_br_persisted", "ticker": "EQTL3", "prices": 61, "dividends": 28, "price_range": ["2026-01-23", "2026-04-23"], "div_count_all_time": 28}
{"ts": "2026-04-23T20:30:25Z", "event": "yf_br_fetch_start", "ticker": "MOTV3", "period": "3mo"}
{"ts": "2026-04-23T20:30:26Z", "event": "yf_br_persisted", "ticker": "MOTV3", "prices": 61, "dividends": 2, "price_range": ["2026-01-23", "2026-04-23"], "div_count_all_time": 2}
{"ts": "2026-04-23T20:30:26Z", "event": "yf_br_fetch_start", "ticker": "MULT3", "period": "3mo"}
{"ts": "2026-04-23T20:30:27Z", "event": "yf_br_persisted", "ticker": "MULT3", "prices": 61, "dividends": 43, "price_range": ["2026-01-23", "2026-04-23"], "div_count_all_time": 43}
{"ts": "2026-04-23T20:30:27Z", "event": "yf_br_fetch_start", "ticker": "PGMN3", "period": "3mo"}
{"ts": "2026-04-23T20:30:28Z", "event": "yf_br_persisted", "ticker": "PGMN3", "prices": 61, "dividends": 4, "price_range": ["2026-01-23", "2026-04-23"], "div_count_all_time": 4}
{"ts": "2026-04-23T20:30:28Z", "event": "yf_br_fetch_start", "ticker": "PLPL3", "period": "3mo"}
{"ts": "2026-04-23T20:30:29Z", "event": "yf_br_persisted", "ticker": "PLPL3", "prices": 61, "dividends": 6, "price_range": ["2026-01-23", "2026-04-23"], "div_count_all_time": 6}
{"ts": "2026-04-23T20:30:29Z", "event": "yf_br_fetch_start", "ticker": "RAPT4", "period": "3mo"}
{"ts": "2026-04-23T20:30:30Z", "event": "yf_br_persisted", "ticker": "RAPT4", "prices": 61, "dividends": 33, "price_range": ["2026-01-23", "2026-04-23"], "div_count_all_time": 33}
{"ts": "2026-04-23T20:30:30Z", "event": "yf_br_fetch_start", "ticker": "RDOR3", "period": "3mo"}
{"ts": "2026-04-23T20:30:31Z", "event": "yf_br_persisted", "ticker": "RDOR3", "prices": 61, "dividends": 20, "price_range": ["2026-01-23", "2026-04-23"], "div_count_all_time": 20}
{"ts": "2026-04-23T20:30:31Z", "event": "yf_br_fetch_start", "ticker": "RENT3", "period": "3mo"}
{"ts": "2026-04-23T20:30:33Z", "event": "yf_br_persisted", "ticker": "RENT3", "prices": 61, "dividends": 86, "price_range": ["2026-01-23", "2026-04-23"], "div_count_all_time": 86}
{"ts": "2026-04-23T20:30:33Z", "event": "yf_br_fetch_start", "ticker": "SUZB3", "period": "3mo"}
{"ts": "2026-04-23T20:30:35Z", "event": "yf_br_persisted", "ticker": "SUZB3", "prices": 61, "dividends": 21, "price_range": ["2026-01-23", "2026-04-23"], "div_count_all_time": 21}
{"ts": "2026-04-23T20:30:35Z", "event": "yf_br_fetch_start", "ticker": "TTEN3", "period": "3mo"}
{"ts": "2026-04-23T20:30:36Z", "event": "yf_br_persisted", "ticker": "TTEN3", "prices": 61, "dividends": 5, "price_range": ["2026-01-23", "2026-04-23"], "div_count_all_time": 5}
{"ts": "2026-04-23T20:30:36Z", "event": "yf_br_fetch_start", "ticker": "WIZC3", "period": "3mo"}
{"ts": "2026-04-23T20:30:37Z", "event": "yf_br_persisted", "ticker": "WIZC3", "prices": 61, "dividends": 18, "price_range": ["2026-01-23", "2026-04-23"], "div_count_all_time": 18}
{"ts": "2026-04-23T20:30:37Z", "event": "yf_br_fetch_start", "ticker": "BBSE3", "period": "3mo"}
{"ts": "2026-04-23T20:30:38Z", "event": "yf_br_persisted", "ticker": "BBSE3", "prices": 61, "dividends": 28, "price_range": ["2026-01-23", "2026-04-23"], "div_count_all_time": 28}
{"ts": "2026-04-23T20:30:38Z", "event": "yf_br_fetch_start", "ticker": "BBAS3", "period": "3mo"}
{"ts": "2026-04-23T20:30:39Z", "event": "yf_br_persisted", "ticker": "BBAS3", "prices": 61, "dividends": 128, "price_range": ["2026-01-23", "2026-04-23"], "div_count_all_time": 128}
{"ts": "2026-04-23T20:30:39Z", "event": "yf_br_fetch_start", "ticker": "UNIP6", "period": "3mo"}
{"ts": "2026-04-23T20:30:40Z", "event": "yf_br_persisted", "ticker": "UNIP6", "prices": 61, "dividends": 29, "price_range": ["2026-01-23", "2026-04-23"], "div_count_all_time": 29}
{"ts": "2026-04-23T20:30:40Z", "event": "yf_br_fetch_start", "ticker": "SEER3", "period": "3mo"}
{"ts": "2026-04-23T20:30:41Z", "event": "yf_br_persisted", "ticker": "SEER3", "prices": 61, "dividends": 20, "price_range": ["2026-01-23", "2026-04-23"], "div_count_all_time": 20}
{"ts": "2026-04-23T20:30:41Z", "event": "yf_br_fetch_start", "ticker": "SLCE3", "period": "3mo"}
{"ts": "2026-04-23T20:30:42Z", "event": "yf_br_persisted", "ticker": "SLCE3", "prices": 61, "dividends": 21, "price_range": ["2026-01-23", "2026-04-23"], "div_count_all_time": 21}
{"ts": "2026-04-23T20:30:42Z", "event": "yf_br_fetch_start", "ticker": "TUPY3", "period": "3mo"}
{"ts": "2026-04-23T20:30:43Z", "event": "yf_br_persisted", "ticker": "TUPY3", "prices": 61, "dividends": 32, "price_range": ["2026-01-23", "2026-04-23"], "div_count_all_time": 32}
{"ts": "2026-04-23T20:30:43Z", "event": "yf_br_fetch_start", "ticker": "EGIE3", "period": "3mo"}
{"ts": "2026-04-23T20:30:44Z", "event": "yf_br_persisted", "ticker": "EGIE3", "prices": 61, "dividends": 53, "price_range": ["2026-01-23", "2026-04-23"], "div_count_all_time": 53}
{"ts": "2026-04-23T20:30:44Z", "event": "yf_br_fetch_start", "ticker": "VAMO3", "period": "3mo"}
{"ts": "2026-04-23T20:30:45Z", "event": "yf_br_persisted", "ticker": "VAMO3", "prices": 61, "dividends": 6, "price_range": ["2026-01-23", "2026-04-23"], "div_count_all_time": 6}
{"ts": "2026-04-23T20:30:45Z", "event": "yf_br_fetch_start", "ticker": "KLBN4", "period": "3mo"}
{"ts": "2026-04-23T20:30:46Z", "event": "yf_br_persisted", "ticker": "KLBN4", "prices": 61, "dividends": 58, "price_range": ["2026-01-23", "2026-04-23"], "div_count_all_time": 58}
{"ts": "2026-04-23T20:30:46Z", "event": "yf_br_fetch_start", "ticker": "BRBI11", "period": "3mo"}
{"ts": "2026-04-23T20:30:47Z", "event": "yf_br_persisted", "ticker": "BRBI11", "prices": 61, "dividends": 16, "price_range": ["2026-01-23", "2026-04-23"], "div_count_all_time": 16}
{"ts": "2026-04-23T20:30:47Z", "event": "yf_br_fetch_start", "ticker": "PNVL3", "period": "3mo"}
{"ts": "2026-04-23T20:30:48Z", "event": "yf_br_persisted", "ticker": "PNVL3", "prices": 61, "dividends": 45, "price_range": ["2026-01-23", "2026-04-23"], "div_count_all_time": 45}
{"ts": "2026-04-23T20:30:48Z", "event": "yf_br_fetch_start", "ticker": "SIMH3", "period": "3mo"}
{"ts": "2026-04-23T20:30:49Z", "event": "yf_br_persisted", "ticker": "SIMH3", "prices": 61, "dividends": 7, "price_range": ["2026-01-23", "2026-04-23"], "div_count_all_time": 7}
{"ts": "2026-04-23T20:30:49Z", "event": "yf_br_fetch_start", "ticker": "GMAT3", "period": "3mo"}
{"ts": "2026-04-23T20:30:50Z", "event": "yf_br_persisted", "ticker": "GMAT3", "prices": 61, "dividends": 8, "price_range": ["2026-01-23", "2026-04-23"], "div_count_all_time": 8}
{"ts": "2026-04-23T20:30:50Z", "event": "yf_br_fetch_start", "ticker": "TIMS3", "period": "3mo"}
{"ts": "2026-04-23T20:30:51Z", "event": "yf_br_persisted", "ticker": "TIMS3", "prices": 61, "dividends": 44, "price_range": ["2026-01-23", "2026-04-23"], "div_count_all_time": 44}
{"ts": "2026-04-23T20:30:51Z", "event": "yf_br_fetch_start", "ticker": "VIVA3", "period": "3mo"}
{"ts": "2026-04-23T20:30:52Z", "event": "yf_br_persisted", "ticker": "VIVA3", "prices": 61, "dividends": 9, "price_range": ["2026-01-23", "2026-04-23"], "div_count_all_time": 9}
{"ts": "2026-04-23T20:30:52Z", "event": "yf_br_fetch_start", "ticker": "EZTC3", "period": "3mo"}
{"ts": "2026-04-23T20:30:53Z", "event": "yf_br_persisted", "ticker": "EZTC3", "prices": 61, "dividends": 31, "price_range": ["2026-01-23", "2026-04-23"], "div_count_all_time": 31}
{"ts": "2026-04-23T20:30:53Z", "event": "yf_br_fetch_start", "ticker": "BRKM5", "period": "3mo"}
{"ts": "2026-04-23T20:30:54Z", "event": "yf_br_persisted", "ticker": "BRKM5", "prices": 61, "dividends": 16, "price_range": ["2026-01-23", "2026-04-23"], "div_count_all_time": 16}
{"ts": "2026-04-23T20:30:54Z", "event": "yf_br_fetch_start", "ticker": "TAEE11", "period": "3mo"}
{"ts": "2026-04-23T20:30:55Z", "event": "yf_br_persisted", "ticker": "TAEE11", "prices": 61, "dividends": 57, "price_range": ["2026-01-23", "2026-04-23"], "div_count_all_time": 57}
{"ts": "2026-04-23T20:30:55Z", "event": "yf_br_fetch_start", "ticker": "ISAE4", "period": "3mo"}
{"ts": "2026-04-23T20:30:56Z", "event": "yf_br_persisted", "ticker": "ISAE4", "prices": 61, "dividends": 88, "price_range": ["2026-01-23", "2026-04-23"], "div_count_all_time": 88}
{"ts": "2026-04-23T20:30:56Z", "event": "yf_br_fetch_start", "ticker": "ALUP11", "period": "3mo"}
{"ts": "2026-04-23T20:30:57Z", "event": "yf_br_persisted", "ticker": "ALUP11", "prices": 61, "dividends": 26, "price_range": ["2026-01-23", "2026-04-23"], "div_count_all_time": 26}
{"ts": "2026-04-23T20:30:57Z", "event": "yf_br_fetch_start", "ticker": "CMIG4", "period": "3mo"}
{"ts": "2026-04-23T20:30:58Z", "event": "yf_br_persisted", "ticker": "CMIG4", "prices": 61, "dividends": 51, "price_range": ["2026-01-23", "2026-04-23"], "div_count_all_time": 51}
{"ts": "2026-04-23T20:30:58Z", "event": "yf_br_fetch_start", "ticker": "CSMG3", "period": "3mo"}
{"ts": "2026-04-23T20:30:59Z", "event": "yf_br_persisted", "ticker": "CSMG3", "prices": 61, "dividends": 66, "price_range": ["2026-01-23", "2026-04-23"], "div_count_all_time": 66}
{"ts": "2026-04-23T20:30:59Z", "event": "yf_br_fetch_start", "ticker": "SAPR11", "period": "3mo"}
{"ts": "2026-04-23T20:31:00Z", "event": "yf_br_persisted", "ticker": "SAPR11", "prices": 61, "dividends": 20, "price_range": ["2026-01-23", "2026-04-23"], "div_count_all_time": 20}
{"ts": "2026-04-23T20:31:00Z", "event": "yf_br_fetch_start", "ticker": "SANB11", "period": "3mo"}
{"ts": "2026-04-23T20:31:01Z", "event": "yf_br_persisted", "ticker": "SANB11", "prices": 61, "dividends": 67, "price_range": ["2026-01-23", "2026-04-23"], "div_count_all_time": 67}
{"ts": "2026-04-23T20:31:01Z", "event": "yf_br_fetch_start", "ticker": "PSSA3", "period": "3mo"}
{"ts": "2026-04-23T20:31:02Z", "event": "yf_br_persisted", "ticker": "PSSA3", "prices": 61, "dividends": 52, "price_range": ["2026-01-23", "2026-04-23"], "div_count_all_time": 52}
{"ts": "2026-04-23T20:31:02Z", "event": "yf_br_fetch_start", "ticker": "VIVT3", "period": "3mo"}
{"ts": "2026-04-23T20:31:03Z", "event": "yf_br_persisted", "ticker": "VIVT3", "prices": 61, "dividends": 110, "price_range": ["2026-01-23", "2026-04-23"], "div_count_all_time": 110}
{"ts": "2026-04-23T20:31:03Z", "event": "yf_br_fetch_start", "ticker": "ABEV3", "period": "3mo"}
{"ts": "2026-04-23T20:31:04Z", "event": "yf_br_persisted", "ticker": "ABEV3", "prices": 61, "dividends": 52, "price_range": ["2026-01-23", "2026-04-23"], "div_count_all_time": 52}
{"ts": "2026-04-23T20:31:04Z", "event": "yf_br_fetch_start", "ticker": "GRND3", "period": "3mo"}
{"ts": "2026-04-23T20:31:05Z", "event": "yf_br_persisted", "ticker": "GRND3", "prices": 61, "dividends": 70, "price_range": ["2026-01-23", "2026-04-23"], "div_count_all_time": 70}
{"ts": "2026-04-23T20:31:05Z", "event": "yf_br_fetch_start", "ticker": "XPML11", "period": "3mo"}
{"ts": "2026-04-23T20:31:06Z", "event": "yf_br_persisted", "ticker": "XPML11", "prices": 61, "dividends": 50, "price_range": ["2026-01-23", "2026-04-23"], "div_count_all_time": 50}
{"ts": "2026-04-23T20:31:06Z", "event": "yf_br_fetch_start", "ticker": "RBRX11", "period": "3mo"}HTTP Error 404: {"quoteSummary":{"result":null,"error":{"code":"Not Found","description":"Quote not found for symbol: MCRF11.SA"}}}
$MCRF11.SA: possibly delisted; no price data found  (period=3mo) (Yahoo error = "No data found, symbol may be delisted")
$MCRF11.SA: possibly delisted; no timezone found
^C