======================================== 
daily_run.bat  21/04/2026  8:07:57.07 
======================================== 
[BR] daily_update.py 
Universo: 39 stocks, 21 fiis

============================================================
== 1/5  BCB SGS  (macro, 60d)
============================================================
{"ts": "2026-04-21T05:07:57Z", "event": "bcb_fetch_start", "series_id": "SELIC_DAILY", "code": 11, "start": "20/02/2026", "end": "21/04/2026"}
{"ts": "2026-04-21T05:08:00Z", "event": "bcb_fetch_done", "series_id": "SELIC_DAILY", "rows": 41, "first": {"data": "20/02/2026", "valor": "0.055131"}, "last": {"data": "20/04/2026", "valor": "0.054266"}}
{"ts": "2026-04-21T05:08:00Z", "event": "bcb_fetch_start", "series_id": "SELIC_META", "code": 432, "start": "20/02/2026", "end": "21/04/2026"}
{"ts": "2026-04-21T05:08:02Z", "event": "bcb_fetch_done", "series_id": "SELIC_META", "rows": 61, "first": {"data": "20/02/2026", "valor": "15.00"}, "last": {"data": "21/04/2026", "valor": "14.75"}}
{"ts": "2026-04-21T05:08:02Z", "event": "bcb_fetch_start", "series_id": "CDI_DAILY", "code": 12, "start": "20/02/2026", "end": "21/04/2026"}
{"ts": "2026-04-21T05:08:05Z", "event": "bcb_fetch_done", "series_id": "CDI_DAILY", "rows": 40, "first": {"data": "20/02/2026", "valor": "0.055131"}, "last": {"data": "17/04/2026", "valor": "0.054266"}}
{"ts": "2026-04-21T05:08:05Z", "event": "bcb_fetch_start", "series_id": "IPCA_MONTHLY", "code": 433, "start": "20/02/2026", "end": "21/04/2026"}
{"ts": "2026-04-21T05:08:07Z", "event": "bcb_fetch_done", "series_id": "IPCA_MONTHLY", "rows": 2, "first": {"data": "01/02/2026", "valor": "0.70"}, "last": {"data": "01/03/2026", "valor": "0.88"}}
{"ts": "2026-04-21T05:08:07Z", "event": "bcb_fetch_start", "series_id": "USDBRL_PTAX", "code": 1, "start": "20/02/2026", "end": "21/04/2026"}
{"ts": "2026-04-21T05:08:09Z", "event": "bcb_fetch_done", "series_id": "USDBRL_PTAX", "rows": 41, "first": {"data": "20/02/2026", "valor": "5.2006"}, "last": {"data": "20/04/2026", "valor": "4.9844"}}

============================================================
== 2/5  yfinance BR  (period=3mo)
============================================================
{"ts": "2026-04-21T05:08:09Z", "event": "yf_br_fetch_start", "ticker": "PRIO3", "period": "3mo"}
{"ts": "2026-04-21T05:08:13Z", "event": "yf_br_persisted", "ticker": "PRIO3", "prices": 62, "dividends": 1, "price_range": ["2026-01-20", "2026-04-20"], "div_count_all_time": 1}
{"ts": "2026-04-21T05:08:13Z", "event": "yf_br_fetch_start", "ticker": "VALE3", "period": "3mo"}
{"ts": "2026-04-21T05:08:14Z", "event": "yf_br_persisted", "ticker": "VALE3", "prices": 62, "dividends": 38, "price_range": ["2026-01-20", "2026-04-20"], "div_count_all_time": 38}
{"ts": "2026-04-21T05:08:14Z", "event": "yf_br_fetch_start", "ticker": "BBDC4", "period": "3mo"}
{"ts": "2026-04-21T05:08:14Z", "event": "yf_br_persisted", "ticker": "BBDC4", "prices": 62, "dividends": 262, "price_range": ["2026-01-20", "2026-04-20"], "div_count_all_time": 262}
{"ts": "2026-04-21T05:08:14Z", "event": "yf_br_fetch_start", "ticker": "ITSA4", "period": "3mo"}
{"ts": "2026-04-21T05:08:15Z", "event": "yf_br_persisted", "ticker": "ITSA4", "prices": 62, "dividends": 139, "price_range": ["2026-01-20", "2026-04-20"], "div_count_all_time": 139}
{"ts": "2026-04-21T05:08:15Z", "event": "yf_br_fetch_start", "ticker": "PETR4", "period": "3mo"}
{"ts": "2026-04-21T05:08:16Z", "event": "yf_br_persisted", "ticker": "PETR4", "prices": 62, "dividends": 59, "price_range": ["2026-01-20", "2026-04-20"], "div_count_all_time": 59}
{"ts": "2026-04-21T05:08:16Z", "event": "yf_br_fetch_start", "ticker": "AXIA7", "period": "3mo"}
{"ts": "2026-04-21T05:08:17Z", "event": "yf_br_persisted", "ticker": "AXIA7", "prices": 62, "dividends": 0, "price_range": ["2026-01-20", "2026-04-20"], "div_count_all_time": 0}
{"ts": "2026-04-21T05:08:17Z", "event": "yf_br_fetch_start", "ticker": "CPLE3", "period": "3mo"}
{"ts": "2026-04-21T05:08:19Z", "event": "yf_br_persisted", "ticker": "CPLE3", "prices": 62, "dividends": 35, "price_range": ["2026-01-20", "2026-04-20"], "div_count_all_time": 35}
{"ts": "2026-04-21T05:08:19Z", "event": "yf_br_fetch_start", "ticker": "ALOS3", "period": "3mo"}
{"ts": "2026-04-21T05:08:19Z", "event": "yf_br_persisted", "ticker": "ALOS3", "prices": 62, "dividends": 22, "price_range": ["2026-01-20", "2026-04-20"], "div_count_all_time": 22}
{"ts": "2026-04-21T05:08:19Z", "event": "yf_br_fetch_start", "ticker": "B3SA3", "period": "3mo"}
{"ts": "2026-04-21T05:08:20Z", "event": "yf_br_persisted", "ticker": "B3SA3", "prices": 62, "dividends": 82, "price_range": ["2026-01-20", "2026-04-20"], "div_count_all_time": 82}
{"ts": "2026-04-21T05:08:20Z", "event": "yf_br_fetch_start", "ticker": "ENGI11", "period": "3mo"}
{"ts": "2026-04-21T05:08:21Z", "event": "yf_br_persisted", "ticker": "ENGI11", "prices": 62, "dividends": 35, "price_range": ["2026-01-20", "2026-04-20"], "div_count_all_time": 35}
{"ts": "2026-04-21T05:08:21Z", "event": "yf_br_fetch_start", "ticker": "ITUB4", "period": "3mo"}
{"ts": "2026-04-21T05:08:25Z", "event": "yf_br_persisted", "ticker": "ITUB4", "prices": 62, "dividends": 269, "price_range": ["2026-01-20", "2026-04-20"], "div_count_all_time": 269}
{"ts": "2026-04-21T05:08:25Z", "event": "yf_br_fetch_start", "ticker": "EQTL3", "period": "3mo"}
{"ts": "2026-04-21T05:08:26Z", "event": "yf_br_persisted", "ticker": "EQTL3", "prices": 62, "dividends": 28, "price_range": ["2026-01-20", "2026-04-20"], "div_count_all_time": 28}
{"ts": "2026-04-21T05:08:26Z", "event": "yf_br_fetch_start", "ticker": "MOTV3", "period": "3mo"}
{"ts": "2026-04-21T05:08:27Z", "event": "yf_br_persisted", "ticker": "MOTV3", "prices": 62, "dividends": 3, "price_range": ["2026-01-20", "2026-04-20"], "div_count_all_time": 3}
{"ts": "2026-04-21T05:08:27Z", "event": "yf_br_fetch_start", "ticker": "MULT3", "period": "3mo"}
{"ts": "2026-04-21T05:08:28Z", "event": "yf_br_persisted", "ticker": "MULT3", "prices": 62, "dividends": 43, "price_range": ["2026-01-20", "2026-04-20"], "div_count_all_time": 43}
{"ts": "2026-04-21T05:08:28Z", "event": "yf_br_fetch_start", "ticker": "PGMN3", "period": "3mo"}
{"ts": "2026-04-21T05:08:29Z", "event": "yf_br_persisted", "ticker": "PGMN3", "prices": 62, "dividends": 4, "price_range": ["2026-01-20", "2026-04-20"], "div_count_all_time": 4}
{"ts": "2026-04-21T05:08:29Z", "event": "yf_br_fetch_start", "ticker": "PLPL3", "period": "3mo"}
{"ts": "2026-04-21T05:08:29Z", "event": "yf_br_persisted", "ticker": "PLPL3", "prices": 62, "dividends": 6, "price_range": ["2026-01-20", "2026-04-20"], "div_count_all_time": 6}
{"ts": "2026-04-21T05:08:29Z", "event": "yf_br_fetch_start", "ticker": "RAPT4", "period": "3mo"}
{"ts": "2026-04-21T05:08:32Z", "event": "yf_br_persisted", "ticker": "RAPT4", "prices": 62, "dividends": 33, "price_range": ["2026-01-20", "2026-04-20"], "div_count_all_time": 33}
{"ts": "2026-04-21T05:08:32Z", "event": "yf_br_fetch_start", "ticker": "RDOR3", "period": "3mo"}
{"ts": "2026-04-21T05:08:33Z", "event": "yf_br_persisted", "ticker": "RDOR3", "prices": 62, "dividends": 20, "price_range": ["2026-01-20", "2026-04-20"], "div_count_all_time": 20}
{"ts": "2026-04-21T05:08:33Z", "event": "yf_br_fetch_start", "ticker": "RENT3", "period": "3mo"}
{"ts": "2026-04-21T05:08:37Z", "event": "yf_br_persisted", "ticker": "RENT3", "prices": 62, "dividends": 86, "price_range": ["2026-01-20", "2026-04-20"], "div_count_all_time": 86}
{"ts": "2026-04-21T05:08:37Z", "event": "yf_br_fetch_start", "ticker": "SUZB3", "period": "3mo"}
{"ts": "2026-04-21T05:08:39Z", "event": "yf_br_persisted", "ticker": "SUZB3", "prices": 62, "dividends": 21, "price_range": ["2026-01-20", "2026-04-20"], "div_count_all_time": 21}
{"ts": "2026-04-21T05:08:39Z", "event": "yf_br_fetch_start", "ticker": "TTEN3", "period": "3mo"}
{"ts": "2026-04-21T05:08:40Z", "event": "yf_br_persisted", "ticker": "TTEN3", "prices": 62, "dividends": 5, "price_range": ["2026-01-20", "2026-04-20"], "div_count_all_time": 5}
{"ts": "2026-04-21T05:08:40Z", "event": "yf_br_fetch_start", "ticker": "WIZC3", "period": "3mo"}
{"ts": "2026-04-21T05:08:41Z", "event": "yf_br_persisted", "ticker": "WIZC3", "prices": 62, "dividends": 18, "price_range": ["2026-01-20", "2026-04-20"], "div_count_all_time": 18}
{"ts": "2026-04-21T05:08:41Z", "event": "yf_br_fetch_start", "ticker": "BBSE3", "period": "3mo"}
{"ts": "2026-04-21T05:08:43Z", "event": "yf_br_persisted", "ticker": "BBSE3", "prices": 62, "dividends": 28, "price_range": ["2026-01-20", "2026-04-20"], "div_count_all_time": 28}
{"ts": "2026-04-21T05:08:43Z", "event": "yf_br_fetch_start", "ticker": "BBAS3", "period": "3mo"}
{"ts": "2026-04-21T05:08:46Z", "event": "yf_br_persisted", "ticker": "BBAS3", "prices": 62, "dividends": 128, "price_range": ["2026-01-20", "2026-04-20"], "div_count_all_time": 128}
{"ts": "2026-04-21T05:08:46Z", "event": "yf_br_fetch_start", "ticker": "UNIP6", "period": "3mo"}
{"ts": "2026-04-21T05:08:50Z", "event": "yf_br_persisted", "ticker": "UNIP6", "prices": 62, "dividends": 29, "price_range": ["2026-01-20", "2026-04-20"], "div_count_all_time": 29}
{"ts": "2026-04-21T05:08:50Z", "event": "yf_br_fetch_start", "ticker": "SEER3", "period": "3mo"}
{"ts": "2026-04-21T05:08:52Z", "event": "yf_br_persisted", "ticker": "SEER3", "prices": 62, "dividends": 20, "price_range": ["2026-01-20", "2026-04-20"], "div_count_all_time": 20}
{"ts": "2026-04-21T05:08:52Z", "event": "yf_br_fetch_start", "ticker": "SLCE3", "period": "3mo"}
{"ts": "2026-04-21T05:08:57Z", "event": "yf_br_persisted", "ticker": "SLCE3", "prices": 62, "dividends": 21, "price_range": ["2026-01-20", "2026-04-20"], "div_count_all_time": 21}
{"ts": "2026-04-21T05:08:57Z", "event": "yf_br_fetch_start", "ticker": "TUPY3", "period": "3mo"}
{"ts": "2026-04-21T05:08:59Z", "event": "yf_br_persisted", "ticker": "TUPY3", "prices": 62, "dividends": 32, "price_range": ["2026-01-20", "2026-04-20"], "div_count_all_time": 32}
{"ts": "2026-04-21T05:08:59Z", "event": "yf_br_fetch_start", "ticker": "EGIE3", "period": "3mo"}
{"ts": "2026-04-21T05:09:02Z", "event": "yf_br_persisted", "ticker": "EGIE3", "prices": 62, "dividends": 53, "price_range": ["2026-01-20", "2026-04-20"], "div_count_all_time": 53}
{"ts": "2026-04-21T05:09:02Z", "event": "yf_br_fetch_start", "ticker": "VAMO3", "period": "3mo"}
{"ts": "2026-04-21T05:09:03Z", "event": "yf_br_persisted", "ticker": "VAMO3", "prices": 62, "dividends": 6, "price_range": ["2026-01-20", "2026-04-20"], "div_count_all_time": 6}
{"ts": "2026-04-21T05:09:03Z", "event": "yf_br_fetch_start", "ticker": "KLBN4", "period": "3mo"}
{"ts": "2026-04-21T05:09:04Z", "event": "yf_br_persisted", "ticker": "KLBN4", "prices": 62, "dividends": 58, "price_range": ["2026-01-20", "2026-04-20"], "div_count_all_time": 58}
{"ts": "2026-04-21T05:09:04Z", "event": "yf_br_fetch_start", "ticker": "BRBI11", "period": "3mo"}
{"ts": "2026-04-21T05:09:05Z", "event": "yf_br_persisted", "ticker": "BRBI11", "prices": 62, "dividends": 16, "price_range": ["2026-01-20", "2026-04-20"], "div_count_all_time": 16}
{"ts": "2026-04-21T05:09:05Z", "event": "yf_br_fetch_start", "ticker": "PNVL3", "period": "3mo"}
{"ts": "2026-04-21T05:09:07Z", "event": "yf_br_persisted", "ticker": "PNVL3", "prices": 62, "dividends": 45, "price_range": ["2026-01-20", "2026-04-20"], "div_count_all_time": 45}
{"ts": "2026-04-21T05:09:07Z", "event": "yf_br_fetch_start", "ticker": "SIMH3", "period": "3mo"}
{"ts": "2026-04-21T05:09:08Z", "event": "yf_br_persisted", "ticker": "SIMH3", "prices": 62, "dividends": 7, "price_range": ["2026-01-20", "2026-04-20"], "div_count_all_time": 7}
{"ts": "2026-04-21T05:09:08Z", "event": "yf_br_fetch_start", "ticker": "GMAT3", "period": "3mo"}
{"ts": "2026-04-21T05:09:08Z", "event": "yf_br_persisted", "ticker": "GMAT3", "prices": 62, "dividends": 8, "price_range": ["2026-01-20", "2026-04-20"], "div_count_all_time": 8}
{"ts": "2026-04-21T05:09:08Z", "event": "yf_br_fetch_start", "ticker": "TIMS3", "period": "3mo"}
{"ts": "2026-04-21T05:09:09Z", "event": "yf_br_persisted", "ticker": "TIMS3", "prices": 62, "dividends": 44, "price_range": ["2026-01-20", "2026-04-20"], "div_count_all_time": 44}
{"ts": "2026-04-21T05:09:09Z", "event": "yf_br_fetch_start", "ticker": "VIVA3", "period": "3mo"}
{"ts": "2026-04-21T05:09:10Z", "event": "yf_br_persisted", "ticker": "VIVA3", "prices": 62, "dividends": 9, "price_range": ["2026-01-20", "2026-04-20"], "div_count_all_time": 9}
{"ts": "2026-04-21T05:09:10Z", "event": "yf_br_fetch_start", "ticker": "EZTC3", "period": "3mo"}
{"ts": "2026-04-21T05:09:11Z", "event": "yf_br_persisted", "ticker": "EZTC3", "prices": 62, "dividends": 31, "price_range": ["2026-01-20", "2026-04-20"], "div_count_all_time": 31}
{"ts": "2026-04-21T05:09:11Z", "event": "yf_br_fetch_start", "ticker": "BRKM5", "period": "3mo"}
{"ts": "2026-04-21T05:09:12Z", "event": "yf_br_persisted", "ticker": "BRKM5", "prices": 62, "dividends": 16, "price_range": ["2026-01-20", "2026-04-20"], "div_count_all_time": 16}
{"ts": "2026-04-21T05:09:12Z", "event": "yf_br_fetch_start", "ticker": "XPML11", "period": "3mo"}
{"ts": "2026-04-21T05:09:13Z", "event": "yf_br_persisted", "ticker": "XPML11", "prices": 62, "dividends": 50, "price_range": ["2026-01-20", "2026-04-20"], "div_count_all_time": 50}
{"ts": "2026-04-21T05:09:13Z", "event": "yf_br_fetch_start", "ticker": "RBRX11", "period": "3mo"}
{"ts": "2026-04-21T05:09:13Z", "event": "yf_br_persisted", "ticker": "RBRX11", "prices": 62, "dividends": 43, "price_range": ["2026-01-20", "2026-04-20"], "div_count_all_time": 43}
{"ts": "2026-04-21T05:09:13Z", "event": "yf_br_fetch_start", "ticker": "BTLG11", "period": "3mo"}
{"ts": "2026-04-21T05:09:14Z", "event": "yf_br_persisted", "ticker": "BTLG11", "prices": 62, "dividends": 51, "price_range": ["2026-01-20", "2026-04-20"], "div_count_all_time": 51}
{"ts": "2026-04-21T05:09:14Z", "event": "yf_br_fetch_start", "ticker": "VGIR11", "period": "3mo"}
{"ts": "2026-04-21T05:09:15Z", "event": "yf_br_persisted", "ticker": "VGIR11", "prices": 62, "dividends": 48, "price_range": ["2026-01-20", "2026-04-20"], "div_count_all_time": 48}
{"ts": "2026-04-21T05:09:15Z", "event": "yf_br_fetch_start", "ticker": "PVBI11", "period": "3mo"}
{"ts": "2026-04-21T05:09:15Z", "event": "yf_br_persisted", "ticker": "PVBI11", "prices": 62, "dividends": 65, "price_range": ["2026-01-20", "2026-04-20"], "div_count_all_time": 65}
{"ts": "2026-04-21T05:09:15Z", "event": "yf_br_fetch_start", "ticker": "PMLL11", "period": "3mo"}
{"ts": "2026-04-21T05:09:16Z", "event": "yf_br_persisted", "ticker": "PMLL11", "prices": 62, "dividends": 47, "price_range": ["2026-01-20", "2026-04-20"], "div_count_all_time": 47}
{"ts": "2026-04-21T05:09:16Z", "event": "yf_br_fetch_start", "ticker": "TRXF11", "period": "3mo"}
{"ts": "2026-04-21T05:09:17Z", "event": "yf_br_persisted", "ticker": "TRXF11", "prices": 62, "dividends": 48, "price_range": ["2026-01-20", "2026-04-20"], "div_count_all_time": 48}
{"ts": "2026-04-21T05:09:17Z", "event": "yf_br_fetch_start", "ticker": "GARE11", "period": "3mo"}
{"ts": "2026-04-21T05:09:18Z", "event": "yf_br_persisted", "ticker": "GARE11", "prices": 62, "dividends": 24, "price_range": ["2026-01-20", "2026-04-20"], "div_count_all_time": 24}
{"ts": "2026-04-21T05:09:18Z", "event": "yf_br_fetch_start", "ticker": "VISC11", "period": "3mo"}
{"ts": "2026-04-21T05:09:18Z", "event": "yf_br_persisted", "ticker": "VISC11", "prices": 62, "dividends": 49, "price_range": ["2026-01-20", "2026-04-20"], "div_count_all_time": 49}
{"ts": "2026-04-21T05:09:18Z", "event": "yf_br_fetch_start", "ticker": "RECR11", "period": "3mo"}
{"ts": "2026-04-21T05:09:21Z", "event": "yf_br_persisted", "ticker": "RECR11", "prices": 62, "dividends": 46, "price_range": ["2026-01-20", "2026-04-20"], "div_count_all_time": 46}
{"ts": "2026-04-21T05:09:21Z", "event": "yf_br_fetch_start", "ticker": "HGRU11", "period": "3mo"}
{"ts": "2026-04-21T05:09:24Z", "event": "yf_br_persisted", "ticker": "HGRU11", "prices": 62, "dividends": 48, "price_range": ["2026-01-20", "2026-04-20"], "div_count_all_time": 48}
{"ts": "2026-04-21T05:09:24Z", "event": "yf_br_fetch_start", "ticker": "HGLG11", "period": "3mo"}
{"ts": "2026-04-21T05:09:29Z", "event": "yf_br_persisted", "ticker": "HGLG11", "prices": 62, "dividends": 51, "price_range": ["2026-01-20", "2026-04-20"], "div_count_all_time": 51}
{"ts": "2026-04-21T05:09:29Z", "event": "yf_br_fetch_start", "ticker": "MCRF11", "period": "3mo"}HTTP Error 404: {"quoteSummary":{"result":null,"error":{"code":"Not Found","description":"Quote not found for symbol: MCRF11.SA"}}}
$MCRF11.SA: possibly delisted; no price data found  (period=3mo) (Yahoo error = "No data found, symbol may be delisted")
$MCRF11.SA: possibly delisted; no timezone found

{"ts": "2026-04-21T05:09:33Z", "event": "yf_br_fetch_start", "ticker": "KNCR11", "period": "3mo"}
{"ts": "2026-04-21T05:09:35Z", "event": "yf_br_persisted", "ticker": "KNCR11", "prices": 62, "dividends": 51, "price_range": ["2026-01-20", "2026-04-20"], "div_count_all_time": 51}
{"ts": "2026-04-21T05:09:35Z", "event": "yf_br_fetch_start", "ticker": "VGIP11", "period": "3mo"}
{"ts": "2026-04-21T05:09:36Z", "event": "yf_br_persisted", "ticker": "VGIP11", "prices": 62, "dividends": 47, "price_range": ["2026-01-20", "2026-04-20"], "div_count_all_time": 47}
{"ts": "2026-04-21T05:09:36Z", "event": "yf_br_fetch_start", "ticker": "BRCO11", "period": "3mo"}
{"ts": "2026-04-21T05:09:36Z", "event": "yf_br_persisted", "ticker": "BRCO11", "prices": 62, "dividends": 50, "price_range": ["2026-01-20", "2026-04-20"], "div_count_all_time": 50}
{"ts": "2026-04-21T05:09:36Z", "event": "yf_br_fetch_start", "ticker": "MCCI11", "period": "3mo"}
{"ts": "2026-04-21T05:09:38Z", "event": "yf_br_persisted", "ticker": "MCCI11", "prices": 62, "dividends": 49, "price_range": ["2026-01-20", "2026-04-20"], "div_count_all_time": 49}
{"ts": "2026-04-21T05:09:38Z", "event": "yf_br_fetch_start", "ticker": "XPLG11", "period": "3mo"}
{"ts": "2026-04-21T05:09:38Z", "event": "yf_br_persisted", "ticker": "XPLG11", "prices": 62, "dividends": 47, "price_range": ["2026-01-20", "2026-04-20"], "div_count_all_time": 47}
{"ts": "2026-04-21T05:09:38Z", "event": "yf_br_fetch_start", "ticker": "KNRI11", "period": "3mo"}
{"ts": "2026-04-21T05:09:40Z", "event": "yf_br_persisted", "ticker": "KNRI11", "prices": 62, "dividends": 51, "price_range": ["2026-01-20", "2026-04-20"], "div_count_all_time": 51}
{"ts": "2026-04-21T05:09:40Z", "event": "yf_br_fetch_start", "ticker": "RBRY11", "period": "3mo"}
{"ts": "2026-04-21T05:09:42Z", "event": "yf_br_persisted", "ticker": "RBRY11", "prices": 62, "dividends": 49, "price_range": ["2026-01-20", "2026-04-20"], "div_count_all_time": 49}
{"ts": "2026-04-21T05:09:42Z", "event": "yf_br_fetch_start", "ticker": "VRTA11", "period": "3mo"}
{"ts": "2026-04-21T05:09:43Z", "event": "yf_br_persisted", "ticker": "VRTA11", "prices": 62, "dividends": 50, "price_range": ["2026-01-20", "2026-04-20"], "div_count_all_time": 50}

============================================================
== 3/5  fiis.com.br + fallback Status Invest
============================================================
{"ts": "2026-04-21T05:09:43Z", "event": "fii_fetch_start", "ticker": "XPML11"}
{"ts": "2026-04-21T05:09:45Z", "event": "fii_fetched", "ticker": "XPML11", "period": "2026-04-21", "source": "fiis.com.br", "dividends_parsed": 6, "fields": {"price": 109.75, "vpa": 110.46, "pvp": 0.99, "dy_12m": 0.1013, "last_monthly_rendimento": 0.92, "adtv_daily": 10200000.0, "avg_monthly_rendimento_24m": null, "segment_anbima": "Shoppings", "management_type": "Ativa", "distribution_streak_months": 6}}
{"ts": "2026-04-21T05:09:45Z", "event": "fii_fetch_start", "ticker": "RBRX11"}
{"ts": "2026-04-21T05:09:46Z", "event": "fii_fetched", "ticker": "RBRX11", "period": "2026-04-21", "source": "fiis.com.br", "dividends_parsed": 6, "fields": {"price": 8.63, "vpa": 9.86, "pvp": 0.87, "dy_12m": 0.125, "last_monthly_rendimento": 0.09, "adtv_daily": 11400000.0, "avg_monthly_rendimento_24m": null, "segment_anbima": "Títulos e Valores Mobiliários", "management_type": "Ativa", "distribution_streak_months": 6}}
{"ts": "2026-04-21T05:09:46Z", "event": "fii_fetch_start", "ticker": "BTLG11"}
{"ts": "2026-04-21T05:09:46Z", "event": "fii_fetched", "ticker": "BTLG11", "period": "2026-04-21", "source": "fiis.com.br", "dividends_parsed": 6, "fields": {"price": 103.98, "vpa": 102.69, "pvp": 1.01, "dy_12m": 0.0911, "last_monthly_rendimento": 0.8, "adtv_daily": 8700000.0, "avg_monthly_rendimento_24m": null, "segment_anbima": "Outros", "management_type": "Ativa", "distribution_streak_months": 6}}
{"ts": "2026-04-21T05:09:46Z", "event": "fii_fetch_start", "ticker": "VGIR11"}
{"ts": "2026-04-21T05:09:47Z", "event": "fii_fetched", "ticker": "VGIR11", "period": "2026-04-21", "source": "fiis.com.br", "dividends_parsed": 6, "fields": {"price": 9.83, "vpa": 9.79, "pvp": 1.0, "dy_12m": 0.1553, "last_monthly_rendimento": 0.12, "adtv_daily": 3400000.0, "avg_monthly_rendimento_24m": null, "segment_anbima": "Outros", "management_type": "Ativa", "distribution_streak_months": 6}}
{"ts": "2026-04-21T05:09:47Z", "event": "fii_fetch_start", "ticker": "PVBI11"}
{"ts": "2026-04-21T05:09:48Z", "event": "fii_fetched", "ticker": "PVBI11", "period": "2026-04-21", "source": "fiis.com.br", "dividends_parsed": 6, "fields": {"price": 76.38, "vpa": 107.85, "pvp": 0.71, "dy_12m": 0.0727, "last_monthly_rendimento": 0.4, "adtv_daily": 3500000.0, "avg_monthly_rendimento_24m": null, "segment_anbima": "Lajes Corporativas", "management_type": "Ativa", "distribution_streak_months": 6}}
{"ts": "2026-04-21T05:09:48Z", "event": "fii_fetch_start", "ticker": "PMLL11"}
{"ts": "2026-04-21T05:09:49Z", "event": "fii_fetch_parse_empty_primary", "ticker": "PMLL11"}
{"ts": "2026-04-21T05:09:49Z", "event": "fii_fetch_fallback_statusinvest", "ticker": "PMLL11"}
{"ts": "2026-04-21T05:09:51Z", "event": "fii_fetched", "ticker": "PMLL11", "period": "2026-04-21", "source": "statusinvest", "dividends_parsed": 0, "fields": {"price": 110.07, "vpa": 117.23, "pvp": 0.94, "dy_12m": 0.09245025892613792, "last_monthly_rendimento": null, "adtv_daily": null, "avg_monthly_rendimento_24m": 0.848, "segment_anbima": "Shoppings", "management_type": null, "distribution_streak_months": null}}
{"ts": "2026-04-21T05:09:51Z", "event": "fii_fetch_start", "ticker": "TRXF11"}
{"ts": "2026-04-21T05:09:53Z", "event": "fii_fetched", "ticker": "TRXF11", "period": "2026-04-21", "source": "fiis.com.br", "dividends_parsed": 6, "fields": {"price": 91.8, "vpa": 100.95, "pvp": 0.91, "dy_12m": 0.12890000000000001, "last_monthly_rendimento": 0.93, "adtv_daily": 15500000.0, "avg_monthly_rendimento_24m": null, "segment_anbima": "Híbrido", "management_type": "Ativa", "distribution_streak_months": 6}}
{"ts": "2026-04-21T05:09:53Z", "event": "fii_fetch_start", "ticker": "GARE11"}
{"ts": "2026-04-21T05:09:54Z", "event": "fii_fetched", "ticker": "GARE11", "period": "2026-04-21", "source": "fiis.com.br", "dividends_parsed": 6, "fields": {"price": 8.37, "vpa": 9.44, "pvp": 0.88, "dy_12m": 0.1189, "last_monthly_rendimento": 0.08, "adtv_daily": 12100000.0, "avg_monthly_rendimento_24m": null, "segment_anbima": "Híbrido", "management_type": "Ativa", "distribution_streak_months": 6}}
{"ts": "2026-04-21T05:09:54Z", "event": "fii_fetch_start", "ticker": "VISC11"}
{"ts": "2026-04-21T05:09:55Z", "event": "fii_fetched", "ticker": "VISC11", "period": "2026-04-21", "source": "fiis.com.br", "dividends_parsed": 6, "fields": {"price": 108.76, "vpa": 118.07, "pvp": 0.92, "dy_12m": 0.0904, "last_monthly_rendimento": 0.84, "adtv_daily": 4300000.0, "avg_monthly_rendimento_24m": null, "segment_anbima": "Shoppings", "management_type": "Ativa", "distribution_streak_months": 6}}
{"ts": "2026-04-21T05:09:55Z", "event": "fii_fetch_start", "ticker": "RECR11"}
{"ts": "2026-04-21T05:09:56Z", "event": "fii_fetched", "ticker": "RECR11", "period": "2026-04-21", "source": "fiis.com.br", "dividends_parsed": 6, "fields": {"price": 81.84, "vpa": 89.49, "pvp": 0.91, "dy_12m": 0.1363, "last_monthly_rendimento": 0.73, "adtv_daily": 2000000.0, "avg_monthly_rendimento_24m": null, "segment_anbima": "Títulos e Valores Mobiliários", "management_type": "Ativa", "distribution_streak_months": 6}}
{"ts": "2026-04-21T05:09:56Z", "event": "fii_fetch_start", "ticker": "HGRU11"}
{"ts": "2026-04-21T05:09:57Z", "event": "fii_fetched", "ticker": "HGRU11", "period": "2026-04-21", "source": "fiis.com.br", "dividends_parsed": 6, "fields": {"price": 128.0, "vpa": 129.14, "pvp": 0.99, "dy_12m": 0.0968, "last_monthly_rendimento": 0.95, "adtv_daily": 2300000.0, "avg_monthly_rendimento_24m": null, "segment_anbima": "Outros", "management_type": "Ativa", "distribution_streak_months": 6}}
{"ts": "2026-04-21T05:09:57Z", "event": "fii_fetch_start", "ticker": "HGLG11"}
{"ts": "2026-04-21T05:09:58Z", "event": "fii_fetched", "ticker": "HGLG11", "period": "2026-04-21", "source": "fiis.com.br", "dividends_parsed": 6, "fields": {"price": 156.5, "vpa": 165.74, "pvp": 0.94, "dy_12m": 0.08439999999999999, "last_monthly_rendimento": 1.1, "adtv_daily": 12100000.0, "avg_monthly_rendimento_24m": null, "segment_anbima": "Logística", "management_type": "Ativa", "distribution_streak_months": 6}}
{"ts": "2026-04-21T05:09:58Z", "event": "fii_fetch_start", "ticker": "MCRF11"}
{"ts": "2026-04-21T05:09:59Z", "event": "fii_fetch_primary_http", "ticker": "MCRF11", "status": 404}
{"ts": "2026-04-21T05:09:59Z", "event": "fii_fetch_fallback_statusinvest", "ticker": "MCRF11"}
{"ts": "2026-04-21T05:10:00Z", "event": "fii_fetch_failed", "ticker": "MCRF11"}
{"ts": "2026-04-21T05:10:00Z", "event": "fii_fetch_start", "ticker": "KNCR11"}
{"ts": "2026-04-21T05:10:01Z", "event": "fii_fetched", "ticker": "KNCR11", "period": "2026-04-21", "source": "fiis.com.br", "dividends_parsed": 6, "fields": {"price": 105.48, "vpa": 102.29, "pvp": 1.03, "dy_12m": 0.1391, "last_monthly_rendimento": 1.15, "adtv_daily": 14900000.0, "avg_monthly_rendimento_24m": null, "segment_anbima": "Títulos e Valores Mobiliários", "management_type": "Ativa", "distribution_streak_months": 6}}
{"ts": "2026-04-21T05:10:01Z", "event": "fii_fetch_start", "ticker": "VGIP11"}
{"ts": "2026-04-21T05:10:02Z", "event": "fii_fetched", "ticker": "VGIP11", "period": "2026-04-21", "source": "fiis.com.br", "dividends_parsed": 6, "fields": {"price": 79.9, "vpa": 91.5, "pvp": 0.87, "dy_12m": 0.13849999999999998, "last_monthly_rendimento": 0.74, "adtv_daily": 1700000.0, "avg_monthly_rendimento_24m": null, "segment_anbima": "Outros", "management_type": "Ativa", "distribution_streak_months": 6}}
{"ts": "2026-04-21T05:10:02Z", "event": "fii_fetch_start", "ticker": "BRCO11"}
{"ts": "2026-04-21T05:10:03Z", "event": "fii_fetched", "ticker": "BRCO11", "period": "2026-04-21", "source": "fiis.com.br", "dividends_parsed": 6, "fields": {"price": 115.23, "vpa": 116.5, "pvp": 0.99, "dy_12m": 0.09300000000000001, "last_monthly_rendimento": 0.92, "adtv_daily": 5000000.0, "avg_monthly_rendimento_24m": null, "segment_anbima": "Logística", "management_type": "Ativa", "distribution_streak_months": 6}}
{"ts": "2026-04-21T05:10:03Z", "event": "fii_fetch_start", "ticker": "MCCI11"}
{"ts": "2026-04-21T05:10:05Z", "event": "fii_fetched", "ticker": "MCCI11", "period": "2026-04-21", "source": "fiis.com.br", "dividends_parsed": 6, "fields": {"price": 95.72, "vpa": 95.7, "pvp": 1.0, "dy_12m": 0.1211, "last_monthly_rendimento": 1.0, "adtv_daily": 3900000.0, "avg_monthly_rendimento_24m": null, "segment_anbima": "Outros", "management_type": "Ativa", "distribution_streak_months": 6}}
{"ts": "2026-04-21T05:10:05Z", "event": "fii_fetch_start", "ticker": "XPLG11"}
{"ts": "2026-04-21T05:10:06Z", "event": "fii_fetched", "ticker": "XPLG11", "period": "2026-04-21", "source": "fiis.com.br", "dividends_parsed": 6, "fields": {"price": 100.05, "vpa": 106.03, "pvp": 0.94, "dy_12m": 0.0984, "last_monthly_rendimento": 0.82, "adtv_daily": 3700000.0, "avg_monthly_rendimento_24m": null, "segment_anbima": "Logística", "management_type": "Ativa", "distribution_streak_months": 6}}
{"ts": "2026-04-21T05:10:06Z", "event": "fii_fetch_start", "ticker": "KNRI11"}
{"ts": "2026-04-21T05:10:07Z", "event": "fii_fetched", "ticker": "KNRI11", "period": "2026-04-21", "source": "fiis.com.br", "dividends_parsed": 6, "fields": {"price": 168.0, "vpa": 164.0, "pvp": 1.02, "dy_12m": 0.07400000000000001, "last_monthly_rendimento": 1.1, "adtv_daily": 3900000.0, "avg_monthly_rendimento_24m": null, "segment_anbima": "Híbrido", "management_type": "Ativa", "distribution_streak_months": 6}}
{"ts": "2026-04-21T05:10:07Z", "event": "fii_fetch_start", "ticker": "RBRY11"}
{"ts": "2026-04-21T05:10:08Z", "event": "fii_fetched", "ticker": "RBRY11", "period": "2026-04-21", "source": "fiis.com.br", "dividends_parsed": 6, "fields": {"price": 96.97, "vpa": 100.18, "pvp": 0.97, "dy_12m": 0.1451, "last_monthly_rendimento": 1.09, "adtv_daily": 3500000.0, "avg_monthly_rendimento_24m": null, "segment_anbima": "Outros", "management_type": "Ativa", "distribution_streak_months": 6}}
{"ts": "2026-04-21T05:10:08Z", "event": "fii_fetch_start", "ticker": "VRTA11"}
{"ts": "2026-04-21T05:10:09Z", "event": "fii_fetched", "ticker": "VRTA11", "period": "2026-04-21", "source": "fiis.com.br", "dividends_parsed": 6, "fields": {"price": 77.39, "vpa": 85.01, "pvp": 0.91, "dy_12m": 0.132, "last_monthly_rendimento": 0.85, "adtv_daily": 1300000.0, "avg_monthly_rendimento_24m": null, "segment_anbima": "Outros", "management_type": "Ativa", "distribution_streak_months": 6}}

============================================================
== 4/5  recompute FII streaks
============================================================
FIIs a processar: 21
  BRCO11: streak=49m
  BTLG11: streak=49m
  GARE11: streak=4m
  HGLG11: streak=49m
  HGRU11: streak=4m
  KNCR11: streak=49m
  KNRI11: streak=49m
  MCCI11: streak=49m
  MCRF11: sem dividendos na DB — skip
  PMLL11: streak=7m
  PVBI11: streak=2m
  RBRX11: streak=38m
  RBRY11: streak=49m
  RECR11: streak=27m
  TRXF11: streak=4m
  VGIP11: streak=32m
  VGIR11: streak=32m
  VISC11: streak=48m
  VRTA11: streak=45m
  XPLG11: streak=26m
  XPML11: streak=50m

============================================================
== 5/5  scoring BR
============================================================
{
  "ticker": "PRIO3",
  "market": "br",
  "run_date": "2026-04-21",
  "score": 0.0,
  "passes_screen": false,
  "details": {
    "graham_number": {
      "value": 41.4171,
      "threshold": 61.630001068115234,
      "verdict": "fail"
    },
    "dividend_yield": {
      "value": null,
      "threshold": 0.06,
      "verdict": "n/a",
      "reason": "DY em falta"
    },
    "roe": {
      "value": 0.0873,
      "threshold": 0.15,
      "verdict": "fail"
    },
    "net_debt_ebitda": {
      "value": 3.26,
      "threshold": 3.0,
      "verdict": "fail"
    },
    "dividend_streak": {
      "value": 1,
      "threshold": 5,
      "verdict": "fail"
    }
  }
}
{
  "ticker": "VALE3",
  "market": "br",
  "run_date": "2026-04-21",
  "score": 0.6,
  "passes_screen": false,
  "details": {
    "graham_number": {
      "value": 54.5723,
      "threshold": 88.7300033569336,
      "verdict": "fail"
    },
    "dividend_yield": {
      "value": 0.062,
      "threshold": 0.06,
      "verdict": "pass"
    },
    "roe": {
      "value": 0.0731,
      "threshold": 0.15,
      "verdict": "fail"
    },
    "net_debt_ebitda": {
      "value": 0.8,
      "threshold": 3.0,
      "verdict": "pass"
    },
    "dividend_streak": {
      "value": 19,
      "threshold": 5,
      "verdict": "pass"
    }
  }
}
{
  "ticker": "BBDC4",
  "market": "br",
  "run_date": "2026-04-21",
  "score": 0.8,
  "passes_screen": false,
  "details": {
    "pe": {
      "value": 9.2,
      "threshold": 10,
      "verdict": "pass"
    },
    "price_to_book": {
      "value": 1.23,
      "threshold": 1.5,
      "verdict": "pass"
    },
    "dividend_yield": {
      "value": 0.059800000000000006,
      "threshold": 0.06,
      "verdict": "fail"
    },
    "roe": {
      "value": 0.13369999999999999,
      "threshold": 0.12,
      "verdict": "pass"
    },
    "dividend_streak": {
      "value": 20,
      "threshold": 5,
      "verdict": "pass"
    }
  }
}
{
  "ticker": "ITSA4",
  "market": "br",
  "run_date": "2026-04-21",
  "score": 1.0,
  "passes_screen": true,
  "details": {
    "graham_number": {
      "value": 16.5986,
      "threshold": 14.739999771118164,
      "verdict": "pass"
    },
    "dividend_yield": {
      "value": 0.08539999999999999,
      "threshold": 0.06,
      "verdict": "pass"
    },
    "roe": {
      "value": 0.1766,
      "threshold": 0.15,
      "verdict": "pass"
    },
    "net_debt_ebitda": {
      "value": 0.25,
      "threshold": 3.0,
      "verdict": "n/a",
      "reason": "holding company (EBITDA de equivalência patrimonial)"
    },
    "dividend_streak": {
      "value": 20,
      "threshold": 5,
      "verdict": "pass"
    }
  }
}
{
  "ticker": "PETR4",
  "market": "br",
  "run_date": "2026-04-21",
  "score": 1.0,
  "passes_screen": true,
  "details": {
    "graham_number": {
      "value": 78.9029,
      "threshold": 47.02000045776367,
      "verdict": "pass"
    },
    "dividend_yield": {
      "value": 0.0687,
      "threshold": 0.06,
      "verdict": "pass"
    },
    "roe": {
      "value": 0.2637,
      "threshold": 0.15,
      "verdict": "pass"
    },
    "net_debt_ebitda": {
      "value": 0.94,
      "threshold": 3.0,
      "verdict": "pass"
    },
    "dividend_streak": {
      "value": 8,
      "threshold": 5,
      "verdict": "pass"
    }
  }
}
{
  "ticker": "AXIA7",
  "market": "br",
  "run_date": "2026-04-21",
  "score": 0.3333,
  "passes_screen": false,
  "details": {
    "graham_number": {
      "value": 45.3642,
      "threshold": 61.20000076293945,
      "verdict": "fail"
    },
    "dividend_yield": {
      "value": null,
      "threshold": 0.06,
      "verdict": "n/a",
      "reason": "DY em falta"
    },
    "roe": {
      "value": 0.0553,
      "threshold": 0.15,
      "verdict": "fail"
    },
    "net_debt_ebitda": {
      "value": -7.87,
      "threshold": 3.0,
      "verdict": "pass"
    },
    "dividend_streak": {
      "value": null,
      "threshold": 5,
      "verdict": "n/a",
      "reason": "histórico de dividendos em falta"
    }
  }
}
{
  "ticker": "CPLE3",
  "market": "br",
  "run_date": "2026-04-21",
  "score": 0.0,
  "passes_screen": false,
  "details": {
    "graham_number": {
      "value": null,
      "threshold": 16.899999618530273,
      "verdict": "n/a",
      "reason": "EPS/BVPS em falta ou não positivos"
    },
    "dividend_yield": {
      "value": null,
      "threshold": 0.06,
      "verdict": "n/a",
      "reason": "DY em falta"
    },
    "roe": {
      "value": null,
      "threshold": 0.15,
      "verdict": "n/a",
      "reason": "ROE em falta"
    },
    "net_debt_ebitda": {
      "value": null,
      "threshold": 3.0,
      "verdict": "n/a",
      "reason": "Dív. líq/EBITDA em falta"
    },
    "dividend_streak": {
      "value": null,
      "threshold": 5,
      "verdict": "n/a",
      "reason": "histórico de dividendos em falta"
    }
  }
}
{
  "ticker": "ALOS3",
  "market": "br",
  "run_date": "2026-04-21",
  "score": 0.6,
  "passes_screen": false,
  "details": {
    "graham_number": {
      "value": 31.9928,
      "threshold": 33.5,
      "verdict": "fail"
    },
    "dividend_yield": {
      "value": 0.0654,
      "threshold": 0.06,
      "verdict": "pass"
    },
    "roe": {
      "value": 0.06,
      "threshold": 0.15,
      "verdict": "fail"
    },
    "net_debt_ebitda": {
      "value": -1.07,
      "threshold": 3.0,
      "verdict": "pass"
    },
    "dividend_streak": {
      "value": 6,
      "threshold": 5,
      "verdict": "pass"
    }
  }
}
{
  "ticker": "B3SA3",
  "market": "br",
  "run_date": "2026-04-21",
  "score": 0.6,
  "passes_screen": false,
  "details": {
    "graham_number": {
      "value": 8.4169,
      "threshold": 19.25,
      "verdict": "fail"
    },
    "dividend_yield": {
      "value": 0.0308,
      "threshold": 0.06,
      "verdict": "fail"
    },
    "roe": {
      "value": 0.2626,
      "threshold": 0.15,
      "verdict": "pass"
    },
    "net_debt_ebitda": {
      "value": -0.06,
      "threshold": 3.0,
      "verdict": "pass"
    },
    "dividend_streak": {
      "value": 11,
      "threshold": 5,
      "verdict": "pass"
    }
  }
}
{
  "ticker": "ENGI11",
  "market": "br",
  "run_date": "2026-04-21",
  "score": 0.0,
  "passes_screen": false,
  "details": {
    "dividend_yield": {
      "value": null,
      "threshold": 0.08,
      "verdict": "n/a",
      "reason": "DY 12m em falta"
    },
    "price_to_book": {
      "value": null,
      "threshold": 1.05,
      "verdict": "n/a",
      "reason": "P/VP em falta"
    },
    "vacancy": {
      "value": null,
      "threshold": 0.15,
      "verdict": "n/a",
      "reason": "vacância física em falta"
    },
    "distribution_streak": {
      "value": null,
      "threshold": 12,
      "verdict": "n/a",
      "reason": "histórico de distribuição em falta"
    },
    "liquidity": {
      "value": null,
      "threshold": 500000,
      "verdict": "n/a",
      "reason": "liquidez em falta"
    },
    "spread_selic_real": {
      "value": null,
      "threshold": 0.0,
      "verdict": "n/a",
      "reason": "SELIC real ou DY em falta"
    }
  }
}
{
  "ticker": "ITUB4",
  "market": "br",
  "run_date": "2026-04-21",
  "score": 0.6,
  "passes_screen": false,
  "details": {
    "pe": {
      "value": 11.44,
      "threshold": 10,
      "verdict": "fail"
    },
    "price_to_book": {
      "value": 2.39,
      "threshold": 1.5,
      "verdict": "fail"
    },
    "dividend_yield": {
      "value": 0.0677,
      "threshold": 0.06,
      "verdict": "pass"
    },
    "roe": {
      "value": 0.2086,
      "threshold": 0.12,
      "verdict": "pass"
    },
    "dividend_streak": {
      "value": 18,
      "threshold": 5,
      "verdict": "pass"
    }
  }
}
{
  "ticker": "EQTL3",
  "market": "br",
  "run_date": "2026-04-21",
  "score": 0.25,
  "passes_screen": false,
  "details": {
    "graham_number": {
      "value": 25.9483,
      "threshold": 45.060001373291016,
      "verdict": "fail"
    },
    "dividend_yield": {
      "value": 0.0507,
      "threshold": 0.06,
      "verdict": "fail"
    },
    "roe": {
      "value": 0.0592,
      "threshold": 0.15,
      "verdict": "fail"
    },
    "net_debt_ebitda": {
      "value": null,
      "threshold": 3.0,
      "verdict": "n/a",
      "reason": "Dív. líq/EBITDA em falta"
    },
    "dividend_streak": {
      "value": 15,
      "threshold": 5,
      "verdict": "pass"
    }
  }
}
{
  "ticker": "MOTV3",
  "market": "br",
  "run_date": "2026-04-21",
  "score": 0.4,
  "passes_screen": false,
  "details": {
    "graham_number": {
      "value": 17.1402,
      "threshold": 17.450000762939453,
      "verdict": "fail"
    },
    "dividend_yield": {
      "value": 0.0277,
      "threshold": 0.06,
      "verdict": "fail"
    },
    "roe": {
      "value": 0.2014,
      "threshold": 0.15,
      "verdict": "pass"
    },
    "net_debt_ebitda": {
      "value": 3.85,
      "threshold": 3.0,
      "verdict": "fail"
    },
    "dividend_streak": {
      "value": 18,
      "threshold": 5,
      "verdict": "pass"
    }
  }
}
{
  "ticker": "MULT3",
  "market": "br",
  "run_date": "2026-04-21",
  "score": 0.6,
  "passes_screen": false,
  "details": {
    "graham_number": {
      "value": 24.7666,
      "threshold": 34.43000030517578,
      "verdict": "fail"
    },
    "dividend_yield": {
      "value": 0.0232,
      "threshold": 0.06,
      "verdict": "fail"
    },
    "roe": {
      "value": 0.18109999999999998,
      "threshold": 0.15,
      "verdict": "pass"
    },
    "net_debt_ebitda": {
      "value": 2.17,
      "threshold": 3.0,
      "verdict": "pass"
    },
    "dividend_streak": {
      "value": 17,
      "threshold": 5,
      "verdict": "pass"
    }
  }
}
{
  "ticker": "PGMN3",
  "market": "br",
  "run_date": "2026-04-21",
  "score": 0.4,
  "passes_screen": false,
  "details": {
    "graham_number": {
      "value": 5.8811,
      "threshold": 5.789999961853027,
      "verdict": "pass"
    },
    "dividend_yield": {
      "value": 0.043899999999999995,
      "threshold": 0.06,
      "verdict": "fail"
    },
    "roe": {
      "value": 0.08410000000000001,
      "threshold": 0.15,
      "verdict": "fail"
    },
    "net_debt_ebitda": {
      "value": 0.91,
      "threshold": 3.0,
      "verdict": "pass"
    },
    "dividend_streak": {
      "value": 3,
      "threshold": 5,
      "verdict": "fail"
    }
  }
}
{
  "ticker": "PLPL3",
  "market": "br",
  "run_date": "2026-04-21",
  "score": 0.8,
  "passes_screen": false,
  "details": {
    "graham_number": {
      "value": 14.976,
      "threshold": 13.270000457763672,
      "verdict": "pass"
    },
    "dividend_yield": {
      "value": 0.0355,
      "threshold": 0.06,
      "verdict": "fail"
    },
    "roe": {
      "value": 0.31679999999999997,
      "threshold": 0.15,
      "verdict": "pass"
    },
    "net_debt_ebitda": {
      "value": -0.04,
      "threshold": 3.0,
      "verdict": "pass"
    },
    "dividend_streak": {
      "value": 5,
      "threshold": 5,
      "verdict": "pass"
    }
  }
}
{
  "ticker": "RAPT4",
  "market": "br",
  "run_date": "2026-04-21",
  "score": 0.25,
  "passes_screen": false,
  "details": {
    "graham_number": {
      "value": null,
      "threshold": 5.579999923706055,
      "verdict": "n/a",
      "reason": "EPS/BVPS em falta ou não positivos"
    },
    "dividend_yield": {
      "value": 0.0084,
      "threshold": 0.06,
      "verdict": "fail"
    },
    "roe": {
      "value": -0.0528,
      "threshold": 0.15,
      "verdict": "fail"
    },
    "net_debt_ebitda": {
      "value": 4.2,
      "threshold": 3.0,
      "verdict": "fail"
    },
    "dividend_streak": {
      "value": 9,
      "threshold": 5,
      "verdict": "pass"
    }
  }
}
{
  "ticker": "RDOR3",
  "market": "br",
  "run_date": "2026-04-21",
  "score": 0.8,
  "passes_screen": false,
  "details": {
    "graham_number": {
      "value": 20.8667,
      "threshold": 39.439998626708984,
      "verdict": "fail"
    },
    "dividend_yield": {
      "value": 0.1007,
      "threshold": 0.06,
      "verdict": "pass"
    },
    "roe": {
      "value": 0.2168,
      "threshold": 0.15,
      "verdict": "pass"
    },
    "net_debt_ebitda": {
      "value": 0.47,
      "threshold": 3.0,
      "verdict": "pass"
    },
    "dividend_streak": {
      "value": 6,
      "threshold": 5,
      "verdict": "pass"
    }
  }
}
{
  "ticker": "RENT3",
  "market": "br",
  "run_date": "2026-04-21",
  "score": 0.4,
  "passes_screen": false,
  "details": {
    "graham_number": {
      "value": 29.2182,
      "threshold": 51.97999954223633,
      "verdict": "fail"
    },
    "dividend_yield": {
      "value": 0.0404,
      "threshold": 0.06,
      "verdict": "fail"
    },
    "roe": {
      "value": 0.07339999999999999,
      "threshold": 0.15,
      "verdict": "fail"
    },
    "net_debt_ebitda": {
      "value": 1.97,
      "threshold": 3.0,
      "verdict": "pass"
    },
    "dividend_streak": {
      "value": 20,
      "threshold": 5,
      "verdict": "pass"
    }
  }
}
{
  "ticker": "SUZB3",
  "market": "br",
  "run_date": "2026-04-21",
  "score": 0.6,
  "passes_screen": false,
  "details": {
    "graham_number": {
      "value": 91.1069,
      "threshold": 47.79999923706055,
      "verdict": "pass"
    },
    "dividend_yield": {
      "value": 0.023,
      "threshold": 0.06,
      "verdict": "fail"
    },
    "roe": {
      "value": 0.30510000000000004,
      "threshold": 0.15,
      "verdict": "pass"
    },
    "net_debt_ebitda": {
      "value": 1.75,
      "threshold": 3.0,
      "verdict": "pass"
    },
    "dividend_streak": {
      "value": 4,
      "threshold": 5,
      "verdict": "fail"
    }
  }
}
{
  "ticker": "TTEN3",
  "market": "br",
  "run_date": "2026-04-21",
  "score": 0.6,
  "passes_screen": false,
  "details": {
    "graham_number": {
      "value": 18.5574,
      "threshold": 16.020000457763672,
      "verdict": "pass"
    },
    "dividend_yield": {
      "value": 0.011200000000000002,
      "threshold": 0.06,
      "verdict": "fail"
    },
    "roe": {
      "value": 0.17350000000000002,
      "threshold": 0.15,
      "verdict": "pass"
    },
    "net_debt_ebitda": {
      "value": 1.93,
      "threshold": 3.0,
      "verdict": "pass"
    },
    "dividend_streak": {
      "value": 4,
      "threshold": 5,
      "verdict": "fail"
    }
  }
}
{
  "ticker": "WIZC3",
  "market": "br",
  "run_date": "2026-04-21",
  "score": 0.0,
  "passes_screen": false,
  "details": {
    "graham_number": {
      "value": null,
      "threshold": 9.520000457763672,
      "verdict": "n/a",
      "reason": "EPS/BVPS em falta ou não positivos"
    },
    "dividend_yield": {
      "value": null,
      "threshold": 0.06,
      "verdict": "n/a",
      "reason": "DY em falta"
    },
    "roe": {
      "value": null,
      "threshold": 0.15,
      "verdict": "n/a",
      "reason": "ROE em falta"
    },
    "net_debt_ebitda": {
      "value": null,
      "threshold": 3.0,
      "verdict": "n/a",
      "reason": "Dív. líq/EBITDA em falta"
    },
    "dividend_streak": {
      "value": null,
      "threshold": 5,
      "verdict": "n/a",
      "reason": "histórico de dividendos em falta"
    }
  }
}
{
  "ticker": "BBSE3",
  "market": "br",
  "run_date": "2026-04-21",
  "score": 0.0,
  "passes_screen": false,
  "details": {
    "graham_number": {
      "value": null,
      "threshold": 35.279998779296875,
      "verdict": "n/a",
      "reason": "EPS/BVPS em falta ou não positivos"
    },
    "dividend_yield": {
      "value": null,
      "threshold": 0.06,
      "verdict": "n/a",
      "reason": "DY em falta"
    },
    "roe": {
      "value": null,
      "threshold": 0.15,
      "verdict": "n/a",
      "reason": "ROE em falta"
    },
    "net_debt_ebitda": {
      "value": null,
      "threshold": 3.0,
      "verdict": "n/a",
      "reason": "Dív. líq/EBITDA em falta"
    },
    "dividend_streak": {
      "value": null,
      "threshold": 5,
      "verdict": "n/a",
      "reason": "histórico de dividendos em falta"
    }
  }
}
{
  "ticker": "BBAS3",
  "market": "br",
  "run_date": "2026-04-21",
  "score": 0.0,
  "passes_screen": false,
  "details": {
    "graham_number": {
      "value": null,
      "threshold": 24.280000686645508,
      "verdict": "n/a",
      "reason": "EPS/BVPS em falta ou não positivos"
    },
    "dividend_yield": {
      "value": null,
      "threshold": 0.06,
      "verdict": "n/a",
      "reason": "DY em falta"
    },
    "roe": {
      "value": null,
      "threshold": 0.15,
      "verdict": "n/a",
      "reason": "ROE em falta"
    },
    "net_debt_ebitda": {
      "value": null,
      "threshold": 3.0,
      "verdict": "n/a",
      "reason": "Dív. líq/EBITDA em falta"
    },
    "dividend_streak": {
      "value": null,
      "threshold": 5,
      "verdict": "n/a",
      "reason": "histórico de dividendos em falta"
    }
  }
}
{
  "ticker": "UNIP6",
  "market": "br",
  "run_date": "2026-04-21",
  "score": 0.0,
  "passes_screen": false,
  "details": {
    "graham_number": {
      "value": null,
      "threshold": 62.25,
      "verdict": "n/a",
      "reason": "EPS/BVPS em falta ou não positivos"
    },
    "dividend_yield": {
      "value": null,
      "threshold": 0.06,
      "verdict": "n/a",
      "reason": "DY em falta"
    },
    "roe": {
      "value": null,
      "threshold": 0.15,
      "verdict": "n/a",
      "reason": "ROE em falta"
    },
    "net_debt_ebitda": {
      "value": null,
      "threshold": 3.0,
      "verdict": "n/a",
      "reason": "Dív. líq/EBITDA em falta"
    },
    "dividend_streak": {
      "value": null,
      "threshold": 5,
      "verdict": "n/a",
      "reason": "histórico de dividendos em falta"
    }
  }
}
{
  "ticker": "SEER3",
  "market": "br",
  "run_date": "2026-04-21",
  "score": 0.0,
  "passes_screen": false,
  "details": {
    "graham_number": {
      "value": null,
      "threshold": 13.75,
      "verdict": "n/a",
      "reason": "EPS/BVPS em falta ou não positivos"
    },
    "dividend_yield": {
      "value": null,
      "threshold": 0.06,
      "verdict": "n/a",
      "reason": "DY em falta"
    },
    "roe": {
      "value": null,
      "threshold": 0.15,
      "verdict": "n/a",
      "reason": "ROE em falta"
    },
    "net_debt_ebitda": {
      "value": null,
      "threshold": 3.0,
      "verdict": "n/a",
      "reason": "Dív. líq/EBITDA em falta"
    },
    "dividend_streak": {
      "value": null,
      "threshold": 5,
      "verdict": "n/a",
      "reason": "histórico de dividendos em falta"
    }
  }
}
{
  "ticker": "SLCE3",
  "market": "br",
  "run_date": "2026-04-21",
  "score": 0.0,
  "passes_screen": false,
  "details": {
    "graham_number": {
      "value": null,
      "threshold": 17.850000381469727,
      "verdict": "n/a",
      "reason": "EPS/BVPS em falta ou não positivos"
    },
    "dividend_yield": {
      "value": null,
      "threshold": 0.06,
      "verdict": "n/a",
      "reason": "DY em falta"
    },
    "roe": {
      "value": null,
      "threshold": 0.15,
      "verdict": "n/a",
      "reason": "ROE em falta"
    },
    "net_debt_ebitda": {
      "value": null,
      "threshold": 3.0,
      "verdict": "n/a",
      "reason": "Dív. líq/EBITDA em falta"
    },
    "dividend_streak": {
      "value": null,
      "threshold": 5,
      "verdict": "n/a",
      "reason": "histórico de dividendos em falta"
    }
  }
}
{
  "ticker": "TUPY3",
  "market": "br",
  "run_date": "2026-04-21",
  "score": 0.0,
  "passes_screen": false,
  "details": {
    "graham_number": {
      "value": null,
      "threshold": 15.850000381469727,
      "verdict": "n/a",
      "reason": "EPS/BVPS em falta ou não positivos"
    },
    "dividend_yield": {
      "value": null,
      "threshold": 0.06,
      "verdict": "n/a",
      "reason": "DY em falta"
    },
    "roe": {
      "value": null,
      "threshold": 0.15,
      "verdict": "n/a",
      "reason": "ROE em falta"
    },
    "net_debt_ebitda": {
      "value": null,
      "threshold": 3.0,
      "verdict": "n/a",
      "reason": "Dív. líq/EBITDA em falta"
    },
    "dividend_streak": {
      "value": null,
      "threshold": 5,
      "verdict": "n/a",
      "reason": "histórico de dividendos em falta"
    }
  }
}
{
  "ticker": "EGIE3",
  "market": "br",
  "run_date": "2026-04-21",
  "score": 0.0,
  "passes_screen": false,
  "details": {
    "graham_number": {
      "value": null,
      "threshold": 37.41999816894531,
      "verdict": "n/a",
      "reason": "EPS/BVPS em falta ou não positivos"
    },
    "dividend_yield": {
      "value": null,
      "threshold": 0.06,
      "verdict": "n/a",
      "reason": "DY em falta"
    },
    "roe": {
      "value": null,
      "threshold": 0.15,
      "verdict": "n/a",
      "reason": "ROE em falta"
    },
    "net_debt_ebitda": {
      "value": null,
      "threshold": 3.0,
      "verdict": "n/a",
      "reason": "Dív. líq/EBITDA em falta"
    },
    "dividend_streak": {
      "value": null,
      "threshold": 5,
      "verdict": "n/a",
      "reason": "histórico de dividendos em falta"
    }
  }
}
{
  "ticker": "VAMO3",
  "market": "br",
  "run_date": "2026-04-21",
  "score": 0.0,
  "passes_screen": false,
  "details": {
    "graham_number": {
      "value": null,
      "threshold": 4.570000171661377,
      "verdict": "n/a",
      "reason": "EPS/BVPS em falta ou não positivos"
    },
    "dividend_yield": {
      "value": null,
      "threshold": 0.06,
      "verdict": "n/a",
      "reason": "DY em falta"
    },
    "roe": {
      "value": null,
      "threshold": 0.15,
      "verdict": "n/a",
      "reason": "ROE em falta"
    },
    "net_debt_ebitda": {
      "value": null,
      "threshold": 3.0,
      "verdict": "n/a",
      "reason": "Dív. líq/EBITDA em falta"
    },
    "dividend_streak": {
      "value": null,
      "threshold": 5,
      "verdict": "n/a",
      "reason": "histórico de dividendos em falta"
    }
  }
}
{
  "ticker": "KLBN4",
  "market": "br",
  "run_date": "2026-04-21",
  "score": 0.0,
  "passes_screen": false,
  "details": {
    "graham_number": {
      "value": null,
      "threshold": 3.759999990463257,
      "verdict": "n/a",
      "reason": "EPS/BVPS em falta ou não positivos"
    },
    "dividend_yield": {
      "value": null,
      "threshold": 0.06,
      "verdict": "n/a",
      "reason": "DY em falta"
    },
    "roe": {
      "value": null,
      "threshold": 0.15,
      "verdict": "n/a",
      "reason": "ROE em falta"
    },
    "net_debt_ebitda": {
      "value": null,
      "threshold": 3.0,
      "verdict": "n/a",
      "reason": "Dív. líq/EBITDA em falta"
    },
    "dividend_streak": {
      "value": null,
      "threshold": 5,
      "verdict": "n/a",
      "reason": "histórico de dividendos em falta"
    }
  }
}
{
  "ticker": "BRBI11",
  "market": "br",
  "run_date": "2026-04-21",
  "score": 0.0,
  "passes_screen": false,
  "details": {
    "dividend_yield": {
      "value": null,
      "threshold": 0.08,
      "verdict": "n/a",
      "reason": "DY 12m em falta"
    },
    "price_to_book": {
      "value": null,
      "threshold": 1.05,
      "verdict": "n/a",
      "reason": "P/VP em falta"
    },
    "vacancy": {
      "value": null,
      "threshold": 0.15,
      "verdict": "n/a",
      "reason": "vacância física em falta"
    },
    "distribution_streak": {
      "value": null,
      "threshold": 12,
      "verdict": "n/a",
      "reason": "histórico de distribuição em falta"
    },
    "liquidity": {
      "value": null,
      "threshold": 500000,
      "verdict": "n/a",
      "reason": "liquidez em falta"
    },
    "spread_selic_real": {
      "value": null,
      "threshold": 0.0,
      "verdict": "n/a",
      "reason": "SELIC real ou DY em falta"
    }
  }
}
{
  "ticker": "PNVL3",
  "market": "br",
  "run_date": "2026-04-21",
  "score": 0.0,
  "passes_screen": false,
  "details": {
    "graham_number": {
      "value": null,
      "threshold": 14.59000015258789,
      "verdict": "n/a",
      "reason": "EPS/BVPS em falta ou não positivos"
    },
    "dividend_yield": {
      "value": null,
      "threshold": 0.06,
      "verdict": "n/a",
      "reason": "DY em falta"
    },
    "roe": {
      "value": null,
      "threshold": 0.15,
      "verdict": "n/a",
      "reason": "ROE em falta"
    },
    "net_debt_ebitda": {
      "value": null,
      "threshold": 3.0,
      "verdict": "n/a",
      "reason": "Dív. líq/EBITDA em falta"
    },
    "dividend_streak": {
      "value": null,
      "threshold": 5,
      "verdict": "n/a",
      "reason": "histórico de dividendos em falta"
    }
  }
}
{
  "ticker": "SIMH3",
  "market": "br",
  "run_date": "2026-04-21",
  "score": 0.0,
  "passes_screen": false,
  "details": {
    "graham_number": {
      "value": null,
      "threshold": 12.850000381469727,
      "verdict": "n/a",
      "reason": "EPS/BVPS em falta ou não positivos"
    },
    "dividend_yield": {
      "value": null,
      "threshold": 0.06,
      "verdict": "n/a",
      "reason": "DY em falta"
    },
    "roe": {
      "value": null,
      "threshold": 0.15,
      "verdict": "n/a",
      "reason": "ROE em falta"
    },
    "net_debt_ebitda": {
      "value": null,
      "threshold": 3.0,
      "verdict": "n/a",
      "reason": "Dív. líq/EBITDA em falta"
    },
    "dividend_streak": {
      "value": null,
      "threshold": 5,
      "verdict": "n/a",
      "reason": "histórico de dividendos em falta"
    }
  }
}
{
  "ticker": "GMAT3",
  "market": "br",
  "run_date": "2026-04-21",
  "score": 0.0,
  "passes_screen": false,
  "details": {
    "graham_number": {
      "value": null,
      "threshold": 4.659999847412109,
      "verdict": "n/a",
      "reason": "EPS/BVPS em falta ou não positivos"
    },
    "dividend_yield": {
      "value": null,
      "threshold": 0.06,
      "verdict": "n/a",
      "reason": "DY em falta"
    },
    "roe": {
      "value": null,
      "threshold": 0.15,
      "verdict": "n/a",
      "reason": "ROE em falta"
    },
    "net_debt_ebitda": {
      "value": null,
      "threshold": 3.0,
      "verdict": "n/a",
      "reason": "Dív. líq/EBITDA em falta"
    },
    "dividend_streak": {
      "value": null,
      "threshold": 5,
      "verdict": "n/a",
      "reason": "histórico de dividendos em falta"
    }
  }
}
{
  "ticker": "TIMS3",
  "market": "br",
  "run_date": "2026-04-21",
  "score": 0.0,
  "passes_screen": false,
  "details": {
    "graham_number": {
      "value": null,
      "threshold": 26.850000381469727,
      "verdict": "n/a",
      "reason": "EPS/BVPS em falta ou não positivos"
    },
    "dividend_yield": {
      "value": null,
      "threshold": 0.06,
      "verdict": "n/a",
      "reason": "DY em falta"
    },
    "roe": {
      "value": null,
      "threshold": 0.15,
      "verdict": "n/a",
      "reason": "ROE em falta"
    },
    "net_debt_ebitda": {
      "value": null,
      "threshold": 3.0,
      "verdict": "n/a",
      "reason": "Dív. líq/EBITDA em falta"
    },
    "dividend_streak": {
      "value": null,
      "threshold": 5,
      "verdict": "n/a",
      "reason": "histórico de dividendos em falta"
    }
  }
}
{
  "ticker": "VIVA3",
  "market": "br",
  "run_date": "2026-04-21",
  "score": 0.0,
  "passes_screen": false,
  "details": {
    "graham_number": {
      "value": null,
      "threshold": 27.510000228881836,
      "verdict": "n/a",
      "reason": "EPS/BVPS em falta ou não positivos"
    },
    "dividend_yield": {
      "value": null,
      "threshold": 0.06,
      "verdict": "n/a",
      "reason": "DY em falta"
    },
    "roe": {
      "value": null,
      "threshold": 0.15,
      "verdict": "n/a",
      "reason": "ROE em falta"
    },
    "net_debt_ebitda": {
      "value": null,
      "threshold": 3.0,
      "verdict": "n/a",
      "reason": "Dív. líq/EBITDA em falta"
    },
    "dividend_streak": {
      "value": null,
      "threshold": 5,
      "verdict": "n/a",
      "reason": "histórico de dividendos em falta"
    }
  }
}
{
  "ticker": "EZTC3",
  "market": "br",
  "run_date": "2026-04-21",
  "score": 0.0,
  "passes_screen": false,
  "details": {
    "graham_number": {
      "value": null,
      "threshold": 16.18000030517578,
      "verdict": "n/a",
      "reason": "EPS/BVPS em falta ou não positivos"
    },
    "dividend_yield": {
      "value": null,
      "threshold": 0.06,
      "verdict": "n/a",
      "reason": "DY em falta"
    },
    "roe": {
      "value": null,
      "threshold": 0.15,
      "verdict": "n/a",
      "reason": "ROE em falta"
    },
    "net_debt_ebitda": {
      "value": null,
      "threshold": 3.0,
      "verdict": "n/a",
      "reason": "Dív. líq/EBITDA em falta"
    },
    "dividend_streak": {
      "value": null,
      "threshold": 5,
      "verdict": "n/a",
      "reason": "histórico de dividendos em falta"
    }
  }
}
{
  "ticker": "BRKM5",
  "market": "br",
  "run_date": "2026-04-21",
  "score": 0.0,
  "passes_screen": false,
  "details": {
    "graham_number": {
      "value": null,
      "threshold": 8.979999542236328,
      "verdict": "n/a",
      "reason": "EPS/BVPS em falta ou não positivos"
    },
    "dividend_yield": {
      "value": null,
      "threshold": 0.06,
      "verdict": "n/a",
      "reason": "DY em falta"
    },
    "roe": {
      "value": null,
      "threshold": 0.15,
      "verdict": "n/a",
      "reason": "ROE em falta"
    },
    "net_debt_ebitda": {
      "value": null,
      "threshold": 3.0,
      "verdict": "n/a",
      "reason": "Dív. líq/EBITDA em falta"
    },
    "dividend_streak": {
      "value": null,
      "threshold": 5,
      "verdict": "n/a",
      "reason": "histórico de dividendos em falta"
    }
  }
}
{
  "ticker": "XPML11",
  "market": "br",
  "run_date": "2026-04-21",
  "score": 0.8,
  "passes_screen": false,
  "details": {
    "dividend_yield": {
      "value": 0.1013,
      "threshold": 0.08,
      "verdict": "pass"
    },
    "price_to_book": {
      "value": 0.99,
      "threshold": 1.05,
      "verdict": "pass"
    },
    "vacancy": {
      "value": null,
      "threshold": 0.15,
      "verdict": "n/a",
      "reason": "vacância física em falta"
    },
    "distribution_streak": {
      "value": 50,
      "threshold": 12,
      "verdict": "pass"
    },
    "liquidity": {
      "value": 10200000.0,
      "threshold": 500000,
      "verdict": "pass"
    },
    "spread_selic_real": {
      "value": -0.0048,
      "threshold": 0.0,
      "verdict": "fail",
      "dy": 0.1013,
      "selic_real": 0.1061,
      "proxy": "SELIC-IPCA (NTN-B mais fiel na Fase 2)"
    }
  }
}
{
  "ticker": "RBRX11",
  "market": "br",
  "run_date": "2026-04-21",
  "score": 1.0,
  "passes_screen": true,
  "details": {
    "dividend_yield": {
      "value": 0.125,
      "threshold": 0.08,
      "verdict": "pass"
    },
    "price_to_book": {
      "value": 0.87,
      "threshold": 1.05,
      "verdict": "pass"
    },
    "vacancy": {
      "value": null,
      "threshold": 0.15,
      "verdict": "n/a",
      "reason": "FII de papel — vacância não aplicável"
    },
    "distribution_streak": {
      "value": 38,
      "threshold": 12,
      "verdict": "pass"
    },
    "liquidity": {
      "value": 11400000.0,
      "threshold": 500000,
      "verdict": "pass"
    },
    "spread_selic_real": {
      "value": 0.0189,
      "threshold": 0.0,
      "verdict": "pass",
      "dy": 0.125,
      "selic_real": 0.1061,
      "proxy": "SELIC-IPCA (NTN-B mais fiel na Fase 2)"
    }
  }
}
{
  "ticker": "BTLG11",
  "market": "br",
  "run_date": "2026-04-21",
  "score": 0.8,
  "passes_screen": false,
  "details": {
    "dividend_yield": {
      "value": 0.0911,
      "threshold": 0.08,
      "verdict": "pass"
    },
    "price_to_book": {
      "value": 1.01,
      "threshold": 1.05,
      "verdict": "pass"
    },
    "vacancy": {
      "value": null,
      "threshold": 0.15,
      "verdict": "n/a",
      "reason": "vacância física em falta"
    },
    "distribution_streak": {
      "value": 49,
      "threshold": 12,
      "verdict": "pass"
    },
    "liquidity": {
      "value": 8700000.0,
      "threshold": 500000,
      "verdict": "pass"
    },
    "spread_selic_real": {
      "value": -0.015,
      "threshold": 0.0,
      "verdict": "fail",
      "dy": 0.0911,
      "selic_real": 0.1061,
      "proxy": "SELIC-IPCA (NTN-B mais fiel na Fase 2)"
    }
  }
}
{
  "ticker": "VGIR11",
  "market": "br",
  "run_date": "2026-04-21",
  "score": 1.0,
  "passes_screen": true,
  "details": {
    "dividend_yield": {
      "value": 0.1553,
      "threshold": 0.08,
      "verdict": "pass"
    },
    "price_to_book": {
      "value": 1.0,
      "threshold": 1.05,
      "verdict": "pass"
    },
    "vacancy": {
      "value": null,
      "threshold": 0.15,
      "verdict": "n/a",
      "reason": "vacância física em falta"
    },
    "distribution_streak": {
      "value": 32,
      "threshold": 12,
      "verdict": "pass"
    },
    "liquidity": {
      "value": 3400000.0,
      "threshold": 500000,
      "verdict": "pass"
    },
    "spread_selic_real": {
      "value": 0.0492,
      "threshold": 0.0,
      "verdict": "pass",
      "dy": 0.1553,
      "selic_real": 0.1061,
      "proxy": "SELIC-IPCA (NTN-B mais fiel na Fase 2)"
    }
  }
}
{
  "ticker": "PVBI11",
  "market": "br",
  "run_date": "2026-04-21",
  "score": 0.4,
  "passes_screen": false,
  "details": {
    "dividend_yield": {
      "value": 0.0727,
      "threshold": 0.08,
      "verdict": "fail"
    },
    "price_to_book": {
      "value": 0.71,
      "threshold": 1.05,
      "verdict": "pass"
    },
    "vacancy": {
      "value": null,
      "threshold": 0.15,
      "verdict": "n/a",
      "reason": "vacância física em falta"
    },
    "distribution_streak": {
      "value": 2,
      "threshold": 12,
      "verdict": "fail"
    },
    "liquidity": {
      "value": 3500000.0,
      "threshold": 500000,
      "verdict": "pass"
    },
    "spread_selic_real": {
      "value": -0.0334,
      "threshold": 0.0,
      "verdict": "fail",
      "dy": 0.0727,
      "selic_real": 0.1061,
      "proxy": "SELIC-IPCA (NTN-B mais fiel na Fase 2)"
    }
  }
}
{
  "ticker": "PMLL11",
  "market": "br",
  "run_date": "2026-04-21",
  "score": 0.5,
  "passes_screen": false,
  "details": {
    "dividend_yield": {
      "value": 0.09245025892613792,
      "threshold": 0.08,
      "verdict": "pass"
    },
    "price_to_book": {
      "value": 0.94,
      "threshold": 1.05,
      "verdict": "pass"
    },
    "vacancy": {
      "value": null,
      "threshold": 0.15,
      "verdict": "n/a",
      "reason": "vacância física em falta"
    },
    "distribution_streak": {
      "value": 7,
      "threshold": 12,
      "verdict": "fail"
    },
    "liquidity": {
      "value": null,
      "threshold": 500000,
      "verdict": "n/a",
      "reason": "liquidez em falta"
    },
    "spread_selic_real": {
      "value": -0.0136,
      "threshold": 0.0,
      "verdict": "fail",
      "dy": 0.09245025892613792,
      "selic_real": 0.1061,
      "proxy": "SELIC-IPCA (NTN-B mais fiel na Fase 2)"
    }
  }
}
{
  "ticker": "TRXF11",
  "market": "br",
  "run_date": "2026-04-21",
  "score": 0.8,
  "passes_screen": false,
  "details": {
    "dividend_yield": {
      "value": 0.12890000000000001,
      "threshold": 0.08,
      "verdict": "pass"
    },
    "price_to_book": {
      "value": 0.91,
      "threshold": 1.05,
      "verdict": "pass"
    },
    "vacancy": {
      "value": null,
      "threshold": 0.15,
      "verdict": "n/a",
      "reason": "vacância física em falta"
    },
    "distribution_streak": {
      "value": 4,
      "threshold": 12,
      "verdict": "fail"
    },
    "liquidity": {
      "value": 15500000.0,
      "threshold": 500000,
      "verdict": "pass"
    },
    "spread_selic_real": {
      "value": 0.0228,
      "threshold": 0.0,
      "verdict": "pass",
      "dy": 0.12890000000000001,
      "selic_real": 0.1061,
      "proxy": "SELIC-IPCA (NTN-B mais fiel na Fase 2)"
    }
  }
}
{
  "ticker": "GARE11",
  "market": "br",
  "run_date": "2026-04-21",
  "score": 0.8,
  "passes_screen": false,
  "details": {
    "dividend_yield": {
      "value": 0.1189,
      "threshold": 0.08,
      "verdict": "pass"
    },
    "price_to_book": {
      "value": 0.88,
      "threshold": 1.05,
      "verdict": "pass"
    },
    "vacancy": {
      "value": null,
      "threshold": 0.15,
      "verdict": "n/a",
      "reason": "vacância física em falta"
    },
    "distribution_streak": {
      "value": 4,
      "threshold": 12,
      "verdict": "fail"
    },
    "liquidity": {
      "value": 12100000.0,
      "threshold": 500000,
      "verdict": "pass"
    },
    "spread_selic_real": {
      "value": 0.0128,
      "threshold": 0.0,
      "verdict": "pass",
      "dy": 0.1189,
      "selic_real": 0.1061,
      "proxy": "SELIC-IPCA (NTN-B mais fiel na Fase 2)"
    }
  }
}
{
  "ticker": "VISC11",
  "market": "br",
  "run_date": "2026-04-21",
  "score": 0.8,
  "passes_screen": false,
  "details": {
    "dividend_yield": {
      "value": 0.0904,
      "threshold": 0.08,
      "verdict": "pass"
    },
    "price_to_book": {
      "value": 0.92,
      "threshold": 1.05,
      "verdict": "pass"
    },
    "vacancy": {
      "value": null,
      "threshold": 0.15,
      "verdict": "n/a",
      "reason": "vacância física em falta"
    },
    "distribution_streak": {
      "value": 48,
      "threshold": 12,
      "verdict": "pass"
    },
    "liquidity": {
      "value": 4300000.0,
      "threshold": 500000,
      "verdict": "pass"
    },
    "spread_selic_real": {
      "value": -0.0157,
      "threshold": 0.0,
      "verdict": "fail",
      "dy": 0.0904,
      "selic_real": 0.1061,
      "proxy": "SELIC-IPCA (NTN-B mais fiel na Fase 2)"
    }
  }
}
{
  "ticker": "RECR11",
  "market": "br",
  "run_date": "2026-04-21",
  "score": 1.0,
  "passes_screen": true,
  "details": {
    "dividend_yield": {
      "value": 0.1363,
      "threshold": 0.08,
      "verdict": "pass"
    },
    "price_to_book": {
      "value": 0.91,
      "threshold": 1.05,
      "verdict": "pass"
    },
    "vacancy": {
      "value": null,
      "threshold": 0.15,
      "verdict": "n/a",
      "reason": "FII de papel — vacância não aplicável"
    },
    "distribution_streak": {
      "value": 27,
      "threshold": 12,
      "verdict": "pass"
    },
    "liquidity": {
      "value": 2000000.0,
      "threshold": 500000,
      "verdict": "pass"
    },
    "spread_selic_real": {
      "value": 0.0302,
      "threshold": 0.0,
      "verdict": "pass",
      "dy": 0.1363,
      "selic_real": 0.1061,
      "proxy": "SELIC-IPCA (NTN-B mais fiel na Fase 2)"
    }
  }
}
{
  "ticker": "HGRU11",
  "market": "br",
  "run_date": "2026-04-21",
  "score": 0.6,
  "passes_screen": false,
  "details": {
    "dividend_yield": {
      "value": 0.0968,
      "threshold": 0.08,
      "verdict": "pass"
    },
    "price_to_book": {
      "value": 0.99,
      "threshold": 1.05,
      "verdict": "pass"
    },
    "vacancy": {
      "value": null,
      "threshold": 0.15,
      "verdict": "n/a",
      "reason": "vacância física em falta"
    },
    "distribution_streak": {
      "value": 4,
      "threshold": 12,
      "verdict": "fail"
    },
    "liquidity": {
      "value": 2300000.0,
      "threshold": 500000,
      "verdict": "pass"
    },
    "spread_selic_real": {
      "value": -0.0093,
      "threshold": 0.0,
      "verdict": "fail",
      "dy": 0.0968,
      "selic_real": 0.1061,
      "proxy": "SELIC-IPCA (NTN-B mais fiel na Fase 2)"
    }
  }
}
{
  "ticker": "HGLG11",
  "market": "br",
  "run_date": "2026-04-21",
  "score": 0.8,
  "passes_screen": false,
  "details": {
    "dividend_yield": {
      "value": 0.08439999999999999,
      "threshold": 0.08,
      "verdict": "pass"
    },
    "price_to_book": {
      "value": 0.94,
      "threshold": 1.05,
      "verdict": "pass"
    },
    "vacancy": {
      "value": null,
      "threshold": 0.15,
      "verdict": "n/a",
      "reason": "vacância física em falta"
    },
    "distribution_streak": {
      "value": 49,
      "threshold": 12,
      "verdict": "pass"
    },
    "liquidity": {
      "value": 12100000.0,
      "threshold": 500000,
      "verdict": "pass"
    },
    "spread_selic_real": {
      "value": -0.0217,
      "threshold": 0.0,
      "verdict": "fail",
      "dy": 0.08439999999999999,
      "selic_real": 0.1061,
      "proxy": "SELIC-IPCA (NTN-B mais fiel na Fase 2)"
    }
  }
}
{
  "ticker": "MCRF11",
  "market": "br",
  "run_date": "2026-04-21",
  "score": 0.0,
  "passes_screen": false,
  "details": {
    "dividend_yield": {
      "value": null,
      "threshold": 0.08,
      "verdict": "n/a",
      "reason": "DY 12m em falta"
    },
    "price_to_book": {
      "value": null,
      "threshold": 1.05,
      "verdict": "n/a",
      "reason": "P/VP em falta"
    },
    "vacancy": {
      "value": null,
      "threshold": 0.15,
      "verdict": "n/a",
      "reason": "vacância física em falta"
    },
    "distribution_streak": {
      "value": null,
      "threshold": 12,
      "verdict": "n/a",
      "reason": "histórico de distribuição em falta"
    },
    "liquidity": {
      "value": null,
      "threshold": 500000,
      "verdict": "n/a",
      "reason": "liquidez em falta"
    },
    "spread_selic_real": {
      "value": null,
      "threshold": 0.0,
      "verdict": "n/a",
      "reason": "SELIC real ou DY em falta"
    }
  }
}
{
  "ticker": "KNCR11",
  "market": "br",
  "run_date": "2026-04-21",
  "score": 1.0,
  "passes_screen": true,
  "details": {
    "dividend_yield": {
      "value": 0.1391,
      "threshold": 0.08,
      "verdict": "pass"
    },
    "price_to_book": {
      "value": 1.03,
      "threshold": 1.05,
      "verdict": "pass"
    },
    "vacancy": {
      "value": null,
      "threshold": 0.15,
      "verdict": "n/a",
      "reason": "FII de papel — vacância não aplicável"
    },
    "distribution_streak": {
      "value": 49,
      "threshold": 12,
      "verdict": "pass"
    },
    "liquidity": {
      "value": 14900000.0,
      "threshold": 500000,
      "verdict": "pass"
    },
    "spread_selic_real": {
      "value": 0.033,
      "threshold": 0.0,
      "verdict": "pass",
      "dy": 0.1391,
      "selic_real": 0.1061,
      "proxy": "SELIC-IPCA (NTN-B mais fiel na Fase 2)"
    }
  }
}
{
  "ticker": "VGIP11",
  "market": "br",
  "run_date": "2026-04-21",
  "score": 1.0,
  "passes_screen": true,
  "details": {
    "dividend_yield": {
      "value": 0.13849999999999998,
      "threshold": 0.08,
      "verdict": "pass"
    },
    "price_to_book": {
      "value": 0.87,
      "threshold": 1.05,
      "verdict": "pass"
    },
    "vacancy": {
      "value": null,
      "threshold": 0.15,
      "verdict": "n/a",
      "reason": "vacância física em falta"
    },
    "distribution_streak": {
      "value": 32,
      "threshold": 12,
      "verdict": "pass"
    },
    "liquidity": {
      "value": 1700000.0,
      "threshold": 500000,
      "verdict": "pass"
    },
    "spread_selic_real": {
      "value": 0.0324,
      "threshold": 0.0,
      "verdict": "pass",
      "dy": 0.13849999999999998,
      "selic_real": 0.1061,
      "proxy": "SELIC-IPCA (NTN-B mais fiel na Fase 2)"
    }
  }
}
{
  "ticker": "BRCO11",
  "market": "br",
  "run_date": "2026-04-21",
  "score": 0.8,
  "passes_screen": false,
  "details": {
    "dividend_yield": {
      "value": 0.09300000000000001,
      "threshold": 0.08,
      "verdict": "pass"
    },
    "price_to_book": {
      "value": 0.99,
      "threshold": 1.05,
      "verdict": "pass"
    },
    "vacancy": {
      "value": null,
      "threshold": 0.15,
      "verdict": "n/a",
      "reason": "vacância física em falta"
    },
    "distribution_streak": {
      "value": 49,
      "threshold": 12,
      "verdict": "pass"
    },
    "liquidity": {
      "value": 5000000.0,
      "threshold": 500000,
      "verdict": "pass"
    },
    "spread_selic_real": {
      "value": -0.0131,
      "threshold": 0.0,
      "verdict": "fail",
      "dy": 0.09300000000000001,
      "selic_real": 0.1061,
      "proxy": "SELIC-IPCA (NTN-B mais fiel na Fase 2)"
    }
  }
}
{
  "ticker": "MCCI11",
  "market": "br",
  "run_date": "2026-04-21",
  "score": 1.0,
  "passes_screen": true,
  "details": {
    "dividend_yield": {
      "value": 0.1211,
      "threshold": 0.08,
      "verdict": "pass"
    },
    "price_to_book": {
      "value": 1.0,
      "threshold": 1.05,
      "verdict": "pass"
    },
    "vacancy": {
      "value": null,
      "threshold": 0.15,
      "verdict": "n/a",
      "reason": "vacância física em falta"
    },
    "distribution_streak": {
      "value": 49,
      "threshold": 12,
      "verdict": "pass"
    },
    "liquidity": {
      "value": 3900000.0,
      "threshold": 500000,
      "verdict": "pass"
    },
    "spread_selic_real": {
      "value": 0.015,
      "threshold": 0.0,
      "verdict": "pass",
      "dy": 0.1211,
      "selic_real": 0.1061,
      "proxy": "SELIC-IPCA (NTN-B mais fiel na Fase 2)"
    }
  }
}
{
  "ticker": "XPLG11",
  "market": "br",
  "run_date": "2026-04-21",
  "score": 0.8,
  "passes_screen": false,
  "details": {
    "dividend_yield": {
      "value": 0.0984,
      "threshold": 0.08,
      "verdict": "pass"
    },
    "price_to_book": {
      "value": 0.94,
      "threshold": 1.05,
      "verdict": "pass"
    },
    "vacancy": {
      "value": null,
      "threshold": 0.15,
      "verdict": "n/a",
      "reason": "vacância física em falta"
    },
    "distribution_streak": {
      "value": 26,
      "threshold": 12,
      "verdict": "pass"
    },
    "liquidity": {
      "value": 3700000.0,
      "threshold": 500000,
      "verdict": "pass"
    },
    "spread_selic_real": {
      "value": -0.0077,
      "threshold": 0.0,
      "verdict": "fail",
      "dy": 0.0984,
      "selic_real": 0.1061,
      "proxy": "SELIC-IPCA (NTN-B mais fiel na Fase 2)"
    }
  }
}
{
  "ticker": "KNRI11",
  "market": "br",
  "run_date": "2026-04-21",
  "score": 0.6,
  "passes_screen": false,
  "details": {
    "dividend_yield": {
      "value": 0.07400000000000001,
      "threshold": 0.08,
      "verdict": "fail"
    },
    "price_to_book": {
      "value": 1.02,
      "threshold": 1.05,
      "verdict": "pass"
    },
    "vacancy": {
      "value": null,
      "threshold": 0.15,
      "verdict": "n/a",
      "reason": "vacância física em falta"
    },
    "distribution_streak": {
      "value": 49,
      "threshold": 12,
      "verdict": "pass"
    },
    "liquidity": {
      "value": 3900000.0,
      "threshold": 500000,
      "verdict": "pass"
    },
    "spread_selic_real": {
      "value": -0.0321,
      "threshold": 0.0,
      "verdict": "fail",
      "dy": 0.07400000000000001,
      "selic_real": 0.1061,
      "proxy": "SELIC-IPCA (NTN-B mais fiel na Fase 2)"
    }
  }
}
{
  "ticker": "RBRY11",
  "market": "br",
  "run_date": "2026-04-21",
  "score": 1.0,
  "passes_screen": true,
  "details": {
    "dividend_yield": {
      "value": 0.1451,
      "threshold": 0.08,
      "verdict": "pass"
    },
    "price_to_book": {
      "value": 0.97,
      "threshold": 1.05,
      "verdict": "pass"
    },
    "vacancy": {
      "value": null,
      "threshold": 0.15,
      "verdict": "n/a",
      "reason": "vacância física em falta"
    },
    "distribution_streak": {
      "value": 49,
      "threshold": 12,
      "verdict": "pass"
    },
    "liquidity": {
      "value": 3500000.0,
      "threshold": 500000,
      "verdict": "pass"
    },
    "spread_selic_real": {
      "value": 0.039,
      "threshold": 0.0,
      "verdict": "pass",
      "dy": 0.1451,
      "selic_real": 0.1061,
      "proxy": "SELIC-IPCA (NTN-B mais fiel na Fase 2)"
    }
  }
}
{
  "ticker": "VRTA11",
  "market": "br",
  "run_date": "2026-04-21",
  "score": 1.0,
  "passes_screen": true,
  "details": {
    "dividend_yield": {
      "value": 0.132,
      "threshold": 0.08,
      "verdict": "pass"
    },
    "price_to_book": {
      "value": 0.91,
      "threshold": 1.05,
      "verdict": "pass"
    },
    "vacancy": {
      "value": null,
      "threshold": 0.15,
      "verdict": "n/a",
      "reason": "vacância física em falta"
    },
    "distribution_streak": {
      "value": 45,
      "threshold": 12,
      "verdict": "pass"
    },
    "liquidity": {
      "value": 1300000.0,
      "threshold": 500000,
      "verdict": "pass"
    },
    "spread_selic_real": {
      "value": 0.0259,
      "threshold": 0.0,
      "verdict": "pass",
      "dy": 0.132,
      "selic_real": 0.1061,
      "proxy": "SELIC-IPCA (NTN-B mais fiel na Fase 2)"
    }
  }
}

============================================================
== SUMÁRIO  (132.7s)
============================================================
[BCB]       OK 5  BAD 0
            SELIC_DAILY: 41 rows
            SELIC_META: 61 rows
            CDI_DAILY: 40 rows
            IPCA_MONTHLY: 2 rows
            USDBRL_PTAX: 41 rows
[yfinance]  OK 59  BAD 1
            BAD MCRF11: 'PriceHistory' object has no attribute '_dividends'
[fiis.com]  OK 20  BAD 1
            BAD MCRF11
[scoring]   PASS 10  FAIL 50  ERR 0
  Passes screen:
    ITSA4: score=1.0
    PETR4: score=1.0
    RBRX11: score=1.0
    VGIR11: score=1.0
    RECR11: score=1.0
    KNCR11: score=1.0
    VGIP11: score=1.0
    MCCI11: score=1.0
    RBRY11: score=1.0
    VRTA11: score=1.0
BR exit code: 0 
 
[CVM] cvm_monitor.py 
^C