{"ts": "2026-04-15T14:29:33Z", "event": "fii_fetch_start", "ticker": "XPML11"}
{"ts": "2026-04-15T14:29:33Z", "event": "fii_fetched", "ticker": "XPML11", "period": "2026-04-15", "dividends_parsed": 0, "fields": {"price": 109.75, "vpa": 110.46, "pvp": 0.99, "dy_12m": 0.1013, "last_monthly_rendimento": 0.92, "adtv_daily": 10200000.0, "avg_monthly_rendimento_24m": null, "segment_anbima": "Shoppings", "management_type": "Ativa", "distribution_streak_months": 0}}
{"ts": "2026-04-15T14:30:01Z", "event": "fii_fetch_start", "ticker": "XPML11"}
{"ts": "2026-04-15T14:30:02Z", "event": "fii_fetched", "ticker": "XPML11", "period": "2026-04-15", "dividends_parsed": 6, "fields": {"price": 109.75, "vpa": 110.46, "pvp": 0.99, "dy_12m": 0.1013, "last_monthly_rendimento": 0.92, "adtv_daily": 10200000.0, "avg_monthly_rendimento_24m": null, "segment_anbima": "Shoppings", "management_type": "Ativa", "distribution_streak_months": 6}}
{"ts": "2026-04-15T14:32:37Z", "event": "fii_fetch_start", "ticker": "XPML11"}
{"ts": "2026-04-15T14:32:38Z", "event": "fii_fetched", "ticker": "XPML11", "period": "2026-04-15", "dividends_parsed": 6, "fields": {"price": 109.75, "vpa": 110.46, "pvp": 0.99, "dy_12m": 0.1013, "last_monthly_rendimento": 0.92, "adtv_daily": 10200000.0, "avg_monthly_rendimento_24m": null, "segment_anbima": "Shoppings", "management_type": "Ativa", "distribution_streak_months": 6}}
{"ts": "2026-04-15T14:32:38Z", "event": "fii_fetch_start", "ticker": "RBRX11"}
{"ts": "2026-04-15T14:32:38Z", "event": "fii_fetched", "ticker": "RBRX11", "period": "2026-04-15", "dividends_parsed": 6, "fields": {"price": 8.63, "vpa": 9.86, "pvp": 0.87, "dy_12m": 0.125, "last_monthly_rendimento": 0.09, "adtv_daily": 11400000.0, "avg_monthly_rendimento_24m": null, "segment_anbima": "Títulos e Valores Mobiliários", "management_type": "Ativa", "distribution_streak_months": 6}}
{"ts": "2026-04-15T14:32:38Z", "event": "fii_fetch_start", "ticker": "BTLG11"}
{"ts": "2026-04-15T14:32:39Z", "event": "fii_fetched", "ticker": "BTLG11", "period": "2026-04-15", "dividends_parsed": 6, "fields": {"price": 103.98, "vpa": 102.69, "pvp": 1.01, "dy_12m": 0.0911, "last_monthly_rendimento": 0.8, "adtv_daily": 8700000.0, "avg_monthly_rendimento_24m": null, "segment_anbima": "Outros", "management_type": "Ativa", "distribution_streak_months": 6}}
{"ts": "2026-04-15T14:32:39Z", "event": "fii_fetch_start", "ticker": "VGIR11"}
{"ts": "2026-04-15T14:32:39Z", "event": "fii_fetched", "ticker": "VGIR11", "period": "2026-04-15", "dividends_parsed": 6, "fields": {"price": 9.83, "vpa": 9.79, "pvp": 1.0, "dy_12m": 0.1553, "last_monthly_rendimento": 0.12, "adtv_daily": 3400000.0, "avg_monthly_rendimento_24m": null, "segment_anbima": "Outros", "management_type": "Ativa", "distribution_streak_months": 6}}
{"ts": "2026-04-15T14:32:39Z", "event": "fii_fetch_start", "ticker": "PVBI11"}
{"ts": "2026-04-15T14:32:40Z", "event": "fii_fetched", "ticker": "PVBI11", "period": "2026-04-15", "dividends_parsed": 6, "fields": {"price": 76.38, "vpa": 107.85, "pvp": 0.71, "dy_12m": 0.0727, "last_monthly_rendimento": 0.4, "adtv_daily": 3500000.0, "avg_monthly_rendimento_24m": null, "segment_anbima": "Lajes Corporativas", "management_type": "Ativa", "distribution_streak_months": 6}}
{"ts": "2026-04-15T14:32:40Z", "event": "fii_fetch_start", "ticker": "PMLL11"}
{"ts": "2026-04-15T14:32:42Z", "event": "fii_fetch_parse_empty", "ticker": "PMLL11"}
{"ts": "2026-04-15T14:32:42Z", "event": "fii_fetch_start", "ticker": "TRXF11"}
{"ts": "2026-04-15T14:32:42Z", "event": "fii_fetched", "ticker": "TRXF11", "period": "2026-04-15", "dividends_parsed": 6, "fields": {"price": 91.8, "vpa": 100.95, "pvp": 0.91, "dy_12m": 0.12890000000000001, "last_monthly_rendimento": 0.93, "adtv_daily": 15500000.0, "avg_monthly_rendimento_24m": null, "segment_anbima": "Híbrido", "management_type": "Ativa", "distribution_streak_months": 6}}
{"ts": "2026-04-15T14:32:42Z", "event": "fii_fetch_start", "ticker": "GARE11"}
{"ts": "2026-04-15T14:32:43Z", "event": "fii_fetched", "ticker": "GARE11", "period": "2026-04-15", "dividends_parsed": 6, "fields": {"price": 8.4, "vpa": 9.48, "pvp": 0.89, "dy_12m": 0.1177, "last_monthly_rendimento": 0.08, "adtv_daily": 10000000.0, "avg_monthly_rendimento_24m": null, "segment_anbima": "Híbrido", "management_type": "Ativa", "distribution_streak_months": 6}}
{"ts": "2026-04-15T14:32:43Z", "event": "fii_fetch_start", "ticker": "VISC11"}
{"ts": "2026-04-15T14:32:43Z", "event": "fii_fetched", "ticker": "VISC11", "period": "2026-04-15", "dividends_parsed": 6, "fields": {"price": 108.76, "vpa": 118.07, "pvp": 0.92, "dy_12m": 0.0904, "last_monthly_rendimento": 0.84, "adtv_daily": 4300000.0, "avg_monthly_rendimento_24m": null, "segment_anbima": "Shoppings", "management_type": "Ativa", "distribution_streak_months": 6}}
{"ts": "2026-04-15T14:32:43Z", "event": "fii_fetch_start", "ticker": "RECR11"}
{"ts": "2026-04-15T14:32:44Z", "event": "fii_fetched", "ticker": "RECR11", "period": "2026-04-15", "dividends_parsed": 6, "fields": {"price": 81.84, "vpa": 89.49, "pvp": 0.91, "dy_12m": 0.1363, "last_monthly_rendimento": 0.73, "adtv_daily": 2000000.0, "avg_monthly_rendimento_24m": null, "segment_anbima": "Títulos e Valores Mobiliários", "management_type": "Ativa", "distribution_streak_months": 6}}
{"ts": "2026-04-15T14:32:44Z", "event": "fii_fetch_start", "ticker": "HGRU11"}
{"ts": "2026-04-15T14:32:44Z", "event": "fii_fetched", "ticker": "HGRU11", "period": "2026-04-15", "dividends_parsed": 6, "fields": {"price": 128.0, "vpa": 129.14, "pvp": 0.99, "dy_12m": 0.0968, "last_monthly_rendimento": 0.95, "adtv_daily": 2300000.0, "avg_monthly_rendimento_24m": null, "segment_anbima": "Outros", "management_type": "Ativa", "distribution_streak_months": 6}}
{"ts": "2026-04-15T14:32:44Z", "event": "fii_fetch_start", "ticker": "HGLG11"}
{"ts": "2026-04-15T14:32:45Z", "event": "fii_fetched", "ticker": "HGLG11", "period": "2026-04-15", "dividends_parsed": 6, "fields": {"price": 156.5, "vpa": 165.74, "pvp": 0.94, "dy_12m": 0.08439999999999999, "last_monthly_rendimento": 1.1, "adtv_daily": 12100000.0, "avg_monthly_rendimento_24m": null, "segment_anbima": "Logística", "management_type": "Ativa", "distribution_streak_months": 6}}
{"ts": "2026-04-15T14:32:45Z", "event": "fii_fetch_start", "ticker": "MCRF11"}
{"ts": "2026-04-15T14:32:45Z", "event": "fii_fetch_not_found", "ticker": "MCRF11", "status": 404}
{"ts": "2026-04-15T14:32:46Z", "event": "fii_fetch_start", "ticker": "KNCR11"}
{"ts": "2026-04-15T14:32:46Z", "event": "fii_fetched", "ticker": "KNCR11", "period": "2026-04-15", "dividends_parsed": 6, "fields": {"price": 105.48, "vpa": 102.29, "pvp": 1.03, "dy_12m": 0.1391, "last_monthly_rendimento": 1.15, "adtv_daily": 14900000.0, "avg_monthly_rendimento_24m": null, "segment_anbima": "Títulos e Valores Mobiliários", "management_type": "Ativa", "distribution_streak_months": 6}}
{"ts": "2026-04-15T14:32:46Z", "event": "fii_fetch_start", "ticker": "VGIP11"}
{"ts": "2026-04-15T14:32:47Z", "event": "fii_fetched", "ticker": "VGIP11", "period": "2026-04-15", "dividends_parsed": 6, "fields": {"price": 79.9, "vpa": 91.5, "pvp": 0.87, "dy_12m": 0.13849999999999998, "last_monthly_rendimento": 0.74, "adtv_daily": 1700000.0, "avg_monthly_rendimento_24m": null, "segment_anbima": "Outros", "management_type": "Ativa", "distribution_streak_months": 6}}
{"ts": "2026-04-15T14:32:47Z", "event": "fii_fetch_start", "ticker": "BRCO11"}
{"ts": "2026-04-15T14:32:47Z", "event": "fii_fetched", "ticker": "BRCO11", "period": "2026-04-15", "dividends_parsed": 6, "fields": {"price": 115.23, "vpa": 116.5, "pvp": 0.99, "dy_12m": 0.09300000000000001, "last_monthly_rendimento": 0.92, "adtv_daily": 5000000.0, "avg_monthly_rendimento_24m": null, "segment_anbima": "Logística", "management_type": "Ativa", "distribution_streak_months": 6}}
{"ts": "2026-04-15T14:32:47Z", "event": "fii_fetch_start", "ticker": "MCCI11"}
{"ts": "2026-04-15T14:32:48Z", "event": "fii_fetched", "ticker": "MCCI11", "period": "2026-04-15", "dividends_parsed": 6, "fields": {"price": 95.72, "vpa": 95.7, "pvp": 1.0, "dy_12m": 0.1211, "last_monthly_rendimento": 1.0, "adtv_daily": 3900000.0, "avg_monthly_rendimento_24m": null, "segment_anbima": "Outros", "management_type": "Ativa", "distribution_streak_months": 6}}
{"ts": "2026-04-15T14:32:48Z", "event": "fii_fetch_start", "ticker": "XPLG11"}
{"ts": "2026-04-15T14:32:48Z", "event": "fii_fetched", "ticker": "XPLG11", "period": "2026-04-15", "dividends_parsed": 6, "fields": {"price": 100.05, "vpa": 106.03, "pvp": 0.94, "dy_12m": 0.0984, "last_monthly_rendimento": 0.82, "adtv_daily": 3700000.0, "avg_monthly_rendimento_24m": null, "segment_anbima": "Logística", "management_type": "Ativa", "distribution_streak_months": 6}}
{"ts": "2026-04-15T14:32:48Z", "event": "fii_fetch_start", "ticker": "KNRI11"}
{"ts": "2026-04-15T14:32:49Z", "event": "fii_fetched", "ticker": "KNRI11", "period": "2026-04-15", "dividends_parsed": 6, "fields": {"price": 168.0, "vpa": 164.0, "pvp": 1.02, "dy_12m": 0.07400000000000001, "last_monthly_rendimento": 1.1, "adtv_daily": 3900000.0, "avg_monthly_rendimento_24m": null, "segment_anbima": "Híbrido", "management_type": "Ativa", "distribution_streak_months": 6}}
{"ts": "2026-04-15T14:32:49Z", "event": "fii_fetch_start", "ticker": "RBRY11"}
{"ts": "2026-04-15T14:32:49Z", "event": "fii_fetched", "ticker": "RBRY11", "period": "2026-04-15", "dividends_parsed": 6, "fields": {"price": 96.97, "vpa": 100.18, "pvp": 0.97, "dy_12m": 0.1451, "last_monthly_rendimento": 1.09, "adtv_daily": 3500000.0, "avg_monthly_rendimento_24m": null, "segment_anbima": "Outros", "management_type": "Ativa", "distribution_streak_months": 6}}
{"ts": "2026-04-15T14:32:49Z", "event": "fii_fetch_start", "ticker": "VRTA11"}
{"ts": "2026-04-15T14:32:49Z", "event": "fii_fetched", "ticker": "VRTA11", "period": "2026-04-15", "dividends_parsed": 6, "fields": {"price": 77.39, "vpa": 85.01, "pvp": 0.91, "dy_12m": 0.132, "last_monthly_rendimento": 0.85, "adtv_daily": 1300000.0, "avg_monthly_rendimento_24m": null, "segment_anbima": "Outros", "management_type": "Ativa", "distribution_streak_months": 6}}
{"ts": "2026-04-15T15:34:16Z", "event": "fii_fetch_start", "ticker": "PMLL11"}
{"ts": "2026-04-15T15:34:18Z", "event": "fii_fetch_parse_empty_primary", "ticker": "PMLL11"}
{"ts": "2026-04-15T15:34:18Z", "event": "fii_fetch_fallback_statusinvest", "ticker": "PMLL11"}
{"ts": "2026-04-15T15:34:19Z", "event": "fii_fetched", "ticker": "PMLL11", "period": "2026-04-15", "source": "statusinvest", "dividends_parsed": 0, "fields": {"price": 109.53, "vpa": 117.68, "pvp": 0.93, "dy_12m": 0.09290605313612708, "last_monthly_rendimento": null, "adtv_daily": null, "avg_monthly_rendimento_24m": 0.848, "segment_anbima": "Shoppings", "management_type": null, "distribution_streak_months": null}}
{"ts": "2026-04-15T15:34:43Z", "event": "fii_fetch_start", "ticker": "XPML11"}
{"ts": "2026-04-15T15:34:44Z", "event": "fii_fetched", "ticker": "XPML11", "period": "2026-04-15", "source": "fiis.com.br", "dividends_parsed": 6, "fields": {"price": 109.75, "vpa": 110.46, "pvp": 0.99, "dy_12m": 0.1013, "last_monthly_rendimento": 0.92, "adtv_daily": 10200000.0, "avg_monthly_rendimento_24m": null, "segment_anbima": "Shoppings", "management_type": "Ativa", "distribution_streak_months": 6}}
{"ts": "2026-04-15T15:34:44Z", "event": "fii_fetch_start", "ticker": "RBRX11"}
{"ts": "2026-04-15T15:34:45Z", "event": "fii_fetched", "ticker": "RBRX11", "period": "2026-04-15", "source": "fiis.com.br", "dividends_parsed": 6, "fields": {"price": 8.63, "vpa": 9.86, "pvp": 0.87, "dy_12m": 0.125, "last_monthly_rendimento": 0.09, "adtv_daily": 11400000.0, "avg_monthly_rendimento_24m": null, "segment_anbima": "Títulos e Valores Mobiliários", "management_type": "Ativa", "distribution_streak_months": 6}}
{"ts": "2026-04-15T15:34:45Z", "event": "fii_fetch_start", "ticker": "BTLG11"}
{"ts": "2026-04-15T15:34:45Z", "event": "fii_fetched", "ticker": "BTLG11", "period": "2026-04-15", "source": "fiis.com.br", "dividends_parsed": 6, "fields": {"price": 103.98, "vpa": 102.69, "pvp": 1.01, "dy_12m": 0.0911, "last_monthly_rendimento": 0.8, "adtv_daily": 8700000.0, "avg_monthly_rendimento_24m": null, "segment_anbima": "Outros", "management_type": "Ativa", "distribution_streak_months": 6}}
{"ts": "2026-04-15T15:34:45Z", "event": "fii_fetch_start", "ticker": "VGIR11"}
{"ts": "2026-04-15T15:34:46Z", "event": "fii_fetched", "ticker": "VGIR11", "period": "2026-04-15", "source": "fiis.com.br", "dividends_parsed": 6, "fields": {"price": 9.83, "vpa": 9.79, "pvp": 1.0, "dy_12m": 0.1553, "last_monthly_rendimento": 0.12, "adtv_daily": 3400000.0, "avg_monthly_rendimento_24m": null, "segment_anbima": "Outros", "management_type": "Ativa", "distribution_streak_months": 6}}
{"ts": "2026-04-15T15:34:46Z", "event": "fii_fetch_start", "ticker": "PVBI11"}
{"ts": "2026-04-15T15:34:47Z", "event": "fii_fetched", "ticker": "PVBI11", "period": "2026-04-15", "source": "fiis.com.br", "dividends_parsed": 6, "fields": {"price": 76.38, "vpa": 107.85, "pvp": 0.71, "dy_12m": 0.0727, "last_monthly_rendimento": 0.4, "adtv_daily": 3500000.0, "avg_monthly_rendimento_24m": null, "segment_anbima": "Lajes Corporativas", "management_type": "Ativa", "distribution_streak_months": 6}}
{"ts": "2026-04-15T15:34:47Z", "event": "fii_fetch_start", "ticker": "PMLL11"}
{"ts": "2026-04-15T15:34:47Z", "event": "fii_fetch_parse_empty_primary", "ticker": "PMLL11"}
{"ts": "2026-04-15T15:34:47Z", "event": "fii_fetch_fallback_statusinvest", "ticker": "PMLL11"}
{"ts": "2026-04-15T15:34:48Z", "event": "fii_fetched", "ticker": "PMLL11", "period": "2026-04-15", "source": "statusinvest", "dividends_parsed": 0, "fields": {"price": 109.54, "vpa": 117.68, "pvp": 0.93, "dy_12m": 0.09289757166331933, "last_monthly_rendimento": null, "adtv_daily": null, "avg_monthly_rendimento_24m": 0.848, "segment_anbima": "Shoppings", "management_type": null, "distribution_streak_months": null}}
{"ts": "2026-04-15T15:34:48Z", "event": "fii_fetch_start", "ticker": "TRXF11"}
{"ts": "2026-04-15T15:34:49Z", "event": "fii_fetched", "ticker": "TRXF11", "period": "2026-04-15", "source": "fiis.com.br", "dividends_parsed": 6, "fields": {"price": 91.8, "vpa": 100.95, "pvp": 0.91, "dy_12m": 0.12890000000000001, "last_monthly_rendimento": 0.93, "adtv_daily": 15500000.0, "avg_monthly_rendimento_24m": null, "segment_anbima": "Híbrido", "management_type": "Ativa", "distribution_streak_months": 6}}
{"ts": "2026-04-15T15:34:49Z", "event": "fii_fetch_start", "ticker": "GARE11"}
{"ts": "2026-04-15T15:34:50Z", "event": "fii_fetched", "ticker": "GARE11", "period": "2026-04-15", "source": "fiis.com.br", "dividends_parsed": 6, "fields": {"price": 8.4, "vpa": 9.48, "pvp": 0.89, "dy_12m": 0.1177, "last_monthly_rendimento": 0.08, "adtv_daily": 10000000.0, "avg_monthly_rendimento_24m": null, "segment_anbima": "Híbrido", "management_type": "Ativa", "distribution_streak_months": 6}}
{"ts": "2026-04-15T15:34:50Z", "event": "fii_fetch_start", "ticker": "VISC11"}
{"ts": "2026-04-15T15:34:51Z", "event": "fii_fetched", "ticker": "VISC11", "period": "2026-04-15", "source": "fiis.com.br", "dividends_parsed": 6, "fields": {"price": 108.76, "vpa": 118.07, "pvp": 0.92, "dy_12m": 0.0904, "last_monthly_rendimento": 0.84, "adtv_daily": 4300000.0, "avg_monthly_rendimento_24m": null, "segment_anbima": "Shoppings", "management_type": "Ativa", "distribution_streak_months": 6}}
{"ts": "2026-04-15T15:34:51Z", "event": "fii_fetch_start", "ticker": "RECR11"}
{"ts": "2026-04-15T15:34:51Z", "event": "fii_fetched", "ticker": "RECR11", "period": "2026-04-15", "source": "fiis.com.br", "dividends_parsed": 6, "fields": {"price": 81.84, "vpa": 89.49, "pvp": 0.91, "dy_12m": 0.1363, "last_monthly_rendimento": 0.73, "adtv_daily": 2000000.0, "avg_monthly_rendimento_24m": null, "segment_anbima": "Títulos e Valores Mobiliários", "management_type": "Ativa", "distribution_streak_months": 6}}
{"ts": "2026-04-15T15:34:51Z", "event": "fii_fetch_start", "ticker": "HGRU11"}
{"ts": "2026-04-15T15:34:52Z", "event": "fii_fetched", "ticker": "HGRU11", "period": "2026-04-15", "source": "fiis.com.br", "dividends_parsed": 6, "fields": {"price": 128.0, "vpa": 129.14, "pvp": 0.99, "dy_12m": 0.0968, "last_monthly_rendimento": 0.95, "adtv_daily": 2300000.0, "avg_monthly_rendimento_24m": null, "segment_anbima": "Outros", "management_type": "Ativa", "distribution_streak_months": 6}}
{"ts": "2026-04-15T15:34:52Z", "event": "fii_fetch_start", "ticker": "HGLG11"}
{"ts": "2026-04-15T15:34:53Z", "event": "fii_fetched", "ticker": "HGLG11", "period": "2026-04-15", "source": "fiis.com.br", "dividends_parsed": 6, "fields": {"price": 156.5, "vpa": 165.74, "pvp": 0.94, "dy_12m": 0.08439999999999999, "last_monthly_rendimento": 1.1, "adtv_daily": 12100000.0, "avg_monthly_rendimento_24m": null, "segment_anbima": "Logística", "management_type": "Ativa", "distribution_streak_months": 6}}
{"ts": "2026-04-15T15:34:53Z", "event": "fii_fetch_start", "ticker": "MCRF11"}
{"ts": "2026-04-15T15:34:53Z", "event": "fii_fetch_primary_http", "ticker": "MCRF11", "status": 404}
{"ts": "2026-04-15T15:34:53Z", "event": "fii_fetch_fallback_statusinvest", "ticker": "MCRF11"}
{"ts": "2026-04-15T15:34:54Z", "event": "fii_fetch_failed", "ticker": "MCRF11"}
{"ts": "2026-04-15T15:34:54Z", "event": "fii_fetch_start", "ticker": "KNCR11"}
{"ts": "2026-04-15T15:34:55Z", "event": "fii_fetched", "ticker": "KNCR11", "period": "2026-04-15", "source": "fiis.com.br", "dividends_parsed": 6, "fields": {"price": 105.48, "vpa": 102.29, "pvp": 1.03, "dy_12m": 0.1391, "last_monthly_rendimento": 1.15, "adtv_daily": 14900000.0, "avg_monthly_rendimento_24m": null, "segment_anbima": "Títulos e Valores Mobiliários", "management_type": "Ativa", "distribution_streak_months": 6}}
{"ts": "2026-04-15T15:34:55Z", "event": "fii_fetch_start", "ticker": "VGIP11"}
{"ts": "2026-04-15T15:34:55Z", "event": "fii_fetched", "ticker": "VGIP11", "period": "2026-04-15", "source": "fiis.com.br", "dividends_parsed": 6, "fields": {"price": 79.9, "vpa": 91.5, "pvp": 0.87, "dy_12m": 0.13849999999999998, "last_monthly_rendimento": 0.74, "adtv_daily": 1700000.0, "avg_monthly_rendimento_24m": null, "segment_anbima": "Outros", "management_type": "Ativa", "distribution_streak_months": 6}}
{"ts": "2026-04-15T15:34:55Z", "event": "fii_fetch_start", "ticker": "BRCO11"}
{"ts": "2026-04-15T15:34:56Z", "event": "fii_fetched", "ticker": "BRCO11", "period": "2026-04-15", "source": "fiis.com.br", "dividends_parsed": 6, "fields": {"price": 115.23, "vpa": 116.5, "pvp": 0.99, "dy_12m": 0.09300000000000001, "last_monthly_rendimento": 0.92, "adtv_daily": 5000000.0, "avg_monthly_rendimento_24m": null, "segment_anbima": "Logística", "management_type": "Ativa", "distribution_streak_months": 6}}
{"ts": "2026-04-15T15:34:56Z", "event": "fii_fetch_start", "ticker": "MCCI11"}
{"ts": "2026-04-15T15:34:57Z", "event": "fii_fetched", "ticker": "MCCI11", "period": "2026-04-15", "source": "fiis.com.br", "dividends_parsed": 6, "fields": {"price": 95.72, "vpa": 95.7, "pvp": 1.0, "dy_12m": 0.1211, "last_monthly_rendimento": 1.0, "adtv_daily": 3900000.0, "avg_monthly_rendimento_24m": null, "segment_anbima": "Outros", "management_type": "Ativa", "distribution_streak_months": 6}}
{"ts": "2026-04-15T15:34:57Z", "event": "fii_fetch_start", "ticker": "XPLG11"}
{"ts": "2026-04-15T15:34:57Z", "event": "fii_fetched", "ticker": "XPLG11", "period": "2026-04-15", "source": "fiis.com.br", "dividends_parsed": 6, "fields": {"price": 100.05, "vpa": 106.03, "pvp": 0.94, "dy_12m": 0.0984, "last_monthly_rendimento": 0.82, "adtv_daily": 3700000.0, "avg_monthly_rendimento_24m": null, "segment_anbima": "Logística", "management_type": "Ativa", "distribution_streak_months": 6}}
{"ts": "2026-04-15T15:34:57Z", "event": "fii_fetch_start", "ticker": "KNRI11"}
{"ts": "2026-04-15T15:34:58Z", "event": "fii_fetched", "ticker": "KNRI11", "period": "2026-04-15", "source": "fiis.com.br", "dividends_parsed": 6, "fields": {"price": 168.0, "vpa": 164.0, "pvp": 1.02, "dy_12m": 0.07400000000000001, "last_monthly_rendimento": 1.1, "adtv_daily": 3900000.0, "avg_monthly_rendimento_24m": null, "segment_anbima": "Híbrido", "management_type": "Ativa", "distribution_streak_months": 6}}
{"ts": "2026-04-15T15:34:58Z", "event": "fii_fetch_start", "ticker": "RBRY11"}
{"ts": "2026-04-15T15:34:59Z", "event": "fii_fetched", "ticker": "RBRY11", "period": "2026-04-15", "source": "fiis.com.br", "dividends_parsed": 6, "fields": {"price": 96.97, "vpa": 100.18, "pvp": 0.97, "dy_12m": 0.1451, "last_monthly_rendimento": 1.09, "adtv_daily": 3500000.0, "avg_monthly_rendimento_24m": null, "segment_anbima": "Outros", "management_type": "Ativa", "distribution_streak_months": 6}}
{"ts": "2026-04-15T15:34:59Z", "event": "fii_fetch_start", "ticker": "VRTA11"}
{"ts": "2026-04-15T15:35:00Z", "event": "fii_fetched", "ticker": "VRTA11", "period": "2026-04-15", "source": "fiis.com.br", "dividends_parsed": 6, "fields": {"price": 77.39, "vpa": 85.01, "pvp": 0.91, "dy_12m": 0.132, "last_monthly_rendimento": 0.85, "adtv_daily": 1300000.0, "avg_monthly_rendimento_24m": null, "segment_anbima": "Outros", "management_type": "Ativa", "distribution_streak_months": 6}}
{"ts": "2026-04-15T16:50:34Z", "event": "fii_fetch_start", "ticker": "XPML11"}
{"ts": "2026-04-15T16:50:35Z", "event": "fii_fetched", "ticker": "XPML11", "period": "2026-04-15", "source": "fiis.com.br", "dividends_parsed": 6, "fields": {"price": 109.75, "vpa": 110.46, "pvp": 0.99, "dy_12m": 0.1013, "last_monthly_rendimento": 0.92, "adtv_daily": 10200000.0, "avg_monthly_rendimento_24m": null, "segment_anbima": "Shoppings", "management_type": "Ativa", "distribution_streak_months": 6}}
{"ts": "2026-04-15T16:50:35Z", "event": "fii_fetch_start", "ticker": "RBRX11"}
{"ts": "2026-04-15T16:50:36Z", "event": "fii_fetched", "ticker": "RBRX11", "period": "2026-04-15", "source": "fiis.com.br", "dividends_parsed": 6, "fields": {"price": 8.63, "vpa": 9.86, "pvp": 0.87, "dy_12m": 0.125, "last_monthly_rendimento": 0.09, "adtv_daily": 11400000.0, "avg_monthly_rendimento_24m": null, "segment_anbima": "Títulos e Valores Mobiliários", "management_type": "Ativa", "distribution_streak_months": 6}}
{"ts": "2026-04-15T16:50:36Z", "event": "fii_fetch_start", "ticker": "BTLG11"}
{"ts": "2026-04-15T16:50:36Z", "event": "fii_fetched", "ticker": "BTLG11", "period": "2026-04-15", "source": "fiis.com.br", "dividends_parsed": 6, "fields": {"price": 103.98, "vpa": 102.69, "pvp": 1.01, "dy_12m": 0.0911, "last_monthly_rendimento": 0.8, "adtv_daily": 8700000.0, "avg_monthly_rendimento_24m": null, "segment_anbima": "Outros", "management_type": "Ativa", "distribution_streak_months": 6}}
{"ts": "2026-04-15T16:50:36Z", "event": "fii_fetch_start", "ticker": "VGIR11"}
{"ts": "2026-04-15T16:50:37Z", "event": "fii_fetched", "ticker": "VGIR11", "period": "2026-04-15", "source": "fiis.com.br", "dividends_parsed": 6, "fields": {"price": 9.83, "vpa": 9.79, "pvp": 1.0, "dy_12m": 0.1553, "last_monthly_rendimento": 0.12, "adtv_daily": 3400000.0, "avg_monthly_rendimento_24m": null, "segment_anbima": "Outros", "management_type": "Ativa", "distribution_streak_months": 6}}
{"ts": "2026-04-15T16:50:37Z", "event": "fii_fetch_start", "ticker": "PVBI11"}
{"ts": "2026-04-15T16:50:37Z", "event": "fii_fetched", "ticker": "PVBI11", "period": "2026-04-15", "source": "fiis.com.br", "dividends_parsed": 6, "fields": {"price": 76.38, "vpa": 107.85, "pvp": 0.71, "dy_12m": 0.0727, "last_monthly_rendimento": 0.4, "adtv_daily": 3500000.0, "avg_monthly_rendimento_24m": null, "segment_anbima": "Lajes Corporativas", "management_type": "Ativa", "distribution_streak_months": 6}}
{"ts": "2026-04-15T16:50:37Z", "event": "fii_fetch_start", "ticker": "PMLL11"}
{"ts": "2026-04-15T16:50:39Z", "event": "fii_fetch_parse_empty_primary", "ticker": "PMLL11"}
{"ts": "2026-04-15T16:50:39Z", "event": "fii_fetch_fallback_statusinvest", "ticker": "PMLL11"}
{"ts": "2026-04-15T16:50:40Z", "event": "fii_fetched", "ticker": "PMLL11", "period": "2026-04-15", "source": "statusinvest", "dividends_parsed": 0, "fields": {"price": 109.78, "vpa": 117.68, "pvp": 0.93, "dy_12m": 0.09269447986882856, "last_monthly_rendimento": null, "adtv_daily": null, "avg_monthly_rendimento_24m": 0.848, "segment_anbima": "Shoppings", "management_type": null, "distribution_streak_months": null}}
{"ts": "2026-04-15T16:50:40Z", "event": "fii_fetch_start", "ticker": "TRXF11"}
{"ts": "2026-04-15T16:50:41Z", "event": "fii_fetched", "ticker": "TRXF11", "period": "2026-04-15", "source": "fiis.com.br", "dividends_parsed": 6, "fields": {"price": 91.8, "vpa": 100.95, "pvp": 0.91, "dy_12m": 0.12890000000000001, "last_monthly_rendimento": 0.93, "adtv_daily": 15500000.0, "avg_monthly_rendimento_24m": null, "segment_anbima": "Híbrido", "management_type": "Ativa", "distribution_streak_months": 6}}
{"ts": "2026-04-15T16:50:41Z", "event": "fii_fetch_start", "ticker": "GARE11"}
{"ts": "2026-04-15T16:50:41Z", "event": "fii_fetched", "ticker": "GARE11", "period": "2026-04-15", "source": "fiis.com.br", "dividends_parsed": 6, "fields": {"price": 8.4, "vpa": 9.48, "pvp": 0.89, "dy_12m": 0.1177, "last_monthly_rendimento": 0.08, "adtv_daily": 10000000.0, "avg_monthly_rendimento_24m": null, "segment_anbima": "Híbrido", "management_type": "Ativa", "distribution_streak_months": 6}}
{"ts": "2026-04-15T16:50:41Z", "event": "fii_fetch_start", "ticker": "VISC11"}
{"ts": "2026-04-15T16:50:42Z", "event": "fii_fetched", "ticker": "VISC11", "period": "2026-04-15", "source": "fiis.com.br", "dividends_parsed": 6, "fields": {"price": 108.76, "vpa": 118.07, "pvp": 0.92, "dy_12m": 0.0904, "last_monthly_rendimento": 0.84, "adtv_daily": 4300000.0, "avg_monthly_rendimento_24m": null, "segment_anbima": "Shoppings", "management_type": "Ativa", "distribution_streak_months": 6}}
{"ts": "2026-04-15T16:50:42Z", "event": "fii_fetch_start", "ticker": "RECR11"}
{"ts": "2026-04-15T16:50:43Z", "event": "fii_fetched", "ticker": "RECR11", "period": "2026-04-15", "source": "fiis.com.br", "dividends_parsed": 6, "fields": {"price": 81.84, "vpa": 89.49, "pvp": 0.91, "dy_12m": 0.1363, "last_monthly_rendimento": 0.73, "adtv_daily": 2000000.0, "avg_monthly_rendimento_24m": null, "segment_anbima": "Títulos e Valores Mobiliários", "management_type": "Ativa", "distribution_streak_months": 6}}
{"ts": "2026-04-15T16:50:43Z", "event": "fii_fetch_start", "ticker": "HGRU11"}
{"ts": "2026-04-15T16:50:43Z", "event": "fii_fetched", "ticker": "HGRU11", "period": "2026-04-15", "source": "fiis.com.br", "dividends_parsed": 6, "fields": {"price": 128.0, "vpa": 129.14, "pvp": 0.99, "dy_12m": 0.0968, "last_monthly_rendimento": 0.95, "adtv_daily": 2300000.0, "avg_monthly_rendimento_24m": null, "segment_anbima": "Outros", "management_type": "Ativa", "distribution_streak_months": 6}}
{"ts": "2026-04-15T16:50:43Z", "event": "fii_fetch_start", "ticker": "HGLG11"}
{"ts": "2026-04-15T16:50:44Z", "event": "fii_fetched", "ticker": "HGLG11", "period": "2026-04-15", "source": "fiis.com.br", "dividends_parsed": 6, "fields": {"price": 156.5, "vpa": 165.74, "pvp": 0.94, "dy_12m": 0.08439999999999999, "last_monthly_rendimento": 1.1, "adtv_daily": 12100000.0, "avg_monthly_rendimento_24m": null, "segment_anbima": "Logística", "management_type": "Ativa", "distribution_streak_months": 6}}
{"ts": "2026-04-15T16:50:44Z", "event": "fii_fetch_start", "ticker": "MCRF11"}
{"ts": "2026-04-15T16:50:45Z", "event": "fii_fetch_primary_http", "ticker": "MCRF11", "status": 404}
{"ts": "2026-04-15T16:50:45Z", "event": "fii_fetch_fallback_statusinvest", "ticker": "MCRF11"}
{"ts": "2026-04-15T16:50:45Z", "event": "fii_fetch_failed", "ticker": "MCRF11"}
{"ts": "2026-04-15T16:50:45Z", "event": "fii_fetch_start", "ticker": "KNCR11"}
{"ts": "2026-04-15T16:50:46Z", "event": "fii_fetched", "ticker": "KNCR11", "period": "2026-04-15", "source": "fiis.com.br", "dividends_parsed": 6, "fields": {"price": 105.48, "vpa": 102.29, "pvp": 1.03, "dy_12m": 0.1391, "last_monthly_rendimento": 1.15, "adtv_daily": 14900000.0, "avg_monthly_rendimento_24m": null, "segment_anbima": "Títulos e Valores Mobiliários", "management_type": "Ativa", "distribution_streak_months": 6}}
{"ts": "2026-04-15T16:50:46Z", "event": "fii_fetch_start", "ticker": "VGIP11"}
{"ts": "2026-04-15T16:50:46Z", "event": "fii_fetched", "ticker": "VGIP11", "period": "2026-04-15", "source": "fiis.com.br", "dividends_parsed": 6, "fields": {"price": 79.9, "vpa": 91.5, "pvp": 0.87, "dy_12m": 0.13849999999999998, "last_monthly_rendimento": 0.74, "adtv_daily": 1700000.0, "avg_monthly_rendimento_24m": null, "segment_anbima": "Outros", "management_type": "Ativa", "distribution_streak_months": 6}}
{"ts": "2026-04-15T16:50:46Z", "event": "fii_fetch_start", "ticker": "BRCO11"}
{"ts": "2026-04-15T16:50:47Z", "event": "fii_fetched", "ticker": "BRCO11", "period": "2026-04-15", "source": "fiis.com.br", "dividends_parsed": 6, "fields": {"price": 115.23, "vpa": 116.5, "pvp": 0.99, "dy_12m": 0.09300000000000001, "last_monthly_rendimento": 0.92, "adtv_daily": 5000000.0, "avg_monthly_rendimento_24m": null, "segment_anbima": "Logística", "management_type": "Ativa", "distribution_streak_months": 6}}
{"ts": "2026-04-15T16:50:47Z", "event": "fii_fetch_start", "ticker": "MCCI11"}
{"ts": "2026-04-15T16:50:47Z", "event": "fii_fetched", "ticker": "MCCI11", "period": "2026-04-15", "source": "fiis.com.br", "dividends_parsed": 6, "fields": {"price": 95.72, "vpa": 95.7, "pvp": 1.0, "dy_12m": 0.1211, "last_monthly_rendimento": 1.0, "adtv_daily": 3900000.0, "avg_monthly_rendimento_24m": null, "segment_anbima": "Outros", "management_type": "Ativa", "distribution_streak_months": 6}}
{"ts": "2026-04-15T16:50:47Z", "event": "fii_fetch_start", "ticker": "XPLG11"}
{"ts": "2026-04-15T16:50:48Z", "event": "fii_fetched", "ticker": "XPLG11", "period": "2026-04-15", "source": "fiis.com.br", "dividends_parsed": 6, "fields": {"price": 100.05, "vpa": 106.03, "pvp": 0.94, "dy_12m": 0.0984, "last_monthly_rendimento": 0.82, "adtv_daily": 3700000.0, "avg_monthly_rendimento_24m": null, "segment_anbima": "Logística", "management_type": "Ativa", "distribution_streak_months": 6}}
{"ts": "2026-04-15T16:50:48Z", "event": "fii_fetch_start", "ticker": "KNRI11"}
{"ts": "2026-04-15T16:50:48Z", "event": "fii_fetched", "ticker": "KNRI11", "period": "2026-04-15", "source": "fiis.com.br", "dividends_parsed": 6, "fields": {"price": 168.0, "vpa": 164.0, "pvp": 1.02, "dy_12m": 0.07400000000000001, "last_monthly_rendimento": 1.1, "adtv_daily": 3900000.0, "avg_monthly_rendimento_24m": null, "segment_anbima": "Híbrido", "management_type": "Ativa", "distribution_streak_months": 6}}
{"ts": "2026-04-15T16:50:48Z", "event": "fii_fetch_start", "ticker": "RBRY11"}
{"ts": "2026-04-15T16:50:49Z", "event": "fii_fetched", "ticker": "RBRY11", "period": "2026-04-15", "source": "fiis.com.br", "dividends_parsed": 6, "fields": {"price": 96.97, "vpa": 100.18, "pvp": 0.97, "dy_12m": 0.1451, "last_monthly_rendimento": 1.09, "adtv_daily": 3500000.0, "avg_monthly_rendimento_24m": null, "segment_anbima": "Outros", "management_type": "Ativa", "distribution_streak_months": 6}}
{"ts": "2026-04-15T16:50:49Z", "event": "fii_fetch_start", "ticker": "VRTA11"}
{"ts": "2026-04-15T16:50:49Z", "event": "fii_fetched", "ticker": "VRTA11", "period": "2026-04-15", "source": "fiis.com.br", "dividends_parsed": 6, "fields": {"price": 77.39, "vpa": 85.01, "pvp": 0.91, "dy_12m": 0.132, "last_monthly_rendimento": 0.85, "adtv_daily": 1300000.0, "avg_monthly_rendimento_24m": null, "segment_anbima": "Outros", "management_type": "Ativa", "distribution_streak_months": 6}}
{"ts": "2026-04-16T16:34:39Z", "event": "fii_fetch_start", "ticker": "XPML11"}
{"ts": "2026-04-16T16:34:40Z", "event": "fii_fetched", "ticker": "XPML11", "period": "2026-04-16", "source": "fiis.com.br", "dividends_parsed": 6, "fields": {"price": 109.75, "vpa": 110.46, "pvp": 0.99, "dy_12m": 0.1013, "last_monthly_rendimento": 0.92, "adtv_daily": 10200000.0, "avg_monthly_rendimento_24m": null, "segment_anbima": "Shoppings", "management_type": "Ativa", "distribution_streak_months": 6}}
{"ts": "2026-04-16T16:34:40Z", "event": "fii_fetch_start", "ticker": "RBRX11"}
{"ts": "2026-04-16T16:34:41Z", "event": "fii_fetched", "ticker": "RBRX11", "period": "2026-04-16", "source": "fiis.com.br", "dividends_parsed": 6, "fields": {"price": 8.63, "vpa": 9.86, "pvp": 0.87, "dy_12m": 0.125, "last_monthly_rendimento": 0.09, "adtv_daily": 11400000.0, "avg_monthly_rendimento_24m": null, "segment_anbima": "Títulos e Valores Mobiliários", "management_type": "Ativa", "distribution_streak_months": 6}}
{"ts": "2026-04-16T16:34:41Z", "event": "fii_fetch_start", "ticker": "BTLG11"}
{"ts": "2026-04-16T16:34:42Z", "event": "fii_fetched", "ticker": "BTLG11", "period": "2026-04-16", "source": "fiis.com.br", "dividends_parsed": 6, "fields": {"price": 103.98, "vpa": 102.69, "pvp": 1.01, "dy_12m": 0.0911, "last_monthly_rendimento": 0.8, "adtv_daily": 8700000.0, "avg_monthly_rendimento_24m": null, "segment_anbima": "Outros", "management_type": "Ativa", "distribution_streak_months": 6}}
{"ts": "2026-04-16T16:34:42Z", "event": "fii_fetch_start", "ticker": "VGIR11"}
{"ts": "2026-04-16T16:34:43Z", "event": "fii_fetched", "ticker": "VGIR11", "period": "2026-04-16", "source": "fiis.com.br", "dividends_parsed": 6, "fields": {"price": 9.83, "vpa": 9.79, "pvp": 1.0, "dy_12m": 0.1553, "last_monthly_rendimento": 0.12, "adtv_daily": 3400000.0, "avg_monthly_rendimento_24m": null, "segment_anbima": "Outros", "management_type": "Ativa", "distribution_streak_months": 6}}
{"ts": "2026-04-16T16:34:43Z", "event": "fii_fetch_start", "ticker": "PVBI11"}
{"ts": "2026-04-16T16:34:43Z", "event": "fii_fetched", "ticker": "PVBI11", "period": "2026-04-16", "source": "fiis.com.br", "dividends_parsed": 6, "fields": {"price": 76.38, "vpa": 107.85, "pvp": 0.71, "dy_12m": 0.0727, "last_monthly_rendimento": 0.4, "adtv_daily": 3500000.0, "avg_monthly_rendimento_24m": null, "segment_anbima": "Lajes Corporativas", "management_type": "Ativa", "distribution_streak_months": 6}}
{"ts": "2026-04-16T16:34:43Z", "event": "fii_fetch_start", "ticker": "PMLL11"}
{"ts": "2026-04-16T16:34:44Z", "event": "fii_fetch_parse_empty_primary", "ticker": "PMLL11"}
{"ts": "2026-04-16T16:34:44Z", "event": "fii_fetch_fallback_statusinvest", "ticker": "PMLL11"}
{"ts": "2026-04-16T16:34:45Z", "event": "fii_fetched", "ticker": "PMLL11", "period": "2026-04-16", "source": "statusinvest", "dividends_parsed": 0, "fields": {"price": 108.98, "vpa": 117.23, "pvp": 0.93, "dy_12m": 0.09337493118003304, "last_monthly_rendimento": null, "adtv_daily": null, "avg_monthly_rendimento_24m": 0.848, "segment_anbima": "Shoppings", "management_type": null, "distribution_streak_months": null}}
{"ts": "2026-04-16T16:34:45Z", "event": "fii_fetch_start", "ticker": "TRXF11"}
{"ts": "2026-04-16T16:34:46Z", "event": "fii_fetched", "ticker": "TRXF11", "period": "2026-04-16", "source": "fiis.com.br", "dividends_parsed": 6, "fields": {"price": 91.8, "vpa": 100.95, "pvp": 0.91, "dy_12m": 0.12890000000000001, "last_monthly_rendimento": 0.93, "adtv_daily": 15500000.0, "avg_monthly_rendimento_24m": null, "segment_anbima": "Híbrido", "management_type": "Ativa", "distribution_streak_months": 6}}
{"ts": "2026-04-16T16:34:46Z", "event": "fii_fetch_start", "ticker": "GARE11"}
{"ts": "2026-04-16T16:34:47Z", "event": "fii_fetched", "ticker": "GARE11", "period": "2026-04-16", "source": "fiis.com.br", "dividends_parsed": 6, "fields": {"price": 8.4, "vpa": 9.48, "pvp": 0.89, "dy_12m": 0.1177, "last_monthly_rendimento": 0.08, "adtv_daily": 10000000.0, "avg_monthly_rendimento_24m": null, "segment_anbima": "Híbrido", "management_type": "Ativa", "distribution_streak_months": 6}}
{"ts": "2026-04-16T16:34:47Z", "event": "fii_fetch_start", "ticker": "VISC11"}
{"ts": "2026-04-16T16:34:48Z", "event": "fii_fetched", "ticker": "VISC11", "period": "2026-04-16", "source": "fiis.com.br", "dividends_parsed": 6, "fields": {"price": 108.76, "vpa": 118.07, "pvp": 0.92, "dy_12m": 0.0904, "last_monthly_rendimento": 0.84, "adtv_daily": 4300000.0, "avg_monthly_rendimento_24m": null, "segment_anbima": "Shoppings", "management_type": "Ativa", "distribution_streak_months": 6}}
{"ts": "2026-04-16T16:34:48Z", "event": "fii_fetch_start", "ticker": "RECR11"}
{"ts": "2026-04-16T16:34:49Z", "event": "fii_fetched", "ticker": "RECR11", "period": "2026-04-16", "source": "fiis.com.br", "dividends_parsed": 6, "fields": {"price": 81.84, "vpa": 89.49, "pvp": 0.91, "dy_12m": 0.1363, "last_monthly_rendimento": 0.73, "adtv_daily": 2000000.0, "avg_monthly_rendimento_24m": null, "segment_anbima": "Títulos e Valores Mobiliários", "management_type": "Ativa", "distribution_streak_months": 6}}
{"ts": "2026-04-16T16:34:49Z", "event": "fii_fetch_start", "ticker": "HGRU11"}
{"ts": "2026-04-16T16:34:50Z", "event": "fii_fetched", "ticker": "HGRU11", "period": "2026-04-16", "source": "fiis.com.br", "dividends_parsed": 6, "fields": {"price": 128.0, "vpa": 129.14, "pvp": 0.99, "dy_12m": 0.0968, "last_monthly_rendimento": 0.95, "adtv_daily": 2300000.0, "avg_monthly_rendimento_24m": null, "segment_anbima": "Outros", "management_type": "Ativa", "distribution_streak_months": 6}}
{"ts": "2026-04-16T16:34:50Z", "event": "fii_fetch_start", "ticker": "HGLG11"}
{"ts": "2026-04-16T16:34:51Z", "event": "fii_fetched", "ticker": "HGLG11", "period": "2026-04-16", "source": "fiis.com.br", "dividends_parsed": 6, "fields": {"price": 156.5, "vpa": 165.74, "pvp": 0.94, "dy_12m": 0.08439999999999999, "last_monthly_rendimento": 1.1, "adtv_daily": 12100000.0, "avg_monthly_rendimento_24m": null, "segment_anbima": "Logística", "management_type": "Ativa", "distribution_streak_months": 6}}
{"ts": "2026-04-16T16:34:51Z", "event": "fii_fetch_start", "ticker": "MCRF11"}
{"ts": "2026-04-16T16:34:52Z", "event": "fii_fetch_primary_http", "ticker": "MCRF11", "status": 404}
{"ts": "2026-04-16T16:34:52Z", "event": "fii_fetch_fallback_statusinvest", "ticker": "MCRF11"}
{"ts": "2026-04-16T16:34:53Z", "event": "fii_fetch_failed", "ticker": "MCRF11"}
{"ts": "2026-04-16T16:34:53Z", "event": "fii_fetch_start", "ticker": "KNCR11"}
{"ts": "2026-04-16T16:34:54Z", "event": "fii_fetched", "ticker": "KNCR11", "period": "2026-04-16", "source": "fiis.com.br", "dividends_parsed": 6, "fields": {"price": 105.48, "vpa": 102.29, "pvp": 1.03, "dy_12m": 0.1391, "last_monthly_rendimento": 1.15, "adtv_daily": 14900000.0, "avg_monthly_rendimento_24m": null, "segment_anbima": "Títulos e Valores Mobiliários", "management_type": "Ativa", "distribution_streak_months": 6}}
{"ts": "2026-04-16T16:34:54Z", "event": "fii_fetch_start", "ticker": "VGIP11"}
{"ts": "2026-04-16T16:34:55Z", "event": "fii_fetched", "ticker": "VGIP11", "period": "2026-04-16", "source": "fiis.com.br", "dividends_parsed": 6, "fields": {"price": 79.9, "vpa": 91.5, "pvp": 0.87, "dy_12m": 0.13849999999999998, "last_monthly_rendimento": 0.74, "adtv_daily": 1700000.0, "avg_monthly_rendimento_24m": null, "segment_anbima": "Outros", "management_type": "Ativa", "distribution_streak_months": 6}}
{"ts": "2026-04-16T16:34:55Z", "event": "fii_fetch_start", "ticker": "BRCO11"}
{"ts": "2026-04-16T16:34:56Z", "event": "fii_fetched", "ticker": "BRCO11", "period": "2026-04-16", "source": "fiis.com.br", "dividends_parsed": 6, "fields": {"price": 115.23, "vpa": 116.5, "pvp": 0.99, "dy_12m": 0.09300000000000001, "last_monthly_rendimento": 0.92, "adtv_daily": 5000000.0, "avg_monthly_rendimento_24m": null, "segment_anbima": "Logística", "management_type": "Ativa", "distribution_streak_months": 6}}
{"ts": "2026-04-16T16:34:56Z", "event": "fii_fetch_start", "ticker": "MCCI11"}
{"ts": "2026-04-16T16:34:57Z", "event": "fii_fetched", "ticker": "MCCI11", "period": "2026-04-16", "source": "fiis.com.br", "dividends_parsed": 6, "fields": {"price": 95.72, "vpa": 95.7, "pvp": 1.0, "dy_12m": 0.1211, "last_monthly_rendimento": 1.0, "adtv_daily": 3900000.0, "avg_monthly_rendimento_24m": null, "segment_anbima": "Outros", "management_type": "Ativa", "distribution_streak_months": 6}}
{"ts": "2026-04-16T16:34:57Z", "event": "fii_fetch_start", "ticker": "XPLG11"}
{"ts": "2026-04-16T16:34:58Z", "event": "fii_fetched", "ticker": "XPLG11", "period": "2026-04-16", "source": "fiis.com.br", "dividends_parsed": 6, "fields": {"price": 100.05, "vpa": 106.03, "pvp": 0.94, "dy_12m": 0.0984, "last_monthly_rendimento": 0.82, "adtv_daily": 3700000.0, "avg_monthly_rendimento_24m": null, "segment_anbima": "Logística", "management_type": "Ativa", "distribution_streak_months": 6}}
{"ts": "2026-04-16T16:34:58Z", "event": "fii_fetch_start", "ticker": "KNRI11"}
{"ts": "2026-04-16T16:34:58Z", "event": "fii_fetched", "ticker": "KNRI11", "period": "2026-04-16", "source": "fiis.com.br", "dividends_parsed": 6, "fields": {"price": 168.0, "vpa": 164.0, "pvp": 1.02, "dy_12m": 0.07400000000000001, "last_monthly_rendimento": 1.1, "adtv_daily": 3900000.0, "avg_monthly_rendimento_24m": null, "segment_anbima": "Híbrido", "management_type": "Ativa", "distribution_streak_months": 6}}
{"ts": "2026-04-16T16:34:58Z", "event": "fii_fetch_start", "ticker": "RBRY11"}
{"ts": "2026-04-16T16:34:59Z", "event": "fii_fetched", "ticker": "RBRY11", "period": "2026-04-16", "source": "fiis.com.br", "dividends_parsed": 6, "fields": {"price": 96.97, "vpa": 100.18, "pvp": 0.97, "dy_12m": 0.1451, "last_monthly_rendimento": 1.09, "adtv_daily": 3500000.0, "avg_monthly_rendimento_24m": null, "segment_anbima": "Outros", "management_type": "Ativa", "distribution_streak_months": 6}}
{"ts": "2026-04-16T16:34:59Z", "event": "fii_fetch_start", "ticker": "VRTA11"}
{"ts": "2026-04-16T16:35:00Z", "event": "fii_fetched", "ticker": "VRTA11", "period": "2026-04-16", "source": "fiis.com.br", "dividends_parsed": 6, "fields": {"price": 77.39, "vpa": 85.01, "pvp": 0.91, "dy_12m": 0.132, "last_monthly_rendimento": 0.85, "adtv_daily": 1300000.0, "avg_monthly_rendimento_24m": null, "segment_anbima": "Outros", "management_type": "Ativa", "distribution_streak_months": 6}}
