[UNIV-IC start] Sun Apr 26 22:53:23 GTBST 2026
[UNIV-IC] tickers to sweep: 151
[1] ABCB4 skip (age 48min)
[2] ABEV3 skip (age 609min)
[3] ABM skip (age 552min)
[4] ABT skip (age 552min)
[5] ADM skip (age 551min)
[6] ADP skip (age 551min)
[7] AFL skip (age 551min)
[8] ALB skip (age 551min)
[9] ALOS3 skip (age 609min)
[10] ALUP11 skip (age 609min)
[11] AOS skip (age 550min)
[12] APD skip (age 550min)
[13] ATO skip (age 550min)
[14] AWR skip (age 549min)
[15] AXIA7 skip (age 609min)
[16] B3SA3 skip (age 608min)
[17] BBAS3 skip (age 608min)
[18] BBSE3 skip (age 608min)
[19] BDX skip (age 549min)
[20] BEN skip (age 549min)
[21] BF-B skip (age 549min)
[22] BKH skip (age 548min)
[23] BPAC11 skip (age 607min)
[24] BRBI11 skip (age 607min)
[25] BRCO11 skip (age 607min)
[26] BRKM5 skip (age 607min)
[27] BRO skip (age 548min)
[28] CAT skip (age 548min)
[29] CB skip (age 548min)
[30] CBSH skip (age 547min)
[31] CHD skip (age 547min)
[32] CHRW skip (age 547min)
[33] CINF skip (age 546min)
[34] CL skip (age 546min)
[35] CLX skip (age 546min)
[36] CMIG4 skip (age 606min)
[37] CPLE3 skip (age 606min)
[38] CSMG3 skip (age 606min)
[39] CTAS skip (age 546min)
[40] CVX skip (age 545min)
[41] CWT skip (age 545min)
[42] DOV skip (age 545min)
[43] ECL skip (age 545min)
[44] ED skip (age 544min)
[45] EGIE3 skip (age 606min)
[46] EMR skip (age 544min)
[47] ENGI11 skip (age 605min)
[48] EQTL3 skip (age 605min)
[49] ERIE skip (age 544min)
[50] ES skip (age 544min)
[51] EXPD skip (age 543min)
[52] EZTC3 skip (age 605min)
[53] FAST skip (age 543min)
[54] FDS skip (age 543min)
[55] FRT skip (age 543min)
[56] FUL skip (age 543min)
[57] GARE11 skip (age 604min)
[58] GD skip (age 542min)
[59] GMAT3 skip (age 604min)
[60] GPC skip (age 542min)
[61] GRC skip (age 542min)
[62] GRND3 skip (age 604min)
[63] GWW skip (age 542min)
[64] HGLG11 skip (age 604min)
[65] HGRU11 skip (age 603min)
[66] HRL skip (age 541min)
[67] IBM skip (age 541min)
[68] ISAE4 skip (age 603min)
[69] ITUB4 skip (age 603min)
[70] ITW skip (age 541min)
[71] JKHY skip (age 541min)
[72] KLBN4 skip (age 603min)
[73] KMB skip (age 540min)
[74] KNCR11 skip (age 602min)
[75] KNRI11 skip (age 602min)
[76] LEG skip (age 540min)
[77] LIN skip (age 540min)
[78] LOW skip (age 540min)
[79] MCCI11 skip (age 602min)
[80] MCD skip (age 539min)
[81] MCRF11 skip (age 601min)
[82] MDT skip (age 539min)
[83] MGEE skip (age 539min)
[84] MKC skip (age 539min)
[85] MO skip (age 538min)
[86] MOTV3 skip (age 601min)
[87] MSA skip (age 538min)
[88] MSEX skip (age 538min)
[89] MSFT skip (age 538min)
[90] MULT3 skip (age 601min)
[91] NDSN skip (age 537min)
[92] NEE skip (age 537min)
[93] NFG skip (age 537min)
[94] NUE skip (age 537min)
[95] NWN skip (age 536min)
[96] PEP skip (age 536min)
[97] PETR4 skip (age 601min)
[98] PGMN3 skip (age 600min)
[99] PH skip (age 536min)
[100] PLPL3 skip (age 600min)
[101] PMLL11 skip (age 600min)
[102] PNR skip (age 536min)
[103] PNVL3 skip (age 587min)
[104] PPG skip (age 535min)
[105] PSSA3 skip (age 586min)
[106] RAPT4 skip (age 586min)
[107] RBRY11 skip (age 586min)
[108] RDOR3 skip (age 586min)
[109] RECR11 skip (age 585min)
[110] RENT3 skip (age 585min)
[111] RLI skip (age 535min)
[112] ROP skip (age 535min)
[113] RPM skip (age 535min)
[114] SANB11 skip (age 585min)
[115] SAPR11 skip (age 584min)
[116] SCL skip (age 534min)
[117] SEER3 skip (age 568min)
[118] SHW skip (age 534min)
[119] SIMH3 skip (age 568min)
[120] SJM skip (age 534min)
[121] SLCE3 skip (age 568min)
[122] SPGI skip (age 534min)
[123] SUZB3 skip (age 568min)
[124] SWK skip (age 534min)
[125] SYY skip (age 533min)
[126] TAEE11 skip (age 556min)
[127] TDS skip (age 533min)
[128/151] TFC @ 22:53:31
  -> committee: HOLD (high)  saved: obsidian_vault\tickers\TFC_IC_DEBATE.md  (16.2s)
[129] TGT skip (age 533min)
[130] TIMS3 skip (age 556min)
[131] TNC skip (age 533min)
[132] TR skip (age 533min)
[133] TROW skip (age 532min)
[134] TRXF11 skip (age 556min)
[135/151] TTD @ 22:53:48
  -> committee: HOLD (medium)  saved: obsidian_vault\tickers\TTD_IC_DEBATE.md  (14.4s)
[136] TTEN3 skip (age 556min)
[137] TUPY3 skip (age 555min)
[138] UNIP6 skip (age 555min)
[139] UVV skip (age 532min)
[140] V skip (age 532min)
[141] VAMO3 skip (age 555min)
[142] VGIP11 skip (age 554min)
[143] VISC11 skip (age 554min)
[144] VIVA3 skip (age 554min)
[145] VIVT3 skip (age 554min)
[146] VRTA11 skip (age 553min)
[147] WIZC3 skip (age 553min)
[148] WMT skip (age 532min)
[149] WST skip (age 532min)
[150] XOM skip (age 531min)
[151] XPLG11 skip (age 553min)
[UNIV-IC end] Sun Apr 26 22:54:05 GTBST 2026
