[2026-05-10T10:12:15] NN.4 BACKFILL START · output C:\Users\paidu\investment-intelligence\obsidian_vault\Bibliotheca\NN4_Backfill_2026-05-10.md
[2026-05-10T10:12:15] PLAN · prices_missing=8 fund_missing=119 partial=3
[2026-05-10T10:12:16] P1 [1/8] prices · br:LFTB11
[2026-05-10T10:12:16] P1 [2/8] prices · br:RBRX11
[2026-05-10T10:12:17] P1 [3/8] prices · br:AXIA7
[2026-05-10T10:12:17] P1 [4/8] prices · br:GARE11
[2026-05-10T10:12:18] P1 [5/8] prices · br:KNHF11
[2026-05-10T10:12:18] P1 [6/8] prices · br:MCRE11
[2026-05-10T10:12:19] P1 [7/8] prices · br:MOTV3
[2026-05-10T10:12:20] P1 [8/8] prices · br:POMO4
[2026-05-10T10:12:20] P2 [1/119] fund · br:BBDC4
[2026-05-10T10:12:23] P2 [2/119] fund · br:BTLG11
[2026-05-10T10:12:25] P2 [3/119] fund · br:ITSA4
[2026-05-10T10:12:28] P2 [4/119] fund · br:IVVB11
[2026-05-10T10:12:31] P2 [5/119] fund · br:PVBI11
[2026-05-10T10:12:34] P2 [6/119] fund · br:VALE3
[2026-05-10T10:12:37] P2 [7/119] fund · br:VGIR11
[2026-05-10T10:12:40] P2 [8/119] fund · br:XPML11
[2026-05-10T10:12:43] P2 [9/119] fund · br:ALOS3
[2026-05-10T10:12:45] P2 [10/119] fund · br:B3SA3
[2026-05-10T10:12:48] P2 [11/119] fund · br:BRCO11
[2026-05-10T10:12:51] P2 [12/119] fund · br:CPLE3
[2026-05-10T10:12:54] P2 [13/119] fund · br:ENGI11
[2026-05-10T10:12:57] P2 [14/119] fund · br:EQTL3
[2026-05-10T10:13:00] P2 [15/119] fund · br:HGLG11
[2026-05-10T10:13:02] P2 [16/119] fund · br:HGRU11
[2026-05-10T10:13:05] P2 [17/119] fund · br:ITUB4
[2026-05-10T10:13:08] P2 [18/119] fund · br:KNCR11
[2026-05-10T10:13:11] P2 [19/119] fund · br:KNRI11
[2026-05-10T10:13:14] P2 [20/119] fund · br:MCCI11
[2026-05-10T10:13:16] P2 [21/119] fund · br:MULT3
[2026-05-10T10:13:19] P2 [22/119] fund · br:PETR4
[2026-05-10T10:13:22] P2 [23/119] fund · br:PGMN3
[2026-05-10T10:13:25] P2 [24/119] fund · br:PLPL3
[2026-05-10T10:13:28] P2 [25/119] fund · br:PMLL11
[2026-05-10T10:13:31] P2 [26/119] fund · br:POMO3
[2026-05-10T10:13:34] P2 [27/119] fund · br:RAPT4
[2026-05-10T10:13:36] P2 [28/119] fund · br:RBRY11
[2026-05-10T10:13:39] P2 [29/119] fund · br:RDOR3
[2026-05-10T10:13:42] P2 [30/119] fund · br:RECR11
[2026-05-10T10:13:45] P2 [31/119] fund · br:RENT3
[2026-05-10T10:13:48] P2 [32/119] fund · br:SUZB3
[2026-05-10T10:13:51] P2 [33/119] fund · br:TRXF11
[2026-05-10T10:13:53] P2 [34/119] fund · br:TTEN3
[2026-05-10T10:13:56] P2 [35/119] fund · br:VGIP11
[2026-05-10T10:13:59] P2 [36/119] fund · br:VISC11
[2026-05-10T10:14:02] P2 [37/119] fund · br:VRTA11
[2026-05-10T10:14:05] P2 [38/119] fund · br:XPLG11
[2026-05-10T10:14:08] P2 [39/119] fund · us:ABM
[2026-05-10T10:14:11] P2 [40/119] fund · us:ABT
[2026-05-10T10:14:14] P2 [41/119] fund · us:ADM
[2026-05-10T10:14:16] P2 [42/119] fund · us:ADP
[2026-05-10T10:14:19] P2 [43/119] fund · us:AFL
[2026-05-10T10:14:22] P2 [44/119] fund · us:ALB
[2026-05-10T10:14:25] P2 [45/119] fund · us:AOS
[2026-05-10T10:14:28] P2 [46/119] fund · us:APD
[2026-05-10T10:14:31] P2 [47/119] fund · us:ATO
[2026-05-10T10:14:33] P2 [48/119] fund · us:AWR
[2026-05-10T10:14:36] P2 [49/119] fund · us:BDX
[2026-05-10T10:14:39] P2 [50/119] fund · us:BEN
[2026-05-10T10:14:42] P2 [51/119] fund · us:BF-B
[2026-05-10T10:14:45] P2 [52/119] fund · us:BKH
[2026-05-10T10:14:48] P2 [53/119] fund · us:BRO
[2026-05-10T10:14:51] P2 [54/119] fund · us:CAT
[2026-05-10T10:14:54] P2 [55/119] fund · us:CB
[2026-05-10T10:14:56] P2 [56/119] fund · us:CBSH
[2026-05-10T10:14:59] P2 [57/119] fund · us:CHD
[2026-05-10T10:15:02] P2 [58/119] fund · us:CHRW
[2026-05-10T10:15:05] P2 [59/119] fund · us:CINF
[2026-05-10T10:15:08] P2 [60/119] fund · us:CL
[2026-05-10T10:15:11] P2 [61/119] fund · us:CLX
[2026-05-10T10:15:14] P2 [62/119] fund · us:CTAS
[2026-05-10T10:15:17] P2 [63/119] fund · us:CVX
[2026-05-10T10:15:19] P2 [64/119] fund · us:CWT
[2026-05-10T10:15:22] P2 [65/119] fund · us:DOV
[2026-05-10T10:15:25] P2 [66/119] fund · us:ECL
[2026-05-10T10:15:28] P2 [67/119] fund · us:ED
[2026-05-10T10:15:31] P2 [68/119] fund · us:EMR
[2026-05-10T10:15:34] P2 [69/119] fund · us:ERIE
[2026-05-10T10:15:36] P2 [70/119] fund · us:ES
[2026-05-10T10:15:39] P2 [71/119] fund · us:EXPD
[2026-05-10T10:15:42] P2 [72/119] fund · us:FAST
[2026-05-10T10:15:45] P2 [73/119] fund · us:FDS
[2026-05-10T10:15:48] P2 [74/119] fund · us:FRT
[2026-05-10T10:15:51] P2 [75/119] fund · us:FUL
[2026-05-10T10:15:53] P2 [76/119] fund · us:GD
[2026-05-10T10:15:56] P2 [77/119] fund · us:GPC
[2026-05-10T10:15:59] P2 [78/119] fund · us:GRC
[2026-05-10T10:16:02] P2 [79/119] fund · us:GWW
[2026-05-10T10:16:05] P2 [80/119] fund · us:HRL
[2026-05-10T10:16:08] P2 [81/119] fund · us:IBM
[2026-05-10T10:16:11] P2 [82/119] fund · us:ITW
[2026-05-10T10:16:13] P2 [83/119] fund · us:JKHY
[2026-05-10T10:16:16] P2 [84/119] fund · us:KMB
[2026-05-10T10:16:19] P2 [85/119] fund · us:LEG
[2026-05-10T10:16:22] P2 [86/119] fund · us:LIN
[2026-05-10T10:16:25] P2 [87/119] fund · us:LOW
[2026-05-10T10:16:28] P2 [88/119] fund · us:MDT
[2026-05-10T10:16:30] P2 [89/119] fund · us:MGEE
[2026-05-10T10:16:33] P2 [90/119] fund · us:MKC
[2026-05-10T10:16:36] P2 [91/119] fund · us:MO
[2026-05-10T10:16:39] P2 [92/119] fund · us:MSA
[2026-05-10T10:16:42] P2 [93/119] fund · us:MSEX
[2026-05-10T10:16:45] P2 [94/119] fund · us:NDSN
[2026-05-10T10:16:48] P2 [95/119] fund · us:NEE
[2026-05-10T10:16:51] P2 [96/119] fund · us:NFG
[2026-05-10T10:16:54] P2 [97/119] fund · us:NUE
[2026-05-10T10:16:57] P2 [98/119] fund · us:NWN
[2026-05-10T10:16:59] P2 [99/119] fund · us:PH
[2026-05-10T10:17:02] P2 [100/119] fund · us:PNR
[2026-05-10T10:17:05] P2 [101/119] fund · us:PPG
[2026-05-10T10:17:08] P2 [102/119] fund · us:RLI
[2026-05-10T10:17:10] P2 [103/119] fund · us:ROP
[2026-05-10T10:17:13] P2 [104/119] fund · us:RPM
[2026-05-10T10:17:16] P2 [105/119] fund · us:SCL
[2026-05-10T10:17:19] P2 [106/119] fund · us:SHW
[2026-05-10T10:17:22] P2 [107/119] fund · us:SJM
[2026-05-10T10:17:25] P2 [108/119] fund · us:SPGI
[2026-05-10T10:17:27] P2 [109/119] fund · us:SWK
[2026-05-10T10:17:30] P2 [110/119] fund · us:SYY
[2026-05-10T10:17:33] P2 [111/119] fund · us:TDS
[2026-05-10T10:17:36] P2 [112/119] fund · us:TGT
[2026-05-10T10:17:39] P2 [113/119] fund · us:TNC
[2026-05-10T10:17:42] P2 [114/119] fund · us:TR
[2026-05-10T10:17:45] P2 [115/119] fund · us:TROW
[2026-05-10T10:17:48] P2 [116/119] fund · us:UVV
[2026-05-10T10:17:50] P2 [117/119] fund · us:WMT
[2026-05-10T10:17:53] P2 [118/119] fund · us:WST
[2026-05-10T10:17:56] P2 [119/119] fund · us:XOM
[2026-05-10T10:17:59] P3 [1/3] partial · us:NU
[2026-05-10T10:18:02] P3 [2/3] partial · us:PLTR
[2026-05-10T10:18:06] P3 [3/3] partial · us:XP
[2026-05-10T10:18:10] NN.4 BACKFILL DONE · duration=5.9min · report C:\Users\paidu\investment-intelligence\obsidian_vault\Bibliotheca\NN4_Backfill_2026-05-10.md
[2026-05-10T10:20:35] NN.4 BACKFILL START · output C:\Users\paidu\investment-intelligence\obsidian_vault\Bibliotheca\NN4_Backfill_2026-05-10.md
[2026-05-10T10:20:35] PLAN · prices_missing=8 fund_missing=119 partial=3
[2026-05-10T10:20:35] P1 [1/8] market · br:LFTB11
[2026-05-10T10:20:37] P1 [2/8] market · br:RBRX11
[2026-05-10T10:20:40] P1 [3/8] market · br:AXIA7
[2026-05-10T10:20:42] P1 [4/8] market · br:GARE11
[2026-05-10T10:20:44] P1 [5/8] market · br:KNHF11
[2026-05-10T10:20:47] P1 [6/8] market · br:MCRE11
[2026-05-10T10:20:50] P1 [7/8] market · br:MOTV3
[2026-05-10T10:20:52] P1 [8/8] market · br:POMO4
[2026-05-10T10:20:55] P2 [1/119] market+deep · br:BBDC4
[2026-05-10T10:21:01] P2 [2/119] market+deep · br:BTLG11
[2026-05-10T10:21:06] P2 [3/119] market+deep · br:ITSA4
[2026-05-10T10:21:12] P2 [4/119] market+deep · br:IVVB11
[2026-05-10T10:21:18] P2 [5/119] market+deep · br:PVBI11
[2026-05-10T10:21:23] P2 [6/119] market+deep · br:VALE3
[2026-05-10T10:21:29] P2 [7/119] market+deep · br:VGIR11
[2026-05-10T10:21:36] P2 [8/119] market+deep · br:XPML11
[2026-05-10T10:21:41] P2 [9/119] market+deep · br:ALOS3
[2026-05-10T10:21:47] P2 [10/119] market+deep · br:B3SA3
[2026-05-10T10:21:52] P2 [11/119] market+deep · br:BRCO11
[2026-05-10T10:21:58] P2 [12/119] market+deep · br:CPLE3
[2026-05-10T10:22:04] P2 [13/119] market+deep · br:ENGI11
[2026-05-10T10:22:10] P2 [14/119] market+deep · br:EQTL3
[2026-05-10T10:22:16] P2 [15/119] market+deep · br:HGLG11
[2026-05-10T10:22:22] P2 [16/119] market+deep · br:HGRU11
[2026-05-10T10:22:27] P2 [17/119] market+deep · br:ITUB4
[2026-05-10T10:22:34] P2 [18/119] market+deep · br:KNCR11
[2026-05-10T10:22:39] P2 [19/119] market+deep · br:KNRI11
[2026-05-10T10:22:45] P2 [20/119] market+deep · br:MCCI11
[2026-05-10T10:22:50] P2 [21/119] market+deep · br:MULT3
[2026-05-10T10:22:56] P2 [22/119] market+deep · br:PETR4
[2026-05-10T10:23:02] P2 [23/119] market+deep · br:PGMN3
[2026-05-10T10:23:07] P2 [24/119] market+deep · br:PLPL3
[2026-05-10T10:23:13] P2 [25/119] market+deep · br:PMLL11
[2026-05-10T10:23:18] P2 [26/119] market+deep · br:POMO3
[2026-05-10T10:23:24] P2 [27/119] market+deep · br:RAPT4
[2026-05-10T10:23:34] P2 [28/119] market+deep · br:RBRY11
[2026-05-10T10:23:39] P2 [29/119] market+deep · br:RDOR3
[2026-05-10T10:23:45] P2 [30/119] market+deep · br:RECR11
[2026-05-10T10:23:50] P2 [31/119] market+deep · br:RENT3
[2026-05-10T10:23:56] P2 [32/119] market+deep · br:SUZB3
[2026-05-10T10:24:02] P2 [33/119] market+deep · br:TRXF11
[2026-05-10T10:24:08] P2 [34/119] market+deep · br:TTEN3
[2026-05-10T10:24:13] P2 [35/119] market+deep · br:VGIP11
[2026-05-10T10:24:19] P2 [36/119] market+deep · br:VISC11
[2026-05-10T10:24:24] P2 [37/119] market+deep · br:VRTA11
[2026-05-10T10:24:30] P2 [38/119] market+deep · br:XPLG11
[2026-05-10T10:24:35] P2 [39/119] market+deep · us:ABM
[2026-05-10T10:24:43] P2 [40/119] market+deep · us:ABT
[2026-05-10T10:24:50] P2 [41/119] market+deep · us:ADM
[2026-05-10T10:24:58] P2 [42/119] market+deep · us:ADP
[2026-05-10T10:25:05] P2 [43/119] market+deep · us:AFL
[2026-05-10T10:25:12] P2 [44/119] market+deep · us:ALB
[2026-05-10T10:25:19] P2 [45/119] market+deep · us:AOS
[2026-05-10T10:25:27] P2 [46/119] market+deep · us:APD
[2026-05-10T10:25:34] P2 [47/119] market+deep · us:ATO
[2026-05-10T10:25:42] P2 [48/119] market+deep · us:AWR
[2026-05-10T10:25:49] P2 [49/119] market+deep · us:BDX
[2026-05-10T10:25:57] P2 [50/119] market+deep · us:BEN
[2026-05-10T10:26:05] P2 [51/119] market+deep · us:BF-B
[2026-05-10T10:26:12] P2 [52/119] market+deep · us:BKH
[2026-05-10T10:26:20] P2 [53/119] market+deep · us:BRO
[2026-05-10T10:26:27] P2 [54/119] market+deep · us:CAT
[2026-05-10T10:26:35] P2 [55/119] market+deep · us:CB
[2026-05-10T10:26:42] P2 [56/119] market+deep · us:CBSH
[2026-05-10T10:26:50] P2 [57/119] market+deep · us:CHD
[2026-05-10T10:26:57] P2 [58/119] market+deep · us:CHRW
[2026-05-10T10:27:04] P2 [59/119] market+deep · us:CINF
[2026-05-10T10:27:12] P2 [60/119] market+deep · us:CL
[2026-05-10T10:27:19] P2 [61/119] market+deep · us:CLX
[2026-05-10T10:27:27] P2 [62/119] market+deep · us:CTAS
[2026-05-10T10:27:34] P2 [63/119] market+deep · us:CVX
[2026-05-10T10:27:42] P2 [64/119] market+deep · us:CWT
[2026-05-10T10:27:56] P2 [65/119] market+deep · us:DOV
[2026-05-10T10:28:04] P2 [66/119] market+deep · us:ECL
[2026-05-10T10:28:11] P2 [67/119] market+deep · us:ED
[2026-05-10T10:28:19] P2 [68/119] market+deep · us:EMR
[2026-05-10T10:28:27] P2 [69/119] market+deep · us:ERIE
[2026-05-10T10:28:34] P2 [70/119] market+deep · us:ES
[2026-05-10T10:28:41] P2 [71/119] market+deep · us:EXPD
[2026-05-10T10:28:49] P2 [72/119] market+deep · us:FAST
[2026-05-10T10:28:56] P2 [73/119] market+deep · us:FDS
[2026-05-10T10:29:03] P2 [74/119] market+deep · us:FRT
[2026-05-10T10:29:10] P2 [75/119] market+deep · us:FUL
[2026-05-10T10:29:18] P2 [76/119] market+deep · us:GD
[2026-05-10T10:29:26] P2 [77/119] market+deep · us:GPC
[2026-05-10T10:29:33] P2 [78/119] market+deep · us:GRC
[2026-05-10T10:29:41] P2 [79/119] market+deep · us:GWW
[2026-05-10T10:29:49] P2 [80/119] market+deep · us:HRL
[2026-05-10T10:29:56] P2 [81/119] market+deep · us:IBM
[2026-05-10T10:30:04] P2 [82/119] market+deep · us:ITW
[2026-05-10T10:30:12] P2 [83/119] market+deep · us:JKHY
[2026-05-10T10:30:19] P2 [84/119] market+deep · us:KMB
[2026-05-10T10:30:26] P2 [85/119] market+deep · us:LEG
[2026-05-10T10:30:34] P2 [86/119] market+deep · us:LIN
[2026-05-10T10:30:41] P2 [87/119] market+deep · us:LOW
[2026-05-10T10:30:48] P2 [88/119] market+deep · us:MDT
[2026-05-10T10:30:56] P2 [89/119] market+deep · us:MGEE
[2026-05-10T10:31:03] P2 [90/119] market+deep · us:MKC
[2026-05-10T10:31:11] P2 [91/119] market+deep · us:MO
[2026-05-10T10:31:19] P2 [92/119] market+deep · us:MSA
[2026-05-10T10:31:26] P2 [93/119] market+deep · us:MSEX
[2026-05-10T10:31:34] P2 [94/119] market+deep · us:NDSN
[2026-05-10T10:31:41] P2 [95/119] market+deep · us:NEE
[2026-05-10T10:31:49] P2 [96/119] market+deep · us:NFG
[2026-05-10T10:31:56] P2 [97/119] market+deep · us:NUE
[2026-05-10T10:32:04] P2 [98/119] market+deep · us:NWN
[2026-05-10T10:32:11] P2 [99/119] market+deep · us:PH
[2026-05-10T10:32:19] P2 [100/119] market+deep · us:PNR
[2026-05-10T10:32:26] P2 [101/119] market+deep · us:PPG
[2026-05-10T10:32:34] P2 [102/119] market+deep · us:RLI
[2026-05-10T10:32:41] P2 [103/119] market+deep · us:ROP
[2026-05-10T10:32:49] P2 [104/119] market+deep · us:RPM
[2026-05-10T10:32:56] P2 [105/119] market+deep · us:SCL
[2026-05-10T10:33:04] P2 [106/119] market+deep · us:SHW
[2026-05-10T10:33:11] P2 [107/119] market+deep · us:SJM
[2026-05-10T10:33:18] P2 [108/119] market+deep · us:SPGI
[2026-05-10T10:33:26] P2 [109/119] market+deep · us:SWK
[2026-05-10T10:33:34] P2 [110/119] market+deep · us:SYY
[2026-05-10T10:33:41] P2 [111/119] market+deep · us:TDS
[2026-05-10T10:33:49] P2 [112/119] market+deep · us:TGT
[2026-05-10T10:33:57] P2 [113/119] market+deep · us:TNC
[2026-05-10T10:34:05] P2 [114/119] market+deep · us:TR
[2026-05-10T10:34:12] P2 [115/119] market+deep · us:TROW
[2026-05-10T10:34:20] P2 [116/119] market+deep · us:UVV
[2026-05-10T10:34:27] P2 [117/119] market+deep · us:WMT
[2026-05-10T10:34:35] P2 [118/119] market+deep · us:WST
[2026-05-10T10:34:42] P2 [119/119] market+deep · us:XOM
[2026-05-10T10:34:50] P3 [1/3] market+deep · us:NU
[2026-05-10T10:34:57] P3 [2/3] market+deep · us:PLTR
[2026-05-10T10:35:03] P3 [3/3] market+deep · us:XP
[2026-05-10T10:35:10] NN.4 BACKFILL DONE · duration=14.6min · report C:\Users\paidu\investment-intelligence\obsidian_vault\Bibliotheca\NN4_Backfill_2026-05-10.md
