2026-05-08T17:13:47+00:00 [DRY-RUN][WSJ — Minute Briefing] would ingest pod-wsj-minute-briefing-2026-05-08-de7e8dbd 'Solid Hiring in April Signals a Steadier U.S. Jobs Market'
2026-05-08T17:13:47+00:00 [DRY-RUN][WSJ — Minute Briefing] would ingest pod-wsj-minute-briefing-2026-05-08-22a95f79 'Trade Court Rules Against New Trump Tariffs'
2026-05-08T17:13:47+00:00 [DRY-RUN][WSJ — Minute Briefing] would ingest pod-wsj-minute-briefing-2026-05-07-3a2375f2 'Tech Stocks Weather a Market Retreat'
2026-05-08T17:13:47+00:00 summary: 1 feeds polled, rc_total=0
2026-05-08T17:14:48+00:00 [WSJ — Minute Briefing] 0 new episodes (last_seen=2026-05-08)
2026-05-08T17:14:48+00:00 summary: 1 feeds polled, rc_total=0
2026-05-08T17:15:41+00:00 [WSJ — Minute Briefing] download https://pdst.fm/e/traffic.megaphone.fm/WSJ1081514943.mp3 → pod-wsj-minute-briefing-2026-05-08-de7e8dbd.mp3
2026-05-08T17:15:45+00:00 [WSJ — Minute Briefing] ingest pod-wsj-minute-briefing-2026-05-08-de7e8dbd
2026-05-08T17:21:27+00:00 summary: 1 feeds polled, rc_total=0
2026-05-08T17:50:51+00:00 [DRY-RUN][Morning Call - BTG Pactual] would ingest pod-morning-call-btg-pactual-2026-05-08-90ddc6db '🔵 08/05 - Onde investir em maio: Criptoativos; Payroll e ten'
2026-05-08T17:50:53+00:00 [DRY-RUN][Morning Call XP] would ingest pod-morning-call-xp-2026-05-08-cfeb384f 'Morning Call XP | 08.05.26'
2026-05-08T17:50:56+00:00 [DRY-RUN][Stock Pickers] would ingest pod-stock-pickers-2026-05-03-88f31657 'ESPECIAL - O FIM DE UMA ERA: A BERKSHIRE AINDA VALE SEM BUFF'
2026-05-08T17:50:58+00:00 [DRY-RUN][Market Makers] would ingest pod-market-makers-2026-05-07-2cb1ad63 '#357 | A REVOLUÇÃO SILENCIOSA DO VAREJO, LOGÍSTICA E DO E-CO'
2026-05-08T17:51:00+00:00 [DRY-RUN][Bloomberg Daybreak Brasil] would ingest pod-bloomberg-daybreak-brasil-2026-05-08-3e7f8528 'EUA e Irã entram em confronto perto do Estreito de Ormuz em '
2026-05-08T17:51:02+00:00 [DRY-RUN][Fernando Ulrich] would ingest pod-fernando-ulrich-2026-05-08-b9fd2aab 'Rombo histórico, dívida crescendo, o ajuste fiscal é inevitá'
2026-05-08T17:51:03+00:00 [DRY-RUN][WSJ — What's News] would ingest pod-wsj-what-s-news-2026-05-08-b681c112 'What’s News in Earnings: How Big Pharma Is Expanding the GLP'
2026-05-08T17:51:08+00:00 [DRY-RUN][FT News Briefing] would ingest pod-ft-news-briefing-2026-05-08-147a3d49 'GameStop’s wild bid for eBay'
2026-05-08T17:51:13+00:00 [DRY-RUN][Bloomberg Daybreak: US Edition] would ingest pod-bloomberg-daybreak-us-edition-2026-05-08-0c616e26 'US &amp; Iran Strike Each Other, Trump's New Tariffs Blocked'
2026-05-08T17:51:16+00:00 [DRY-RUN][Bloomberg Daybreak: Europe Edition] would ingest pod-bloomberg-daybreak-europe-edition-2026-05-08-aa8b65c5 'Starmer Facing Wipeout, US Bombs Iran Targets, Europe’s Powe'
2026-05-08T17:51:26+00:00 [DRY-RUN][Bloomberg Surveillance] would ingest pod-bloomberg-surveillance-2026-05-08-13544cd7 'Bloomberg Surveillance TV: May 8th, 2026'
2026-05-08T17:51:28+00:00 [DRY-RUN][Reuters Morning Bid] would ingest pod-reuters-morning-bid-2026-05-08-e774bca5 'Unstoppable stock rally?'
2026-05-08T17:51:31+00:00 [DRY-RUN][Schwab Market Update Audio] would ingest pod-schwab-market-update-audio-2026-05-08-649bb4e1 'April Jobs Data Looms Large, but Expectations Low'
2026-05-08T17:51:34+00:00 [DRY-RUN][Morning Brew Daily] would ingest pod-morning-brew-daily-2026-05-08-f3b912c8 'US Oil Exports Surge to Record High &amp; What to Know About'
2026-05-08T17:51:38+00:00 [DRY-RUN][Odd Lots] would ingest pod-odd-lots-2026-05-08-1ea091f2 'Mariana Mazzucato Thinks We Need More Moonshots'
2026-05-08T17:51:42+00:00 [DRY-RUN][Invest Like the Best] would ingest pod-invest-like-the-best-2026-05-05-de6b601e 'Brian Chesky - AI Founder Mode - [Invest Like the Best, EP.4'
2026-05-08T17:51:45+00:00 [DRY-RUN][Acquired] would ingest pod-acquired-2026-04-13-996939cd 'Ferrari'
2026-05-08T17:51:46+00:00 [DRY-RUN][Barron's Streetwise] would ingest pod-barron-s-streetwise-2026-05-01-a922677e 'Blowout Earnings, Food Dividends, Psychedelic Stocks'
2026-05-08T17:51:48+00:00 [DRY-RUN][Motley Fool Money] would ingest pod-motley-fool-money-2026-05-08-b3290e52 'The Met Gala and the curse of arrogance. May 8, 2026'
2026-05-08T17:51:48+00:00 summary: 19 feeds polled, rc_total=0
2026-05-09T02:59:04+00:00 [Morning Call - BTG Pactual] download https://anchor.fm/s/488b72a0/podcast/play/119688733/https%3A → pod-morning-call-btg-pactual-2026-05-08-90ddc6db.mp3
2026-05-09T02:59:14+00:00 [Morning Call - BTG Pactual] ingest pod-morning-call-btg-pactual-2026-05-08-90ddc6db
2026-05-09T03:25:27+00:00 [Morning Call XP] download https://api.spreaker.com/download/episode/71921057/audio_202 → pod-morning-call-xp-2026-05-08-cfeb384f.mp3
2026-05-09T03:25:31+00:00 [Morning Call XP] ingest pod-morning-call-xp-2026-05-08-cfeb384f
2026-05-09T03:31:09+00:00 [Morning Call - BTG Pactual] skip pod-morning-call-btg-pactual-2026-05-08-90ddc6db (already ingested)
2026-05-09T03:31:18+00:00 [Morning Call XP] download https://api.spreaker.com/download/episode/71921057/audio_202 → pod-morning-call-xp-2026-05-08-cfeb384f.mp3
2026-05-09T03:31:18+00:00 [Morning Call XP] ingest pod-morning-call-xp-2026-05-08-cfeb384f
2026-05-09T03:49:57+00:00 [Stock Pickers] download https://dts.podtrac.com/redirect.mp3/api.spreaker.com/downlo → pod-stock-pickers-2026-05-03-88f31657.mp3
2026-05-09T03:50:15+00:00 [Stock Pickers] ingest pod-stock-pickers-2026-05-03-88f31657
2026-05-09T04:05:48+00:00 [Morning Call - BTG Pactual] skip pod-morning-call-btg-pactual-2026-05-08-90ddc6db (already ingested)
2026-05-09T04:05:50+00:00 [Morning Call XP] skip pod-morning-call-xp-2026-05-08-cfeb384f (already ingested)
2026-05-09T04:05:53+00:00 [Stock Pickers] download https://dts.podtrac.com/redirect.mp3/api.spreaker.com/downlo → pod-stock-pickers-2026-05-03-88f31657.mp3
2026-05-09T04:05:53+00:00 [Stock Pickers] ingest pod-stock-pickers-2026-05-03-88f31657
2026-05-09T06:38:33+00:00 [Morning Call - BTG Pactual] skip pod-morning-call-btg-pactual-2026-05-08-90ddc6db (already ingested)
2026-05-09T06:38:36+00:00 [Morning Call XP] skip pod-morning-call-xp-2026-05-08-cfeb384f (already ingested)
2026-05-09T06:38:38+00:00 [Stock Pickers] skip pod-stock-pickers-2026-05-03-88f31657 (already ingested)
2026-05-09T06:38:40+00:00 [Market Makers] download https://traffic.megaphone.fm/APO3131757679.mp3 → pod-market-makers-2026-05-07-2cb1ad63.mp3
2026-05-09T06:39:06+00:00 [Market Makers] ingest pod-market-makers-2026-05-07-2cb1ad63
2026-05-09T06:42:41+00:00 [Bloomberg Daybreak Brasil] download https://podtrac.com/pts/redirect.mp3/traffic.omny.fm/d/clips → pod-bloomberg-daybreak-brasil-2026-05-08-3e7f8528.mp3
2026-05-09T06:42:43+00:00 download FAIL https://podtrac.com/pts/redirect.mp3/traffic.omny.fm/d/clips: URLError: <urlopen error [SSL: CERTIFICATE_VERIFY_FAILED] certificate verify failed: Basic Constraints of CA cert not marked critical (_ssl.c:1032)>
2026-05-09T06:42:45+00:00 [Fernando Ulrich] download https://anchor.fm/s/1c376a88/podcast/play/119660395/https%3A → pod-fernando-ulrich-2026-05-08-b9fd2aab.mp3
2026-05-09T10:36:34+00:00 [Morning Call - BTG Pactual] skip pod-morning-call-btg-pactual-2026-05-08-90ddc6db (already ingested)
2026-05-09T10:36:38+00:00 [Morning Call XP] skip pod-morning-call-xp-2026-05-08-cfeb384f (already ingested)
2026-05-09T10:36:40+00:00 [Stock Pickers] skip pod-stock-pickers-2026-05-03-88f31657 (already ingested)
2026-05-09T10:36:43+00:00 [Market Makers] skip pod-market-makers-2026-05-07-2cb1ad63 (already ingested)
2026-05-09T10:36:46+00:00 [Bloomberg Daybreak Brasil] download https://podtrac.com/pts/redirect.mp3/traffic.omny.fm/d/clips → pod-bloomberg-daybreak-brasil-2026-05-08-3e7f8528.mp3
2026-05-09T10:36:48+00:00 download FAIL https://podtrac.com/pts/redirect.mp3/traffic.omny.fm/d/clips: URLError: <urlopen error [SSL: CERTIFICATE_VERIFY_FAILED] certificate verify failed: Basic Constraints of CA cert not marked critical (_ssl.c:1032)>
2026-05-09T10:36:51+00:00 [Fernando Ulrich] download https://anchor.fm/s/1c376a88/podcast/play/119660395/https%3A → pod-fernando-ulrich-2026-05-08-b9fd2aab.mp3
2026-05-09T10:36:51+00:00 [Fernando Ulrich] ingest pod-fernando-ulrich-2026-05-08-b9fd2aab
2026-05-09T10:37:49+00:00 [Empiricus Podcasts] download https://api.spreaker.com/download/episode/71796645/260430_po → pod-empiricus-podcasts-2026-05-02-cda0a7ac.mp3
2026-05-09T10:39:26+00:00 [Empiricus Podcasts] ingest pod-empiricus-podcasts-2026-05-02-cda0a7ac
2026-05-09T10:42:52+00:00 [WSJ — What's News] download https://pdst.fm/e/traffic.megaphone.fm/WSJ6301084068.mp3 → pod-wsj-what-s-news-2026-05-09-21e304ff.mp3
2026-05-09T10:42:58+00:00 [WSJ — What's News] ingest pod-wsj-what-s-news-2026-05-09-21e304ff
2026-05-09T10:43:33+00:00 [FT News Briefing] download https://sphinx.acast.com/p/acast/s/ftnewsbriefing/e/69fe371a → pod-ft-news-briefing-2026-05-09-29f0b8a2.mp3
2026-05-09T10:43:48+00:00 [FT News Briefing] ingest pod-ft-news-briefing-2026-05-09-29f0b8a2
2026-05-09T10:44:30+00:00 [Bloomberg Daybreak: US Edition] download https://podtrac.com/pts/redirect.mp3/traffic.omny.fm/d/clips → pod-bloomberg-daybreak-us-edition-2026-05-08-1eb42b0f.mp3
2026-05-09T10:44:32+00:00 download FAIL https://podtrac.com/pts/redirect.mp3/traffic.omny.fm/d/clips: URLError: <urlopen error [SSL: CERTIFICATE_VERIFY_FAILED] certificate verify failed: Basic Constraints of CA cert not marked critical (_ssl.c:1032)>
2026-05-09T10:44:35+00:00 [Bloomberg Daybreak: Europe Edition] download https://podtrac.com/pts/redirect.mp3/traffic.omny.fm/d/clips → pod-bloomberg-daybreak-europe-edition-2026-05-08-a05c451e.mp3
2026-05-09T10:44:37+00:00 download FAIL https://podtrac.com/pts/redirect.mp3/traffic.omny.fm/d/clips: URLError: <urlopen error [SSL: CERTIFICATE_VERIFY_FAILED] certificate verify failed: Basic Constraints of CA cert not marked critical (_ssl.c:1032)>
2026-05-09T10:44:45+00:00 [Bloomberg Surveillance] download https://podtrac.com/pts/redirect.mp3/tracking.swap.fm/track/ → pod-bloomberg-surveillance-2026-05-08-13544cd7.mp3
2026-05-09T10:44:47+00:00 download FAIL https://podtrac.com/pts/redirect.mp3/tracking.swap.fm/track/: URLError: <urlopen error [SSL: CERTIFICATE_VERIFY_FAILED] certificate verify failed: Basic Constraints of CA cert not marked critical (_ssl.c:1032)>
2026-05-09T10:44:49+00:00 [Reuters Morning Bid] download https://traffic.megaphone.fm/THRH7708207928.mp3 → pod-reuters-morning-bid-2026-05-09-6f4967a2.mp3
2026-05-09T10:44:57+00:00 [Reuters Morning Bid] ingest pod-reuters-morning-bid-2026-05-09-6f4967a2
2026-05-09T10:45:26+00:00 [Schwab Market Update Audio] download https://mgln.ai/e/1388/afp-928686-injected.calisto.simplecas → pod-schwab-market-update-audio-2026-05-08-649bb4e1.mp3
2026-05-09T10:45:32+00:00 [Schwab Market Update Audio] ingest pod-schwab-market-update-audio-2026-05-08-649bb4e1
2026-05-09T10:46:05+00:00 [Morning Brew Daily] download https://www.podtrac.com/pts/redirect.mp3/pdst.fm/e/tracking. → pod-morning-brew-daily-2026-05-08-f3b912c8.mp3
2026-05-09T10:46:21+00:00 [Morning Brew Daily] ingest pod-morning-brew-daily-2026-05-08-f3b912c8
2026-05-09T10:47:11+00:00 [Odd Lots] download https://podtrac.com/pts/redirect.mp3/tracking.swap.fm/track/ → pod-odd-lots-2026-05-08-1ea091f2.mp3
2026-05-09T10:47:14+00:00 download FAIL https://podtrac.com/pts/redirect.mp3/tracking.swap.fm/track/: URLError: <urlopen error [SSL: CERTIFICATE_VERIFY_FAILED] certificate verify failed: Basic Constraints of CA cert not marked critical (_ssl.c:1032)>
2026-05-09T10:47:17+00:00 [Invest Like the Best] download https://traffic.megaphone.fm/CLS3515065653.mp3?updated=17779 → pod-invest-like-the-best-2026-05-05-de6b601e.mp3
2026-05-09T10:47:40+00:00 [Invest Like the Best] ingest pod-invest-like-the-best-2026-05-05-de6b601e
2026-05-09T10:50:12+00:00 [Acquired] download https://pscrb.fm/rss/p/media.transistor.fm/9ca1df08/e400ba0d → pod-acquired-2026-04-13-996939cd.mp3
2026-05-09T10:51:57+00:00 [Acquired] ingest pod-acquired-2026-04-13-996939cd
2026-05-09T10:56:19+00:00 [Barron's Streetwise] download https://pdst.fm/e/traffic.megaphone.fm/WSJ9128413046.mp3 → pod-barron-s-streetwise-2026-05-08-51d0718d.mp3
2026-05-09T10:56:30+00:00 [Barron's Streetwise] ingest pod-barron-s-streetwise-2026-05-08-51d0718d
2026-05-09T10:57:18+00:00 [Motley Fool Money] download https://enrichment.soundstack.com/4vjqq8/traffic.omny.fm/d/c → pod-motley-fool-money-2026-05-08-b3290e52.mp3
2026-05-09T10:57:47+00:00 [Motley Fool Money] ingest pod-motley-fool-money-2026-05-08-b3290e52
2026-05-09T10:59:47+00:00 summary: 20 feeds polled, rc_total=5
2026-05-09T11:00:49+00:00 [Morning Call - BTG Pactual] 0 new episodes (last_seen=2026-05-08)
2026-05-09T11:00:51+00:00 [Morning Call XP] 0 new episodes (last_seen=2026-05-08)
2026-05-09T11:00:53+00:00 [Stock Pickers] 0 new episodes (last_seen=2026-05-03)
2026-05-09T11:00:55+00:00 [Market Makers] 0 new episodes (last_seen=2026-05-07)
2026-05-09T11:00:58+00:00 [Bloomberg Daybreak Brasil] 0 new episodes (last_seen=2026-05-08)
2026-05-09T11:00:59+00:00 [Fernando Ulrich] 0 new episodes (last_seen=2026-05-08)
2026-05-09T11:01:01+00:00 [Empiricus Podcasts] 0 new episodes (last_seen=2026-05-02)
2026-05-09T11:01:02+00:00 [WSJ — What's News] 0 new episodes (last_seen=2026-05-09)
2026-05-09T11:01:06+00:00 [FT News Briefing] 0 new episodes (last_seen=2026-05-09)
2026-05-09T11:01:10+00:00 [Bloomberg Daybreak: US Edition] 0 new episodes (last_seen=2026-05-08)
2026-05-09T11:01:13+00:00 [Bloomberg Daybreak: Europe Edition] 0 new episodes (last_seen=2026-05-08)
2026-05-09T11:01:21+00:00 [Bloomberg Surveillance] 0 new episodes (last_seen=2026-05-08)
2026-05-09T11:01:22+00:00 [Reuters Morning Bid] 0 new episodes (last_seen=2026-05-09)
2026-05-09T11:01:27+00:00 [Schwab Market Update Audio] 0 new episodes (last_seen=2026-05-08)
2026-05-09T11:01:31+00:00 [Morning Brew Daily] 0 new episodes (last_seen=2026-05-08)
2026-05-09T11:01:34+00:00 [Odd Lots] 0 new episodes (last_seen=2026-05-08)
2026-05-09T11:01:37+00:00 [Invest Like the Best] 0 new episodes (last_seen=2026-05-05)
2026-05-09T11:01:41+00:00 [Acquired] 0 new episodes (last_seen=2026-04-13)
2026-05-09T11:01:42+00:00 [Barron's Streetwise] 0 new episodes (last_seen=2026-05-08)
2026-05-09T11:01:44+00:00 [Motley Fool Money] 0 new episodes (last_seen=2026-05-08)
2026-05-09T11:01:44+00:00 summary: 20 feeds polled, rc_total=0
2026-05-09T14:42:03+00:00 [Morning Call - BTG Pactual] 0 new episodes (last_seen=2026-05-08)
2026-05-09T14:42:05+00:00 [Morning Call XP] 0 new episodes (last_seen=2026-05-08)
2026-05-09T14:42:09+00:00 [Stock Pickers] 0 new episodes (last_seen=2026-05-03)
2026-05-09T14:42:11+00:00 [Market Makers] 0 new episodes (last_seen=2026-05-07)
2026-05-09T14:42:13+00:00 [Bloomberg Daybreak Brasil] 0 new episodes (last_seen=2026-05-08)
2026-05-09T14:42:17+00:00 [Fernando Ulrich] 0 new episodes (last_seen=2026-05-08)
2026-05-09T14:42:18+00:00 [Empiricus Podcasts] download https://api.spreaker.com/download/episode/71930260/260508_po → pod-empiricus-podcasts-2026-05-09-26239cd3.mp3
2026-05-09T14:42:57+00:00 [Empiricus Podcasts] ingest pod-empiricus-podcasts-2026-05-09-26239cd3
2026-05-09T14:44:26+00:00 [WSJ — What's News] 0 new episodes (last_seen=2026-05-09)
2026-05-09T14:44:32+00:00 [FT News Briefing] 0 new episodes (last_seen=2026-05-09)
2026-05-09T14:44:36+00:00 [Bloomberg Daybreak: US Edition] 0 new episodes (last_seen=2026-05-08)
2026-05-09T14:44:39+00:00 [Bloomberg Daybreak: Europe Edition] 0 new episodes (last_seen=2026-05-08)
2026-05-09T14:44:47+00:00 [Bloomberg Surveillance] 0 new episodes (last_seen=2026-05-08)
2026-05-09T14:44:48+00:00 [Reuters Morning Bid] 0 new episodes (last_seen=2026-05-09)
2026-05-09T14:44:53+00:00 [Schwab Market Update Audio] 0 new episodes (last_seen=2026-05-08)
2026-05-09T14:44:56+00:00 [Morning Brew Daily] 0 new episodes (last_seen=2026-05-08)
2026-05-09T14:44:59+00:00 [Odd Lots] 0 new episodes (last_seen=2026-05-08)
2026-05-09T14:45:03+00:00 [Invest Like the Best] 0 new episodes (last_seen=2026-05-05)
2026-05-09T14:45:05+00:00 [Acquired] 0 new episodes (last_seen=2026-04-13)
2026-05-09T14:45:07+00:00 [Barron's Streetwise] 0 new episodes (last_seen=2026-05-08)
2026-05-09T14:45:09+00:00 [Motley Fool Money] 0 new episodes (last_seen=2026-05-08)
2026-05-09T14:45:09+00:00 summary: 20 feeds polled, rc_total=3221226505
2026-05-09T14:46:11+00:00 [Morning Call - BTG Pactual] 0 new episodes (last_seen=2026-05-08)
2026-05-09T14:46:13+00:00 [Morning Call XP] 0 new episodes (last_seen=2026-05-08)
2026-05-09T14:46:15+00:00 [Stock Pickers] 0 new episodes (last_seen=2026-05-03)
2026-05-09T14:46:17+00:00 [Market Makers] 0 new episodes (last_seen=2026-05-07)
2026-05-09T14:46:19+00:00 [Bloomberg Daybreak Brasil] 0 new episodes (last_seen=2026-05-08)
2026-05-09T14:46:23+00:00 [Fernando Ulrich] 0 new episodes (last_seen=2026-05-08)
2026-05-09T14:46:24+00:00 [Empiricus Podcasts] 0 new episodes (last_seen=2026-05-09)
2026-05-09T14:46:25+00:00 [WSJ — What's News] 0 new episodes (last_seen=2026-05-09)
2026-05-09T14:46:29+00:00 [FT News Briefing] 0 new episodes (last_seen=2026-05-09)
2026-05-09T14:46:34+00:00 [Bloomberg Daybreak: US Edition] 0 new episodes (last_seen=2026-05-08)
2026-05-09T14:46:36+00:00 [Bloomberg Daybreak: Europe Edition] 0 new episodes (last_seen=2026-05-08)
2026-05-09T14:46:44+00:00 [Bloomberg Surveillance] 0 new episodes (last_seen=2026-05-08)
2026-05-09T14:46:45+00:00 [Reuters Morning Bid] 0 new episodes (last_seen=2026-05-09)
2026-05-09T14:46:50+00:00 [Schwab Market Update Audio] 0 new episodes (last_seen=2026-05-08)
2026-05-09T14:46:54+00:00 [Morning Brew Daily] 0 new episodes (last_seen=2026-05-08)
2026-05-09T14:46:57+00:00 [Odd Lots] 0 new episodes (last_seen=2026-05-08)
2026-05-09T14:47:01+00:00 [Invest Like the Best] 0 new episodes (last_seen=2026-05-05)
2026-05-09T14:47:02+00:00 [Acquired] 0 new episodes (last_seen=2026-04-13)
2026-05-09T14:47:03+00:00 [Barron's Streetwise] 0 new episodes (last_seen=2026-05-08)
2026-05-09T14:47:05+00:00 [Motley Fool Money] 0 new episodes (last_seen=2026-05-08)
2026-05-09T14:47:05+00:00 summary: 20 feeds polled, rc_total=0
2026-05-09T18:44:27+00:00 [Morning Call - BTG Pactual] 0 new episodes (last_seen=2026-05-08)
2026-05-09T18:44:31+00:00 [Morning Call XP] 0 new episodes (last_seen=2026-05-08)
2026-05-09T18:44:34+00:00 [Stock Pickers] 0 new episodes (last_seen=2026-05-03)
2026-05-09T18:44:38+00:00 [Market Makers] 0 new episodes (last_seen=2026-05-07)
2026-05-09T18:44:42+00:00 [Bloomberg Daybreak Brasil] 0 new episodes (last_seen=2026-05-08)
2026-05-09T18:44:45+00:00 [Fernando Ulrich] 0 new episodes (last_seen=2026-05-08)
2026-05-09T18:44:48+00:00 [Empiricus Podcasts] 0 new episodes (last_seen=2026-05-09)
2026-05-09T18:44:50+00:00 [WSJ — What's News] 0 new episodes (last_seen=2026-05-09)
2026-05-09T18:44:57+00:00 [FT News Briefing] 0 new episodes (last_seen=2026-05-09)
2026-05-09T18:45:03+00:00 [Bloomberg Daybreak: US Edition] 0 new episodes (last_seen=2026-05-08)
2026-05-09T18:45:08+00:00 [Bloomberg Daybreak: Europe Edition] 0 new episodes (last_seen=2026-05-08)
2026-05-09T18:45:20+00:00 [Bloomberg Surveillance] 0 new episodes (last_seen=2026-05-08)
2026-05-09T18:45:23+00:00 [Reuters Morning Bid] 0 new episodes (last_seen=2026-05-09)
2026-05-09T18:45:28+00:00 [Schwab Market Update Audio] 0 new episodes (last_seen=2026-05-08)
2026-05-09T18:45:32+00:00 [Morning Brew Daily] 0 new episodes (last_seen=2026-05-08)
2026-05-09T18:45:37+00:00 [Odd Lots] 0 new episodes (last_seen=2026-05-08)
2026-05-09T18:45:42+00:00 [Invest Like the Best] 0 new episodes (last_seen=2026-05-05)
2026-05-09T18:45:46+00:00 [Acquired] 0 new episodes (last_seen=2026-04-13)
2026-05-09T18:45:49+00:00 [Barron's Streetwise] 0 new episodes (last_seen=2026-05-08)
2026-05-09T18:45:52+00:00 [Motley Fool Money] 0 new episodes (last_seen=2026-05-08)
2026-05-09T18:45:52+00:00 summary: 20 feeds polled, rc_total=0
2026-05-09T22:35:21+00:00 [Morning Call - BTG Pactual] 0 new episodes (last_seen=2026-05-08)
2026-05-09T22:35:23+00:00 [Morning Call XP] 0 new episodes (last_seen=2026-05-08)
2026-05-09T22:35:25+00:00 [Stock Pickers] 0 new episodes (last_seen=2026-05-03)
2026-05-09T22:35:27+00:00 [Market Makers] 0 new episodes (last_seen=2026-05-07)
2026-05-09T22:35:29+00:00 [Bloomberg Daybreak Brasil] 0 new episodes (last_seen=2026-05-08)
2026-05-09T22:35:31+00:00 [Fernando Ulrich] 0 new episodes (last_seen=2026-05-08)
2026-05-09T22:35:33+00:00 [Empiricus Podcasts] 0 new episodes (last_seen=2026-05-09)
2026-05-09T22:35:34+00:00 [WSJ — What's News] 0 new episodes (last_seen=2026-05-09)
2026-05-09T22:35:38+00:00 [FT News Briefing] 0 new episodes (last_seen=2026-05-09)
2026-05-09T22:35:42+00:00 [Bloomberg Daybreak: US Edition] 0 new episodes (last_seen=2026-05-08)
2026-05-09T22:35:45+00:00 [Bloomberg Daybreak: Europe Edition] 0 new episodes (last_seen=2026-05-08)
2026-05-09T22:35:53+00:00 [Bloomberg Surveillance] 0 new episodes (last_seen=2026-05-08)
2026-05-09T22:35:54+00:00 [Reuters Morning Bid] 0 new episodes (last_seen=2026-05-09)
2026-05-09T22:35:59+00:00 [Schwab Market Update Audio] 0 new episodes (last_seen=2026-05-08)
2026-05-09T22:36:01+00:00 [Morning Brew Daily] 0 new episodes (last_seen=2026-05-08)
2026-05-09T22:36:04+00:00 [Odd Lots] 0 new episodes (last_seen=2026-05-08)
2026-05-09T22:36:07+00:00 [Invest Like the Best] 0 new episodes (last_seen=2026-05-05)
2026-05-09T22:36:09+00:00 [Acquired] 0 new episodes (last_seen=2026-04-13)
2026-05-09T22:36:11+00:00 [Barron's Streetwise] 0 new episodes (last_seen=2026-05-08)
2026-05-09T22:36:13+00:00 [Motley Fool Money] download https://enrichment.soundstack.com/4vjqq8/traffic.omny.fm/d/c → pod-motley-fool-money-2026-05-09-f0e90de3.mp3
2026-05-09T22:36:39+00:00 [Motley Fool Money] ingest pod-motley-fool-money-2026-05-09-f0e90de3
2026-05-09T22:38:32+00:00 summary: 20 feeds polled, rc_total=0
2026-05-10T02:35:12+00:00 [Morning Call - BTG Pactual] 0 new episodes (last_seen=2026-05-08)
2026-05-10T02:35:14+00:00 [Morning Call XP] 0 new episodes (last_seen=2026-05-08)
2026-05-10T02:35:16+00:00 [Stock Pickers] 0 new episodes (last_seen=2026-05-03)
2026-05-10T02:35:18+00:00 [Market Makers] 0 new episodes (last_seen=2026-05-07)
2026-05-10T02:35:20+00:00 [Bloomberg Daybreak Brasil] 0 new episodes (last_seen=2026-05-08)
2026-05-10T02:35:22+00:00 [Fernando Ulrich] 0 new episodes (last_seen=2026-05-08)
2026-05-10T02:35:24+00:00 [Empiricus Podcasts] 0 new episodes (last_seen=2026-05-09)
2026-05-10T02:35:25+00:00 [WSJ — What's News] 0 new episodes (last_seen=2026-05-09)
2026-05-10T02:35:29+00:00 [FT News Briefing] 0 new episodes (last_seen=2026-05-09)
2026-05-10T02:35:33+00:00 [Bloomberg Daybreak: US Edition] 0 new episodes (last_seen=2026-05-08)
2026-05-10T02:35:36+00:00 [Bloomberg Daybreak: Europe Edition] 0 new episodes (last_seen=2026-05-08)
2026-05-10T02:35:44+00:00 [Bloomberg Surveillance] 0 new episodes (last_seen=2026-05-08)
2026-05-10T02:35:45+00:00 [Reuters Morning Bid] 0 new episodes (last_seen=2026-05-09)
2026-05-10T02:35:48+00:00 [Schwab Market Update Audio] 0 new episodes (last_seen=2026-05-08)
2026-05-10T02:35:53+00:00 [Morning Brew Daily] 0 new episodes (last_seen=2026-05-08)
2026-05-10T02:35:56+00:00 [Odd Lots] 0 new episodes (last_seen=2026-05-08)
2026-05-10T02:35:59+00:00 [Invest Like the Best] 0 new episodes (last_seen=2026-05-05)
2026-05-10T02:36:02+00:00 [Acquired] 0 new episodes (last_seen=2026-04-13)
2026-05-10T02:36:03+00:00 [Barron's Streetwise] 0 new episodes (last_seen=2026-05-08)
2026-05-10T02:36:05+00:00 [Motley Fool Money] 0 new episodes (last_seen=2026-05-09)
2026-05-10T02:36:05+00:00 summary: 20 feeds polled, rc_total=0
2026-05-10T06:43:08+00:00 [Morning Call - BTG Pactual] 0 new episodes (last_seen=2026-05-08)
2026-05-10T06:43:11+00:00 [Morning Call XP] 0 new episodes (last_seen=2026-05-08)
2026-05-10T06:43:13+00:00 [Stock Pickers] 0 new episodes (last_seen=2026-05-03)
2026-05-10T06:43:15+00:00 [Market Makers] 0 new episodes (last_seen=2026-05-07)
2026-05-10T06:43:17+00:00 [Bloomberg Daybreak Brasil] 0 new episodes (last_seen=2026-05-08)
2026-05-10T06:43:19+00:00 [Fernando Ulrich] 0 new episodes (last_seen=2026-05-08)
2026-05-10T06:43:21+00:00 [Empiricus Podcasts] 0 new episodes (last_seen=2026-05-09)
2026-05-10T06:43:22+00:00 [WSJ — What's News] 0 new episodes (last_seen=2026-05-09)
2026-05-10T06:43:27+00:00 [FT News Briefing] 0 new episodes (last_seen=2026-05-09)
2026-05-10T06:43:34+00:00 [Bloomberg Daybreak: US Edition] 0 new episodes (last_seen=2026-05-08)
2026-05-10T06:43:37+00:00 [Bloomberg Daybreak: Europe Edition] 0 new episodes (last_seen=2026-05-08)
2026-05-10T06:43:45+00:00 [Bloomberg Surveillance] 0 new episodes (last_seen=2026-05-08)
2026-05-10T06:43:48+00:00 [Reuters Morning Bid] 0 new episodes (last_seen=2026-05-09)
2026-05-10T06:43:51+00:00 [Schwab Market Update Audio] 0 new episodes (last_seen=2026-05-08)
2026-05-10T06:43:59+00:00 [Morning Brew Daily] 0 new episodes (last_seen=2026-05-08)
2026-05-10T06:44:02+00:00 [Odd Lots] 0 new episodes (last_seen=2026-05-08)
2026-05-10T06:44:05+00:00 [Invest Like the Best] 0 new episodes (last_seen=2026-05-05)
2026-05-10T06:44:07+00:00 [Acquired] 0 new episodes (last_seen=2026-04-13)
2026-05-10T06:44:08+00:00 [Barron's Streetwise] 0 new episodes (last_seen=2026-05-08)
2026-05-10T06:44:11+00:00 [Motley Fool Money] 0 new episodes (last_seen=2026-05-09)
2026-05-10T06:44:11+00:00 summary: 20 feeds polled, rc_total=0
2026-05-10T10:38:29+00:00 [Morning Call - BTG Pactual] 0 new episodes (last_seen=2026-05-08)
2026-05-10T10:38:31+00:00 [Morning Call XP] 0 new episodes (last_seen=2026-05-08)
2026-05-10T10:38:33+00:00 [Stock Pickers] 0 new episodes (last_seen=2026-05-03)
2026-05-10T10:38:35+00:00 [Market Makers] 0 new episodes (last_seen=2026-05-07)
2026-05-10T10:38:37+00:00 [Bloomberg Daybreak Brasil] 0 new episodes (last_seen=2026-05-08)
2026-05-10T10:38:41+00:00 [Fernando Ulrich] 0 new episodes (last_seen=2026-05-08)
2026-05-10T10:38:43+00:00 [Empiricus Podcasts] 0 new episodes (last_seen=2026-05-09)
2026-05-10T10:38:44+00:00 [WSJ — What's News] download https://pdst.fm/e/traffic.megaphone.fm/WSJ2882967285.mp3 → pod-wsj-what-s-news-2026-05-10-594c44c0.mp3
2026-05-10T10:38:55+00:00 [WSJ — What's News] ingest pod-wsj-what-s-news-2026-05-10-594c44c0
2026-05-10T10:39:52+00:00 [FT News Briefing] 0 new episodes (last_seen=2026-05-09)
2026-05-10T10:39:57+00:00 [Bloomberg Daybreak: US Edition] 0 new episodes (last_seen=2026-05-08)
2026-05-10T10:40:00+00:00 [Bloomberg Daybreak: Europe Edition] 0 new episodes (last_seen=2026-05-08)
2026-05-10T10:40:07+00:00 [Bloomberg Surveillance] 0 new episodes (last_seen=2026-05-08)
2026-05-10T10:40:09+00:00 [Reuters Morning Bid] download https://traffic.megaphone.fm/THRH9184115534.mp3 → pod-reuters-morning-bid-2026-05-10-0d6fb17d.mp3
2026-05-10T10:40:16+00:00 [Reuters Morning Bid] ingest pod-reuters-morning-bid-2026-05-10-0d6fb17d
2026-05-10T10:40:55+00:00 [Schwab Market Update Audio] 0 new episodes (last_seen=2026-05-08)
2026-05-10T10:40:59+00:00 [Morning Brew Daily] 0 new episodes (last_seen=2026-05-08)
2026-05-10T10:41:02+00:00 [Odd Lots] 0 new episodes (last_seen=2026-05-08)
2026-05-10T10:41:06+00:00 [Invest Like the Best] 0 new episodes (last_seen=2026-05-05)
2026-05-10T10:41:09+00:00 [Acquired] 0 new episodes (last_seen=2026-04-13)
2026-05-10T10:41:11+00:00 [Barron's Streetwise] 0 new episodes (last_seen=2026-05-08)
2026-05-10T10:41:13+00:00 [Motley Fool Money] 0 new episodes (last_seen=2026-05-09)
2026-05-10T10:41:13+00:00 summary: 20 feeds polled, rc_total=0
2026-05-10T22:36:42+00:00 [Morning Call - BTG Pactual] 0 new episodes (last_seen=2026-05-08)
2026-05-10T22:36:44+00:00 [Morning Call XP] 0 new episodes (last_seen=2026-05-08)
2026-05-10T22:36:46+00:00 [Stock Pickers] 0 new episodes (last_seen=2026-05-03)
2026-05-10T22:36:48+00:00 [Market Makers] download https://traffic.megaphone.fm/APO5193312613.mp3 → pod-market-makers-2026-05-10-8ace5f76.mp3
2026-05-10T22:37:16+00:00 [Market Makers] ingest pod-market-makers-2026-05-10-8ace5f76
2026-05-10T22:39:23+00:00 [Bloomberg Daybreak Brasil] 0 new episodes (last_seen=2026-05-08)
2026-05-10T22:39:26+00:00 [Fernando Ulrich] 0 new episodes (last_seen=2026-05-08)
2026-05-10T22:39:27+00:00 [Empiricus Podcasts] 0 new episodes (last_seen=2026-05-09)
2026-05-10T22:39:28+00:00 [WSJ — What's News] 0 new episodes (last_seen=2026-05-10)
2026-05-10T22:39:33+00:00 [FT News Briefing] 0 new episodes (last_seen=2026-05-09)
2026-05-10T22:39:37+00:00 [Bloomberg Daybreak: US Edition] 0 new episodes (last_seen=2026-05-08)
2026-05-10T22:39:40+00:00 [Bloomberg Daybreak: Europe Edition] 0 new episodes (last_seen=2026-05-08)
2026-05-10T22:39:47+00:00 [Bloomberg Surveillance] 0 new episodes (last_seen=2026-05-08)
2026-05-10T22:39:49+00:00 [Reuters Morning Bid] 0 new episodes (last_seen=2026-05-10)
2026-05-10T22:39:52+00:00 [Schwab Market Update Audio] 0 new episodes (last_seen=2026-05-08)
2026-05-10T22:39:56+00:00 [Morning Brew Daily] 0 new episodes (last_seen=2026-05-08)
2026-05-10T22:39:59+00:00 [Odd Lots] 0 new episodes (last_seen=2026-05-08)
2026-05-10T22:40:02+00:00 [Invest Like the Best] 0 new episodes (last_seen=2026-05-05)
2026-05-10T22:40:04+00:00 [Acquired] 0 new episodes (last_seen=2026-04-13)
2026-05-10T22:40:05+00:00 [Barron's Streetwise] 0 new episodes (last_seen=2026-05-08)
2026-05-10T22:40:07+00:00 [Motley Fool Money] 0 new episodes (last_seen=2026-05-09)
2026-05-10T22:40:07+00:00 summary: 20 feeds polled, rc_total=0
2026-05-11T02:37:01+00:00 [Morning Call - BTG Pactual] 0 new episodes (last_seen=2026-05-08)
2026-05-11T02:37:03+00:00 [Morning Call XP] 0 new episodes (last_seen=2026-05-08)
2026-05-11T02:37:05+00:00 [Stock Pickers] 0 new episodes (last_seen=2026-05-03)
2026-05-11T02:37:07+00:00 [Market Makers] 0 new episodes (last_seen=2026-05-10)
2026-05-11T02:37:09+00:00 [Bloomberg Daybreak Brasil] 0 new episodes (last_seen=2026-05-08)
2026-05-11T02:37:11+00:00 [Fernando Ulrich] 0 new episodes (last_seen=2026-05-08)
2026-05-11T02:37:13+00:00 [Empiricus Podcasts] 0 new episodes (last_seen=2026-05-09)
2026-05-11T02:37:14+00:00 [WSJ — What's News] 0 new episodes (last_seen=2026-05-10)
2026-05-11T02:37:18+00:00 [FT News Briefing] 0 new episodes (last_seen=2026-05-09)
2026-05-11T02:37:23+00:00 [Bloomberg Daybreak: US Edition] 0 new episodes (last_seen=2026-05-08)
2026-05-11T02:37:26+00:00 [Bloomberg Daybreak: Europe Edition] 0 new episodes (last_seen=2026-05-08)
2026-05-11T02:37:33+00:00 [Bloomberg Surveillance] 0 new episodes (last_seen=2026-05-08)
2026-05-11T02:37:35+00:00 [Reuters Morning Bid] 0 new episodes (last_seen=2026-05-10)
2026-05-11T02:37:40+00:00 [Schwab Market Update Audio] 0 new episodes (last_seen=2026-05-08)
2026-05-11T02:37:44+00:00 [Morning Brew Daily] 0 new episodes (last_seen=2026-05-08)
2026-05-11T02:37:47+00:00 [Odd Lots] 0 new episodes (last_seen=2026-05-08)
2026-05-11T02:37:50+00:00 [Invest Like the Best] 0 new episodes (last_seen=2026-05-05)
2026-05-11T02:37:54+00:00 [Acquired] 0 new episodes (last_seen=2026-04-13)
2026-05-11T02:37:55+00:00 [Barron's Streetwise] 0 new episodes (last_seen=2026-05-08)
2026-05-11T02:37:57+00:00 [Motley Fool Money] 0 new episodes (last_seen=2026-05-09)
2026-05-11T02:37:57+00:00 summary: 20 feeds polled, rc_total=0
2026-05-11T06:38:58+00:00 [Morning Call - BTG Pactual] 0 new episodes (last_seen=2026-05-08)
2026-05-11T06:39:00+00:00 [Morning Call XP] 0 new episodes (last_seen=2026-05-08)
2026-05-11T06:39:02+00:00 [Stock Pickers] 0 new episodes (last_seen=2026-05-03)
2026-05-11T06:39:04+00:00 [Market Makers] 0 new episodes (last_seen=2026-05-10)
2026-05-11T06:39:06+00:00 [Bloomberg Daybreak Brasil] 0 new episodes (last_seen=2026-05-08)
2026-05-11T06:39:10+00:00 [Fernando Ulrich] 0 new episodes (last_seen=2026-05-08)
2026-05-11T06:39:11+00:00 [Empiricus Podcasts] 0 new episodes (last_seen=2026-05-09)
2026-05-11T06:39:12+00:00 [WSJ — What's News] 0 new episodes (last_seen=2026-05-10)
2026-05-11T06:39:17+00:00 [FT News Briefing] download https://sphinx.acast.com/p/acast/s/ftnewsbriefing/e/6a00dc64 → pod-ft-news-briefing-2026-05-11-11885b24.mp3
2026-05-11T06:39:24+00:00 [FT News Briefing] ingest pod-ft-news-briefing-2026-05-11-11885b24
2026-05-11T06:39:44+00:00 [Bloomberg Daybreak: US Edition] 0 new episodes (last_seen=2026-05-08)
2026-05-11T06:39:48+00:00 [Bloomberg Daybreak: Europe Edition] download https://podtrac.com/pts/redirect.mp3/traffic.omny.fm/d/clips → pod-bloomberg-daybreak-europe-edition-2026-05-11-4d1672ba.mp3
2026-05-11T06:39:50+00:00 download FAIL https://podtrac.com/pts/redirect.mp3/traffic.omny.fm/d/clips: URLError: <urlopen error [SSL: CERTIFICATE_VERIFY_FAILED] certificate verify failed: Basic Constraints of CA cert not marked critical (_ssl.c:1032)>
2026-05-11T06:39:59+00:00 [Bloomberg Surveillance] 0 new episodes (last_seen=2026-05-08)
2026-05-11T06:40:01+00:00 [Reuters Morning Bid] 0 new episodes (last_seen=2026-05-10)
2026-05-11T06:40:04+00:00 [Schwab Market Update Audio] 0 new episodes (last_seen=2026-05-08)
2026-05-11T06:40:07+00:00 [Morning Brew Daily] 0 new episodes (last_seen=2026-05-08)
2026-05-11T06:40:10+00:00 [Odd Lots] 0 new episodes (last_seen=2026-05-08)
2026-05-11T06:40:13+00:00 [Invest Like the Best] 0 new episodes (last_seen=2026-05-05)
2026-05-11T06:40:15+00:00 [Acquired] 0 new episodes (last_seen=2026-04-13)
2026-05-11T06:40:16+00:00 [Barron's Streetwise] 0 new episodes (last_seen=2026-05-08)
2026-05-11T06:40:19+00:00 [Motley Fool Money] 0 new episodes (last_seen=2026-05-09)
2026-05-11T06:40:19+00:00 summary: 20 feeds polled, rc_total=1
2026-05-11T10:39:53+00:00 [Morning Call - BTG Pactual] 0 new episodes (last_seen=2026-05-08)
2026-05-11T10:39:55+00:00 [Morning Call XP] download https://api.spreaker.com/download/episode/71954760/11_05_26. → pod-morning-call-xp-2026-05-11-d17c3cc8.mp3
2026-05-11T10:40:00+00:00 [Morning Call XP] ingest pod-morning-call-xp-2026-05-11-d17c3cc8
2026-05-11T10:40:24+00:00 [Stock Pickers] 0 new episodes (last_seen=2026-05-03)
2026-05-11T10:40:26+00:00 [Market Makers] 0 new episodes (last_seen=2026-05-10)
2026-05-11T10:40:28+00:00 [Bloomberg Daybreak Brasil] download https://podtrac.com/pts/redirect.mp3/traffic.omny.fm/d/clips → pod-bloomberg-daybreak-brasil-2026-05-11-943797d2.mp3
2026-05-11T10:40:31+00:00 download FAIL https://podtrac.com/pts/redirect.mp3/traffic.omny.fm/d/clips: URLError: <urlopen error [SSL: CERTIFICATE_VERIFY_FAILED] certificate verify failed: Basic Constraints of CA cert not marked critical (_ssl.c:1032)>
2026-05-11T10:40:33+00:00 [Fernando Ulrich] 0 new episodes (last_seen=2026-05-08)
2026-05-11T10:40:34+00:00 [Empiricus Podcasts] 0 new episodes (last_seen=2026-05-09)
2026-05-11T10:40:35+00:00 [WSJ — What's News] download https://pdst.fm/e/traffic.megaphone.fm/WSJ7577160767.mp3 → pod-wsj-what-s-news-2026-05-11-38045d97.mp3
2026-05-11T10:40:41+00:00 [WSJ — What's News] ingest pod-wsj-what-s-news-2026-05-11-38045d97
2026-05-11T10:41:09+00:00 [FT News Briefing] 0 new episodes (last_seen=2026-05-11)
2026-05-11T10:41:13+00:00 [Bloomberg Daybreak: US Edition] 0 new episodes (last_seen=2026-05-08)
2026-05-11T10:41:16+00:00 [Bloomberg Daybreak: Europe Edition] 0 new episodes (last_seen=2026-05-11)
2026-05-11T10:41:23+00:00 [Bloomberg Surveillance] 0 new episodes (last_seen=2026-05-08)
2026-05-11T10:41:24+00:00 [Reuters Morning Bid] download https://traffic.megaphone.fm/THRH4821608416.mp3 → pod-reuters-morning-bid-2026-05-11-a200beb8.mp3
2026-05-11T10:41:32+00:00 [Reuters Morning Bid] ingest pod-reuters-morning-bid-2026-05-11-a200beb8
2026-05-11T10:42:04+00:00 [Schwab Market Update Audio] download https://mgln.ai/e/1388/afp-928686-injected.calisto.simplecas → pod-schwab-market-update-audio-2026-05-11-ebc3d9a2.mp3
2026-05-11T10:42:10+00:00 [Schwab Market Update Audio] ingest pod-schwab-market-update-audio-2026-05-11-ebc3d9a2
2026-05-11T10:42:50+00:00 [Morning Brew Daily] 0 new episodes (last_seen=2026-05-08)
2026-05-11T10:42:53+00:00 [Odd Lots] download https://podtrac.com/pts/redirect.mp3/tracking.swap.fm/track/ → pod-odd-lots-2026-05-11-e6d1af7f.mp3
2026-05-11T10:42:55+00:00 download FAIL https://podtrac.com/pts/redirect.mp3/tracking.swap.fm/track/: URLError: <urlopen error [SSL: CERTIFICATE_VERIFY_FAILED] certificate verify failed: Basic Constraints of CA cert not marked critical (_ssl.c:1032)>
2026-05-11T10:42:59+00:00 [Invest Like the Best] 0 new episodes (last_seen=2026-05-05)
2026-05-11T10:43:01+00:00 [Acquired] 0 new episodes (last_seen=2026-04-13)
2026-05-11T10:43:02+00:00 [Barron's Streetwise] 0 new episodes (last_seen=2026-05-08)
2026-05-11T10:43:04+00:00 [Motley Fool Money] 0 new episodes (last_seen=2026-05-09)
2026-05-11T10:43:04+00:00 summary: 20 feeds polled, rc_total=3221226507
2026-05-11T10:44:06+00:00 [Morning Call - BTG Pactual] 0 new episodes (last_seen=2026-05-08)
2026-05-11T10:44:08+00:00 [Morning Call XP] 0 new episodes (last_seen=2026-05-11)
2026-05-11T10:44:12+00:00 [Stock Pickers] 0 new episodes (last_seen=2026-05-03)
2026-05-11T10:44:14+00:00 [Market Makers] 0 new episodes (last_seen=2026-05-10)
2026-05-11T10:44:16+00:00 [Bloomberg Daybreak Brasil] 0 new episodes (last_seen=2026-05-11)
2026-05-11T10:44:18+00:00 [Fernando Ulrich] download https://anchor.fm/s/1c376a88/podcast/play/119730140/https%3A → pod-fernando-ulrich-2026-05-11-a70bc342.mp3
2026-05-11T10:44:37+00:00 [Fernando Ulrich] ingest pod-fernando-ulrich-2026-05-11-a70bc342
2026-05-11T10:46:47+00:00 [Empiricus Podcasts] 0 new episodes (last_seen=2026-05-09)
2026-05-11T10:46:48+00:00 [WSJ — What's News] 0 new episodes (last_seen=2026-05-11)
2026-05-11T10:46:52+00:00 [FT News Briefing] 0 new episodes (last_seen=2026-05-11)
2026-05-11T10:46:56+00:00 [Bloomberg Daybreak: US Edition] 0 new episodes (last_seen=2026-05-08)
2026-05-11T10:46:59+00:00 [Bloomberg Daybreak: Europe Edition] 0 new episodes (last_seen=2026-05-11)
2026-05-11T10:47:06+00:00 [Bloomberg Surveillance] 0 new episodes (last_seen=2026-05-08)
2026-05-11T10:47:08+00:00 [Reuters Morning Bid] 0 new episodes (last_seen=2026-05-11)
2026-05-11T10:47:10+00:00 [Schwab Market Update Audio] 0 new episodes (last_seen=2026-05-11)
2026-05-11T10:47:13+00:00 [Morning Brew Daily] 0 new episodes (last_seen=2026-05-08)
2026-05-11T10:47:16+00:00 [Odd Lots] 0 new episodes (last_seen=2026-05-11)
2026-05-11T10:47:19+00:00 [Invest Like the Best] 0 new episodes (last_seen=2026-05-05)
2026-05-11T10:47:21+00:00 [Acquired] 0 new episodes (last_seen=2026-04-13)
2026-05-11T10:47:22+00:00 [Barron's Streetwise] 0 new episodes (last_seen=2026-05-08)
2026-05-11T10:47:25+00:00 [Motley Fool Money] 0 new episodes (last_seen=2026-05-09)
2026-05-11T10:47:25+00:00 summary: 20 feeds polled, rc_total=0
