2026-05-08T15:24:33+00:00 [SMOKE-OK] attempt 1/1: .venv/Scripts/python.exe -c print('hello'); exit(0)
2026-05-08T15:24:33+00:00 [SMOKE-OK] launcher error attempt 1: FileNotFoundError: [WinError 2] The system cannot find the file specified
2026-05-08T15:24:33+00:00 [SMOKE-OK] FINAL FAIL after 1 attempts, exit=125
2026-05-08T15:24:46+00:00 [SMOKE-OK] attempt 1/1: .venv\Scripts\python.exe -c print('hello')
2026-05-08T15:24:46+00:00 [SMOKE-OK] OK on attempt 1
2026-05-08T15:24:54+00:00 [SMOKE-FAIL] attempt 1/2: .venv\Scripts\python.exe -c exit(1)
2026-05-08T15:24:54+00:00 [SMOKE-FAIL] sleeping 1s before retry
2026-05-08T15:24:55+00:00 [SMOKE-FAIL] attempt 2/2: .venv\Scripts\python.exe -c exit(1)
2026-05-08T15:24:55+00:00 [SMOKE-FAIL] FINAL FAIL after 2 attempts, exit=1
2026-05-08T19:21:04+00:00 [YT-POLL] attempt 1/3: C:\Users\paidu\investment-intelligence\.venv\Scripts\python.exe scripts\yt_poll.py --max-per-channel 2
2026-05-08T19:51:04+00:00 [YT-POLL] timeout after 1800s on attempt 1
2026-05-08T19:51:04+00:00 [YT-POLL] sleeping 60s before retry
2026-05-08T19:52:04+00:00 [YT-POLL] attempt 2/3: C:\Users\paidu\investment-intelligence\.venv\Scripts\python.exe scripts\yt_poll.py --max-per-channel 2
2026-05-08T20:03:27+00:00 [YT-POLL] OK on attempt 2
2026-05-08T20:30:02+00:00 [BR-DAILY] attempt 1/3: C:\Users\paidu\investment-intelligence\.venv\Scripts\python.exe scripts\daily_update.py
2026-05-08T20:31:55+00:00 [BR-DAILY] OK on attempt 1
2026-05-08T20:31:56+00:00 [US-DAILY] attempt 1/3: C:\Users\paidu\investment-intelligence\.venv\Scripts\python.exe scripts\daily_update_us.py
2026-05-08T20:36:40+00:00 [US-DAILY] OK on attempt 1
2026-05-08T22:39:58+00:00 [YT-POLL] attempt 1/3: C:\Users\paidu\investment-intelligence\.venv\Scripts\python.exe scripts\yt_poll.py --max-per-channel 2
2026-05-08T23:09:58+00:00 [YT-POLL] timeout after 1800s on attempt 1
2026-05-08T23:09:58+00:00 [YT-POLL] sleeping 60s before retry
2026-05-08T23:10:58+00:00 [YT-POLL] attempt 2/3: C:\Users\paidu\investment-intelligence\.venv\Scripts\python.exe scripts\yt_poll.py --max-per-channel 2
2026-05-08T23:37:37+00:00 [YT-POLL] OK on attempt 2
2026-05-09T02:34:55+00:00 [YT-POLL] attempt 1/3: C:\Users\paidu\investment-intelligence\.venv\Scripts\python.exe scripts\yt_poll.py --max-per-channel 2
2026-05-09T02:59:01+00:00 [YT-POLL] OK on attempt 1
2026-05-09T02:59:02+00:00 [POD-POLL] attempt 1/3: C:\Users\paidu\investment-intelligence\.venv\Scripts\python.exe scripts\pod_poll.py --max-per-feed 1
2026-05-09T03:29:19+00:00 [POD-POLL] timeout after 1800s on attempt 1
2026-05-09T03:29:19+00:00 [POD-POLL] sleeping 60s before retry
2026-05-09T03:30:19+00:00 [POD-POLL] attempt 2/3: C:\Users\paidu\investment-intelligence\.venv\Scripts\python.exe scripts\pod_poll.py --max-per-feed 1
2026-05-09T04:00:31+00:00 [POD-POLL] timeout after 1800s on attempt 2
2026-05-09T04:00:31+00:00 [POD-POLL] sleeping 300s before retry
2026-05-09T04:05:31+00:00 [POD-POLL] attempt 3/3: C:\Users\paidu\investment-intelligence\.venv\Scripts\python.exe scripts\pod_poll.py --max-per-feed 1
2026-05-09T04:35:32+00:00 [POD-POLL] timeout after 1800s on attempt 3
2026-05-09T04:35:32+00:00 [POD-POLL] FINAL FAIL after 3 attempts, exit=124
2026-05-09T06:34:56+00:00 [YT-POLL] attempt 1/3: C:\Users\paidu\investment-intelligence\.venv\Scripts\python.exe scripts\yt_poll.py --max-per-channel 2
2026-05-09T06:38:31+00:00 [YT-POLL] OK on attempt 1
2026-05-09T06:38:31+00:00 [POD-POLL] attempt 1/3: C:\Users\paidu\investment-intelligence\.venv\Scripts\python.exe scripts\pod_poll.py --max-per-feed 1
2026-05-09T10:34:49+00:00 [YT-POLL] attempt 1/3: C:\Users\paidu\investment-intelligence\.venv\Scripts\python.exe scripts\yt_poll.py --max-per-channel 2
2026-05-09T10:36:31+00:00 [YT-POLL] OK on attempt 1
2026-05-09T10:36:31+00:00 [POD-POLL] attempt 1/3: C:\Users\paidu\investment-intelligence\.venv\Scripts\python.exe scripts\pod_poll.py --max-per-feed 1
2026-05-09T10:59:47+00:00 [POD-POLL] sleeping 60s before retry
2026-05-09T11:00:47+00:00 [POD-POLL] attempt 2/3: C:\Users\paidu\investment-intelligence\.venv\Scripts\python.exe scripts\pod_poll.py --max-per-feed 1
2026-05-09T11:01:44+00:00 [POD-POLL] OK on attempt 2
2026-05-09T14:35:25+00:00 [YT-POLL] attempt 1/3: C:\Users\paidu\investment-intelligence\.venv\Scripts\python.exe scripts\yt_poll.py --max-per-channel 2
2026-05-09T14:42:00+00:00 [YT-POLL] OK on attempt 1
2026-05-09T14:42:00+00:00 [POD-POLL] attempt 1/3: C:\Users\paidu\investment-intelligence\.venv\Scripts\python.exe scripts\pod_poll.py --max-per-feed 1
2026-05-09T14:45:09+00:00 [POD-POLL] sleeping 60s before retry
2026-05-09T14:46:09+00:00 [POD-POLL] attempt 2/3: C:\Users\paidu\investment-intelligence\.venv\Scripts\python.exe scripts\pod_poll.py --max-per-feed 1
2026-05-09T14:47:05+00:00 [POD-POLL] OK on attempt 2
2026-05-09T18:35:36+00:00 [YT-POLL] attempt 1/3: C:\Users\paidu\investment-intelligence\.venv\Scripts\python.exe scripts\yt_poll.py --max-per-channel 2
2026-05-09T18:44:23+00:00 [YT-POLL] OK on attempt 1
2026-05-09T18:44:23+00:00 [POD-POLL] attempt 1/3: C:\Users\paidu\investment-intelligence\.venv\Scripts\python.exe scripts\pod_poll.py --max-per-feed 1
2026-05-09T18:45:52+00:00 [POD-POLL] OK on attempt 1
2026-05-09T20:30:02+00:00 [BR-DAILY] attempt 1/3: C:\Users\paidu\investment-intelligence\.venv\Scripts\python.exe scripts\daily_update.py
2026-05-09T20:31:53+00:00 [BR-DAILY] OK on attempt 1
2026-05-09T20:31:53+00:00 [US-DAILY] attempt 1/3: C:\Users\paidu\investment-intelligence\.venv\Scripts\python.exe scripts\daily_update_us.py
2026-05-09T20:36:11+00:00 [US-DAILY] OK on attempt 1
2026-05-09T20:38:16+00:00 [PERPETUUM] attempt 1/2: C:\Users\paidu\investment-intelligence\.venv\Scripts\python.exe agents\perpetuum_master.py
2026-05-09T20:38:35+00:00 [PERPETUUM] OK on attempt 1
2026-05-09T20:39:05+00:00 [TELEGRAM-BRIEF] attempt 1/3: C:\Users\paidu\investment-intelligence\.venv\Scripts\python.exe scripts\captains_log_telegram.py --silent
2026-05-09T20:39:07+00:00 [TELEGRAM-BRIEF] OK on attempt 1
2026-05-09T22:34:57+00:00 [YT-POLL] attempt 1/3: C:\Users\paidu\investment-intelligence\.venv\Scripts\python.exe scripts\yt_poll.py --max-per-channel 2
2026-05-09T22:35:18+00:00 [YT-POLL] OK on attempt 1
2026-05-09T22:35:18+00:00 [POD-POLL] attempt 1/3: C:\Users\paidu\investment-intelligence\.venv\Scripts\python.exe scripts\pod_poll.py --max-per-feed 1
2026-05-09T22:38:32+00:00 [POD-POLL] OK on attempt 1
2026-05-10T02:34:45+00:00 [YT-POLL] attempt 1/3: C:\Users\paidu\investment-intelligence\.venv\Scripts\python.exe scripts\yt_poll.py --max-per-channel 2
2026-05-10T02:35:09+00:00 [YT-POLL] OK on attempt 1
2026-05-10T02:35:10+00:00 [POD-POLL] attempt 1/3: C:\Users\paidu\investment-intelligence\.venv\Scripts\python.exe scripts\pod_poll.py --max-per-feed 1
2026-05-10T02:36:05+00:00 [POD-POLL] OK on attempt 1
2026-05-10T06:42:40+00:00 [YT-POLL] attempt 1/3: C:\Users\paidu\investment-intelligence\.venv\Scripts\python.exe scripts\yt_poll.py --max-per-channel 2
2026-05-10T06:43:05+00:00 [YT-POLL] OK on attempt 1
2026-05-10T06:43:05+00:00 [POD-POLL] attempt 1/3: C:\Users\paidu\investment-intelligence\.venv\Scripts\python.exe scripts\pod_poll.py --max-per-feed 1
2026-05-10T06:44:11+00:00 [POD-POLL] OK on attempt 1
2026-05-10T10:35:26+00:00 [YT-POLL] attempt 1/3: C:\Users\paidu\investment-intelligence\.venv\Scripts\python.exe scripts\yt_poll.py --max-per-channel 2
2026-05-10T10:38:26+00:00 [YT-POLL] OK on attempt 1
2026-05-10T10:38:26+00:00 [POD-POLL] attempt 1/3: C:\Users\paidu\investment-intelligence\.venv\Scripts\python.exe scripts\pod_poll.py --max-per-feed 1
2026-05-10T10:41:13+00:00 [POD-POLL] OK on attempt 1
2026-05-10T18:36:05+00:00 [YT-POLL] attempt 1/3: C:\Users\paidu\investment-intelligence\.venv\Scripts\python.exe scripts\yt_poll.py --max-per-channel 2
2026-05-10T20:30:02+00:00 [BR-DAILY] attempt 1/3: C:\Users\paidu\investment-intelligence\.venv\Scripts\python.exe scripts\daily_update.py
2026-05-10T20:32:44+00:00 [BR-DAILY] OK on attempt 1
2026-05-10T20:32:44+00:00 [US-DAILY] attempt 1/3: C:\Users\paidu\investment-intelligence\.venv\Scripts\python.exe scripts\daily_update_us.py
2026-05-10T20:37:17+00:00 [US-DAILY] OK on attempt 1
2026-05-10T20:39:25+00:00 [PERPETUUM] attempt 1/2: C:\Users\paidu\investment-intelligence\.venv\Scripts\python.exe agents\perpetuum_master.py
2026-05-10T20:39:47+00:00 [PERPETUUM] OK on attempt 1
2026-05-10T20:40:03+00:00 [TELEGRAM-BRIEF] attempt 1/3: C:\Users\paidu\investment-intelligence\.venv\Scripts\python.exe scripts\captains_log_telegram.py --silent
2026-05-10T20:40:05+00:00 [TELEGRAM-BRIEF] OK on attempt 1
2026-05-10T20:40:06+00:00 [DESIGN-SCOUT] attempt 1/3: C:\Users\paidu\investment-intelligence\.venv\Scripts\python.exe scripts\design_research.py
2026-05-10T20:40:38+00:00 [DESIGN-SCOUT] OK on attempt 1
2026-05-10T22:34:48+00:00 [YT-POLL] attempt 1/3: C:\Users\paidu\investment-intelligence\.venv\Scripts\python.exe scripts\yt_poll.py --max-per-channel 2
2026-05-10T22:36:39+00:00 [YT-POLL] OK on attempt 1
2026-05-10T22:36:40+00:00 [POD-POLL] attempt 1/3: C:\Users\paidu\investment-intelligence\.venv\Scripts\python.exe scripts\pod_poll.py --max-per-feed 1
2026-05-10T22:40:07+00:00 [POD-POLL] OK on attempt 1
2026-05-11T02:34:50+00:00 [YT-POLL] attempt 1/3: C:\Users\paidu\investment-intelligence\.venv\Scripts\python.exe scripts\yt_poll.py --max-per-channel 2
2026-05-11T02:36:58+00:00 [YT-POLL] OK on attempt 1
2026-05-11T02:36:58+00:00 [POD-POLL] attempt 1/3: C:\Users\paidu\investment-intelligence\.venv\Scripts\python.exe scripts\pod_poll.py --max-per-feed 1
2026-05-11T02:37:57+00:00 [POD-POLL] OK on attempt 1
2026-05-11T06:34:44+00:00 [YT-POLL] attempt 1/3: C:\Users\paidu\investment-intelligence\.venv\Scripts\python.exe scripts\yt_poll.py --max-per-channel 2
2026-05-11T06:38:55+00:00 [YT-POLL] OK on attempt 1
2026-05-11T06:38:55+00:00 [POD-POLL] attempt 1/3: C:\Users\paidu\investment-intelligence\.venv\Scripts\python.exe scripts\pod_poll.py --max-per-feed 1
2026-05-11T06:40:19+00:00 [POD-POLL] OK on attempt 1
2026-05-11T10:35:00+00:00 [YT-POLL] attempt 1/3: C:\Users\paidu\investment-intelligence\.venv\Scripts\python.exe scripts\yt_poll.py --max-per-channel 2
2026-05-11T10:39:50+00:00 [YT-POLL] OK on attempt 1
2026-05-11T10:39:50+00:00 [POD-POLL] attempt 1/3: C:\Users\paidu\investment-intelligence\.venv\Scripts\python.exe scripts\pod_poll.py --max-per-feed 1
2026-05-11T10:43:04+00:00 [POD-POLL] sleeping 60s before retry
2026-05-11T10:44:04+00:00 [POD-POLL] attempt 2/3: C:\Users\paidu\investment-intelligence\.venv\Scripts\python.exe scripts\pod_poll.py --max-per-feed 1
2026-05-11T10:47:25+00:00 [POD-POLL] OK on attempt 2
