{"ts": "2026-05-11T10:09:02Z", "event": "discovery_start", "n": 54, "verify": true}
{"ts": "2026-05-11T10:11:56Z", "event": "resolved", "ticker": "BTLG12", "name": "BTG Logística 12 (residual)", "status": "failed", "method": "unknown", "verified": null, "url": null, "notes": "all 15 name-heuristic candidates failed; Tavily defer"}
{"ts": "2026-05-11T10:14:26Z", "event": "resolved", "ticker": "ABCB4", "name": "Banco ABC Brasil", "status": "failed", "method": "unknown", "verified": null, "url": null, "notes": "all 15 name-heuristic candidates failed; Tavily defer"}
{"ts": "2026-05-11T10:14:37Z", "event": "resolved", "ticker": "AXIA7", "name": "Axia Energia", "status": "ok", "method": "known", "verified": false, "url": "https://ri.axiaenergia.com.br/", "notes": "known — UNVERIFIED (fetch failed (timeout/conn/SSL)); kept anyway, review"}
{"ts": "2026-05-11T10:14:38Z", "event": "resolved", "ticker": "BBAS3", "name": "Banco do Brasil", "status": "ok", "method": "known", "verified": true, "url": "https://ri.bb.com.br/", "notes": "known — verified: full-name slug 'bancodobrasil' present"}
{"ts": "2026-05-11T10:14:40Z", "event": "resolved", "ticker": "HGLG11", "name": "CSHG Logística", "status": "ok", "method": "fii_heuristic", "verified": true, "url": "https://www.fiis.com.br/hglg11/", "notes": "fiis.com.br — verified: distinctive token 'stica'"}
{"ts": "2026-05-11T10:17:21Z", "event": "resolved", "ticker": "ISAE4", "name": "ISA Energia Brasil (ex-CTEEP)", "status": "ok", "method": "tavily", "verified": true, "url": "https://ri.isaenergiabrasil.com.br/en/isa-energia/corporate-profile", "notes": "tavily — verified: distinctive token 'cteep'"}
{"ts": "2026-05-11T10:17:22Z", "event": "resolved", "ticker": "KNRI11", "name": "Kinea Renda Imobiliária", "status": "ok", "method": "fii_heuristic", "verified": true, "url": "https://www.fiis.com.br/knri11/", "notes": "fiis.com.br — verified: distinctive token 'kinea'"}
{"ts": "2026-05-11T10:19:35Z", "event": "resolved", "ticker": "SANB11", "name": "Santander BR", "status": "ok", "method": "tavily", "verified": true, "url": "https://www.santander.com/en/shareholders-and-investors", "notes": "tavily — verified: distinctive token 'santander'"}
{"ts": "2026-05-11T10:19:46Z", "event": "resolved", "ticker": "TUPY3", "name": "Tupy", "status": "ok", "method": "known", "verified": false, "url": "https://ri.tupy.com.br/", "notes": "known — UNVERIFIED (fetch failed (timeout/conn/SSL)); kept anyway, review"}
{"ts": "2026-05-11T10:19:47Z", "event": "resolved", "ticker": "UNIP6", "name": "Unipar", "status": "ok", "method": "known", "verified": false, "url": "https://ri.unipar.com/", "notes": "known — UNVERIFIED (HTTP 403); kept anyway, review"}
{"ts": "2026-05-11T10:21:33Z", "event": "resolved", "ticker": "WIZC3", "name": "Wiz Co", "status": "failed", "method": "unknown", "verified": null, "url": null, "notes": "all 9 name-heuristic candidates failed; Tavily defer"}
{"ts": "2026-05-11T10:21:34Z", "event": "resolved", "ticker": "BN", "name": "Brookfield Corp", "status": "ok", "method": "known", "verified": true, "url": "https://bn.brookfield.com/", "notes": "known — verified: full-name slug 'brookfield' present"}
{"ts": "2026-05-11T10:21:46Z", "event": "resolved", "ticker": "ABM", "name": "ABM Industries", "status": "ok", "method": "known", "verified": false, "url": "https://investor.abm.com/", "notes": "known — UNVERIFIED (fetch failed (timeout/conn/SSL)); kept anyway, review"}
{"ts": "2026-05-11T10:21:59Z", "event": "resolved", "ticker": "ABT", "name": "Abbott Laboratories", "status": "ok", "method": "known", "verified": false, "url": "https://www.abbottinvestor.com/", "notes": "known — UNVERIFIED (fetch failed (timeout/conn/SSL)); kept anyway, review"}
{"ts": "2026-05-11T10:22:00Z", "event": "resolved", "ticker": "ADM", "name": "Archer-Daniels-Midland", "status": "ok", "method": "known", "verified": true, "url": "https://investors.adm.com/", "notes": "known — verified: full-name slug 'archerdanielsmidland' present"}
{"ts": "2026-05-11T10:22:02Z", "event": "resolved", "ticker": "ADP", "name": "Automatic Data Processing", "status": "ok", "method": "known", "verified": true, "url": "https://investors.adp.com/", "notes": "known — verified: full-name slug 'automaticdataprocessing' present"}
{"ts": "2026-05-11T10:22:14Z", "event": "resolved", "ticker": "AOS", "name": "A. O. Smith", "status": "ok", "method": "known", "verified": false, "url": "https://investor.aosmith.com/", "notes": "known — UNVERIFIED (fetch failed (timeout/conn/SSL)); kept anyway, review"}
{"ts": "2026-05-11T10:22:27Z", "event": "resolved", "ticker": "APD", "name": "Air Products and Chemicals", "status": "ok", "method": "known", "verified": false, "url": "https://investors.airproducts.com/", "notes": "known — UNVERIFIED (fetch failed (timeout/conn/SSL)); kept anyway, review"}
C:\Users\paidu\AppData\Local\Programs\Python\Python311\Lib\site-packages\urllib3\connectionpool.py:1097: InsecureRequestWarning: Unverified HTTPS request is being made to host 'ir.aswater.com'. Adding certificate verification is strongly advised. See: https://urllib3.readthedocs.io/en/latest/advanced-usage.html#tls-warnings
  warnings.warn(
C:\Users\paidu\AppData\Local\Programs\Python\Python311\Lib\site-packages\urllib3\connectionpool.py:1097: InsecureRequestWarning: Unverified HTTPS request is being made to host 'ir.aswater.com'. Adding certificate verification is strongly advised. See: https://urllib3.readthedocs.io/en/latest/advanced-usage.html#tls-warnings
  warnings.warn(
{"ts": "2026-05-11T10:22:28Z", "event": "resolved", "ticker": "AWR", "name": "American States Water", "status": "ok", "method": "known", "verified": false, "url": "https://ir.aswater.com/", "notes": "known — UNVERIFIED (parked/error page ('page not found')); kept anyway, review"}
{"ts": "2026-05-11T10:22:29Z", "event": "resolved", "ticker": "BDX", "name": "Becton Dickinson", "status": "ok", "method": "known", "verified": true, "url": "https://investors.bd.com/", "notes": "known — verified: distinctive token 'becton'"}
{"ts": "2026-05-11T10:22:31Z", "event": "resolved", "ticker": "BF-B", "name": "Brown-Forman (Class B)", "status": "ok", "method": "known", "verified": true, "url": "https://investors.brown-forman.com/", "notes": "known — verified: distinctive token 'brown'"}
{"ts": "2026-05-11T10:22:42Z", "event": "resolved", "ticker": "BKH", "name": "Black Hills Corporation", "status": "ok", "method": "known", "verified": false, "url": "https://investors.blackhillscorp.com/", "notes": "known — UNVERIFIED (fetch failed (timeout/conn/SSL)); kept anyway, review"}
{"ts": "2026-05-11T10:22:43Z", "event": "resolved", "ticker": "BRO", "name": "Brown & Brown", "status": "ok", "method": "known", "verified": true, "url": "https://investor.bbrown.com/", "notes": "known — verified: distinctive token 'brown'"}
{"ts": "2026-05-11T10:22:44Z", "event": "resolved", "ticker": "CBSH", "name": "Commerce Bancshares", "status": "ok", "method": "known", "verified": false, "url": "https://investor.commercebancshares.com/", "notes": "known — UNVERIFIED (fetch failed (timeout/conn/SSL)); kept anyway, review"}
{"ts": "2026-05-11T10:22:57Z", "event": "resolved", "ticker": "CL", "name": "Colgate-Palmolive", "status": "ok", "method": "known", "verified": false, "url": "https://investor.colgatepalmolive.com/", "notes": "known — UNVERIFIED (fetch failed (timeout/conn/SSL)); kept anyway, review"}
{"ts": "2026-05-11T10:22:58Z", "event": "resolved", "ticker": "CLX", "name": "Clorox", "status": "ok", "method": "known", "verified": true, "url": "https://investors.thecloroxcompany.com/", "notes": "known — verified: full-name slug 'clorox' present"}
{"ts": "2026-05-11T10:23:09Z", "event": "resolved", "ticker": "CWT", "name": "California Water Service", "status": "ok", "method": "known", "verified": false, "url": "https://ir.calwatergroup.com/", "notes": "known — UNVERIFIED (fetch failed (timeout/conn/SSL)); kept anyway, review"}
{"ts": "2026-05-11T10:23:20Z", "event": "resolved", "ticker": "ED", "name": "Consolidated Edison", "status": "ok", "method": "known", "verified": false, "url": "https://investor.conedison.com/", "notes": "known — UNVERIFIED (fetch failed (timeout/conn/SSL)); kept anyway, review"}
{"ts": "2026-05-11T10:23:23Z", "event": "resolved", "ticker": "ERIE", "name": "Erie Indemnity", "status": "ok", "method": "known", "verified": false, "url": "https://www.erie.com/about-erie/investor-relations", "notes": "known — UNVERIFIED (HTTP 404); kept anyway, review"}
{"ts": "2026-05-11T10:23:36Z", "event": "resolved", "ticker": "ES", "name": "Eversource Energy", "status": "ok", "method": "known", "verified": false, "url": "https://investors.eversource.com/", "notes": "known — UNVERIFIED (fetch failed (timeout/conn/SSL)); kept anyway, review"}
{"ts": "2026-05-11T10:23:49Z", "event": "resolved", "ticker": "FDS", "name": "FactSet", "status": "ok", "method": "known", "verified": false, "url": "https://investor.factset.com/", "notes": "known — UNVERIFIED (fetch failed (timeout/conn/SSL)); kept anyway, review"}
{"ts": "2026-05-11T10:24:00Z", "event": "resolved", "ticker": "FRT", "name": "Federal Realty Inv. Trust", "status": "ok", "method": "known", "verified": false, "url": "https://investors.federalrealty.com/", "notes": "known — UNVERIFIED (fetch failed (timeout/conn/SSL)); kept anyway, review"}
{"ts": "2026-05-11T10:24:11Z", "event": "resolved", "ticker": "GPC", "name": "Genuine Parts Company", "status": "ok", "method": "known", "verified": false, "url": "https://investor.genpt.com/", "notes": "known — UNVERIFIED (fetch failed (timeout/conn/SSL)); kept anyway, review"}
{"ts": "2026-05-11T10:24:22Z", "event": "resolved", "ticker": "GRC", "name": "Gorman-Rupp", "status": "ok", "method": "known", "verified": false, "url": "https://investors.gormanrupp.com/", "notes": "known — UNVERIFIED (fetch failed (timeout/conn/SSL)); kept anyway, review"}
{"ts": "2026-05-11T10:24:24Z", "event": "resolved", "ticker": "GWW", "name": "W.W. Grainger", "status": "ok", "method": "known", "verified": true, "url": "https://invest.grainger.com/", "notes": "known — verified: full-name slug 'wwgrainger' present"}
{"ts": "2026-05-11T10:24:25Z", "event": "resolved", "ticker": "IBM", "name": "International Business Machines", "status": "ok", "method": "known", "verified": true, "url": "https://www.ibm.com/investor", "notes": "known — verified: distinctive token 'business'"}
{"ts": "2026-05-11T10:24:26Z", "event": "resolved", "ticker": "ITW", "name": "Illinois Tool Works", "status": "ok", "method": "known", "verified": true, "url": "https://investor.itw.com/", "notes": "known — verified: full-name slug 'illinoistoolworks' present"}
{"ts": "2026-05-11T10:24:39Z", "event": "resolved", "ticker": "KMB", "name": "Kimberly-Clark", "status": "ok", "method": "known", "verified": false, "url": "https://investor.kimberly-clark.com/", "notes": "known — UNVERIFIED (fetch failed (timeout/conn/SSL)); kept anyway, review"}
{"ts": "2026-05-11T10:24:50Z", "event": "resolved", "ticker": "LEG", "name": "Leggett & Platt", "status": "ok", "method": "known", "verified": false, "url": "https://investors.leggett.com/", "notes": "known — UNVERIFIED (fetch failed (timeout/conn/SSL)); kept anyway, review"}
{"ts": "2026-05-11T10:24:51Z", "event": "resolved", "ticker": "MDT", "name": "Medtronic", "status": "ok", "method": "known", "verified": true, "url": "https://investorrelations.medtronic.com/", "notes": "known — verified: full-name slug 'medtronic' present"}
{"ts": "2026-05-11T10:25:04Z", "event": "resolved", "ticker": "MKC", "name": "McCormick & Company", "status": "ok", "method": "known", "verified": false, "url": "https://ir.mccormick.com/", "notes": "known — UNVERIFIED (fetch failed (timeout/conn/SSL)); kept anyway, review"}
{"ts": "2026-05-11T10:25:04Z", "event": "resolved", "ticker": "MSEX", "name": "Middlesex Water", "status": "ok", "method": "known", "verified": false, "url": "https://www.middlesexwater.com/category/investors/", "notes": "known — UNVERIFIED (HTTP 415); kept anyway, review"}
{"ts": "2026-05-11T10:25:06Z", "event": "resolved", "ticker": "MSFT", "name": "Microsoft", "status": "ok", "method": "known", "verified": true, "url": "https://www.microsoft.com/en-us/investor", "notes": "known — verified: full-name slug 'microsoft' present"}
{"ts": "2026-05-11T10:25:18Z", "event": "resolved", "ticker": "PNR", "name": "Pentair", "status": "ok", "method": "known", "verified": false, "url": "https://investors.pentair.com/", "notes": "known — UNVERIFIED (fetch failed (timeout/conn/SSL)); kept anyway, review"}
C:\Users\paidu\AppData\Local\Programs\Python\Python311\Lib\site-packages\urllib3\connectionpool.py:1097: InsecureRequestWarning: Unverified HTTPS request is being made to host 'www.stepan.com'. Adding certificate verification is strongly advised. See: https://urllib3.readthedocs.io/en/latest/advanced-usage.html#tls-warnings
  warnings.warn(
C:\Users\paidu\AppData\Local\Programs\Python\Python311\Lib\site-packages\urllib3\connectionpool.py:1097: InsecureRequestWarning: Unverified HTTPS request is being made to host 'stepan.gcs-web.com'. Adding certificate verification is strongly advised. See: https://urllib3.readthedocs.io/en/latest/advanced-usage.html#tls-warnings
  warnings.warn(
{"ts": "2026-05-11T10:25:32Z", "event": "resolved", "ticker": "SCL", "name": "Stepan Company", "status": "ok", "method": "known", "verified": false, "url": "https://www.stepan.com/content/stepan-dot-com/en/investors.html", "notes": "known — UNVERIFIED (fetch failed (timeout/conn/SSL)); kept anyway, review"}
{"ts": "2026-05-11T10:25:33Z", "event": "resolved", "ticker": "SHW", "name": "Sherwin-Williams", "status": "ok", "method": "known", "verified": true, "url": "https://investors.sherwin-williams.com/", "notes": "known — verified: full-name slug 'sherwinwilliams' present"}
{"ts": "2026-05-11T10:25:45Z", "event": "resolved", "ticker": "SWK", "name": "Stanley Black & Decker", "status": "ok", "method": "known", "verified": false, "url": "https://www.stanleyblackanddecker.com/investors", "notes": "known — UNVERIFIED (fetch failed (timeout/conn/SSL)); kept anyway, review"}
{"ts": "2026-05-11T10:25:46Z", "event": "resolved", "ticker": "SYY", "name": "Sysco", "status": "ok", "method": "known", "verified": true, "url": "https://investors.sysco.com/", "notes": "known — verified: full-name slug 'sysco' present"}
{"ts": "2026-05-11T10:25:48Z", "event": "resolved", "ticker": "TDS", "name": "Telephone and Data Systems", "status": "ok", "method": "known", "verified": true, "url": "https://investors.tdsinc.com/", "notes": "known — verified: full-name slug 'telephoneanddatasystems' present"}
{"ts": "2026-05-11T10:25:49Z", "event": "resolved", "ticker": "TNC", "name": "Tennant", "status": "ok", "method": "known", "verified": true, "url": "https://investors.tennantco.com/", "notes": "known — verified: full-name slug 'tennant' present"}
{"ts": "2026-05-11T10:25:51Z", "event": "resolved", "ticker": "TR", "name": "Tootsie Roll Industries", "status": "ok", "method": "known", "verified": false, "url": "https://www.tootsie.com/about/investor-relations", "notes": "known — UNVERIFIED (HTTP 403); kept anyway, review"}
{"ts": "2026-05-11T10:26:03Z", "event": "resolved", "ticker": "TROW", "name": "T. Rowe Price", "status": "ok", "method": "known", "verified": false, "url": "https://investors.troweprice.com/", "notes": "known — UNVERIFIED (fetch failed (timeout/conn/SSL)); kept anyway, review"}
{"ts": "2026-05-11T10:26:08Z", "event": "resolved", "ticker": "UVV", "name": "Universal Corporation", "status": "ok", "method": "known", "verified": false, "url": "https://www.universalcorp.com/investor-relations/", "notes": "known — UNVERIFIED (HTTP 404); kept anyway, review"}
{"ts": "2026-05-11T10:26:10Z", "event": "resolved", "ticker": "WST", "name": "West Pharmaceutical Services", "status": "ok", "method": "known", "verified": false, "url": "https://investors.westpharma.com/", "notes": "known — UNVERIFIED (fetch failed (timeout/conn/SSL)); kept anyway, review"}
{"ts": "2026-05-11T10:26:10Z", "event": "discovery_done", "ok": 51, "fail": 3, "skip": 0, "tavily_used": 5, "out": "config\\ri_urls.yaml"}

=== DONE ===  processed 54 | ok=51 failed=3 skipped=0 tavily_used=5
output: C:\Users\paidu\investment-intelligence\config\ri_urls.yaml
