{"ts": "2026-04-16T17:45:48Z", "event": "sec_fetch_start", "tickers": 1, "forms": ["10-K", "10-Q", "20-F", "6-K", "8-K", "DEF 14A"], "lookback_days": 180}
{"ts": "2026-04-16T17:45:49Z", "event": "sec_cik_map_loaded", "entries": 10391}
{"ts": "2026-04-16T17:45:50Z", "event": "sec_ticker_done", "ticker": "JNJ", "filings": 5, "inserted": 5}
{"ts": "2026-04-16T17:45:50Z", "event": "sec_all_done", "tickers": 1, "total_inserted": 5}
{"ts": "2026-04-16T17:45:56Z", "event": "sec_fetch_start", "tickers": "all", "forms": ["10-K", "10-Q", "20-F", "6-K", "8-K", "DEF 14A"], "lookback_days": 180}
{"ts": "2026-04-16T17:45:56Z", "event": "sec_cik_map_loaded", "entries": 10391}
{"ts": "2026-04-16T17:45:57Z", "event": "sec_ticker_done", "ticker": "JNJ", "filings": 5, "inserted": 0}
{"ts": "2026-04-16T17:45:58Z", "event": "sec_ticker_done", "ticker": "JPM", "filings": 13, "inserted": 13}
{"ts": "2026-04-16T17:45:59Z", "event": "sec_ticker_done", "ticker": "BLK", "filings": 8, "inserted": 8}
{"ts": "2026-04-16T17:45:59Z", "event": "sec_ticker_done", "ticker": "O", "filings": 16, "inserted": 16}
{"ts": "2026-04-16T17:46:00Z", "event": "sec_ticker_done", "ticker": "TSM", "filings": 29, "inserted": 29}
{"ts": "2026-04-16T17:46:00Z", "event": "sec_ticker_done", "ticker": "PG", "filings": 11, "inserted": 11}
{"ts": "2026-04-16T17:46:00Z", "event": "sec_ticker_done", "ticker": "TEN", "filings": 4, "inserted": 4}
{"ts": "2026-04-16T17:46:01Z", "event": "sec_ticker_done", "ticker": "AAPL", "filings": 8, "inserted": 8}
{"ts": "2026-04-16T17:46:01Z", "event": "sec_ticker_done", "ticker": "TSLA", "filings": 7, "inserted": 7}
{"ts": "2026-04-16T17:46:02Z", "event": "sec_ticker_done", "ticker": "GS", "filings": 13, "inserted": 13}
{"ts": "2026-04-16T17:46:02Z", "event": "sec_ticker_done", "ticker": "KO", "filings": 8, "inserted": 8}
{"ts": "2026-04-16T17:46:02Z", "event": "ticker_not_found", "ticker": "BRK-B", "sec_key": "BRKB"}
{"ts": "2026-04-16T17:46:02Z", "event": "sec_ticker_done", "ticker": "XP", "filings": 7, "inserted": 7}
{"ts": "2026-04-16T17:46:02Z", "event": "ticker_not_found", "ticker": "GREK", "sec_key": "GREK"}
{"ts": "2026-04-16T17:46:03Z", "event": "sec_ticker_done", "ticker": "HD", "filings": 7, "inserted": 7}
{"ts": "2026-04-16T17:46:03Z", "event": "sec_ticker_done", "ticker": "BN", "filings": 14, "inserted": 14}
{"ts": "2026-04-16T17:46:03Z", "event": "sec_ticker_done", "ticker": "PLD", "filings": 9, "inserted": 9}
{"ts": "2026-04-16T17:46:04Z", "event": "sec_ticker_done", "ticker": "PLTR", "filings": 4, "inserted": 4}
{"ts": "2026-04-16T17:46:04Z", "event": "sec_ticker_done", "ticker": "TFC", "filings": 10, "inserted": 10}
{"ts": "2026-04-16T17:46:04Z", "event": "sec_ticker_done", "ticker": "NU", "filings": 12, "inserted": 12}
{"ts": "2026-04-16T17:46:05Z", "event": "sec_ticker_done", "ticker": "ACN", "filings": 6, "inserted": 6}
{"ts": "2026-04-16T17:46:05Z", "event": "sec_ticker_done", "ticker": "TTD", "filings": 10, "inserted": 10}
{"ts": "2026-04-16T17:46:06Z", "event": "sec_ticker_done", "ticker": "V", "filings": 12, "inserted": 12}
{"ts": "2026-04-16T17:46:06Z", "event": "sec_ticker_done", "ticker": "MCD", "filings": 6, "inserted": 6}
{"ts": "2026-04-16T17:46:07Z", "event": "sec_ticker_done", "ticker": "PEP", "filings": 8, "inserted": 8}
{"ts": "2026-04-16T17:46:08Z", "event": "sec_ticker_done", "ticker": "ABBV", "filings": 9, "inserted": 9}
{"ts": "2026-04-16T17:46:09Z", "event": "sec_ticker_done", "ticker": "MSFT", "filings": 6, "inserted": 6}
{"ts": "2026-04-16T17:46:09Z", "event": "sec_all_done", "tickers": 27, "total_inserted": 237}
{"ts": "2026-04-16T17:46:47Z", "event": "sec_fetch_start", "tickers": 1, "forms": ["10-K", "10-Q", "20-F", "6-K", "8-K", "DEF 14A"], "lookback_days": 180}
{"ts": "2026-04-16T17:46:47Z", "event": "sec_cik_map_loaded", "entries": 10391}
{"ts": "2026-04-16T17:46:48Z", "event": "sec_ticker_done", "ticker": "BRK-B", "filings": 8, "inserted": 8}
{"ts": "2026-04-16T17:46:48Z", "event": "sec_all_done", "tickers": 1, "total_inserted": 8}
