{"ts": "2026-04-29T22:25:21+00:00", "level": "info", "event": "not_fired", "trigger_id": "jnj_dip_10", "ticker": "JNJ", "market": "us", "kind": "price_drop_from_high", "snapshot": {"price": 227.35, "price_date": "2026-04-29", "high_lookback": 248.56, "lookback_days": 90, "drop_pct": -8.53, "threshold_pct": -10.0}}
{"ts": "2026-04-29T22:25:21+00:00", "level": "info", "event": "not_fired", "trigger_id": "ko_cheap_dy", "ticker": "KO", "market": "us", "kind": "dy_percentile_vs_own_history", "snapshot": {"price": 78.87, "price_date": "2026-04-29", "dy_now_pct": 2.612, "dy_threshold_pct": 3.261, "percentile": 75.0, "lookback_years": 10, "obs": 121}}
{"ts": "2026-04-29T22:25:21+00:00", "level": "info", "event": "not_fired", "trigger_id": "pg_cheap_dy", "ticker": "PG", "market": "us", "kind": "dy_percentile_vs_own_history", "snapshot": {"price": 146.46, "price_date": "2026-04-29", "dy_now_pct": 2.909, "dy_threshold_pct": 2.973, "percentile": 75.0, "lookback_years": 10, "obs": 121}}
{"ts": "2026-04-29T22:25:21+00:00", "level": "info", "event": "not_fired", "trigger_id": "aapl_dip_15", "ticker": "AAPL", "market": "us", "kind": "price_drop_from_high", "snapshot": {"price": 270.17, "price_date": "2026-04-29", "high_lookback": 278.12, "lookback_days": 120, "drop_pct": -2.86, "threshold_pct": -15.0}}
{"ts": "2026-04-29T22:25:21+00:00", "level": "info", "event": "not_fired", "trigger_id": "tsm_dip_15", "ticker": "TSM", "market": "us", "kind": "price_drop_from_high", "snapshot": {"price": 393.83, "price_date": "2026-04-29", "high_lookback": 404.98, "lookback_days": 90, "drop_pct": -2.75, "threshold_pct": -15.0}}
{"ts": "2026-04-29T22:25:21+00:00", "level": "info", "event": "not_fired", "trigger_id": "trow_dy_5p5", "ticker": "TROW", "market": "us", "kind": "dy_above_pct", "snapshot": {"price": 100.47, "price_date": "2026-04-29", "div_t12": 5.11, "dy_pct": 5.086, "threshold_pct": 5.5}}
{"ts": "2026-04-29T22:25:21+00:00", "level": "info", "event": "not_fired", "trigger_id": "mkc_dy_4p0", "ticker": "MKC", "market": "us", "kind": "dy_above_pct", "snapshot": {"price": 50.54, "price_date": "2026-04-29", "div_t12": 1.86, "dy_pct": 3.68, "threshold_pct": 4.0}}
{"ts": "2026-04-29T22:25:21+00:00", "level": "info", "event": "not_fired", "trigger_id": "adp_dy_3p8", "ticker": "ADP", "market": "us", "kind": "dy_above_pct", "snapshot": {"price": 215.06, "price_date": "2026-04-29", "div_t12": 6.48, "dy_pct": 3.013, "threshold_pct": 3.8}}
{"ts": "2026-04-29T22:25:21+00:00", "level": "info", "event": "not_fired", "trigger_id": "abbv_drop_20", "ticker": "ABBV", "market": "us", "kind": "price_drop_from_high", "snapshot": {"price": 203.89, "price_date": "2026-04-29", "high_lookback": 236.28, "lookback_days": 180, "drop_pct": -13.71, "threshold_pct": -20.0}}
{"ts": "2026-04-29T22:25:21+00:00", "level": "info", "event": "not_fired", "trigger_id": "tgt_drop_15", "ticker": "TGT", "market": "us", "kind": "price_drop_from_high", "snapshot": {"price": 127.87, "price_date": "2026-04-29", "high_lookback": 132.1, "lookback_days": 120, "drop_pct": -3.2, "threshold_pct": -15.0}}
{"ts": "2026-04-29T22:25:21+00:00", "level": "info", "event": "not_fired", "trigger_id": "quality/altman-distress/AAPL", "ticker": "AAPL", "market": "us", "kind": "altman_distress", "snapshot": {"z_score": 10.702, "zone": "safe", "threshold_z": 1.81, "period_end": "2025-09-30", "confidence": "high"}}
{"ts": "2026-04-29T22:25:21+00:00", "level": "info", "event": "not_fired", "trigger_id": "quality/altman-distress/ABBV", "ticker": "ABBV", "market": "us", "kind": "altman_distress", "snapshot": {"z_score": 1.955, "zone": "grey", "threshold_z": 1.81, "period_end": "2025-12-31", "confidence": "high"}}
{"ts": "2026-04-29T22:25:21+00:00", "level": "info", "event": "not_fired", "trigger_id": "quality/altman-distress/ACN", "ticker": "ACN", "market": "us", "kind": "altman_distress", "snapshot": {"z_score": 4.205, "zone": "safe", "threshold_z": 1.81, "period_end": "2025-08-31", "confidence": "high"}}
{"ts": "2026-04-29T22:25:21+00:00", "level": "info", "event": "not_fired", "trigger_id": "quality/altman-distress/BLK", "ticker": "BLK", "market": "us", "kind": "altman_distress", "snapshot": {"reason": "not_applicable", "detail": "Altman não se aplica a sector 'Financials'"}}
{"ts": "2026-04-29T22:25:21+00:00", "level": "info", "event": "not_fired", "trigger_id": "quality/altman-distress/BN", "ticker": "BN", "market": "us", "kind": "altman_distress", "snapshot": {"reason": "not_applicable", "detail": "Altman não se aplica a sector 'Financials'"}}
{"ts": "2026-04-29T22:25:21+00:00", "level": "info", "event": "not_fired", "trigger_id": "quality/altman-distress/BRK-B", "ticker": "BRK-B", "market": "us", "kind": "altman_distress", "snapshot": {"reason": "not_applicable", "detail": "campos em falta: working_capital"}}
{"ts": "2026-04-29T22:25:21+00:00", "level": "info", "event": "not_fired", "trigger_id": "quality/altman-distress/GREK", "ticker": "GREK", "market": "us", "kind": "altman_distress", "snapshot": {"reason": "not_applicable", "detail": "sem deep_fundamentals — roda fetchers/yf_deep_fundamentals.py"}}
{"ts": "2026-04-29T22:25:21+00:00", "level": "info", "event": "not_fired", "trigger_id": "quality/altman-distress/GS", "ticker": "GS", "market": "us", "kind": "altman_distress", "snapshot": {"reason": "not_applicable", "detail": "Altman não se aplica a sector 'Financials'"}}
{"ts": "2026-04-29T22:25:21+00:00", "level": "info", "event": "not_fired", "trigger_id": "quality/altman-distress/HD", "ticker": "HD", "market": "us", "kind": "altman_distress", "snapshot": {"z_score": 5.712, "zone": "safe", "threshold_z": 1.81, "period_end": "2026-01-31", "confidence": "high"}}
{"ts": "2026-04-29T22:25:21+00:00", "level": "info", "event": "not_fired", "trigger_id": "quality/altman-distress/JNJ", "ticker": "JNJ", "market": "us", "kind": "altman_distress", "snapshot": {"z_score": 4.442, "zone": "safe", "threshold_z": 1.81, "period_end": "2025-12-31", "confidence": "medium"}}
{"ts": "2026-04-29T22:25:21+00:00", "level": "info", "event": "not_fired", "trigger_id": "quality/altman-distress/JPM", "ticker": "JPM", "market": "us", "kind": "altman_distress", "snapshot": {"reason": "not_applicable", "detail": "Altman não se aplica a sector 'Financials'"}}
{"ts": "2026-04-29T22:25:21+00:00", "level": "info", "event": "not_fired", "trigger_id": "quality/altman-distress/KO", "ticker": "KO", "market": "us", "kind": "altman_distress", "snapshot": {"z_score": 4.991, "zone": "safe", "threshold_z": 1.81, "period_end": "2025-12-31", "confidence": "high"}}
{"ts": "2026-04-29T22:25:21+00:00", "level": "info", "event": "not_fired", "trigger_id": "quality/altman-distress/NU", "ticker": "NU", "market": "us", "kind": "altman_distress", "snapshot": {"reason": "not_applicable", "detail": "Altman não se aplica a sector 'Financials'"}}
{"ts": "2026-04-29T22:25:21+00:00", "level": "info", "event": "not_fired", "trigger_id": "quality/altman-distress/O", "ticker": "O", "market": "us", "kind": "altman_distress", "snapshot": {"reason": "not_applicable", "detail": "Altman não se aplica a sector 'REIT'"}}
{"ts": "2026-04-29T22:25:21+00:00", "level": "info", "event": "not_fired", "trigger_id": "quality/altman-distress/PG", "ticker": "PG", "market": "us", "kind": "altman_distress", "snapshot": {"z_score": 5.38, "zone": "safe", "threshold_z": 1.81, "period_end": "2025-06-30", "confidence": "high"}}
{"ts": "2026-04-29T22:25:21+00:00", "level": "info", "event": "not_fired", "trigger_id": "quality/altman-distress/PLD", "ticker": "PLD", "market": "us", "kind": "altman_distress", "snapshot": {"reason": "not_applicable", "detail": "Altman não se aplica a sector 'REIT'"}}
{"ts": "2026-04-29T22:25:21+00:00", "level": "info", "event": "not_fired", "trigger_id": "quality/altman-distress/PLTR", "ticker": "PLTR", "market": "us", "kind": "altman_distress", "snapshot": {"z_score": 145.273, "zone": "safe", "threshold_z": 1.81, "period_end": "2025-12-31", "confidence": "high"}}
{"ts": "2026-04-29T22:25:21+00:00", "level": "info", "event": "action_opened", "trigger_id": "quality/altman-distress/TEN", "ticker": "TEN", "market": "us", "kind": "altman_distress", "action_hint": "REVIEW", "snapshot": {"z_score": 1.006, "zone": "distress", "threshold_z": 1.81, "period_end": "2025-12-31", "confidence": "high"}, "note": "Altman Z abaixo de 1.81 (distress zone) — rever balance sheet, capex e dívida antes de nova entrada"}
{"ts": "2026-04-29T22:25:21+00:00", "level": "info", "event": "not_fired", "trigger_id": "quality/altman-distress/TSLA", "ticker": "TSLA", "market": "us", "kind": "altman_distress", "snapshot": {"z_score": 16.869, "zone": "safe", "threshold_z": 1.81, "period_end": "2025-12-31", "confidence": "high"}}
{"ts": "2026-04-29T22:25:21+00:00", "level": "info", "event": "not_fired", "trigger_id": "quality/altman-distress/TSM", "ticker": "TSM", "market": "us", "kind": "altman_distress", "snapshot": {"z_score": 3.04, "zone": "safe", "threshold_z": 1.81, "period_end": "2025-12-31", "confidence": "high"}}
{"ts": "2026-04-29T22:25:21+00:00", "level": "info", "event": "not_fired", "trigger_id": "quality/altman-distress/XP", "ticker": "XP", "market": "us", "kind": "altman_distress", "snapshot": {"reason": "not_applicable", "detail": "Altman não se aplica a sector 'Financials'"}}
{"ts": "2026-04-29T22:25:21+00:00", "level": "info", "event": "not_fired", "trigger_id": "quality/piotroski-weak/AAPL", "ticker": "AAPL", "market": "us", "kind": "piotroski_weak", "snapshot": {"f_score": 8, "label": "STRONG", "threshold_f": 3, "period_t": "2025-09-30", "period_t_minus_1": "2024-09-30"}}
{"ts": "2026-04-29T22:25:21+00:00", "level": "info", "event": "not_fired", "trigger_id": "quality/piotroski-weak/ABBV", "ticker": "ABBV", "market": "us", "kind": "piotroski_weak", "snapshot": {"f_score": 8, "label": "STRONG", "threshold_f": 3, "period_t": "2025-12-31", "period_t_minus_1": "2024-12-31"}}
{"ts": "2026-04-29T22:25:21+00:00", "level": "info", "event": "not_fired", "trigger_id": "quality/piotroski-weak/ACN", "ticker": "ACN", "market": "us", "kind": "piotroski_weak", "snapshot": {"f_score": 5, "label": "NEUTRAL", "threshold_f": 3, "period_t": "2025-08-31", "period_t_minus_1": "2024-08-31"}}
{"ts": "2026-04-29T22:25:21+00:00", "level": "info", "event": "not_fired", "trigger_id": "quality/piotroski-weak/BLK", "ticker": "BLK", "market": "us", "kind": "piotroski_weak", "snapshot": {"reason": "not_applicable", "detail": "Piotroski não se aplica a sector 'Financials'"}}
{"ts": "2026-04-29T22:25:21+00:00", "level": "info", "event": "not_fired", "trigger_id": "quality/piotroski-weak/BN", "ticker": "BN", "market": "us", "kind": "piotroski_weak", "snapshot": {"reason": "not_applicable", "detail": "Piotroski não se aplica a sector 'Financials'"}}
{"ts": "2026-04-29T22:25:21+00:00", "level": "info", "event": "not_fired", "trigger_id": "quality/piotroski-weak/BRK-B", "ticker": "BRK-B", "market": "us", "kind": "piotroski_weak", "snapshot": {"f_score": 4, "label": "NEUTRAL", "threshold_f": 3, "period_t": "2025-12-31", "period_t_minus_1": "2024-12-31"}}
{"ts": "2026-04-29T22:25:21+00:00", "level": "info", "event": "not_fired", "trigger_id": "quality/piotroski-weak/GREK", "ticker": "GREK", "market": "us", "kind": "piotroski_weak", "snapshot": {"reason": "not_applicable", "detail": "precisa 2 períodos anuais completos em deep_fundamentals"}}
{"ts": "2026-04-29T22:25:21+00:00", "level": "info", "event": "not_fired", "trigger_id": "quality/piotroski-weak/GS", "ticker": "GS", "market": "us", "kind": "piotroski_weak", "snapshot": {"reason": "not_applicable", "detail": "Piotroski não se aplica a sector 'Financials'"}}
{"ts": "2026-04-29T22:25:21+00:00", "level": "info", "event": "not_fired", "trigger_id": "quality/piotroski-weak/HD", "ticker": "HD", "market": "us", "kind": "piotroski_weak", "snapshot": {"f_score": 4, "label": "NEUTRAL", "threshold_f": 3, "period_t": "2026-01-31", "period_t_minus_1": "2025-01-31"}}
{"ts": "2026-04-29T22:25:21+00:00", "level": "info", "event": "not_fired", "trigger_id": "quality/piotroski-weak/JNJ", "ticker": "JNJ", "market": "us", "kind": "piotroski_weak", "snapshot": {"f_score": 4, "label": "NEUTRAL", "threshold_f": 3, "period_t": "2025-12-31", "period_t_minus_1": "2024-12-31"}}
{"ts": "2026-04-29T22:25:21+00:00", "level": "info", "event": "not_fired", "trigger_id": "quality/piotroski-weak/JPM", "ticker": "JPM", "market": "us", "kind": "piotroski_weak", "snapshot": {"reason": "not_applicable", "detail": "Piotroski não se aplica a sector 'Financials'"}}
{"ts": "2026-04-29T22:25:21+00:00", "level": "info", "event": "not_fired", "trigger_id": "quality/piotroski-weak/KO", "ticker": "KO", "market": "us", "kind": "piotroski_weak", "snapshot": {"f_score": 7, "label": "STRONG", "threshold_f": 3, "period_t": "2025-12-31", "period_t_minus_1": "2024-12-31"}}
{"ts": "2026-04-29T22:25:21+00:00", "level": "info", "event": "not_fired", "trigger_id": "quality/piotroski-weak/NU", "ticker": "NU", "market": "us", "kind": "piotroski_weak", "snapshot": {"reason": "not_applicable", "detail": "Piotroski não se aplica a sector 'Financials'"}}
{"ts": "2026-04-29T22:25:21+00:00", "level": "info", "event": "not_fired", "trigger_id": "quality/piotroski-weak/O", "ticker": "O", "market": "us", "kind": "piotroski_weak", "snapshot": {"reason": "not_applicable", "detail": "Piotroski não se aplica a sector 'REIT'"}}
{"ts": "2026-04-29T22:25:21+00:00", "level": "info", "event": "not_fired", "trigger_id": "quality/piotroski-weak/PG", "ticker": "PG", "market": "us", "kind": "piotroski_weak", "snapshot": {"f_score": 5, "label": "NEUTRAL", "threshold_f": 3, "period_t": "2025-06-30", "period_t_minus_1": "2024-06-30"}}
{"ts": "2026-04-29T22:25:21+00:00", "level": "info", "event": "not_fired", "trigger_id": "quality/piotroski-weak/PLD", "ticker": "PLD", "market": "us", "kind": "piotroski_weak", "snapshot": {"reason": "not_applicable", "detail": "Piotroski não se aplica a sector 'REIT'"}}
{"ts": "2026-04-29T22:25:21+00:00", "level": "info", "event": "not_fired", "trigger_id": "quality/piotroski-weak/PLTR", "ticker": "PLTR", "market": "us", "kind": "piotroski_weak", "snapshot": {"f_score": 8, "label": "STRONG", "threshold_f": 3, "period_t": "2025-12-31", "period_t_minus_1": "2024-12-31"}}
{"ts": "2026-04-29T22:25:21+00:00", "level": "info", "event": "action_opened", "trigger_id": "quality/piotroski-weak/TEN", "ticker": "TEN", "market": "us", "kind": "piotroski_weak", "action_hint": "REVIEW", "snapshot": {"f_score": 3, "label": "WEAK", "threshold_f": 3, "period_t": "2025-12-31", "period_t_minus_1": "2024-12-31"}, "note": "Piotroski F ≤ 3 — deterioração cumulativa em rentabilidade/liquidez/eficiência vs ano anterior"}
{"ts": "2026-04-29T22:25:21+00:00", "level": "info", "event": "not_fired", "trigger_id": "quality/piotroski-weak/TSLA", "ticker": "TSLA", "market": "us", "kind": "piotroski_weak", "snapshot": {"f_score": 5, "label": "NEUTRAL", "threshold_f": 3, "period_t": "2025-12-31", "period_t_minus_1": "2024-12-31"}}
{"ts": "2026-04-29T22:25:21+00:00", "level": "info", "event": "not_fired", "trigger_id": "quality/piotroski-weak/TSM", "ticker": "TSM", "market": "us", "kind": "piotroski_weak", "snapshot": {"f_score": 8, "label": "STRONG", "threshold_f": 3, "period_t": "2025-12-31", "period_t_minus_1": "2024-12-31"}}
{"ts": "2026-04-29T22:25:21+00:00", "level": "info", "event": "not_fired", "trigger_id": "quality/piotroski-weak/XP", "ticker": "XP", "market": "us", "kind": "piotroski_weak", "snapshot": {"reason": "not_applicable", "detail": "Piotroski não se aplica a sector 'Financials'"}}
{"ts": "2026-04-29T22:25:21+00:00", "level": "info", "event": "not_fired", "trigger_id": "acn_buyzone_170", "ticker": "ACN", "market": "us", "kind": "price_below", "snapshot": {"price": 180.26, "price_date": "2026-04-29", "threshold_price": 170.0, "margin_pct": 6.04}}
{"ts": "2026-04-29T22:25:21+00:00", "level": "info", "event": "not_fired", "trigger_id": "acn_buyzone_150", "ticker": "ACN", "market": "us", "kind": "price_below", "snapshot": {"price": 180.26, "price_date": "2026-04-29", "threshold_price": 150.0, "margin_pct": 20.17}}
{"ts": "2026-04-29T22:25:21+00:00", "level": "info", "event": "action_opened", "trigger_id": "bbdc4_cheap_dy", "ticker": "BBDC4", "market": "br", "kind": "dy_percentile_vs_own_history", "action_hint": "ADD", "snapshot": {"price": 19.11, "price_date": "2026-04-29", "dy_now_pct": 7.879, "dy_threshold_pct": 7.4, "percentile": 75.0, "lookback_years": 10, "obs": 121}, "note": "BBDC4 no top quartil de DY histórico — fase de dividendo gordo"}
{"ts": "2026-04-29T22:25:21+00:00", "level": "info", "event": "action_opened", "trigger_id": "itsa4_dy_8pct", "ticker": "ITSA4", "market": "br", "kind": "dy_above_pct", "action_hint": "ADD", "snapshot": {"price": 13.66, "price_date": "2026-04-29", "div_t12": 1.2276, "dy_pct": 8.987, "threshold_pct": 8.0}, "note": "ITSA4 com DY ≥ 8% t12m (incluindo JCP) é zone de accumulate"}
{"ts": "2026-04-29T22:25:21+00:00", "level": "info", "event": "not_fired", "trigger_id": "vale3_dip_15", "ticker": "VALE3", "market": "br", "kind": "price_drop_from_high", "snapshot": {"price": 79.44, "price_date": "2026-04-29", "high_lookback": 90.09, "lookback_days": 90, "drop_pct": -11.82, "threshold_pct": -15.0}}
{"ts": "2026-04-29T22:25:21+00:00", "level": "info", "event": "not_fired", "trigger_id": "quality/altman-distress/BBDC4", "ticker": "BBDC4", "market": "br", "kind": "altman_distress", "snapshot": {"reason": "not_applicable", "detail": "Altman não se aplica a sector 'Banks'"}}
{"ts": "2026-04-29T22:25:21+00:00", "level": "info", "event": "not_fired", "trigger_id": "quality/altman-distress/BTLG11", "ticker": "BTLG11", "market": "br", "kind": "altman_distress", "snapshot": {"reason": "not_applicable", "detail": "Altman não se aplica a sector 'Logística'"}}
{"ts": "2026-04-29T22:25:21+00:00", "level": "info", "event": "not_fired", "trigger_id": "quality/altman-distress/ITSA4", "ticker": "ITSA4", "market": "br", "kind": "altman_distress", "snapshot": {"z_score": 7.155, "zone": "safe", "threshold_z": 1.81, "period_end": "2025-12-31", "confidence": "medium"}}
{"ts": "2026-04-29T22:25:21+00:00", "level": "info", "event": "not_fired", "trigger_id": "quality/altman-distress/IVVB11", "ticker": "IVVB11", "market": "br", "kind": "altman_distress", "snapshot": {"reason": "not_applicable", "detail": "Altman não se aplica a sector 'ETF-US'"}}
{"ts": "2026-04-29T22:25:21+00:00", "level": "info", "event": "not_fired", "trigger_id": "quality/altman-distress/KLBN11", "ticker": "KLBN11", "market": "br", "kind": "altman_distress", "snapshot": {"z_score": 2.339, "zone": "grey", "threshold_z": 1.81, "period_end": "2025-12-31", "confidence": "high"}}
{"ts": "2026-04-29T22:25:21+00:00", "level": "info", "event": "not_fired", "trigger_id": "quality/altman-distress/LFTB11", "ticker": "LFTB11", "market": "br", "kind": "altman_distress", "snapshot": {"reason": "not_applicable", "detail": "Altman não se aplica a sector 'ETF-RF'"}}
{"ts": "2026-04-29T22:25:21+00:00", "level": "info", "event": "action_opened", "trigger_id": "quality/altman-distress/PRIO3", "ticker": "PRIO3", "market": "br", "kind": "altman_distress", "action_hint": "REVIEW", "snapshot": {"z_score": 1.739, "zone": "distress", "threshold_z": 1.81, "period_end": "2025-12-31", "confidence": "medium"}, "note": "Altman Z abaixo de 1.81 (distress zone) — rever balance sheet, capex e dívida antes de nova entrada"}
{"ts": "2026-04-29T22:25:21+00:00", "level": "info", "event": "not_fired", "trigger_id": "quality/altman-distress/PVBI11", "ticker": "PVBI11", "market": "br", "kind": "altman_distress", "snapshot": {"reason": "not_applicable", "detail": "Altman não se aplica a sector 'Corporativo'"}}
{"ts": "2026-04-29T22:25:21+00:00", "level": "info", "event": "not_fired", "trigger_id": "quality/altman-distress/RBRX11", "ticker": "RBRX11", "market": "br", "kind": "altman_distress", "snapshot": {"reason": "not_applicable", "detail": "Altman não se aplica a sector 'Híbrido'"}}
{"ts": "2026-04-29T22:25:21+00:00", "level": "info", "event": "not_fired", "trigger_id": "quality/altman-distress/VALE3", "ticker": "VALE3", "market": "br", "kind": "altman_distress", "snapshot": {"z_score": 5.048, "zone": "safe", "threshold_z": 1.81, "period_end": "2025-12-31", "confidence": "high"}}
{"ts": "2026-04-29T22:25:21+00:00", "level": "info", "event": "not_fired", "trigger_id": "quality/altman-distress/VGIR11", "ticker": "VGIR11", "market": "br", "kind": "altman_distress", "snapshot": {"reason": "not_applicable", "detail": "Altman não se aplica a sector 'Papel (CRI)'"}}
{"ts": "2026-04-29T22:25:21+00:00", "level": "info", "event": "not_fired", "trigger_id": "quality/altman-distress/XPML11", "ticker": "XPML11", "market": "br", "kind": "altman_distress", "snapshot": {"reason": "not_applicable", "detail": "Altman não se aplica a sector 'Shopping'"}}
{"ts": "2026-04-29T22:25:21+00:00", "level": "info", "event": "not_fired", "trigger_id": "quality/piotroski-weak/BBDC4", "ticker": "BBDC4", "market": "br", "kind": "piotroski_weak", "snapshot": {"reason": "not_applicable", "detail": "Piotroski não se aplica a sector 'Banks'"}}
{"ts": "2026-04-29T22:25:21+00:00", "level": "info", "event": "not_fired", "trigger_id": "quality/piotroski-weak/BTLG11", "ticker": "BTLG11", "market": "br", "kind": "piotroski_weak", "snapshot": {"reason": "not_applicable", "detail": "Piotroski não se aplica a sector 'Logística'"}}
{"ts": "2026-04-29T22:25:21+00:00", "level": "info", "event": "not_fired", "trigger_id": "quality/piotroski-weak/ITSA4", "ticker": "ITSA4", "market": "br", "kind": "piotroski_weak", "snapshot": {"f_score": 5, "label": "NEUTRAL", "threshold_f": 3, "period_t": "2025-12-31", "period_t_minus_1": "2024-12-31"}}
{"ts": "2026-04-29T22:25:21+00:00", "level": "info", "event": "not_fired", "trigger_id": "quality/piotroski-weak/IVVB11", "ticker": "IVVB11", "market": "br", "kind": "piotroski_weak", "snapshot": {"reason": "not_applicable", "detail": "Piotroski não se aplica a sector 'ETF-US'"}}
{"ts": "2026-04-29T22:25:21+00:00", "level": "info", "event": "not_fired", "trigger_id": "quality/piotroski-weak/KLBN11", "ticker": "KLBN11", "market": "br", "kind": "piotroski_weak", "snapshot": {"f_score": 6, "label": "NEUTRAL", "threshold_f": 3, "period_t": "2025-12-31", "period_t_minus_1": "2024-12-31"}}
{"ts": "2026-04-29T22:25:21+00:00", "level": "info", "event": "not_fired", "trigger_id": "quality/piotroski-weak/LFTB11", "ticker": "LFTB11", "market": "br", "kind": "piotroski_weak", "snapshot": {"reason": "not_applicable", "detail": "Piotroski não se aplica a sector 'ETF-RF'"}}
{"ts": "2026-04-29T22:25:21+00:00", "level": "info", "event": "action_opened", "trigger_id": "quality/piotroski-weak/PRIO3", "ticker": "PRIO3", "market": "br", "kind": "piotroski_weak", "action_hint": "REVIEW", "snapshot": {"f_score": 2, "label": "WEAK", "threshold_f": 3, "period_t": "2025-12-31", "period_t_minus_1": "2024-12-31"}, "note": "Piotroski F ≤ 3 — deterioração cumulativa em rentabilidade/liquidez/eficiência vs ano anterior"}
{"ts": "2026-04-29T22:25:21+00:00", "level": "info", "event": "not_fired", "trigger_id": "quality/piotroski-weak/PVBI11", "ticker": "PVBI11", "market": "br", "kind": "piotroski_weak", "snapshot": {"reason": "not_applicable", "detail": "Piotroski não se aplica a sector 'Corporativo'"}}
{"ts": "2026-04-29T22:25:21+00:00", "level": "info", "event": "not_fired", "trigger_id": "quality/piotroski-weak/RBRX11", "ticker": "RBRX11", "market": "br", "kind": "piotroski_weak", "snapshot": {"reason": "not_applicable", "detail": "Piotroski não se aplica a sector 'Híbrido'"}}
{"ts": "2026-04-29T22:25:21+00:00", "level": "info", "event": "not_fired", "trigger_id": "quality/piotroski-weak/VALE3", "ticker": "VALE3", "market": "br", "kind": "piotroski_weak", "snapshot": {"f_score": 5, "label": "NEUTRAL", "threshold_f": 3, "period_t": "2025-12-31", "period_t_minus_1": "2024-12-31"}}
{"ts": "2026-04-29T22:25:21+00:00", "level": "info", "event": "not_fired", "trigger_id": "quality/piotroski-weak/VGIR11", "ticker": "VGIR11", "market": "br", "kind": "piotroski_weak", "snapshot": {"reason": "not_applicable", "detail": "Piotroski não se aplica a sector 'Papel (CRI)'"}}
{"ts": "2026-04-29T22:25:21+00:00", "level": "info", "event": "not_fired", "trigger_id": "quality/piotroski-weak/XPML11", "ticker": "XPML11", "market": "br", "kind": "piotroski_weak", "snapshot": {"reason": "not_applicable", "detail": "Piotroski não se aplica a sector 'Shopping'"}}
{"ts": "2026-04-29T22:25:21+00:00", "level": "info", "event": "summary", "total_triggers": 81, "fired": 6, "inserted": 6, "deduped": 0, "errors": 0, "dry_run": false}
{"ts": "2026-04-30T20:38:15+00:00", "level": "info", "event": "not_fired", "trigger_id": "jnj_dip_10", "ticker": "JNJ", "market": "us", "kind": "price_drop_from_high", "snapshot": {"price": 229.85, "price_date": "2026-04-30", "high_lookback": 248.56, "lookback_days": 90, "drop_pct": -7.53, "threshold_pct": -10.0}}
{"ts": "2026-04-30T20:38:15+00:00", "level": "info", "event": "not_fired", "trigger_id": "ko_cheap_dy", "ticker": "KO", "market": "us", "kind": "dy_percentile_vs_own_history", "snapshot": {"price": 78.76, "price_date": "2026-04-30", "dy_now_pct": 2.616, "dy_threshold_pct": 3.261, "percentile": 75.0, "lookback_years": 10, "obs": 121}}
{"ts": "2026-04-30T20:38:15+00:00", "level": "info", "event": "not_fired", "trigger_id": "pg_cheap_dy", "ticker": "PG", "market": "us", "kind": "dy_percentile_vs_own_history", "snapshot": {"price": 147.09, "price_date": "2026-04-30", "dy_now_pct": 2.896, "dy_threshold_pct": 2.973, "percentile": 75.0, "lookback_years": 10, "obs": 121}}
{"ts": "2026-04-30T20:38:15+00:00", "level": "info", "event": "not_fired", "trigger_id": "aapl_dip_15", "ticker": "AAPL", "market": "us", "kind": "price_drop_from_high", "snapshot": {"price": 271.35, "price_date": "2026-04-30", "high_lookback": 278.12, "lookback_days": 120, "drop_pct": -2.43, "threshold_pct": -15.0}}
{"ts": "2026-04-30T20:38:15+00:00", "level": "info", "event": "not_fired", "trigger_id": "tsm_dip_15", "ticker": "TSM", "market": "us", "kind": "price_drop_from_high", "snapshot": {"price": 396.06, "price_date": "2026-04-30", "high_lookback": 404.98, "lookback_days": 90, "drop_pct": -2.2, "threshold_pct": -15.0}}
{"ts": "2026-04-30T20:38:15+00:00", "level": "info", "event": "not_fired", "trigger_id": "trow_dy_5p5", "ticker": "TROW", "market": "us", "kind": "dy_above_pct", "snapshot": {"price": 102.88, "price_date": "2026-04-30", "div_t12": 5.11, "dy_pct": 4.967, "threshold_pct": 5.5}}
{"ts": "2026-04-30T20:38:15+00:00", "level": "info", "event": "not_fired", "trigger_id": "mkc_dy_4p0", "ticker": "MKC", "market": "us", "kind": "dy_above_pct", "snapshot": {"price": 50.84, "price_date": "2026-04-30", "div_t12": 1.86, "dy_pct": 3.659, "threshold_pct": 4.0}}
{"ts": "2026-04-30T20:38:15+00:00", "level": "info", "event": "not_fired", "trigger_id": "adp_dy_3p8", "ticker": "ADP", "market": "us", "kind": "dy_above_pct", "snapshot": {"price": 211.94, "price_date": "2026-04-30", "div_t12": 6.48, "dy_pct": 3.057, "threshold_pct": 3.8}}
{"ts": "2026-04-30T20:38:15+00:00", "level": "info", "event": "not_fired", "trigger_id": "abbv_drop_20", "ticker": "ABBV", "market": "us", "kind": "price_drop_from_high", "snapshot": {"price": 211.32, "price_date": "2026-04-30", "high_lookback": 236.28, "lookback_days": 180, "drop_pct": -10.56, "threshold_pct": -20.0}}
{"ts": "2026-04-30T20:38:15+00:00", "level": "info", "event": "not_fired", "trigger_id": "tgt_drop_15", "ticker": "TGT", "market": "us", "kind": "price_drop_from_high", "snapshot": {"price": 129.75, "price_date": "2026-04-30", "high_lookback": 132.1, "lookback_days": 120, "drop_pct": -1.78, "threshold_pct": -15.0}}
{"ts": "2026-04-30T20:38:15+00:00", "level": "info", "event": "not_fired", "trigger_id": "quality/altman-distress/AAPL", "ticker": "AAPL", "market": "us", "kind": "altman_distress", "snapshot": {"z_score": 10.702, "zone": "safe", "threshold_z": 1.81, "period_end": "2025-09-30", "confidence": "high"}}
{"ts": "2026-04-30T20:38:15+00:00", "level": "info", "event": "not_fired", "trigger_id": "quality/altman-distress/ABBV", "ticker": "ABBV", "market": "us", "kind": "altman_distress", "snapshot": {"z_score": 1.955, "zone": "grey", "threshold_z": 1.81, "period_end": "2025-12-31", "confidence": "high"}}
{"ts": "2026-04-30T20:38:15+00:00", "level": "info", "event": "not_fired", "trigger_id": "quality/altman-distress/ACN", "ticker": "ACN", "market": "us", "kind": "altman_distress", "snapshot": {"z_score": 4.205, "zone": "safe", "threshold_z": 1.81, "period_end": "2025-08-31", "confidence": "high"}}
{"ts": "2026-04-30T20:38:15+00:00", "level": "info", "event": "not_fired", "trigger_id": "quality/altman-distress/BLK", "ticker": "BLK", "market": "us", "kind": "altman_distress", "snapshot": {"reason": "not_applicable", "detail": "Altman não se aplica a sector 'Financials'"}}
{"ts": "2026-04-30T20:38:15+00:00", "level": "info", "event": "not_fired", "trigger_id": "quality/altman-distress/BN", "ticker": "BN", "market": "us", "kind": "altman_distress", "snapshot": {"reason": "not_applicable", "detail": "Altman não se aplica a sector 'Financials'"}}
{"ts": "2026-04-30T20:38:15+00:00", "level": "info", "event": "not_fired", "trigger_id": "quality/altman-distress/BRK-B", "ticker": "BRK-B", "market": "us", "kind": "altman_distress", "snapshot": {"reason": "not_applicable", "detail": "campos em falta: working_capital"}}
{"ts": "2026-04-30T20:38:15+00:00", "level": "info", "event": "not_fired", "trigger_id": "quality/altman-distress/GREK", "ticker": "GREK", "market": "us", "kind": "altman_distress", "snapshot": {"reason": "not_applicable", "detail": "sem deep_fundamentals — roda fetchers/yf_deep_fundamentals.py"}}
{"ts": "2026-04-30T20:38:15+00:00", "level": "info", "event": "not_fired", "trigger_id": "quality/altman-distress/GS", "ticker": "GS", "market": "us", "kind": "altman_distress", "snapshot": {"reason": "not_applicable", "detail": "Altman não se aplica a sector 'Financials'"}}
{"ts": "2026-04-30T20:38:15+00:00", "level": "info", "event": "not_fired", "trigger_id": "quality/altman-distress/HD", "ticker": "HD", "market": "us", "kind": "altman_distress", "snapshot": {"z_score": 5.712, "zone": "safe", "threshold_z": 1.81, "period_end": "2026-01-31", "confidence": "high"}}
{"ts": "2026-04-30T20:38:15+00:00", "level": "info", "event": "not_fired", "trigger_id": "quality/altman-distress/JNJ", "ticker": "JNJ", "market": "us", "kind": "altman_distress", "snapshot": {"z_score": 4.442, "zone": "safe", "threshold_z": 1.81, "period_end": "2025-12-31", "confidence": "medium"}}
{"ts": "2026-04-30T20:38:15+00:00", "level": "info", "event": "not_fired", "trigger_id": "quality/altman-distress/JPM", "ticker": "JPM", "market": "us", "kind": "altman_distress", "snapshot": {"reason": "not_applicable", "detail": "Altman não se aplica a sector 'Financials'"}}
{"ts": "2026-04-30T20:38:15+00:00", "level": "info", "event": "not_fired", "trigger_id": "quality/altman-distress/KO", "ticker": "KO", "market": "us", "kind": "altman_distress", "snapshot": {"z_score": 4.991, "zone": "safe", "threshold_z": 1.81, "period_end": "2025-12-31", "confidence": "high"}}
{"ts": "2026-04-30T20:38:15+00:00", "level": "info", "event": "not_fired", "trigger_id": "quality/altman-distress/NU", "ticker": "NU", "market": "us", "kind": "altman_distress", "snapshot": {"reason": "not_applicable", "detail": "Altman não se aplica a sector 'Financials'"}}
{"ts": "2026-04-30T20:38:15+00:00", "level": "info", "event": "not_fired", "trigger_id": "quality/altman-distress/O", "ticker": "O", "market": "us", "kind": "altman_distress", "snapshot": {"reason": "not_applicable", "detail": "Altman não se aplica a sector 'REIT'"}}
{"ts": "2026-04-30T20:38:15+00:00", "level": "info", "event": "not_fired", "trigger_id": "quality/altman-distress/PG", "ticker": "PG", "market": "us", "kind": "altman_distress", "snapshot": {"z_score": 5.38, "zone": "safe", "threshold_z": 1.81, "period_end": "2025-06-30", "confidence": "high"}}
{"ts": "2026-04-30T20:38:15+00:00", "level": "info", "event": "not_fired", "trigger_id": "quality/altman-distress/PLD", "ticker": "PLD", "market": "us", "kind": "altman_distress", "snapshot": {"reason": "not_applicable", "detail": "Altman não se aplica a sector 'REIT'"}}
{"ts": "2026-04-30T20:38:15+00:00", "level": "info", "event": "not_fired", "trigger_id": "quality/altman-distress/PLTR", "ticker": "PLTR", "market": "us", "kind": "altman_distress", "snapshot": {"z_score": 145.273, "zone": "safe", "threshold_z": 1.81, "period_end": "2025-12-31", "confidence": "high"}}
{"ts": "2026-04-30T20:38:15+00:00", "level": "info", "event": "action_opened", "trigger_id": "quality/altman-distress/TEN", "ticker": "TEN", "market": "us", "kind": "altman_distress", "action_hint": "REVIEW", "snapshot": {"z_score": 1.006, "zone": "distress", "threshold_z": 1.81, "period_end": "2025-12-31", "confidence": "high"}, "note": "Altman Z abaixo de 1.81 (distress zone) — rever balance sheet, capex e dívida antes de nova entrada"}
{"ts": "2026-04-30T20:38:15+00:00", "level": "info", "event": "not_fired", "trigger_id": "quality/altman-distress/TSLA", "ticker": "TSLA", "market": "us", "kind": "altman_distress", "snapshot": {"z_score": 16.869, "zone": "safe", "threshold_z": 1.81, "period_end": "2025-12-31", "confidence": "high"}}
{"ts": "2026-04-30T20:38:15+00:00", "level": "info", "event": "not_fired", "trigger_id": "quality/altman-distress/TSM", "ticker": "TSM", "market": "us", "kind": "altman_distress", "snapshot": {"z_score": 3.04, "zone": "safe", "threshold_z": 1.81, "period_end": "2025-12-31", "confidence": "high"}}
{"ts": "2026-04-30T20:38:15+00:00", "level": "info", "event": "not_fired", "trigger_id": "quality/altman-distress/XP", "ticker": "XP", "market": "us", "kind": "altman_distress", "snapshot": {"reason": "not_applicable", "detail": "Altman não se aplica a sector 'Financials'"}}
{"ts": "2026-04-30T20:38:15+00:00", "level": "info", "event": "not_fired", "trigger_id": "quality/piotroski-weak/AAPL", "ticker": "AAPL", "market": "us", "kind": "piotroski_weak", "snapshot": {"f_score": 8, "label": "STRONG", "threshold_f": 3, "period_t": "2025-09-30", "period_t_minus_1": "2024-09-30"}}
{"ts": "2026-04-30T20:38:15+00:00", "level": "info", "event": "not_fired", "trigger_id": "quality/piotroski-weak/ABBV", "ticker": "ABBV", "market": "us", "kind": "piotroski_weak", "snapshot": {"f_score": 8, "label": "STRONG", "threshold_f": 3, "period_t": "2025-12-31", "period_t_minus_1": "2024-12-31"}}
{"ts": "2026-04-30T20:38:15+00:00", "level": "info", "event": "not_fired", "trigger_id": "quality/piotroski-weak/ACN", "ticker": "ACN", "market": "us", "kind": "piotroski_weak", "snapshot": {"f_score": 5, "label": "NEUTRAL", "threshold_f": 3, "period_t": "2025-08-31", "period_t_minus_1": "2024-08-31"}}
{"ts": "2026-04-30T20:38:15+00:00", "level": "info", "event": "not_fired", "trigger_id": "quality/piotroski-weak/BLK", "ticker": "BLK", "market": "us", "kind": "piotroski_weak", "snapshot": {"reason": "not_applicable", "detail": "Piotroski não se aplica a sector 'Financials'"}}
{"ts": "2026-04-30T20:38:15+00:00", "level": "info", "event": "not_fired", "trigger_id": "quality/piotroski-weak/BN", "ticker": "BN", "market": "us", "kind": "piotroski_weak", "snapshot": {"reason": "not_applicable", "detail": "Piotroski não se aplica a sector 'Financials'"}}
{"ts": "2026-04-30T20:38:15+00:00", "level": "info", "event": "not_fired", "trigger_id": "quality/piotroski-weak/BRK-B", "ticker": "BRK-B", "market": "us", "kind": "piotroski_weak", "snapshot": {"f_score": 4, "label": "NEUTRAL", "threshold_f": 3, "period_t": "2025-12-31", "period_t_minus_1": "2024-12-31"}}
{"ts": "2026-04-30T20:38:15+00:00", "level": "info", "event": "not_fired", "trigger_id": "quality/piotroski-weak/GREK", "ticker": "GREK", "market": "us", "kind": "piotroski_weak", "snapshot": {"reason": "not_applicable", "detail": "precisa 2 períodos anuais completos em deep_fundamentals"}}
{"ts": "2026-04-30T20:38:15+00:00", "level": "info", "event": "not_fired", "trigger_id": "quality/piotroski-weak/GS", "ticker": "GS", "market": "us", "kind": "piotroski_weak", "snapshot": {"reason": "not_applicable", "detail": "Piotroski não se aplica a sector 'Financials'"}}
{"ts": "2026-04-30T20:38:15+00:00", "level": "info", "event": "not_fired", "trigger_id": "quality/piotroski-weak/HD", "ticker": "HD", "market": "us", "kind": "piotroski_weak", "snapshot": {"f_score": 4, "label": "NEUTRAL", "threshold_f": 3, "period_t": "2026-01-31", "period_t_minus_1": "2025-01-31"}}
{"ts": "2026-04-30T20:38:15+00:00", "level": "info", "event": "not_fired", "trigger_id": "quality/piotroski-weak/JNJ", "ticker": "JNJ", "market": "us", "kind": "piotroski_weak", "snapshot": {"f_score": 4, "label": "NEUTRAL", "threshold_f": 3, "period_t": "2025-12-31", "period_t_minus_1": "2024-12-31"}}
{"ts": "2026-04-30T20:38:15+00:00", "level": "info", "event": "not_fired", "trigger_id": "quality/piotroski-weak/JPM", "ticker": "JPM", "market": "us", "kind": "piotroski_weak", "snapshot": {"reason": "not_applicable", "detail": "Piotroski não se aplica a sector 'Financials'"}}
{"ts": "2026-04-30T20:38:15+00:00", "level": "info", "event": "not_fired", "trigger_id": "quality/piotroski-weak/KO", "ticker": "KO", "market": "us", "kind": "piotroski_weak", "snapshot": {"f_score": 7, "label": "STRONG", "threshold_f": 3, "period_t": "2025-12-31", "period_t_minus_1": "2024-12-31"}}
{"ts": "2026-04-30T20:38:15+00:00", "level": "info", "event": "not_fired", "trigger_id": "quality/piotroski-weak/NU", "ticker": "NU", "market": "us", "kind": "piotroski_weak", "snapshot": {"reason": "not_applicable", "detail": "Piotroski não se aplica a sector 'Financials'"}}
{"ts": "2026-04-30T20:38:15+00:00", "level": "info", "event": "not_fired", "trigger_id": "quality/piotroski-weak/O", "ticker": "O", "market": "us", "kind": "piotroski_weak", "snapshot": {"reason": "not_applicable", "detail": "Piotroski não se aplica a sector 'REIT'"}}
{"ts": "2026-04-30T20:38:15+00:00", "level": "info", "event": "not_fired", "trigger_id": "quality/piotroski-weak/PG", "ticker": "PG", "market": "us", "kind": "piotroski_weak", "snapshot": {"f_score": 5, "label": "NEUTRAL", "threshold_f": 3, "period_t": "2025-06-30", "period_t_minus_1": "2024-06-30"}}
{"ts": "2026-04-30T20:38:15+00:00", "level": "info", "event": "not_fired", "trigger_id": "quality/piotroski-weak/PLD", "ticker": "PLD", "market": "us", "kind": "piotroski_weak", "snapshot": {"reason": "not_applicable", "detail": "Piotroski não se aplica a sector 'REIT'"}}
{"ts": "2026-04-30T20:38:15+00:00", "level": "info", "event": "not_fired", "trigger_id": "quality/piotroski-weak/PLTR", "ticker": "PLTR", "market": "us", "kind": "piotroski_weak", "snapshot": {"f_score": 8, "label": "STRONG", "threshold_f": 3, "period_t": "2025-12-31", "period_t_minus_1": "2024-12-31"}}
{"ts": "2026-04-30T20:38:15+00:00", "level": "info", "event": "action_opened", "trigger_id": "quality/piotroski-weak/TEN", "ticker": "TEN", "market": "us", "kind": "piotroski_weak", "action_hint": "REVIEW", "snapshot": {"f_score": 3, "label": "WEAK", "threshold_f": 3, "period_t": "2025-12-31", "period_t_minus_1": "2024-12-31"}, "note": "Piotroski F ≤ 3 — deterioração cumulativa em rentabilidade/liquidez/eficiência vs ano anterior"}
{"ts": "2026-04-30T20:38:15+00:00", "level": "info", "event": "not_fired", "trigger_id": "quality/piotroski-weak/TSLA", "ticker": "TSLA", "market": "us", "kind": "piotroski_weak", "snapshot": {"f_score": 5, "label": "NEUTRAL", "threshold_f": 3, "period_t": "2025-12-31", "period_t_minus_1": "2024-12-31"}}
{"ts": "2026-04-30T20:38:15+00:00", "level": "info", "event": "not_fired", "trigger_id": "quality/piotroski-weak/TSM", "ticker": "TSM", "market": "us", "kind": "piotroski_weak", "snapshot": {"f_score": 8, "label": "STRONG", "threshold_f": 3, "period_t": "2025-12-31", "period_t_minus_1": "2024-12-31"}}
{"ts": "2026-04-30T20:38:15+00:00", "level": "info", "event": "not_fired", "trigger_id": "quality/piotroski-weak/XP", "ticker": "XP", "market": "us", "kind": "piotroski_weak", "snapshot": {"reason": "not_applicable", "detail": "Piotroski não se aplica a sector 'Financials'"}}
{"ts": "2026-04-30T20:38:15+00:00", "level": "info", "event": "not_fired", "trigger_id": "acn_buyzone_170", "ticker": "ACN", "market": "us", "kind": "price_below", "snapshot": {"price": 178.71, "price_date": "2026-04-30", "threshold_price": 170.0, "margin_pct": 5.12}}
{"ts": "2026-04-30T20:38:15+00:00", "level": "info", "event": "not_fired", "trigger_id": "acn_buyzone_150", "ticker": "ACN", "market": "us", "kind": "price_below", "snapshot": {"price": 178.71, "price_date": "2026-04-30", "threshold_price": 150.0, "margin_pct": 19.14}}
{"ts": "2026-04-30T20:38:15+00:00", "level": "info", "event": "action_opened", "trigger_id": "bbdc4_cheap_dy", "ticker": "BBDC4", "market": "br", "kind": "dy_percentile_vs_own_history", "action_hint": "ADD", "snapshot": {"price": 19.32, "price_date": "2026-04-30", "dy_now_pct": 7.793, "dy_threshold_pct": 7.4, "percentile": 75.0, "lookback_years": 10, "obs": 121}, "note": "BBDC4 no top quartil de DY histórico — fase de dividendo gordo"}
{"ts": "2026-04-30T20:38:15+00:00", "level": "info", "event": "action_opened", "trigger_id": "itsa4_dy_8pct", "ticker": "ITSA4", "market": "br", "kind": "dy_above_pct", "action_hint": "ADD", "snapshot": {"price": 13.92, "price_date": "2026-04-30", "div_t12": 1.2276, "dy_pct": 8.819, "threshold_pct": 8.0}, "note": "ITSA4 com DY ≥ 8% t12m (incluindo JCP) é zone de accumulate"}
{"ts": "2026-04-30T20:38:15+00:00", "level": "info", "event": "not_fired", "trigger_id": "vale3_dip_15", "ticker": "VALE3", "market": "br", "kind": "price_drop_from_high", "snapshot": {"price": 81.18, "price_date": "2026-04-30", "high_lookback": 90.09, "lookback_days": 90, "drop_pct": -9.89, "threshold_pct": -15.0}}
{"ts": "2026-04-30T20:38:15+00:00", "level": "info", "event": "not_fired", "trigger_id": "quality/altman-distress/BBDC4", "ticker": "BBDC4", "market": "br", "kind": "altman_distress", "snapshot": {"reason": "not_applicable", "detail": "Altman não se aplica a sector 'Banks'"}}
{"ts": "2026-04-30T20:38:15+00:00", "level": "info", "event": "not_fired", "trigger_id": "quality/altman-distress/BTLG11", "ticker": "BTLG11", "market": "br", "kind": "altman_distress", "snapshot": {"reason": "not_applicable", "detail": "Altman não se aplica a sector 'Logística'"}}
{"ts": "2026-04-30T20:38:15+00:00", "level": "info", "event": "not_fired", "trigger_id": "quality/altman-distress/ITSA4", "ticker": "ITSA4", "market": "br", "kind": "altman_distress", "snapshot": {"z_score": 7.155, "zone": "safe", "threshold_z": 1.81, "period_end": "2025-12-31", "confidence": "medium"}}
{"ts": "2026-04-30T20:38:15+00:00", "level": "info", "event": "not_fired", "trigger_id": "quality/altman-distress/IVVB11", "ticker": "IVVB11", "market": "br", "kind": "altman_distress", "snapshot": {"reason": "not_applicable", "detail": "Altman não se aplica a sector 'ETF-US'"}}
{"ts": "2026-04-30T20:38:15+00:00", "level": "info", "event": "not_fired", "trigger_id": "quality/altman-distress/KLBN11", "ticker": "KLBN11", "market": "br", "kind": "altman_distress", "snapshot": {"z_score": 2.339, "zone": "grey", "threshold_z": 1.81, "period_end": "2025-12-31", "confidence": "high"}}
{"ts": "2026-04-30T20:38:15+00:00", "level": "info", "event": "not_fired", "trigger_id": "quality/altman-distress/LFTB11", "ticker": "LFTB11", "market": "br", "kind": "altman_distress", "snapshot": {"reason": "not_applicable", "detail": "Altman não se aplica a sector 'ETF-RF'"}}
{"ts": "2026-04-30T20:38:15+00:00", "level": "info", "event": "action_opened", "trigger_id": "quality/altman-distress/PRIO3", "ticker": "PRIO3", "market": "br", "kind": "altman_distress", "action_hint": "REVIEW", "snapshot": {"z_score": 1.739, "zone": "distress", "threshold_z": 1.81, "period_end": "2025-12-31", "confidence": "medium"}, "note": "Altman Z abaixo de 1.81 (distress zone) — rever balance sheet, capex e dívida antes de nova entrada"}
{"ts": "2026-04-30T20:38:15+00:00", "level": "info", "event": "not_fired", "trigger_id": "quality/altman-distress/PVBI11", "ticker": "PVBI11", "market": "br", "kind": "altman_distress", "snapshot": {"reason": "not_applicable", "detail": "Altman não se aplica a sector 'Corporativo'"}}
{"ts": "2026-04-30T20:38:15+00:00", "level": "info", "event": "not_fired", "trigger_id": "quality/altman-distress/RBRX11", "ticker": "RBRX11", "market": "br", "kind": "altman_distress", "snapshot": {"reason": "not_applicable", "detail": "Altman não se aplica a sector 'Híbrido'"}}
{"ts": "2026-04-30T20:38:15+00:00", "level": "info", "event": "not_fired", "trigger_id": "quality/altman-distress/VALE3", "ticker": "VALE3", "market": "br", "kind": "altman_distress", "snapshot": {"z_score": 5.048, "zone": "safe", "threshold_z": 1.81, "period_end": "2025-12-31", "confidence": "high"}}
{"ts": "2026-04-30T20:38:15+00:00", "level": "info", "event": "not_fired", "trigger_id": "quality/altman-distress/VGIR11", "ticker": "VGIR11", "market": "br", "kind": "altman_distress", "snapshot": {"reason": "not_applicable", "detail": "Altman não se aplica a sector 'Papel (CRI)'"}}
{"ts": "2026-04-30T20:38:15+00:00", "level": "info", "event": "not_fired", "trigger_id": "quality/altman-distress/XPML11", "ticker": "XPML11", "market": "br", "kind": "altman_distress", "snapshot": {"reason": "not_applicable", "detail": "Altman não se aplica a sector 'Shopping'"}}
{"ts": "2026-04-30T20:38:15+00:00", "level": "info", "event": "not_fired", "trigger_id": "quality/piotroski-weak/BBDC4", "ticker": "BBDC4", "market": "br", "kind": "piotroski_weak", "snapshot": {"reason": "not_applicable", "detail": "Piotroski não se aplica a sector 'Banks'"}}
{"ts": "2026-04-30T20:38:15+00:00", "level": "info", "event": "not_fired", "trigger_id": "quality/piotroski-weak/BTLG11", "ticker": "BTLG11", "market": "br", "kind": "piotroski_weak", "snapshot": {"reason": "not_applicable", "detail": "Piotroski não se aplica a sector 'Logística'"}}
{"ts": "2026-04-30T20:38:15+00:00", "level": "info", "event": "not_fired", "trigger_id": "quality/piotroski-weak/ITSA4", "ticker": "ITSA4", "market": "br", "kind": "piotroski_weak", "snapshot": {"f_score": 5, "label": "NEUTRAL", "threshold_f": 3, "period_t": "2025-12-31", "period_t_minus_1": "2024-12-31"}}
{"ts": "2026-04-30T20:38:15+00:00", "level": "info", "event": "not_fired", "trigger_id": "quality/piotroski-weak/IVVB11", "ticker": "IVVB11", "market": "br", "kind": "piotroski_weak", "snapshot": {"reason": "not_applicable", "detail": "Piotroski não se aplica a sector 'ETF-US'"}}
{"ts": "2026-04-30T20:38:15+00:00", "level": "info", "event": "not_fired", "trigger_id": "quality/piotroski-weak/KLBN11", "ticker": "KLBN11", "market": "br", "kind": "piotroski_weak", "snapshot": {"f_score": 6, "label": "NEUTRAL", "threshold_f": 3, "period_t": "2025-12-31", "period_t_minus_1": "2024-12-31"}}
{"ts": "2026-04-30T20:38:15+00:00", "level": "info", "event": "not_fired", "trigger_id": "quality/piotroski-weak/LFTB11", "ticker": "LFTB11", "market": "br", "kind": "piotroski_weak", "snapshot": {"reason": "not_applicable", "detail": "Piotroski não se aplica a sector 'ETF-RF'"}}
{"ts": "2026-04-30T20:38:15+00:00", "level": "info", "event": "action_opened", "trigger_id": "quality/piotroski-weak/PRIO3", "ticker": "PRIO3", "market": "br", "kind": "piotroski_weak", "action_hint": "REVIEW", "snapshot": {"f_score": 2, "label": "WEAK", "threshold_f": 3, "period_t": "2025-12-31", "period_t_minus_1": "2024-12-31"}, "note": "Piotroski F ≤ 3 — deterioração cumulativa em rentabilidade/liquidez/eficiência vs ano anterior"}
{"ts": "2026-04-30T20:38:15+00:00", "level": "info", "event": "not_fired", "trigger_id": "quality/piotroski-weak/PVBI11", "ticker": "PVBI11", "market": "br", "kind": "piotroski_weak", "snapshot": {"reason": "not_applicable", "detail": "Piotroski não se aplica a sector 'Corporativo'"}}
{"ts": "2026-04-30T20:38:15+00:00", "level": "info", "event": "not_fired", "trigger_id": "quality/piotroski-weak/RBRX11", "ticker": "RBRX11", "market": "br", "kind": "piotroski_weak", "snapshot": {"reason": "not_applicable", "detail": "Piotroski não se aplica a sector 'Híbrido'"}}
{"ts": "2026-04-30T20:38:15+00:00", "level": "info", "event": "not_fired", "trigger_id": "quality/piotroski-weak/VALE3", "ticker": "VALE3", "market": "br", "kind": "piotroski_weak", "snapshot": {"f_score": 5, "label": "NEUTRAL", "threshold_f": 3, "period_t": "2025-12-31", "period_t_minus_1": "2024-12-31"}}
{"ts": "2026-04-30T20:38:15+00:00", "level": "info", "event": "not_fired", "trigger_id": "quality/piotroski-weak/VGIR11", "ticker": "VGIR11", "market": "br", "kind": "piotroski_weak", "snapshot": {"reason": "not_applicable", "detail": "Piotroski não se aplica a sector 'Papel (CRI)'"}}
{"ts": "2026-04-30T20:38:15+00:00", "level": "info", "event": "not_fired", "trigger_id": "quality/piotroski-weak/XPML11", "ticker": "XPML11", "market": "br", "kind": "piotroski_weak", "snapshot": {"reason": "not_applicable", "detail": "Piotroski não se aplica a sector 'Shopping'"}}
{"ts": "2026-04-30T20:38:15+00:00", "level": "info", "event": "summary", "total_triggers": 81, "fired": 6, "inserted": 6, "deduped": 0, "errors": 0, "dry_run": false}
