{"ts": "2026-04-23T15:54:03+00:00", "level": "info", "event": "not_fired", "trigger_id": "jnj_dip_10", "ticker": "JNJ", "market": "us", "kind": "price_drop_from_high", "snapshot": {"price": 229.13, "price_date": "2026-04-23", "high_lookback": 248.56, "lookback_days": 90, "drop_pct": -7.82, "threshold_pct": -10.0}}
{"ts": "2026-04-23T15:54:03+00:00", "level": "info", "event": "not_fired", "trigger_id": "ko_cheap_dy", "ticker": "KO", "market": "us", "kind": "dy_percentile_vs_own_history", "snapshot": {"price": 76.235, "price_date": "2026-04-23", "dy_now_pct": 2.702, "dy_threshold_pct": 3.261, "percentile": 75.0, "lookback_years": 10, "obs": 121}}
{"ts": "2026-04-23T15:54:03+00:00", "level": "info", "event": "not_fired", "trigger_id": "pg_cheap_dy", "ticker": "PG", "market": "us", "kind": "dy_percentile_vs_own_history", "snapshot": {"price": 144.96, "price_date": "2026-04-23", "dy_now_pct": 2.187, "dy_threshold_pct": 2.973, "percentile": 75.0, "lookback_years": 10, "obs": 121}}
{"ts": "2026-04-23T15:54:03+00:00", "level": "info", "event": "not_fired", "trigger_id": "aapl_dip_15", "ticker": "AAPL", "market": "us", "kind": "price_drop_from_high", "snapshot": {"price": 273.62, "price_date": "2026-04-23", "high_lookback": 278.12, "lookback_days": 120, "drop_pct": -1.62, "threshold_pct": -15.0}}
{"ts": "2026-04-23T15:54:03+00:00", "level": "info", "event": "not_fired", "trigger_id": "tsm_dip_15", "ticker": "TSM", "market": "us", "kind": "price_drop_from_high", "snapshot": {"price": 386.53, "price_date": "2026-04-23", "high_lookback": 387.73, "lookback_days": 90, "drop_pct": -0.31, "threshold_pct": -15.0}}
{"ts": "2026-04-23T15:54:03+00:00", "level": "info", "event": "not_fired", "trigger_id": "trow_dy_5p5", "ticker": "TROW", "market": "us", "kind": "dy_above_pct", "snapshot": {"price": 99.14, "price_date": "2026-04-21", "div_t12": 5.11, "dy_pct": 5.154, "threshold_pct": 5.5}}
{"ts": "2026-04-23T15:54:03+00:00", "level": "info", "event": "not_fired", "trigger_id": "mkc_dy_4p0", "ticker": "MKC", "market": "us", "kind": "dy_above_pct", "snapshot": {"price": 51.98, "price_date": "2026-04-21", "div_t12": 1.86, "dy_pct": 3.578, "threshold_pct": 4.0}}
{"ts": "2026-04-23T15:54:03+00:00", "level": "info", "event": "not_fired", "trigger_id": "adp_dy_3p8", "ticker": "ADP", "market": "us", "kind": "dy_above_pct", "snapshot": {"price": 202.87, "price_date": "2026-04-21", "div_t12": 6.48, "dy_pct": 3.194, "threshold_pct": 3.8}}
{"ts": "2026-04-23T15:54:03+00:00", "level": "info", "event": "not_fired", "trigger_id": "abbv_drop_20", "ticker": "ABBV", "market": "us", "kind": "price_drop_from_high", "snapshot": {"price": 205.12, "price_date": "2026-04-21", "high_lookback": 236.28, "lookback_days": 180, "drop_pct": -13.19, "threshold_pct": -20.0}}
{"ts": "2026-04-23T15:54:03+00:00", "level": "info", "event": "not_fired", "trigger_id": "tgt_drop_15", "ticker": "TGT", "market": "us", "kind": "price_drop_from_high", "snapshot": {"price": 132.1, "price_date": "2026-04-21", "high_lookback": 132.1, "lookback_days": 120, "drop_pct": 0.0, "threshold_pct": -15.0}}
{"ts": "2026-04-23T15:54:03+00:00", "level": "info", "event": "not_fired", "trigger_id": "quality/altman-distress/AAPL", "ticker": "AAPL", "market": "us", "kind": "altman_distress", "snapshot": {"z_score": 10.704, "zone": "safe", "threshold_z": 1.81, "period_end": "2025-09-30", "confidence": "high"}}
{"ts": "2026-04-23T15:54:03+00:00", "level": "info", "event": "not_fired", "trigger_id": "quality/altman-distress/ACN", "ticker": "ACN", "market": "us", "kind": "altman_distress", "snapshot": {"z_score": 4.384, "zone": "safe", "threshold_z": 1.81, "period_end": "2025-08-31", "confidence": "high"}}
{"ts": "2026-04-23T15:54:03+00:00", "level": "info", "event": "not_fired", "trigger_id": "quality/altman-distress/BLK", "ticker": "BLK", "market": "us", "kind": "altman_distress", "snapshot": {"reason": "not_applicable", "detail": "Altman não se aplica a sector 'Financials'"}}
{"ts": "2026-04-23T15:54:03+00:00", "level": "info", "event": "not_fired", "trigger_id": "quality/altman-distress/BN", "ticker": "BN", "market": "us", "kind": "altman_distress", "snapshot": {"reason": "not_applicable", "detail": "Altman não se aplica a sector 'Financials'"}}
{"ts": "2026-04-23T15:54:03+00:00", "level": "info", "event": "not_fired", "trigger_id": "quality/altman-distress/BRK-B", "ticker": "BRK-B", "market": "us", "kind": "altman_distress", "snapshot": {"reason": "not_applicable", "detail": "campos em falta: working_capital"}}
{"ts": "2026-04-23T15:54:03+00:00", "level": "info", "event": "not_fired", "trigger_id": "quality/altman-distress/GREK", "ticker": "GREK", "market": "us", "kind": "altman_distress", "snapshot": {"reason": "not_applicable", "detail": "sem deep_fundamentals — roda fetchers/yf_deep_fundamentals.py"}}
{"ts": "2026-04-23T15:54:03+00:00", "level": "info", "event": "not_fired", "trigger_id": "quality/altman-distress/GS", "ticker": "GS", "market": "us", "kind": "altman_distress", "snapshot": {"reason": "not_applicable", "detail": "Altman não se aplica a sector 'Financials'"}}
{"ts": "2026-04-23T15:54:03+00:00", "level": "info", "event": "not_fired", "trigger_id": "quality/altman-distress/HD", "ticker": "HD", "market": "us", "kind": "altman_distress", "snapshot": {"z_score": 5.777, "zone": "safe", "threshold_z": 1.81, "period_end": "2026-01-31", "confidence": "high"}}
{"ts": "2026-04-23T15:54:03+00:00", "level": "info", "event": "not_fired", "trigger_id": "quality/altman-distress/JNJ", "ticker": "JNJ", "market": "us", "kind": "altman_distress", "snapshot": {"z_score": 4.446, "zone": "safe", "threshold_z": 1.81, "period_end": "2025-12-31", "confidence": "medium"}}
{"ts": "2026-04-23T15:54:03+00:00", "level": "info", "event": "not_fired", "trigger_id": "quality/altman-distress/JPM", "ticker": "JPM", "market": "us", "kind": "altman_distress", "snapshot": {"reason": "not_applicable", "detail": "Altman não se aplica a sector 'Financials'"}}
{"ts": "2026-04-23T15:54:03+00:00", "level": "info", "event": "not_fired", "trigger_id": "quality/altman-distress/KO", "ticker": "KO", "market": "us", "kind": "altman_distress", "snapshot": {"z_score": 4.962, "zone": "safe", "threshold_z": 1.81, "period_end": "2025-12-31", "confidence": "high"}}
{"ts": "2026-04-23T15:54:03+00:00", "level": "info", "event": "not_fired", "trigger_id": "quality/altman-distress/NU", "ticker": "NU", "market": "us", "kind": "altman_distress", "snapshot": {"reason": "not_applicable", "detail": "Altman não se aplica a sector 'Financials'"}}
{"ts": "2026-04-23T15:54:03+00:00", "level": "info", "event": "not_fired", "trigger_id": "quality/altman-distress/O", "ticker": "O", "market": "us", "kind": "altman_distress", "snapshot": {"reason": "not_applicable", "detail": "Altman não se aplica a sector 'REIT'"}}
{"ts": "2026-04-23T15:54:03+00:00", "level": "info", "event": "not_fired", "trigger_id": "quality/altman-distress/PG", "ticker": "PG", "market": "us", "kind": "altman_distress", "snapshot": {"z_score": 5.343, "zone": "safe", "threshold_z": 1.81, "period_end": "2025-06-30", "confidence": "high"}}
{"ts": "2026-04-23T15:54:03+00:00", "level": "info", "event": "not_fired", "trigger_id": "quality/altman-distress/PLD", "ticker": "PLD", "market": "us", "kind": "altman_distress", "snapshot": {"reason": "not_applicable", "detail": "Altman não se aplica a sector 'REIT'"}}
{"ts": "2026-04-23T15:54:03+00:00", "level": "info", "event": "not_fired", "trigger_id": "quality/altman-distress/PLTR", "ticker": "PLTR", "market": "us", "kind": "altman_distress", "snapshot": {"z_score": 149.307, "zone": "safe", "threshold_z": 1.81, "period_end": "2025-12-31", "confidence": "high"}}
{"ts": "2026-04-23T15:54:03+00:00", "level": "info", "event": "fired_dry", "trigger_id": "quality/altman-distress/TEN", "ticker": "TEN", "market": "us", "kind": "altman_distress", "action_hint": "REVIEW", "snapshot": {"z_score": 1.017, "zone": "distress", "threshold_z": 1.81, "period_end": "2025-12-31", "confidence": "high"}, "note": "Altman Z abaixo de 1.81 (distress zone) — rever balance sheet, capex e dívida antes de nova entrada"}
{"ts": "2026-04-23T15:54:03+00:00", "level": "info", "event": "not_fired", "trigger_id": "quality/altman-distress/TFC", "ticker": "TFC", "market": "us", "kind": "altman_distress", "snapshot": {"reason": "not_applicable", "detail": "Altman não se aplica a sector 'Financials'"}}
{"ts": "2026-04-23T15:54:03+00:00", "level": "info", "event": "not_fired", "trigger_id": "quality/altman-distress/TSLA", "ticker": "TSLA", "market": "us", "kind": "altman_distress", "snapshot": {"z_score": 17.606, "zone": "safe", "threshold_z": 1.81, "period_end": "2025-12-31", "confidence": "high"}}
{"ts": "2026-04-23T15:54:03+00:00", "level": "info", "event": "not_fired", "trigger_id": "quality/altman-distress/TSM", "ticker": "TSM", "market": "us", "kind": "altman_distress", "snapshot": {"z_score": 3.021, "zone": "safe", "threshold_z": 1.81, "period_end": "2025-12-31", "confidence": "high"}}
{"ts": "2026-04-23T15:54:03+00:00", "level": "info", "event": "not_fired", "trigger_id": "quality/altman-distress/XP", "ticker": "XP", "market": "us", "kind": "altman_distress", "snapshot": {"reason": "not_applicable", "detail": "Altman não se aplica a sector 'Financials'"}}
{"ts": "2026-04-23T15:54:03+00:00", "level": "info", "event": "not_fired", "trigger_id": "quality/piotroski-weak/AAPL", "ticker": "AAPL", "market": "us", "kind": "piotroski_weak", "snapshot": {"f_score": 8, "label": "STRONG", "threshold_f": 3, "period_t": "2025-09-30", "period_t_minus_1": "2024-09-30"}}
{"ts": "2026-04-23T15:54:03+00:00", "level": "info", "event": "not_fired", "trigger_id": "quality/piotroski-weak/ACN", "ticker": "ACN", "market": "us", "kind": "piotroski_weak", "snapshot": {"f_score": 5, "label": "NEUTRAL", "threshold_f": 3, "period_t": "2025-08-31", "period_t_minus_1": "2024-08-31"}}
{"ts": "2026-04-23T15:54:03+00:00", "level": "info", "event": "not_fired", "trigger_id": "quality/piotroski-weak/BLK", "ticker": "BLK", "market": "us", "kind": "piotroski_weak", "snapshot": {"reason": "not_applicable", "detail": "Piotroski não se aplica a sector 'Financials'"}}
{"ts": "2026-04-23T15:54:03+00:00", "level": "info", "event": "not_fired", "trigger_id": "quality/piotroski-weak/BN", "ticker": "BN", "market": "us", "kind": "piotroski_weak", "snapshot": {"reason": "not_applicable", "detail": "Piotroski não se aplica a sector 'Financials'"}}
{"ts": "2026-04-23T15:54:03+00:00", "level": "info", "event": "not_fired", "trigger_id": "quality/piotroski-weak/BRK-B", "ticker": "BRK-B", "market": "us", "kind": "piotroski_weak", "snapshot": {"f_score": 4, "label": "NEUTRAL", "threshold_f": 3, "period_t": "2025-12-31", "period_t_minus_1": "2024-12-31"}}
{"ts": "2026-04-23T15:54:03+00:00", "level": "info", "event": "not_fired", "trigger_id": "quality/piotroski-weak/GREK", "ticker": "GREK", "market": "us", "kind": "piotroski_weak", "snapshot": {"reason": "not_applicable", "detail": "precisa 2 períodos anuais completos em deep_fundamentals"}}
{"ts": "2026-04-23T15:54:03+00:00", "level": "info", "event": "not_fired", "trigger_id": "quality/piotroski-weak/GS", "ticker": "GS", "market": "us", "kind": "piotroski_weak", "snapshot": {"reason": "not_applicable", "detail": "Piotroski não se aplica a sector 'Financials'"}}
{"ts": "2026-04-23T15:54:03+00:00", "level": "info", "event": "not_fired", "trigger_id": "quality/piotroski-weak/HD", "ticker": "HD", "market": "us", "kind": "piotroski_weak", "snapshot": {"f_score": 4, "label": "NEUTRAL", "threshold_f": 3, "period_t": "2026-01-31", "period_t_minus_1": "2025-01-31"}}
{"ts": "2026-04-23T15:54:03+00:00", "level": "info", "event": "not_fired", "trigger_id": "quality/piotroski-weak/JNJ", "ticker": "JNJ", "market": "us", "kind": "piotroski_weak", "snapshot": {"f_score": 4, "label": "NEUTRAL", "threshold_f": 3, "period_t": "2025-12-31", "period_t_minus_1": "2024-12-31"}}
{"ts": "2026-04-23T15:54:03+00:00", "level": "info", "event": "not_fired", "trigger_id": "quality/piotroski-weak/JPM", "ticker": "JPM", "market": "us", "kind": "piotroski_weak", "snapshot": {"reason": "not_applicable", "detail": "Piotroski não se aplica a sector 'Financials'"}}
{"ts": "2026-04-23T15:54:03+00:00", "level": "info", "event": "not_fired", "trigger_id": "quality/piotroski-weak/KO", "ticker": "KO", "market": "us", "kind": "piotroski_weak", "snapshot": {"f_score": 7, "label": "STRONG", "threshold_f": 3, "period_t": "2025-12-31", "period_t_minus_1": "2024-12-31"}}
{"ts": "2026-04-23T15:54:03+00:00", "level": "info", "event": "not_fired", "trigger_id": "quality/piotroski-weak/NU", "ticker": "NU", "market": "us", "kind": "piotroski_weak", "snapshot": {"reason": "not_applicable", "detail": "Piotroski não se aplica a sector 'Financials'"}}
{"ts": "2026-04-23T15:54:03+00:00", "level": "info", "event": "not_fired", "trigger_id": "quality/piotroski-weak/O", "ticker": "O", "market": "us", "kind": "piotroski_weak", "snapshot": {"reason": "not_applicable", "detail": "Piotroski não se aplica a sector 'REIT'"}}
{"ts": "2026-04-23T15:54:03+00:00", "level": "info", "event": "not_fired", "trigger_id": "quality/piotroski-weak/PG", "ticker": "PG", "market": "us", "kind": "piotroski_weak", "snapshot": {"f_score": 5, "label": "NEUTRAL", "threshold_f": 3, "period_t": "2025-06-30", "period_t_minus_1": "2024-06-30"}}
{"ts": "2026-04-23T15:54:03+00:00", "level": "info", "event": "not_fired", "trigger_id": "quality/piotroski-weak/PLD", "ticker": "PLD", "market": "us", "kind": "piotroski_weak", "snapshot": {"reason": "not_applicable", "detail": "Piotroski não se aplica a sector 'REIT'"}}
{"ts": "2026-04-23T15:54:03+00:00", "level": "info", "event": "not_fired", "trigger_id": "quality/piotroski-weak/PLTR", "ticker": "PLTR", "market": "us", "kind": "piotroski_weak", "snapshot": {"f_score": 8, "label": "STRONG", "threshold_f": 3, "period_t": "2025-12-31", "period_t_minus_1": "2024-12-31"}}
{"ts": "2026-04-23T15:54:03+00:00", "level": "info", "event": "fired_dry", "trigger_id": "quality/piotroski-weak/TEN", "ticker": "TEN", "market": "us", "kind": "piotroski_weak", "action_hint": "REVIEW", "snapshot": {"f_score": 3, "label": "WEAK", "threshold_f": 3, "period_t": "2025-12-31", "period_t_minus_1": "2024-12-31"}, "note": "Piotroski F ≤ 3 — deterioração cumulativa em rentabilidade/liquidez/eficiência vs ano anterior"}
{"ts": "2026-04-23T15:54:03+00:00", "level": "info", "event": "not_fired", "trigger_id": "quality/piotroski-weak/TFC", "ticker": "TFC", "market": "us", "kind": "piotroski_weak", "snapshot": {"reason": "not_applicable", "detail": "Piotroski não se aplica a sector 'Financials'"}}
{"ts": "2026-04-23T15:54:03+00:00", "level": "info", "event": "not_fired", "trigger_id": "quality/piotroski-weak/TSLA", "ticker": "TSLA", "market": "us", "kind": "piotroski_weak", "snapshot": {"f_score": 5, "label": "NEUTRAL", "threshold_f": 3, "period_t": "2025-12-31", "period_t_minus_1": "2024-12-31"}}
{"ts": "2026-04-23T15:54:03+00:00", "level": "info", "event": "not_fired", "trigger_id": "quality/piotroski-weak/TSM", "ticker": "TSM", "market": "us", "kind": "piotroski_weak", "snapshot": {"f_score": 8, "label": "STRONG", "threshold_f": 3, "period_t": "2025-12-31", "period_t_minus_1": "2024-12-31"}}
{"ts": "2026-04-23T15:54:03+00:00", "level": "info", "event": "not_fired", "trigger_id": "quality/piotroski-weak/XP", "ticker": "XP", "market": "us", "kind": "piotroski_weak", "snapshot": {"reason": "not_applicable", "detail": "Piotroski não se aplica a sector 'Financials'"}}
{"ts": "2026-04-23T15:54:03+00:00", "level": "info", "event": "not_fired", "trigger_id": "acn_buyzone_170", "ticker": "ACN", "market": "us", "kind": "price_below", "snapshot": {"price": 176.5, "price_date": "2026-04-23", "threshold_price": 170.0, "margin_pct": 3.82}}
{"ts": "2026-04-23T15:54:03+00:00", "level": "info", "event": "not_fired", "trigger_id": "acn_buyzone_150", "ticker": "ACN", "market": "us", "kind": "price_below", "snapshot": {"price": 176.5, "price_date": "2026-04-23", "threshold_price": 150.0, "margin_pct": 17.67}}
{"ts": "2026-04-23T15:54:03+00:00", "level": "info", "event": "not_fired", "trigger_id": "bbdc4_cheap_dy", "ticker": "BBDC4", "market": "br", "kind": "dy_percentile_vs_own_history", "snapshot": {"price": 20.4, "price_date": "2026-04-23", "dy_now_pct": 7.381, "dy_threshold_pct": 7.393, "percentile": 75.0, "lookback_years": 10, "obs": 121}}
{"ts": "2026-04-23T15:54:03+00:00", "level": "info", "event": "fired_dry", "trigger_id": "itsa4_dy_8pct", "ticker": "ITSA4", "market": "br", "kind": "dy_above_pct", "action_hint": "ADD", "snapshot": {"price": 14.41, "price_date": "2026-04-23", "div_t12": 1.2276, "dy_pct": 8.519, "threshold_pct": 8.0}, "note": "ITSA4 com DY ≥ 8% t12m (incluindo JCP) é zone de accumulate"}
{"ts": "2026-04-23T15:54:03+00:00", "level": "info", "event": "not_fired", "trigger_id": "vale3_dip_15", "ticker": "VALE3", "market": "br", "kind": "price_drop_from_high", "snapshot": {"price": 86.61, "price_date": "2026-04-23", "high_lookback": 90.09, "lookback_days": 90, "drop_pct": -3.86, "threshold_pct": -15.0}}
{"ts": "2026-04-23T15:54:03+00:00", "level": "info", "event": "not_fired", "trigger_id": "quality/altman-distress/BBDC4", "ticker": "BBDC4", "market": "br", "kind": "altman_distress", "snapshot": {"reason": "not_applicable", "detail": "Altman não se aplica a sector 'Banks'"}}
{"ts": "2026-04-23T15:54:03+00:00", "level": "info", "event": "not_fired", "trigger_id": "quality/altman-distress/BTLG11", "ticker": "BTLG11", "market": "br", "kind": "altman_distress", "snapshot": {"reason": "not_applicable", "detail": "Altman não se aplica a sector 'Logística'"}}
{"ts": "2026-04-23T15:54:03+00:00", "level": "info", "event": "not_fired", "trigger_id": "quality/altman-distress/ITSA4", "ticker": "ITSA4", "market": "br", "kind": "altman_distress", "snapshot": {"z_score": 7.374, "zone": "safe", "threshold_z": 1.81, "period_end": "2025-12-31", "confidence": "medium"}}
{"ts": "2026-04-23T15:54:03+00:00", "level": "info", "event": "not_fired", "trigger_id": "quality/altman-distress/IVVB11", "ticker": "IVVB11", "market": "br", "kind": "altman_distress", "snapshot": {"reason": "not_applicable", "detail": "Altman não se aplica a sector 'ETF-US'"}}
{"ts": "2026-04-23T15:54:03+00:00", "level": "info", "event": "not_fired", "trigger_id": "quality/altman-distress/LFTB11", "ticker": "LFTB11", "market": "br", "kind": "altman_distress", "snapshot": {"reason": "not_applicable", "detail": "Altman não se aplica a sector 'ETF-RF'"}}
{"ts": "2026-04-23T15:54:03+00:00", "level": "info", "event": "fired_dry", "trigger_id": "quality/altman-distress/PRIO3", "ticker": "PRIO3", "market": "br", "kind": "altman_distress", "action_hint": "REVIEW", "snapshot": {"z_score": 1.727, "zone": "distress", "threshold_z": 1.81, "period_end": "2025-12-31", "confidence": "medium"}, "note": "Altman Z abaixo de 1.81 (distress zone) — rever balance sheet, capex e dívida antes de nova entrada"}
{"ts": "2026-04-23T15:54:03+00:00", "level": "info", "event": "not_fired", "trigger_id": "quality/altman-distress/PVBI11", "ticker": "PVBI11", "market": "br", "kind": "altman_distress", "snapshot": {"reason": "not_applicable", "detail": "Altman não se aplica a sector 'Corporativo'"}}
{"ts": "2026-04-23T15:54:03+00:00", "level": "info", "event": "not_fired", "trigger_id": "quality/altman-distress/RBRX11", "ticker": "RBRX11", "market": "br", "kind": "altman_distress", "snapshot": {"reason": "not_applicable", "detail": "Altman não se aplica a sector 'Híbrido'"}}
{"ts": "2026-04-23T15:54:03+00:00", "level": "info", "event": "not_fired", "trigger_id": "quality/altman-distress/VALE3", "ticker": "VALE3", "market": "br", "kind": "altman_distress", "snapshot": {"z_score": 5.102, "zone": "safe", "threshold_z": 1.81, "period_end": "2025-12-31", "confidence": "high"}}
{"ts": "2026-04-23T15:54:03+00:00", "level": "info", "event": "not_fired", "trigger_id": "quality/altman-distress/VGIR11", "ticker": "VGIR11", "market": "br", "kind": "altman_distress", "snapshot": {"reason": "not_applicable", "detail": "Altman não se aplica a sector 'Papel (CRI)'"}}
{"ts": "2026-04-23T15:54:03+00:00", "level": "info", "event": "not_fired", "trigger_id": "quality/altman-distress/XPML11", "ticker": "XPML11", "market": "br", "kind": "altman_distress", "snapshot": {"reason": "not_applicable", "detail": "Altman não se aplica a sector 'Shopping'"}}
{"ts": "2026-04-23T15:54:03+00:00", "level": "info", "event": "not_fired", "trigger_id": "quality/piotroski-weak/BBDC4", "ticker": "BBDC4", "market": "br", "kind": "piotroski_weak", "snapshot": {"reason": "not_applicable", "detail": "Piotroski não se aplica a sector 'Banks'"}}
{"ts": "2026-04-23T15:54:03+00:00", "level": "info", "event": "not_fired", "trigger_id": "quality/piotroski-weak/BTLG11", "ticker": "BTLG11", "market": "br", "kind": "piotroski_weak", "snapshot": {"reason": "not_applicable", "detail": "Piotroski não se aplica a sector 'Logística'"}}
{"ts": "2026-04-23T15:54:03+00:00", "level": "info", "event": "not_fired", "trigger_id": "quality/piotroski-weak/ITSA4", "ticker": "ITSA4", "market": "br", "kind": "piotroski_weak", "snapshot": {"f_score": 5, "label": "NEUTRAL", "threshold_f": 3, "period_t": "2025-12-31", "period_t_minus_1": "2024-12-31"}}
{"ts": "2026-04-23T15:54:03+00:00", "level": "info", "event": "not_fired", "trigger_id": "quality/piotroski-weak/IVVB11", "ticker": "IVVB11", "market": "br", "kind": "piotroski_weak", "snapshot": {"reason": "not_applicable", "detail": "Piotroski não se aplica a sector 'ETF-US'"}}
{"ts": "2026-04-23T15:54:03+00:00", "level": "info", "event": "not_fired", "trigger_id": "quality/piotroski-weak/LFTB11", "ticker": "LFTB11", "market": "br", "kind": "piotroski_weak", "snapshot": {"reason": "not_applicable", "detail": "Piotroski não se aplica a sector 'ETF-RF'"}}
{"ts": "2026-04-23T15:54:03+00:00", "level": "info", "event": "fired_dry", "trigger_id": "quality/piotroski-weak/PRIO3", "ticker": "PRIO3", "market": "br", "kind": "piotroski_weak", "action_hint": "REVIEW", "snapshot": {"f_score": 2, "label": "WEAK", "threshold_f": 3, "period_t": "2025-12-31", "period_t_minus_1": "2024-12-31"}, "note": "Piotroski F ≤ 3 — deterioração cumulativa em rentabilidade/liquidez/eficiência vs ano anterior"}
{"ts": "2026-04-23T15:54:03+00:00", "level": "info", "event": "not_fired", "trigger_id": "quality/piotroski-weak/PVBI11", "ticker": "PVBI11", "market": "br", "kind": "piotroski_weak", "snapshot": {"reason": "not_applicable", "detail": "Piotroski não se aplica a sector 'Corporativo'"}}
{"ts": "2026-04-23T15:54:03+00:00", "level": "info", "event": "not_fired", "trigger_id": "quality/piotroski-weak/RBRX11", "ticker": "RBRX11", "market": "br", "kind": "piotroski_weak", "snapshot": {"reason": "not_applicable", "detail": "Piotroski não se aplica a sector 'Híbrido'"}}
{"ts": "2026-04-23T15:54:03+00:00", "level": "info", "event": "not_fired", "trigger_id": "quality/piotroski-weak/VALE3", "ticker": "VALE3", "market": "br", "kind": "piotroski_weak", "snapshot": {"f_score": 5, "label": "NEUTRAL", "threshold_f": 3, "period_t": "2025-12-31", "period_t_minus_1": "2024-12-31"}}
{"ts": "2026-04-23T15:54:03+00:00", "level": "info", "event": "not_fired", "trigger_id": "quality/piotroski-weak/VGIR11", "ticker": "VGIR11", "market": "br", "kind": "piotroski_weak", "snapshot": {"reason": "not_applicable", "detail": "Piotroski não se aplica a sector 'Papel (CRI)'"}}
{"ts": "2026-04-23T15:54:03+00:00", "level": "info", "event": "not_fired", "trigger_id": "quality/piotroski-weak/XPML11", "ticker": "XPML11", "market": "br", "kind": "piotroski_weak", "snapshot": {"reason": "not_applicable", "detail": "Piotroski não se aplica a sector 'Shopping'"}}
{"ts": "2026-04-23T15:54:03+00:00", "level": "info", "event": "summary", "total_triggers": 79, "fired": 5, "inserted": 0, "deduped": 0, "errors": 0, "dry_run": true}
{"ts": "2026-04-23T15:54:19+00:00", "level": "info", "event": "not_fired", "trigger_id": "jnj_dip_10", "ticker": "JNJ", "market": "us", "kind": "price_drop_from_high", "snapshot": {"price": 229.13, "price_date": "2026-04-23", "high_lookback": 248.56, "lookback_days": 90, "drop_pct": -7.82, "threshold_pct": -10.0}}
{"ts": "2026-04-23T15:54:19+00:00", "level": "info", "event": "not_fired", "trigger_id": "ko_cheap_dy", "ticker": "KO", "market": "us", "kind": "dy_percentile_vs_own_history", "snapshot": {"price": 76.235, "price_date": "2026-04-23", "dy_now_pct": 2.702, "dy_threshold_pct": 3.261, "percentile": 75.0, "lookback_years": 10, "obs": 121}}
{"ts": "2026-04-23T15:54:19+00:00", "level": "info", "event": "not_fired", "trigger_id": "pg_cheap_dy", "ticker": "PG", "market": "us", "kind": "dy_percentile_vs_own_history", "snapshot": {"price": 144.96, "price_date": "2026-04-23", "dy_now_pct": 2.187, "dy_threshold_pct": 2.973, "percentile": 75.0, "lookback_years": 10, "obs": 121}}
{"ts": "2026-04-23T15:54:19+00:00", "level": "info", "event": "not_fired", "trigger_id": "aapl_dip_15", "ticker": "AAPL", "market": "us", "kind": "price_drop_from_high", "snapshot": {"price": 273.62, "price_date": "2026-04-23", "high_lookback": 278.12, "lookback_days": 120, "drop_pct": -1.62, "threshold_pct": -15.0}}
{"ts": "2026-04-23T15:54:19+00:00", "level": "info", "event": "not_fired", "trigger_id": "tsm_dip_15", "ticker": "TSM", "market": "us", "kind": "price_drop_from_high", "snapshot": {"price": 386.53, "price_date": "2026-04-23", "high_lookback": 387.73, "lookback_days": 90, "drop_pct": -0.31, "threshold_pct": -15.0}}
{"ts": "2026-04-23T15:54:19+00:00", "level": "info", "event": "not_fired", "trigger_id": "trow_dy_5p5", "ticker": "TROW", "market": "us", "kind": "dy_above_pct", "snapshot": {"price": 99.14, "price_date": "2026-04-21", "div_t12": 5.11, "dy_pct": 5.154, "threshold_pct": 5.5}}
{"ts": "2026-04-23T15:54:19+00:00", "level": "info", "event": "not_fired", "trigger_id": "mkc_dy_4p0", "ticker": "MKC", "market": "us", "kind": "dy_above_pct", "snapshot": {"price": 51.98, "price_date": "2026-04-21", "div_t12": 1.86, "dy_pct": 3.578, "threshold_pct": 4.0}}
{"ts": "2026-04-23T15:54:19+00:00", "level": "info", "event": "not_fired", "trigger_id": "adp_dy_3p8", "ticker": "ADP", "market": "us", "kind": "dy_above_pct", "snapshot": {"price": 202.87, "price_date": "2026-04-21", "div_t12": 6.48, "dy_pct": 3.194, "threshold_pct": 3.8}}
{"ts": "2026-04-23T15:54:19+00:00", "level": "info", "event": "not_fired", "trigger_id": "abbv_drop_20", "ticker": "ABBV", "market": "us", "kind": "price_drop_from_high", "snapshot": {"price": 205.12, "price_date": "2026-04-21", "high_lookback": 236.28, "lookback_days": 180, "drop_pct": -13.19, "threshold_pct": -20.0}}
{"ts": "2026-04-23T15:54:19+00:00", "level": "info", "event": "not_fired", "trigger_id": "tgt_drop_15", "ticker": "TGT", "market": "us", "kind": "price_drop_from_high", "snapshot": {"price": 132.1, "price_date": "2026-04-21", "high_lookback": 132.1, "lookback_days": 120, "drop_pct": 0.0, "threshold_pct": -15.0}}
{"ts": "2026-04-23T15:54:19+00:00", "level": "info", "event": "not_fired", "trigger_id": "quality/altman-distress/AAPL", "ticker": "AAPL", "market": "us", "kind": "altman_distress", "snapshot": {"z_score": 10.704, "zone": "safe", "threshold_z": 1.81, "period_end": "2025-09-30", "confidence": "high"}}
{"ts": "2026-04-23T15:54:19+00:00", "level": "info", "event": "not_fired", "trigger_id": "quality/altman-distress/ACN", "ticker": "ACN", "market": "us", "kind": "altman_distress", "snapshot": {"z_score": 4.384, "zone": "safe", "threshold_z": 1.81, "period_end": "2025-08-31", "confidence": "high"}}
{"ts": "2026-04-23T15:54:19+00:00", "level": "info", "event": "not_fired", "trigger_id": "quality/altman-distress/BLK", "ticker": "BLK", "market": "us", "kind": "altman_distress", "snapshot": {"reason": "not_applicable", "detail": "Altman não se aplica a sector 'Financials'"}}
{"ts": "2026-04-23T15:54:19+00:00", "level": "info", "event": "not_fired", "trigger_id": "quality/altman-distress/BN", "ticker": "BN", "market": "us", "kind": "altman_distress", "snapshot": {"reason": "not_applicable", "detail": "Altman não se aplica a sector 'Financials'"}}
{"ts": "2026-04-23T15:54:19+00:00", "level": "info", "event": "not_fired", "trigger_id": "quality/altman-distress/BRK-B", "ticker": "BRK-B", "market": "us", "kind": "altman_distress", "snapshot": {"reason": "not_applicable", "detail": "campos em falta: working_capital"}}
{"ts": "2026-04-23T15:54:19+00:00", "level": "info", "event": "not_fired", "trigger_id": "quality/altman-distress/GREK", "ticker": "GREK", "market": "us", "kind": "altman_distress", "snapshot": {"reason": "not_applicable", "detail": "sem deep_fundamentals — roda fetchers/yf_deep_fundamentals.py"}}
{"ts": "2026-04-23T15:54:19+00:00", "level": "info", "event": "not_fired", "trigger_id": "quality/altman-distress/GS", "ticker": "GS", "market": "us", "kind": "altman_distress", "snapshot": {"reason": "not_applicable", "detail": "Altman não se aplica a sector 'Financials'"}}
{"ts": "2026-04-23T15:54:19+00:00", "level": "info", "event": "not_fired", "trigger_id": "quality/altman-distress/HD", "ticker": "HD", "market": "us", "kind": "altman_distress", "snapshot": {"z_score": 5.777, "zone": "safe", "threshold_z": 1.81, "period_end": "2026-01-31", "confidence": "high"}}
{"ts": "2026-04-23T15:54:19+00:00", "level": "info", "event": "not_fired", "trigger_id": "quality/altman-distress/JNJ", "ticker": "JNJ", "market": "us", "kind": "altman_distress", "snapshot": {"z_score": 4.446, "zone": "safe", "threshold_z": 1.81, "period_end": "2025-12-31", "confidence": "medium"}}
{"ts": "2026-04-23T15:54:19+00:00", "level": "info", "event": "not_fired", "trigger_id": "quality/altman-distress/JPM", "ticker": "JPM", "market": "us", "kind": "altman_distress", "snapshot": {"reason": "not_applicable", "detail": "Altman não se aplica a sector 'Financials'"}}
{"ts": "2026-04-23T15:54:19+00:00", "level": "info", "event": "not_fired", "trigger_id": "quality/altman-distress/KO", "ticker": "KO", "market": "us", "kind": "altman_distress", "snapshot": {"z_score": 4.962, "zone": "safe", "threshold_z": 1.81, "period_end": "2025-12-31", "confidence": "high"}}
{"ts": "2026-04-23T15:54:19+00:00", "level": "info", "event": "not_fired", "trigger_id": "quality/altman-distress/NU", "ticker": "NU", "market": "us", "kind": "altman_distress", "snapshot": {"reason": "not_applicable", "detail": "Altman não se aplica a sector 'Financials'"}}
{"ts": "2026-04-23T15:54:19+00:00", "level": "info", "event": "not_fired", "trigger_id": "quality/altman-distress/O", "ticker": "O", "market": "us", "kind": "altman_distress", "snapshot": {"reason": "not_applicable", "detail": "Altman não se aplica a sector 'REIT'"}}
{"ts": "2026-04-23T15:54:19+00:00", "level": "info", "event": "not_fired", "trigger_id": "quality/altman-distress/PG", "ticker": "PG", "market": "us", "kind": "altman_distress", "snapshot": {"z_score": 5.343, "zone": "safe", "threshold_z": 1.81, "period_end": "2025-06-30", "confidence": "high"}}
{"ts": "2026-04-23T15:54:19+00:00", "level": "info", "event": "not_fired", "trigger_id": "quality/altman-distress/PLD", "ticker": "PLD", "market": "us", "kind": "altman_distress", "snapshot": {"reason": "not_applicable", "detail": "Altman não se aplica a sector 'REIT'"}}
{"ts": "2026-04-23T15:54:19+00:00", "level": "info", "event": "not_fired", "trigger_id": "quality/altman-distress/PLTR", "ticker": "PLTR", "market": "us", "kind": "altman_distress", "snapshot": {"z_score": 149.307, "zone": "safe", "threshold_z": 1.81, "period_end": "2025-12-31", "confidence": "high"}}
{"ts": "2026-04-23T15:54:19+00:00", "level": "info", "event": "fired_dry", "trigger_id": "quality/altman-distress/TEN", "ticker": "TEN", "market": "us", "kind": "altman_distress", "action_hint": "REVIEW", "snapshot": {"z_score": 1.017, "zone": "distress", "threshold_z": 1.81, "period_end": "2025-12-31", "confidence": "high"}, "note": "Altman Z abaixo de 1.81 (distress zone) — rever balance sheet, capex e dívida antes de nova entrada"}
{"ts": "2026-04-23T15:54:19+00:00", "level": "info", "event": "not_fired", "trigger_id": "quality/altman-distress/TFC", "ticker": "TFC", "market": "us", "kind": "altman_distress", "snapshot": {"reason": "not_applicable", "detail": "Altman não se aplica a sector 'Financials'"}}
{"ts": "2026-04-23T15:54:19+00:00", "level": "info", "event": "not_fired", "trigger_id": "quality/altman-distress/TSLA", "ticker": "TSLA", "market": "us", "kind": "altman_distress", "snapshot": {"z_score": 17.606, "zone": "safe", "threshold_z": 1.81, "period_end": "2025-12-31", "confidence": "high"}}
{"ts": "2026-04-23T15:54:19+00:00", "level": "info", "event": "not_fired", "trigger_id": "quality/altman-distress/TSM", "ticker": "TSM", "market": "us", "kind": "altman_distress", "snapshot": {"z_score": 3.021, "zone": "safe", "threshold_z": 1.81, "period_end": "2025-12-31", "confidence": "high"}}
{"ts": "2026-04-23T15:54:19+00:00", "level": "info", "event": "not_fired", "trigger_id": "quality/altman-distress/XP", "ticker": "XP", "market": "us", "kind": "altman_distress", "snapshot": {"reason": "not_applicable", "detail": "Altman não se aplica a sector 'Financials'"}}
{"ts": "2026-04-23T15:54:19+00:00", "level": "info", "event": "not_fired", "trigger_id": "quality/piotroski-weak/AAPL", "ticker": "AAPL", "market": "us", "kind": "piotroski_weak", "snapshot": {"f_score": 8, "label": "STRONG", "threshold_f": 3, "period_t": "2025-09-30", "period_t_minus_1": "2024-09-30"}}
{"ts": "2026-04-23T15:54:19+00:00", "level": "info", "event": "not_fired", "trigger_id": "quality/piotroski-weak/ACN", "ticker": "ACN", "market": "us", "kind": "piotroski_weak", "snapshot": {"f_score": 5, "label": "NEUTRAL", "threshold_f": 3, "period_t": "2025-08-31", "period_t_minus_1": "2024-08-31"}}
{"ts": "2026-04-23T15:54:19+00:00", "level": "info", "event": "not_fired", "trigger_id": "quality/piotroski-weak/BLK", "ticker": "BLK", "market": "us", "kind": "piotroski_weak", "snapshot": {"reason": "not_applicable", "detail": "Piotroski não se aplica a sector 'Financials'"}}
{"ts": "2026-04-23T15:54:19+00:00", "level": "info", "event": "not_fired", "trigger_id": "quality/piotroski-weak/BN", "ticker": "BN", "market": "us", "kind": "piotroski_weak", "snapshot": {"reason": "not_applicable", "detail": "Piotroski não se aplica a sector 'Financials'"}}
{"ts": "2026-04-23T15:54:19+00:00", "level": "info", "event": "not_fired", "trigger_id": "quality/piotroski-weak/BRK-B", "ticker": "BRK-B", "market": "us", "kind": "piotroski_weak", "snapshot": {"f_score": 4, "label": "NEUTRAL", "threshold_f": 3, "period_t": "2025-12-31", "period_t_minus_1": "2024-12-31"}}
{"ts": "2026-04-23T15:54:19+00:00", "level": "info", "event": "not_fired", "trigger_id": "quality/piotroski-weak/GREK", "ticker": "GREK", "market": "us", "kind": "piotroski_weak", "snapshot": {"reason": "not_applicable", "detail": "precisa 2 períodos anuais completos em deep_fundamentals"}}
{"ts": "2026-04-23T15:54:19+00:00", "level": "info", "event": "not_fired", "trigger_id": "quality/piotroski-weak/GS", "ticker": "GS", "market": "us", "kind": "piotroski_weak", "snapshot": {"reason": "not_applicable", "detail": "Piotroski não se aplica a sector 'Financials'"}}
{"ts": "2026-04-23T15:54:19+00:00", "level": "info", "event": "not_fired", "trigger_id": "quality/piotroski-weak/HD", "ticker": "HD", "market": "us", "kind": "piotroski_weak", "snapshot": {"f_score": 4, "label": "NEUTRAL", "threshold_f": 3, "period_t": "2026-01-31", "period_t_minus_1": "2025-01-31"}}
{"ts": "2026-04-23T15:54:19+00:00", "level": "info", "event": "not_fired", "trigger_id": "quality/piotroski-weak/JNJ", "ticker": "JNJ", "market": "us", "kind": "piotroski_weak", "snapshot": {"f_score": 4, "label": "NEUTRAL", "threshold_f": 3, "period_t": "2025-12-31", "period_t_minus_1": "2024-12-31"}}
{"ts": "2026-04-23T15:54:19+00:00", "level": "info", "event": "not_fired", "trigger_id": "quality/piotroski-weak/JPM", "ticker": "JPM", "market": "us", "kind": "piotroski_weak", "snapshot": {"reason": "not_applicable", "detail": "Piotroski não se aplica a sector 'Financials'"}}
{"ts": "2026-04-23T15:54:19+00:00", "level": "info", "event": "not_fired", "trigger_id": "quality/piotroski-weak/KO", "ticker": "KO", "market": "us", "kind": "piotroski_weak", "snapshot": {"f_score": 7, "label": "STRONG", "threshold_f": 3, "period_t": "2025-12-31", "period_t_minus_1": "2024-12-31"}}
{"ts": "2026-04-23T15:54:19+00:00", "level": "info", "event": "not_fired", "trigger_id": "quality/piotroski-weak/NU", "ticker": "NU", "market": "us", "kind": "piotroski_weak", "snapshot": {"reason": "not_applicable", "detail": "Piotroski não se aplica a sector 'Financials'"}}
{"ts": "2026-04-23T15:54:19+00:00", "level": "info", "event": "not_fired", "trigger_id": "quality/piotroski-weak/O", "ticker": "O", "market": "us", "kind": "piotroski_weak", "snapshot": {"reason": "not_applicable", "detail": "Piotroski não se aplica a sector 'REIT'"}}
{"ts": "2026-04-23T15:54:19+00:00", "level": "info", "event": "not_fired", "trigger_id": "quality/piotroski-weak/PG", "ticker": "PG", "market": "us", "kind": "piotroski_weak", "snapshot": {"f_score": 5, "label": "NEUTRAL", "threshold_f": 3, "period_t": "2025-06-30", "period_t_minus_1": "2024-06-30"}}
{"ts": "2026-04-23T15:54:19+00:00", "level": "info", "event": "not_fired", "trigger_id": "quality/piotroski-weak/PLD", "ticker": "PLD", "market": "us", "kind": "piotroski_weak", "snapshot": {"reason": "not_applicable", "detail": "Piotroski não se aplica a sector 'REIT'"}}
{"ts": "2026-04-23T15:54:19+00:00", "level": "info", "event": "not_fired", "trigger_id": "quality/piotroski-weak/PLTR", "ticker": "PLTR", "market": "us", "kind": "piotroski_weak", "snapshot": {"f_score": 8, "label": "STRONG", "threshold_f": 3, "period_t": "2025-12-31", "period_t_minus_1": "2024-12-31"}}
{"ts": "2026-04-23T15:54:19+00:00", "level": "info", "event": "fired_dry", "trigger_id": "quality/piotroski-weak/TEN", "ticker": "TEN", "market": "us", "kind": "piotroski_weak", "action_hint": "REVIEW", "snapshot": {"f_score": 3, "label": "WEAK", "threshold_f": 3, "period_t": "2025-12-31", "period_t_minus_1": "2024-12-31"}, "note": "Piotroski F ≤ 3 — deterioração cumulativa em rentabilidade/liquidez/eficiência vs ano anterior"}
{"ts": "2026-04-23T15:54:19+00:00", "level": "info", "event": "not_fired", "trigger_id": "quality/piotroski-weak/TFC", "ticker": "TFC", "market": "us", "kind": "piotroski_weak", "snapshot": {"reason": "not_applicable", "detail": "Piotroski não se aplica a sector 'Financials'"}}
{"ts": "2026-04-23T15:54:19+00:00", "level": "info", "event": "not_fired", "trigger_id": "quality/piotroski-weak/TSLA", "ticker": "TSLA", "market": "us", "kind": "piotroski_weak", "snapshot": {"f_score": 5, "label": "NEUTRAL", "threshold_f": 3, "period_t": "2025-12-31", "period_t_minus_1": "2024-12-31"}}
{"ts": "2026-04-23T15:54:19+00:00", "level": "info", "event": "not_fired", "trigger_id": "quality/piotroski-weak/TSM", "ticker": "TSM", "market": "us", "kind": "piotroski_weak", "snapshot": {"f_score": 8, "label": "STRONG", "threshold_f": 3, "period_t": "2025-12-31", "period_t_minus_1": "2024-12-31"}}
{"ts": "2026-04-23T15:54:19+00:00", "level": "info", "event": "not_fired", "trigger_id": "quality/piotroski-weak/XP", "ticker": "XP", "market": "us", "kind": "piotroski_weak", "snapshot": {"reason": "not_applicable", "detail": "Piotroski não se aplica a sector 'Financials'"}}
{"ts": "2026-04-23T15:54:19+00:00", "level": "info", "event": "not_fired", "trigger_id": "acn_buyzone_170", "ticker": "ACN", "market": "us", "kind": "price_below", "snapshot": {"price": 176.5, "price_date": "2026-04-23", "threshold_price": 170.0, "margin_pct": 3.82}}
{"ts": "2026-04-23T15:54:19+00:00", "level": "info", "event": "not_fired", "trigger_id": "acn_buyzone_150", "ticker": "ACN", "market": "us", "kind": "price_below", "snapshot": {"price": 176.5, "price_date": "2026-04-23", "threshold_price": 150.0, "margin_pct": 17.67}}
{"ts": "2026-04-23T15:54:19+00:00", "level": "info", "event": "not_fired", "trigger_id": "bbdc4_cheap_dy", "ticker": "BBDC4", "market": "br", "kind": "dy_percentile_vs_own_history", "snapshot": {"price": 20.4, "price_date": "2026-04-23", "dy_now_pct": 7.381, "dy_threshold_pct": 7.393, "percentile": 75.0, "lookback_years": 10, "obs": 121}}
{"ts": "2026-04-23T15:54:19+00:00", "level": "info", "event": "fired_dry", "trigger_id": "itsa4_dy_8pct", "ticker": "ITSA4", "market": "br", "kind": "dy_above_pct", "action_hint": "ADD", "snapshot": {"price": 14.41, "price_date": "2026-04-23", "div_t12": 1.2276, "dy_pct": 8.519, "threshold_pct": 8.0}, "note": "ITSA4 com DY ≥ 8% t12m (incluindo JCP) é zone de accumulate"}
{"ts": "2026-04-23T15:54:19+00:00", "level": "info", "event": "not_fired", "trigger_id": "vale3_dip_15", "ticker": "VALE3", "market": "br", "kind": "price_drop_from_high", "snapshot": {"price": 86.61, "price_date": "2026-04-23", "high_lookback": 90.09, "lookback_days": 90, "drop_pct": -3.86, "threshold_pct": -15.0}}
{"ts": "2026-04-23T15:54:19+00:00", "level": "info", "event": "not_fired", "trigger_id": "quality/altman-distress/BBDC4", "ticker": "BBDC4", "market": "br", "kind": "altman_distress", "snapshot": {"reason": "not_applicable", "detail": "Altman não se aplica a sector 'Banks'"}}
{"ts": "2026-04-23T15:54:19+00:00", "level": "info", "event": "not_fired", "trigger_id": "quality/altman-distress/BTLG11", "ticker": "BTLG11", "market": "br", "kind": "altman_distress", "snapshot": {"reason": "not_applicable", "detail": "Altman não se aplica a sector 'Logística'"}}
{"ts": "2026-04-23T15:54:19+00:00", "level": "info", "event": "not_fired", "trigger_id": "quality/altman-distress/ITSA4", "ticker": "ITSA4", "market": "br", "kind": "altman_distress", "snapshot": {"z_score": 7.374, "zone": "safe", "threshold_z": 1.81, "period_end": "2025-12-31", "confidence": "medium"}}
{"ts": "2026-04-23T15:54:19+00:00", "level": "info", "event": "not_fired", "trigger_id": "quality/altman-distress/IVVB11", "ticker": "IVVB11", "market": "br", "kind": "altman_distress", "snapshot": {"reason": "not_applicable", "detail": "Altman não se aplica a sector 'ETF-US'"}}
{"ts": "2026-04-23T15:54:19+00:00", "level": "info", "event": "not_fired", "trigger_id": "quality/altman-distress/LFTB11", "ticker": "LFTB11", "market": "br", "kind": "altman_distress", "snapshot": {"reason": "not_applicable", "detail": "Altman não se aplica a sector 'ETF-RF'"}}
{"ts": "2026-04-23T15:54:19+00:00", "level": "info", "event": "fired_dry", "trigger_id": "quality/altman-distress/PRIO3", "ticker": "PRIO3", "market": "br", "kind": "altman_distress", "action_hint": "REVIEW", "snapshot": {"z_score": 1.727, "zone": "distress", "threshold_z": 1.81, "period_end": "2025-12-31", "confidence": "medium"}, "note": "Altman Z abaixo de 1.81 (distress zone) — rever balance sheet, capex e dívida antes de nova entrada"}
{"ts": "2026-04-23T15:54:19+00:00", "level": "info", "event": "not_fired", "trigger_id": "quality/altman-distress/PVBI11", "ticker": "PVBI11", "market": "br", "kind": "altman_distress", "snapshot": {"reason": "not_applicable", "detail": "Altman não se aplica a sector 'Corporativo'"}}
{"ts": "2026-04-23T15:54:19+00:00", "level": "info", "event": "not_fired", "trigger_id": "quality/altman-distress/RBRX11", "ticker": "RBRX11", "market": "br", "kind": "altman_distress", "snapshot": {"reason": "not_applicable", "detail": "Altman não se aplica a sector 'Híbrido'"}}
{"ts": "2026-04-23T15:54:19+00:00", "level": "info", "event": "not_fired", "trigger_id": "quality/altman-distress/VALE3", "ticker": "VALE3", "market": "br", "kind": "altman_distress", "snapshot": {"z_score": 5.102, "zone": "safe", "threshold_z": 1.81, "period_end": "2025-12-31", "confidence": "high"}}
{"ts": "2026-04-23T15:54:19+00:00", "level": "info", "event": "not_fired", "trigger_id": "quality/altman-distress/VGIR11", "ticker": "VGIR11", "market": "br", "kind": "altman_distress", "snapshot": {"reason": "not_applicable", "detail": "Altman não se aplica a sector 'Papel (CRI)'"}}
{"ts": "2026-04-23T15:54:19+00:00", "level": "info", "event": "not_fired", "trigger_id": "quality/altman-distress/XPML11", "ticker": "XPML11", "market": "br", "kind": "altman_distress", "snapshot": {"reason": "not_applicable", "detail": "Altman não se aplica a sector 'Shopping'"}}
{"ts": "2026-04-23T15:54:19+00:00", "level": "info", "event": "not_fired", "trigger_id": "quality/piotroski-weak/BBDC4", "ticker": "BBDC4", "market": "br", "kind": "piotroski_weak", "snapshot": {"reason": "not_applicable", "detail": "Piotroski não se aplica a sector 'Banks'"}}
{"ts": "2026-04-23T15:54:19+00:00", "level": "info", "event": "not_fired", "trigger_id": "quality/piotroski-weak/BTLG11", "ticker": "BTLG11", "market": "br", "kind": "piotroski_weak", "snapshot": {"reason": "not_applicable", "detail": "Piotroski não se aplica a sector 'Logística'"}}
{"ts": "2026-04-23T15:54:19+00:00", "level": "info", "event": "not_fired", "trigger_id": "quality/piotroski-weak/ITSA4", "ticker": "ITSA4", "market": "br", "kind": "piotroski_weak", "snapshot": {"f_score": 5, "label": "NEUTRAL", "threshold_f": 3, "period_t": "2025-12-31", "period_t_minus_1": "2024-12-31"}}
{"ts": "2026-04-23T15:54:19+00:00", "level": "info", "event": "not_fired", "trigger_id": "quality/piotroski-weak/IVVB11", "ticker": "IVVB11", "market": "br", "kind": "piotroski_weak", "snapshot": {"reason": "not_applicable", "detail": "Piotroski não se aplica a sector 'ETF-US'"}}
{"ts": "2026-04-23T15:54:19+00:00", "level": "info", "event": "not_fired", "trigger_id": "quality/piotroski-weak/LFTB11", "ticker": "LFTB11", "market": "br", "kind": "piotroski_weak", "snapshot": {"reason": "not_applicable", "detail": "Piotroski não se aplica a sector 'ETF-RF'"}}
{"ts": "2026-04-23T15:54:19+00:00", "level": "info", "event": "fired_dry", "trigger_id": "quality/piotroski-weak/PRIO3", "ticker": "PRIO3", "market": "br", "kind": "piotroski_weak", "action_hint": "REVIEW", "snapshot": {"f_score": 2, "label": "WEAK", "threshold_f": 3, "period_t": "2025-12-31", "period_t_minus_1": "2024-12-31"}, "note": "Piotroski F ≤ 3 — deterioração cumulativa em rentabilidade/liquidez/eficiência vs ano anterior"}
{"ts": "2026-04-23T15:54:19+00:00", "level": "info", "event": "not_fired", "trigger_id": "quality/piotroski-weak/PVBI11", "ticker": "PVBI11", "market": "br", "kind": "piotroski_weak", "snapshot": {"reason": "not_applicable", "detail": "Piotroski não se aplica a sector 'Corporativo'"}}
{"ts": "2026-04-23T15:54:19+00:00", "level": "info", "event": "not_fired", "trigger_id": "quality/piotroski-weak/RBRX11", "ticker": "RBRX11", "market": "br", "kind": "piotroski_weak", "snapshot": {"reason": "not_applicable", "detail": "Piotroski não se aplica a sector 'Híbrido'"}}
{"ts": "2026-04-23T15:54:19+00:00", "level": "info", "event": "not_fired", "trigger_id": "quality/piotroski-weak/VALE3", "ticker": "VALE3", "market": "br", "kind": "piotroski_weak", "snapshot": {"f_score": 5, "label": "NEUTRAL", "threshold_f": 3, "period_t": "2025-12-31", "period_t_minus_1": "2024-12-31"}}
{"ts": "2026-04-23T15:54:19+00:00", "level": "info", "event": "not_fired", "trigger_id": "quality/piotroski-weak/VGIR11", "ticker": "VGIR11", "market": "br", "kind": "piotroski_weak", "snapshot": {"reason": "not_applicable", "detail": "Piotroski não se aplica a sector 'Papel (CRI)'"}}
{"ts": "2026-04-23T15:54:19+00:00", "level": "info", "event": "not_fired", "trigger_id": "quality/piotroski-weak/XPML11", "ticker": "XPML11", "market": "br", "kind": "piotroski_weak", "snapshot": {"reason": "not_applicable", "detail": "Piotroski não se aplica a sector 'Shopping'"}}
{"ts": "2026-04-23T15:54:19+00:00", "level": "info", "event": "summary", "total_triggers": 79, "fired": 5, "inserted": 0, "deduped": 0, "errors": 0, "dry_run": true}
