2026-04-20 22:18:23,916 INFO OK JNJ (us) — 5 rows persistidas
2026-04-20 22:18:25,746 INFO OK ITSA4 (br) — 5 rows persistidas
2026-04-20 22:18:27,230 INFO OK PRIO3 (br) — 5 rows persistidas
2026-04-20 22:23:28,099 INFO OK BBDC4 (br) — 5 rows persistidas
2026-04-20 22:24:26,504 INFO OK BBDC4 (br) — 5 rows persistidas
2026-04-20 22:24:28,236 INFO OK BTLG11 (br) — 0 rows persistidas
2026-04-20 22:24:29,991 INFO OK ITSA4 (br) — 5 rows persistidas
2026-04-20 22:24:31,985 INFO OK IVVB11 (br) — 0 rows persistidas
2026-04-20 22:24:33,583 INFO OK LFTB11 (br) — 0 rows persistidas
2026-04-20 22:24:35,233 INFO OK PRIO3 (br) — 5 rows persistidas
2026-04-20 22:24:36,842 INFO OK PVBI11 (br) — 4 rows persistidas
2026-04-20 22:24:38,195 INFO OK RBRX11 (br) — 4 rows persistidas
2026-04-20 22:24:39,800 INFO OK VALE3 (br) — 5 rows persistidas
2026-04-20 22:24:41,210 INFO OK VGIR11 (br) — 0 rows persistidas
2026-04-20 22:24:42,715 INFO OK XPML11 (br) — 5 rows persistidas
2026-04-20 22:24:44,429 INFO OK AAPL (us) — 5 rows persistidas
2026-04-20 22:24:45,899 INFO OK ACN (us) — 5 rows persistidas
2026-04-20 22:24:47,356 INFO OK BLK (us) — 4 rows persistidas
2026-04-20 22:24:48,898 INFO OK BN (us) — 5 rows persistidas
2026-04-20 22:24:51,070 INFO OK BRK-B (us) — 5 rows persistidas
2026-04-20 22:24:52,721 INFO OK GREK (us) — 0 rows persistidas
2026-04-20 22:24:54,187 INFO OK GS (us) — 5 rows persistidas
2026-04-20 22:24:55,912 INFO OK HD (us) — 5 rows persistidas
2026-04-20 22:24:57,521 INFO OK JNJ (us) — 5 rows persistidas
2026-04-20 22:24:59,085 INFO OK JPM (us) — 5 rows persistidas
2026-04-20 22:25:00,581 INFO OK KO (us) — 5 rows persistidas
2026-04-20 22:25:02,174 INFO OK NU (us) — 5 rows persistidas
2026-04-20 22:25:04,254 INFO OK O (us) — 5 rows persistidas
2026-04-20 22:25:06,009 INFO OK PG (us) — 5 rows persistidas
2026-04-20 22:25:07,602 INFO OK PLD (us) — 5 rows persistidas
2026-04-20 22:25:09,400 INFO OK PLTR (us) — 5 rows persistidas
2026-04-20 22:25:10,813 INFO OK TEN (us) — 5 rows persistidas
2026-04-20 22:25:12,843 INFO OK TFC (us) — 5 rows persistidas
2026-04-20 22:25:15,604 INFO OK TSLA (us) — 5 rows persistidas
2026-04-20 22:25:17,457 INFO OK TSM (us) — 5 rows persistidas
2026-04-20 22:25:19,451 INFO OK XP (us) — 5 rows persistidas
2026-04-21 09:44:35,705 INFO OK BTLG11 (br) — 0 rows persistidas
2026-04-21 09:44:37,330 INFO OK IVVB11 (br) — 0 rows persistidas
2026-04-21 09:44:38,683 INFO OK LFTB11 (br) — 0 rows persistidas
2026-04-21 09:44:40,342 INFO OK VGIR11 (br) — 0 rows persistidas
2026-04-21 09:44:41,774 INFO OK GREK (us) — 0 rows persistidas
2026-04-21 09:47:38,278 INFO OK BTLG11 (br) — 0 rows persistidas
2026-04-21 09:47:39,613 INFO OK IVVB11 (br) — 0 rows persistidas
2026-04-21 09:47:41,232 INFO OK LFTB11 (br) — 0 rows persistidas
2026-04-21 09:47:42,657 INFO OK VGIR11 (br) — 0 rows persistidas
2026-04-21 09:47:44,104 INFO OK GREK (us) — 0 rows persistidas
2026-04-21 19:49:53,783 INFO OK TROW (us) — 5 rows persistidas
2026-04-21 19:49:56,624 INFO OK MKC (us) — 5 rows persistidas
2026-04-21 19:49:59,520 INFO OK ADP (us) — 5 rows persistidas
2026-04-21 19:50:02,369 INFO OK ES (us) — 5 rows persistidas
2026-04-21 19:50:05,229 INFO OK TGT (us) — 5 rows persistidas
2026-04-21 19:50:07,994 INFO OK ABBV (us) — 5 rows persistidas
2026-04-22 08:55:24,372 INFO OK KLBN4 (br) — 5 rows persistidas
2026-04-23 19:58:20,175 INFO OK BTLG11 (br) — 0 rows persistidas
2026-04-23 19:58:21,654 INFO OK IVVB11 (br) — 0 rows persistidas
2026-04-23 19:58:23,070 INFO OK LFTB11 (br) — 0 rows persistidas
2026-04-23 19:58:25,291 INFO OK VGIR11 (br) — 0 rows persistidas
2026-04-23 19:58:27,142 INFO OK GREK (us) — 0 rows persistidas
2026-04-23 19:58:29,000 INFO OK TTD (us) — 5 rows persistidas
2026-04-23 21:09:56,729 INFO OK BBAS3 (br) — 5 rows persistidas
2026-04-23 21:11:54,629 INFO OK BTLG11 (br) — 0 rows persistidas
2026-04-23 21:11:56,106 INFO OK IVVB11 (br) — 0 rows persistidas
2026-04-23 21:11:57,556 INFO OK LFTB11 (br) — 0 rows persistidas
2026-04-23 21:11:59,058 INFO OK VGIR11 (br) — 0 rows persistidas
2026-04-23 21:12:00,602 INFO OK GREK (us) — 0 rows persistidas
2026-04-23 21:31:18,552 INFO OK BTLG11 (br) — 0 rows persistidas
2026-04-23 21:31:20,307 INFO OK IVVB11 (br) — 0 rows persistidas
2026-04-23 21:31:21,804 INFO OK LFTB11 (br) — 0 rows persistidas
2026-04-23 21:31:23,410 INFO OK VGIR11 (br) — 0 rows persistidas
2026-04-23 21:31:25,054 INFO OK GREK (us) — 0 rows persistidas
2026-04-23 21:31:58,204 INFO OK BTLG11 (br) — 0 rows persistidas
2026-04-23 21:32:00,802 INFO OK IVVB11 (br) — 0 rows persistidas
2026-04-23 21:32:02,456 INFO OK LFTB11 (br) — 0 rows persistidas
2026-04-23 21:32:04,850 INFO OK VGIR11 (br) — 0 rows persistidas
2026-04-23 21:32:07,071 INFO OK GREK (us) — 0 rows persistidas
2026-04-23 21:32:31,805 INFO OK BTLG11 (br) — 0 rows persistidas
2026-04-23 21:32:33,337 INFO OK IVVB11 (br) — 0 rows persistidas
2026-04-23 21:32:34,929 INFO OK LFTB11 (br) — 0 rows persistidas
2026-04-23 21:32:36,719 INFO OK VGIR11 (br) — 0 rows persistidas
2026-04-23 21:32:38,382 INFO OK GREK (us) — 0 rows persistidas
2026-04-23 21:33:51,348 INFO OK BTLG11 (br) — 0 rows persistidas
2026-04-23 21:33:52,887 INFO OK IVVB11 (br) — 0 rows persistidas
2026-04-23 21:33:54,399 INFO OK LFTB11 (br) — 0 rows persistidas
2026-04-23 21:33:56,133 INFO OK VGIR11 (br) — 0 rows persistidas
2026-04-23 21:33:57,701 INFO OK GREK (us) — 0 rows persistidas
2026-04-23 21:49:05,184 INFO OK BTLG11 (br) — 0 rows persistidas
2026-04-23 21:49:06,824 INFO OK IVVB11 (br) — 0 rows persistidas
2026-04-23 21:49:08,375 INFO OK LFTB11 (br) — 0 rows persistidas
2026-04-23 21:49:09,902 INFO OK VGIR11 (br) — 0 rows persistidas
2026-04-23 21:49:11,781 INFO OK GREK (us) — 0 rows persistidas
2026-04-24 00:02:27,425 INFO OK BTLG11 (br) — 0 rows persistidas
2026-04-24 00:02:28,937 INFO OK IVVB11 (br) — 0 rows persistidas
2026-04-24 00:02:30,393 INFO OK LFTB11 (br) — 0 rows persistidas
2026-04-24 00:02:31,958 INFO OK VGIR11 (br) — 0 rows persistidas
2026-04-24 00:02:33,565 INFO OK GREK (us) — 0 rows persistidas
2026-04-24 14:33:00,627 INFO OK BBDC4 (br) — 5 rows persistidas
2026-04-24 14:33:42,081 INFO OK BBDC4 (br) — 5 rows persistidas
2026-04-24 14:33:43,673 INFO OK BTLG11 (br) — 0 rows persistidas
2026-04-24 14:33:45,263 INFO OK ITSA4 (br) — 5 rows persistidas
2026-04-24 14:33:46,759 INFO OK IVVB11 (br) — 0 rows persistidas
2026-04-24 14:33:48,261 INFO OK LFTB11 (br) — 0 rows persistidas
2026-04-24 14:33:49,726 INFO OK PRIO3 (br) — 5 rows persistidas
2026-04-24 14:33:51,288 INFO OK PVBI11 (br) — 4 rows persistidas
2026-04-24 14:33:52,917 INFO OK RBRX11 (br) — 4 rows persistidas
2026-04-24 14:33:54,526 INFO OK VALE3 (br) — 5 rows persistidas
2026-04-24 14:33:55,914 INFO OK VGIR11 (br) — 0 rows persistidas
2026-04-24 14:33:57,414 INFO OK XPML11 (br) — 5 rows persistidas
2026-04-24 14:33:58,961 INFO OK AAPL (us) — 5 rows persistidas
2026-04-24 14:34:00,552 INFO OK ABBV (us) — 5 rows persistidas
2026-04-24 14:34:02,117 INFO OK ACN (us) — 5 rows persistidas
2026-04-24 14:34:03,543 INFO OK BLK (us) — 4 rows persistidas
2026-04-24 14:34:05,159 INFO OK BN (us) — 5 rows persistidas
2026-04-24 14:34:06,731 INFO OK BRK-B (us) — 5 rows persistidas
2026-04-24 14:34:08,169 INFO OK GREK (us) — 0 rows persistidas
2026-04-24 14:34:09,622 INFO OK GS (us) — 5 rows persistidas
2026-04-24 14:34:11,312 INFO OK HD (us) — 5 rows persistidas
2026-04-24 14:34:12,877 INFO OK JNJ (us) — 5 rows persistidas
2026-04-24 14:34:14,334 INFO OK JPM (us) — 5 rows persistidas
2026-04-24 14:34:15,826 INFO OK KO (us) — 5 rows persistidas
2026-04-24 14:34:17,305 INFO OK NU (us) — 5 rows persistidas
2026-04-24 14:34:18,902 INFO OK O (us) — 5 rows persistidas
2026-04-24 14:34:20,453 INFO OK PG (us) — 5 rows persistidas
2026-04-24 14:34:22,015 INFO OK PLD (us) — 5 rows persistidas
2026-04-24 14:34:23,481 INFO OK PLTR (us) — 5 rows persistidas
2026-04-24 14:34:24,966 INFO OK TEN (us) — 5 rows persistidas
2026-04-24 14:34:26,511 INFO OK TSLA (us) — 5 rows persistidas
2026-04-24 14:34:28,033 INFO OK TSM (us) — 5 rows persistidas
2026-04-24 14:34:29,511 INFO OK XP (us) — 5 rows persistidas
2026-04-24 14:36:03,743 INFO OK ACN (us) — 5 rows persistidas
2026-04-24 14:37:08,232 INFO OK BTLG11 (br) — 0 rows persistidas
2026-04-24 14:37:09,901 INFO OK IVVB11 (br) — 0 rows persistidas
2026-04-24 14:37:11,477 INFO OK LFTB11 (br) — 0 rows persistidas
2026-04-24 14:37:13,434 INFO OK VGIR11 (br) — 0 rows persistidas
2026-04-24 14:37:15,671 INFO OK GREK (us) — 0 rows persistidas
2026-04-24 18:09:54,441 INFO OK ABCB4 (br) — 5 rows persistidas
2026-04-24 18:15:34,697 INFO OK ITUB4 (br) — 5 rows persistidas
2026-04-24 18:17:15,179 INFO OK BTLG11 (br) — 0 rows persistidas
2026-04-24 18:17:16,854 INFO OK IVVB11 (br) — 0 rows persistidas
2026-04-24 18:17:18,338 INFO OK LFTB11 (br) — 0 rows persistidas
2026-04-24 18:17:19,948 INFO OK VGIR11 (br) — 0 rows persistidas
2026-04-24 18:17:21,602 INFO OK GREK (us) — 0 rows persistidas
2026-04-24 18:18:48,423 INFO OK BTLG11 (br) — 0 rows persistidas
2026-04-24 18:18:49,885 INFO OK IVVB11 (br) — 0 rows persistidas
2026-04-24 18:18:51,414 INFO OK LFTB11 (br) — 0 rows persistidas
2026-04-24 18:18:53,004 INFO OK VGIR11 (br) — 0 rows persistidas
2026-04-24 18:18:54,641 INFO OK GREK (us) — 0 rows persistidas
2026-04-24 18:19:43,492 INFO OK KLBN11 (br) — 5 rows persistidas
2026-04-24 18:20:12,322 INFO OK BTLG11 (br) — 0 rows persistidas
2026-04-24 18:20:13,849 INFO OK IVVB11 (br) — 0 rows persistidas
2026-04-24 18:20:15,472 INFO OK LFTB11 (br) — 0 rows persistidas
2026-04-24 18:20:17,163 INFO OK VGIR11 (br) — 0 rows persistidas
2026-04-24 18:20:18,827 INFO OK GREK (us) — 0 rows persistidas
2026-04-24 18:21:58,474 INFO OK LFTB11 (br) — 0 rows persistidas
2026-04-24 21:12:35,112 INFO OK IVVB11 (br) — 0 rows persistidas
2026-04-26 13:59:38,967 INFO OK BTLG11 (br) — 0 rows persistidas
2026-04-26 13:59:40,767 INFO OK IVVB11 (br) — 0 rows persistidas
2026-04-26 13:59:42,386 INFO OK LFTB11 (br) — 0 rows persistidas
2026-04-26 13:59:44,455 INFO OK VGIR11 (br) — 0 rows persistidas
2026-04-26 13:59:46,936 INFO OK GREK (us) — 0 rows persistidas
2026-04-28 21:40:35,800 INFO OK BTLG11 (br) — 0 rows persistidas
2026-04-28 21:40:37,668 INFO OK IVVB11 (br) — 0 rows persistidas
2026-04-28 21:40:39,237 INFO OK LFTB11 (br) — 0 rows persistidas
2026-04-28 21:40:41,441 INFO OK VGIR11 (br) — 0 rows persistidas
2026-04-28 21:40:43,947 INFO OK GREK (us) — 0 rows persistidas
2026-04-29 20:28:28,842 INFO OK PETR4 (br) — 5 rows persistidas
2026-04-29 20:28:30,405 INFO OK ABEV3 (br) — 5 rows persistidas
2026-04-29 20:28:32,157 INFO OK B3SA3 (br) — 5 rows persistidas
2026-04-29 20:28:33,759 INFO OK SANB11 (br) — 5 rows persistidas
2026-04-29 20:28:35,386 INFO OK VIVT3 (br) — 5 rows persistidas
2026-04-29 20:28:37,237 INFO OK TIMS3 (br) — 5 rows persistidas
2026-04-30 21:25:59,476 INFO OK POMO3 (br) — 5 rows persistidas
2026-05-06 19:46:20,345 INFO OK BTLG11 (br) — 0 rows persistidas
2026-05-06 19:46:21,895 INFO OK BTLG12 (br) — 0 rows persistidas
2026-05-06 19:46:23,495 INFO OK IVVB11 (br) — 0 rows persistidas
2026-05-06 19:46:25,049 INFO OK LFTB11 (br) — 0 rows persistidas
2026-05-06 19:46:26,851 INFO OK VGIR11 (br) — 0 rows persistidas
2026-05-06 19:46:28,447 INFO OK GREK (us) — 0 rows persistidas
2026-05-06 23:39:14,664 INFO OK BTLG11 (br) — 0 rows persistidas
2026-05-06 23:39:16,340 INFO OK BTLG12 (br) — 0 rows persistidas
2026-05-06 23:39:17,729 INFO OK IVVB11 (br) — 0 rows persistidas
2026-05-06 23:39:19,117 INFO OK LFTB11 (br) — 0 rows persistidas
2026-05-06 23:39:20,637 INFO OK VGIR11 (br) — 0 rows persistidas
2026-05-06 23:39:22,178 INFO OK GREK (us) — 0 rows persistidas
2026-05-08 22:20:31,662 INFO OK AXIA7 (br) — 5 rows persistidas
2026-05-08 22:20:33,418 INFO OK CPLE3 (br) — 5 rows persistidas
2026-05-08 22:20:35,259 INFO OK ALOS3 (br) — 5 rows persistidas
2026-05-08 22:20:37,079 INFO OK ENGI11 (br) — 5 rows persistidas
2026-05-08 22:20:39,137 INFO OK EQTL3 (br) — 5 rows persistidas
2026-05-08 22:20:40,803 INFO OK MOTV3 (br) — 5 rows persistidas
2026-05-08 22:20:42,673 INFO OK MULT3 (br) — 5 rows persistidas
2026-05-08 22:20:44,416 INFO OK PGMN3 (br) — 5 rows persistidas
2026-05-08 22:20:46,306 INFO OK RAPT4 (br) — 5 rows persistidas
2026-05-08 22:20:48,153 INFO OK RDOR3 (br) — 5 rows persistidas
2026-05-08 22:20:49,888 INFO OK RENT3 (br) — 5 rows persistidas
2026-05-08 22:20:59,546 INFO OK SUZB3 (br) — 5 rows persistidas
2026-05-08 22:21:01,719 INFO OK POMO4 (br) — 5 rows persistidas
2026-05-08 22:21:03,811 INFO OK MCD (us) — 5 rows persistidas
2026-05-09 00:41:39,997 INFO OK BBDC4 (br) — 5 rows persistidas
2026-05-09 00:41:41,458 INFO OK BTLG11 (br) — 0 rows persistidas
2026-05-09 00:41:42,956 INFO OK ITSA4 (br) — 5 rows persistidas
2026-05-09 00:41:44,390 INFO OK IVVB11 (br) — 0 rows persistidas
2026-05-09 00:41:46,042 INFO OK KLBN11 (br) — 5 rows persistidas
2026-05-09 00:41:47,592 INFO OK KNHF11 (br) — 2 rows persistidas
2026-05-09 00:41:48,836 INFO OK LFTB11 (br) — 0 rows persistidas
2026-05-09 00:41:50,409 INFO OK PRIO3 (br) — 5 rows persistidas
2026-05-09 00:41:52,158 INFO OK PVBI11 (br) — 4 rows persistidas
2026-05-09 00:41:53,635 INFO OK VALE3 (br) — 5 rows persistidas
2026-05-09 00:41:54,981 INFO OK VGIR11 (br) — 0 rows persistidas
2026-05-09 00:41:56,436 INFO OK XPML11 (br) — 5 rows persistidas
2026-05-09 00:41:57,935 INFO OK AAPL (us) — 5 rows persistidas
2026-05-09 00:41:59,435 INFO OK ABBV (us) — 5 rows persistidas
2026-05-09 00:42:00,934 INFO OK ACN (us) — 5 rows persistidas
2026-05-09 00:42:02,468 INFO OK BLK (us) — 4 rows persistidas
2026-05-09 00:42:03,950 INFO OK BN (us) — 5 rows persistidas
2026-05-09 00:42:05,587 INFO OK BRK-B (us) — 5 rows persistidas
2026-05-09 00:42:06,872 INFO OK GREK (us) — 0 rows persistidas
2026-05-09 00:42:08,452 INFO OK GS (us) — 5 rows persistidas
2026-05-09 00:42:09,943 INFO OK HD (us) — 5 rows persistidas
2026-05-09 00:42:11,537 INFO OK JNJ (us) — 5 rows persistidas
2026-05-09 00:42:12,945 INFO OK JPM (us) — 5 rows persistidas
2026-05-09 00:42:14,466 INFO OK KO (us) — 5 rows persistidas
2026-05-09 00:42:16,074 INFO OK NU (us) — 5 rows persistidas
2026-05-09 00:42:17,579 INFO OK O (us) — 5 rows persistidas
2026-05-09 00:42:19,070 INFO OK PG (us) — 5 rows persistidas
2026-05-09 00:42:20,600 INFO OK PLD (us) — 5 rows persistidas
2026-05-09 00:42:22,006 INFO OK PLTR (us) — 5 rows persistidas
2026-05-09 00:42:23,497 INFO OK TEN (us) — 5 rows persistidas
2026-05-09 00:42:25,031 INFO OK TSLA (us) — 5 rows persistidas
2026-05-09 00:42:26,556 INFO OK TSM (us) — 5 rows persistidas
2026-05-09 00:42:27,971 INFO OK XP (us) — 5 rows persistidas
2026-05-09 01:37:57,813 ERROR FAIL PEP (us) — OperationalError: database is locked
2026-05-09 01:39:54,295 INFO OK V (us) — 5 rows persistidas
2026-05-09 01:39:55,986 INFO OK MSFT (us) — 5 rows persistidas
2026-05-09 01:39:57,604 INFO OK IBM (us) — 5 rows persistidas
2026-05-09 23:38:07,183 INFO OK BTLG11 (br) — 0 rows persistidas
2026-05-09 23:38:08,649 INFO OK IVVB11 (br) — 0 rows persistidas
2026-05-09 23:38:10,249 INFO OK LFTB11 (br) — 0 rows persistidas
2026-05-09 23:38:11,739 INFO OK VGIR11 (br) — 0 rows persistidas
2026-05-09 23:38:13,272 INFO OK GREK (us) — 0 rows persistidas
2026-05-10 10:11:26,291 INFO OK BBDC4 (br) — 5 rows persistidas
2026-05-10 10:12:02,060 INFO OK BBDC4 (br) — 5 rows persistidas
2026-05-10 10:12:23,241 INFO OK BBDC4 (br) — 5 rows persistidas
2026-05-10 10:12:25,897 INFO OK BTLG11 (br) — 0 rows persistidas
2026-05-10 10:12:28,798 INFO OK ITSA4 (br) — 5 rows persistidas
2026-05-10 10:12:31,620 INFO OK IVVB11 (br) — 0 rows persistidas
2026-05-10 10:12:34,442 INFO OK PVBI11 (br) — 4 rows persistidas
2026-05-10 10:12:37,316 INFO OK VALE3 (br) — 5 rows persistidas
2026-05-10 10:12:40,059 INFO OK VGIR11 (br) — 0 rows persistidas
2026-05-10 10:12:42,948 INFO OK XPML11 (br) — 5 rows persistidas
2026-05-10 10:12:45,926 INFO OK ALOS3 (br) — 5 rows persistidas
2026-05-10 10:12:48,713 INFO OK B3SA3 (br) — 5 rows persistidas
2026-05-10 10:12:51,456 INFO OK BRCO11 (br) — 0 rows persistidas
2026-05-10 10:12:54,327 INFO OK CPLE3 (br) — 5 rows persistidas
2026-05-10 10:12:57,356 INFO OK ENGI11 (br) — 5 rows persistidas
2026-05-10 10:13:00,092 INFO OK EQTL3 (br) — 5 rows persistidas
2026-05-10 10:13:02,904 INFO OK HGLG11 (br) — 3 rows persistidas
2026-05-10 10:13:05,620 INFO OK HGRU11 (br) — 5 rows persistidas
2026-05-10 10:13:08,546 INFO OK ITUB4 (br) — 5 rows persistidas
2026-05-10 10:13:11,329 INFO OK KNCR11 (br) — 5 rows persistidas
2026-05-10 10:13:14,161 INFO OK KNRI11 (br) — 0 rows persistidas
2026-05-10 10:13:16,918 INFO OK MCCI11 (br) — 5 rows persistidas
2026-05-10 10:13:19,693 INFO OK MULT3 (br) — 5 rows persistidas
2026-05-10 10:13:22,585 INFO OK PETR4 (br) — 5 rows persistidas
2026-05-10 10:13:25,384 INFO OK PGMN3 (br) — 5 rows persistidas
2026-05-10 10:13:28,288 INFO OK PLPL3 (br) — 5 rows persistidas
2026-05-10 10:13:31,082 INFO OK PMLL11 (br) — 5 rows persistidas
2026-05-10 10:13:34,068 INFO OK POMO3 (br) — 5 rows persistidas
2026-05-10 10:13:36,919 INFO OK RAPT4 (br) — 5 rows persistidas
2026-05-10 10:13:39,598 INFO OK RBRY11 (br) — 0 rows persistidas
2026-05-10 10:13:42,545 INFO OK RDOR3 (br) — 5 rows persistidas
2026-05-10 10:13:45,379 INFO OK RECR11 (br) — 5 rows persistidas
2026-05-10 10:13:48,144 INFO OK RENT3 (br) — 5 rows persistidas
2026-05-10 10:13:51,078 INFO OK SUZB3 (br) — 5 rows persistidas
2026-05-10 10:13:53,921 INFO OK TRXF11 (br) — 5 rows persistidas
2026-05-10 10:13:56,889 INFO OK TTEN3 (br) — 5 rows persistidas
2026-05-10 10:13:59,670 INFO OK VGIP11 (br) — 5 rows persistidas
2026-05-10 10:14:02,659 INFO OK VISC11 (br) — 5 rows persistidas
2026-05-10 10:14:05,496 INFO OK VRTA11 (br) — 0 rows persistidas
2026-05-10 10:14:08,325 INFO OK XPLG11 (br) — 5 rows persistidas
2026-05-10 10:14:11,192 INFO OK ABM (us) — 5 rows persistidas
2026-05-10 10:14:14,150 INFO OK ABT (us) — 5 rows persistidas
2026-05-10 10:14:16,934 INFO OK ADM (us) — 5 rows persistidas
2026-05-10 10:14:19,859 INFO OK ADP (us) — 5 rows persistidas
2026-05-10 10:14:22,597 INFO OK AFL (us) — 5 rows persistidas
2026-05-10 10:14:25,493 INFO OK ALB (us) — 5 rows persistidas
2026-05-10 10:14:28,338 INFO OK AOS (us) — 5 rows persistidas
2026-05-10 10:14:31,067 INFO OK APD (us) — 5 rows persistidas
2026-05-10 10:14:33,936 INFO OK ATO (us) — 5 rows persistidas
2026-05-10 10:14:36,770 INFO OK AWR (us) — 5 rows persistidas
2026-05-10 10:14:39,651 INFO OK BDX (us) — 5 rows persistidas
2026-05-10 10:14:42,433 INFO OK BEN (us) — 5 rows persistidas
2026-05-10 10:14:45,347 INFO OK BF-B (us) — 4 rows persistidas
2026-05-10 10:14:48,258 INFO OK BKH (us) — 5 rows persistidas
2026-05-10 10:14:51,212 INFO OK BRO (us) — 5 rows persistidas
2026-05-10 10:14:53,966 INFO OK CAT (us) — 5 rows persistidas
2026-05-10 10:14:56,804 INFO OK CB (us) — 5 rows persistidas
2026-05-10 10:14:59,628 INFO OK CBSH (us) — 5 rows persistidas
2026-05-10 10:15:02,551 INFO OK CHD (us) — 5 rows persistidas
2026-05-10 10:15:05,600 INFO OK CHRW (us) — 5 rows persistidas
2026-05-10 10:15:08,359 INFO OK CINF (us) — 5 rows persistidas
2026-05-10 10:15:11,243 INFO OK CL (us) — 5 rows persistidas
2026-05-10 10:15:14,068 INFO OK CLX (us) — 5 rows persistidas
2026-05-10 10:15:17,142 INFO OK CTAS (us) — 5 rows persistidas
2026-05-10 10:15:19,887 INFO OK CVX (us) — 5 rows persistidas
2026-05-10 10:15:22,699 INFO OK CWT (us) — 5 rows persistidas
2026-05-10 10:15:25,447 INFO OK DOV (us) — 5 rows persistidas
2026-05-10 10:15:28,322 INFO OK ECL (us) — 5 rows persistidas
2026-05-10 10:15:31,135 INFO OK ED (us) — 5 rows persistidas
2026-05-10 10:15:33,960 INFO OK EMR (us) — 5 rows persistidas
2026-05-10 10:15:36,860 INFO OK ERIE (us) — 5 rows persistidas
2026-05-10 10:15:39,765 INFO OK ES (us) — 5 rows persistidas
2026-05-10 10:15:42,467 INFO OK EXPD (us) — 5 rows persistidas
2026-05-10 10:15:45,250 INFO OK FAST (us) — 5 rows persistidas
2026-05-10 10:15:48,303 INFO OK FDS (us) — 5 rows persistidas
2026-05-10 10:15:51,041 INFO OK FRT (us) — 5 rows persistidas
2026-05-10 10:15:53,853 INFO OK FUL (us) — 5 rows persistidas
2026-05-10 10:15:56,763 INFO OK GD (us) — 5 rows persistidas
2026-05-10 10:15:59,531 INFO OK GPC (us) — 5 rows persistidas
2026-05-10 10:16:02,323 INFO OK GRC (us) — 5 rows persistidas
2026-05-10 10:16:05,407 INFO OK GWW (us) — 5 rows persistidas
2026-05-10 10:16:08,278 INFO OK HRL (us) — 5 rows persistidas
2026-05-10 10:16:10,990 INFO OK IBM (us) — 5 rows persistidas
2026-05-10 10:16:13,813 INFO OK ITW (us) — 5 rows persistidas
2026-05-10 10:16:16,565 INFO OK JKHY (us) — 5 rows persistidas
2026-05-10 10:16:19,384 INFO OK KMB (us) — 5 rows persistidas
2026-05-10 10:16:22,215 INFO OK LEG (us) — 5 rows persistidas
2026-05-10 10:16:25,023 INFO OK LIN (us) — 5 rows persistidas
2026-05-10 10:16:28,012 INFO OK LOW (us) — 5 rows persistidas
2026-05-10 10:16:30,917 INFO OK MDT (us) — 4 rows persistidas
2026-05-10 10:16:33,788 INFO OK MGEE (us) — 5 rows persistidas
2026-05-10 10:16:36,695 INFO OK MKC (us) — 5 rows persistidas
2026-05-10 10:16:39,501 INFO OK MO (us) — 5 rows persistidas
2026-05-10 10:16:42,409 INFO OK MSA (us) — 5 rows persistidas
2026-05-10 10:16:45,369 INFO OK MSEX (us) — 5 rows persistidas
2026-05-10 10:16:48,310 INFO OK NDSN (us) — 5 rows persistidas
2026-05-10 10:16:51,100 INFO OK NEE (us) — 5 rows persistidas
2026-05-10 10:16:54,010 INFO OK NFG (us) — 5 rows persistidas
2026-05-10 10:16:56,960 INFO OK NUE (us) — 5 rows persistidas
2026-05-10 10:16:59,749 INFO OK NWN (us) — 5 rows persistidas
2026-05-10 10:17:02,645 INFO OK PH (us) — 5 rows persistidas
2026-05-10 10:17:05,416 INFO OK PNR (us) — 5 rows persistidas
2026-05-10 10:17:08,194 INFO OK PPG (us) — 5 rows persistidas
2026-05-10 10:17:10,938 INFO OK RLI (us) — 5 rows persistidas
2026-05-10 10:17:13,752 INFO OK ROP (us) — 5 rows persistidas
2026-05-10 10:17:16,505 INFO OK RPM (us) — 5 rows persistidas
2026-05-10 10:17:19,335 INFO OK SCL (us) — 5 rows persistidas
2026-05-10 10:17:22,167 INFO OK SHW (us) — 5 rows persistidas
2026-05-10 10:17:24,956 INFO OK SJM (us) — 4 rows persistidas
2026-05-10 10:17:27,726 INFO OK SPGI (us) — 5 rows persistidas
2026-05-10 10:17:30,608 INFO OK SWK (us) — 5 rows persistidas
2026-05-10 10:17:33,443 INFO OK SYY (us) — 5 rows persistidas
2026-05-10 10:17:36,297 INFO OK TDS (us) — 5 rows persistidas
2026-05-10 10:17:39,216 INFO OK TGT (us) — 5 rows persistidas
2026-05-10 10:17:42,173 INFO OK TNC (us) — 5 rows persistidas
2026-05-10 10:17:44,963 INFO OK TR (us) — 5 rows persistidas
2026-05-10 10:17:47,960 INFO OK TROW (us) — 5 rows persistidas
2026-05-10 10:17:50,892 INFO OK UVV (us) — 4 rows persistidas
2026-05-10 10:17:53,760 INFO OK WMT (us) — 5 rows persistidas
2026-05-10 10:17:56,590 INFO OK WST (us) — 5 rows persistidas
2026-05-10 10:17:59,421 INFO OK XOM (us) — 5 rows persistidas
2026-05-10 10:18:02,854 INFO OK NU (us) — 5 rows persistidas
2026-05-10 10:18:06,208 INFO OK PLTR (us) — 5 rows persistidas
2026-05-10 10:18:09,626 INFO OK XP (us) — 5 rows persistidas
2026-05-10 10:21:01,206 INFO OK BBDC4 (br) — 5 rows persistidas
2026-05-10 10:21:06,739 INFO OK BTLG11 (br) — 0 rows persistidas
2026-05-10 10:21:12,722 INFO OK ITSA4 (br) — 5 rows persistidas
2026-05-10 10:21:18,216 INFO OK IVVB11 (br) — 0 rows persistidas
2026-05-10 10:21:23,624 INFO OK PVBI11 (br) — 4 rows persistidas
2026-05-10 10:21:29,814 INFO OK VALE3 (br) — 5 rows persistidas
2026-05-10 10:21:36,080 INFO OK VGIR11 (br) — 0 rows persistidas
2026-05-10 10:21:41,475 INFO OK XPML11 (br) — 5 rows persistidas
2026-05-10 10:21:47,046 INFO OK ALOS3 (br) — 5 rows persistidas
2026-05-10 10:21:52,769 INFO OK B3SA3 (br) — 5 rows persistidas
2026-05-10 10:21:58,056 INFO OK BRCO11 (br) — 0 rows persistidas
2026-05-10 10:22:04,071 INFO OK CPLE3 (br) — 5 rows persistidas
2026-05-10 10:22:10,742 INFO OK ENGI11 (br) — 5 rows persistidas
2026-05-10 10:22:16,551 INFO OK EQTL3 (br) — 5 rows persistidas
2026-05-10 10:22:22,416 INFO OK HGLG11 (br) — 3 rows persistidas
2026-05-10 10:22:27,857 INFO OK HGRU11 (br) — 5 rows persistidas
2026-05-10 10:22:34,007 INFO OK ITUB4 (br) — 5 rows persistidas
2026-05-10 10:22:39,622 INFO OK KNCR11 (br) — 5 rows persistidas
2026-05-10 10:22:45,188 INFO OK KNRI11 (br) — 0 rows persistidas
2026-05-10 10:22:50,510 INFO OK MCCI11 (br) — 5 rows persistidas
2026-05-10 10:22:56,405 INFO OK MULT3 (br) — 5 rows persistidas
2026-05-10 10:23:02,357 INFO OK PETR4 (br) — 5 rows persistidas
2026-05-10 10:23:07,805 INFO OK PGMN3 (br) — 5 rows persistidas
2026-05-10 10:23:13,241 INFO OK PLPL3 (br) — 5 rows persistidas
2026-05-10 10:23:18,708 INFO OK PMLL11 (br) — 5 rows persistidas
2026-05-10 10:23:24,906 INFO OK POMO3 (br) — 5 rows persistidas
2026-05-10 10:23:34,474 INFO OK RAPT4 (br) — 5 rows persistidas
2026-05-10 10:23:39,720 INFO OK RBRY11 (br) — 0 rows persistidas
2026-05-10 10:23:45,244 INFO OK RDOR3 (br) — 5 rows persistidas
2026-05-10 10:23:50,623 INFO OK RECR11 (br) — 5 rows persistidas
2026-05-10 10:23:56,441 INFO OK RENT3 (br) — 5 rows persistidas
2026-05-10 10:24:02,124 INFO OK SUZB3 (br) — 5 rows persistidas
2026-05-10 10:24:08,057 INFO OK TRXF11 (br) — 5 rows persistidas
2026-05-10 10:24:13,833 INFO OK TTEN3 (br) — 5 rows persistidas
2026-05-10 10:24:19,262 INFO OK VGIP11 (br) — 5 rows persistidas
2026-05-10 10:24:24,784 INFO OK VISC11 (br) — 5 rows persistidas
2026-05-10 10:24:30,309 INFO OK VRTA11 (br) — 0 rows persistidas
2026-05-10 10:24:35,722 INFO OK XPLG11 (br) — 5 rows persistidas
2026-05-10 10:24:43,055 INFO OK ABM (us) — 5 rows persistidas
2026-05-10 10:24:50,723 INFO OK ABT (us) — 5 rows persistidas
2026-05-10 10:24:57,974 INFO OK ADM (us) — 5 rows persistidas
2026-05-10 10:25:05,359 INFO OK ADP (us) — 5 rows persistidas
2026-05-10 10:25:12,720 INFO OK AFL (us) — 5 rows persistidas
2026-05-10 10:25:19,939 INFO OK ALB (us) — 5 rows persistidas
2026-05-10 10:25:27,293 INFO OK AOS (us) — 5 rows persistidas
2026-05-10 10:25:34,647 INFO OK APD (us) — 5 rows persistidas
2026-05-10 10:25:41,983 INFO OK ATO (us) — 5 rows persistidas
2026-05-10 10:25:49,752 INFO OK AWR (us) — 5 rows persistidas
2026-05-10 10:25:57,608 INFO OK BDX (us) — 5 rows persistidas
2026-05-10 10:26:05,027 INFO OK BEN (us) — 5 rows persistidas
2026-05-10 10:26:12,736 INFO OK BF-B (us) — 4 rows persistidas
2026-05-10 10:26:20,216 INFO OK BKH (us) — 5 rows persistidas
2026-05-10 10:26:27,613 INFO OK BRO (us) — 5 rows persistidas
2026-05-10 10:26:35,594 INFO OK CAT (us) — 5 rows persistidas
2026-05-10 10:26:42,792 INFO OK CB (us) — 5 rows persistidas
2026-05-10 10:26:50,185 INFO OK CBSH (us) — 5 rows persistidas
2026-05-10 10:26:57,736 INFO OK CHD (us) — 5 rows persistidas
2026-05-10 10:27:04,901 INFO OK CHRW (us) — 5 rows persistidas
2026-05-10 10:27:12,532 INFO OK CINF (us) — 5 rows persistidas
2026-05-10 10:27:19,935 INFO OK CL (us) — 5 rows persistidas
2026-05-10 10:27:27,488 INFO OK CLX (us) — 5 rows persistidas
2026-05-10 10:27:34,830 INFO OK CTAS (us) — 5 rows persistidas
2026-05-10 10:27:42,740 INFO OK CVX (us) — 5 rows persistidas
2026-05-10 10:27:56,747 INFO OK CWT (us) — 5 rows persistidas
2026-05-10 10:28:04,300 INFO OK DOV (us) — 5 rows persistidas
2026-05-10 10:28:11,783 INFO OK ECL (us) — 5 rows persistidas
2026-05-10 10:28:19,518 INFO OK ED (us) — 5 rows persistidas
2026-05-10 10:28:27,395 INFO OK EMR (us) — 5 rows persistidas
2026-05-10 10:28:34,482 INFO OK ERIE (us) — 5 rows persistidas
2026-05-10 10:28:41,884 INFO OK ES (us) — 5 rows persistidas
2026-05-10 10:28:49,200 INFO OK EXPD (us) — 5 rows persistidas
2026-05-10 10:28:56,367 INFO OK FAST (us) — 5 rows persistidas
2026-05-10 10:29:03,348 INFO OK FDS (us) — 5 rows persistidas
2026-05-10 10:29:10,879 INFO OK FRT (us) — 5 rows persistidas
2026-05-10 10:29:18,505 INFO OK FUL (us) — 5 rows persistidas
2026-05-10 10:29:26,272 INFO OK GD (us) — 5 rows persistidas
2026-05-10 10:29:33,733 INFO OK GPC (us) — 5 rows persistidas
2026-05-10 10:29:41,268 INFO OK GRC (us) — 5 rows persistidas
2026-05-10 10:29:49,177 INFO OK GWW (us) — 5 rows persistidas
2026-05-10 10:29:56,398 INFO OK HRL (us) — 5 rows persistidas
2026-05-10 10:30:04,400 INFO OK IBM (us) — 5 rows persistidas
2026-05-10 10:30:11,961 INFO OK ITW (us) — 5 rows persistidas
2026-05-10 10:30:19,250 INFO OK JKHY (us) — 5 rows persistidas
2026-05-10 10:30:26,723 INFO OK KMB (us) — 5 rows persistidas
2026-05-10 10:30:33,980 INFO OK LEG (us) — 5 rows persistidas
2026-05-10 10:30:41,630 INFO OK LIN (us) — 5 rows persistidas
2026-05-10 10:30:48,897 INFO OK LOW (us) — 5 rows persistidas
2026-05-10 10:30:56,411 INFO OK MDT (us) — 4 rows persistidas
2026-05-10 10:31:03,625 INFO OK MGEE (us) — 5 rows persistidas
2026-05-10 10:31:11,216 INFO OK MKC (us) — 5 rows persistidas
2026-05-10 10:31:19,064 INFO OK MO (us) — 5 rows persistidas
2026-05-10 10:31:26,827 INFO OK MSA (us) — 5 rows persistidas
2026-05-10 10:31:34,377 INFO OK MSEX (us) — 5 rows persistidas
2026-05-10 10:31:41,757 INFO OK NDSN (us) — 5 rows persistidas
2026-05-10 10:31:49,196 INFO OK NEE (us) — 5 rows persistidas
2026-05-10 10:31:56,891 INFO OK NFG (us) — 5 rows persistidas
2026-05-10 10:32:04,257 INFO OK NUE (us) — 5 rows persistidas
2026-05-10 10:32:11,693 INFO OK NWN (us) — 5 rows persistidas
2026-05-10 10:32:19,189 INFO OK PH (us) — 5 rows persistidas
2026-05-10 10:32:26,730 INFO OK PNR (us) — 5 rows persistidas
2026-05-10 10:32:34,198 INFO OK PPG (us) — 5 rows persistidas
2026-05-10 10:32:41,657 INFO OK RLI (us) — 5 rows persistidas
2026-05-10 10:32:49,069 INFO OK ROP (us) — 5 rows persistidas
2026-05-10 10:32:56,647 INFO OK RPM (us) — 5 rows persistidas
2026-05-10 10:33:04,393 INFO OK SCL (us) — 5 rows persistidas
2026-05-10 10:33:11,816 INFO OK SHW (us) — 5 rows persistidas
2026-05-10 10:33:18,923 INFO OK SJM (us) — 4 rows persistidas
2026-05-10 10:33:26,448 INFO OK SPGI (us) — 5 rows persistidas
2026-05-10 10:33:34,098 INFO OK SWK (us) — 5 rows persistidas
2026-05-10 10:33:41,847 INFO OK SYY (us) — 5 rows persistidas
2026-05-10 10:33:49,453 INFO OK TDS (us) — 5 rows persistidas
2026-05-10 10:33:57,308 INFO OK TGT (us) — 5 rows persistidas
2026-05-10 10:34:05,077 INFO OK TNC (us) — 5 rows persistidas
2026-05-10 10:34:12,702 INFO OK TR (us) — 5 rows persistidas
2026-05-10 10:34:20,069 INFO OK TROW (us) — 5 rows persistidas
2026-05-10 10:34:27,675 INFO OK UVV (us) — 4 rows persistidas
2026-05-10 10:34:35,552 INFO OK WMT (us) — 5 rows persistidas
2026-05-10 10:34:42,604 INFO OK WST (us) — 5 rows persistidas
2026-05-10 10:34:50,651 INFO OK XOM (us) — 5 rows persistidas
2026-05-10 10:34:57,048 INFO OK NU (us) — 5 rows persistidas
2026-05-10 10:35:03,687 INFO OK PLTR (us) — 5 rows persistidas
2026-05-10 10:35:10,241 INFO OK XP (us) — 5 rows persistidas
2026-05-10 23:39:16,197 INFO OK BTLG11 (br) — 0 rows persistidas
2026-05-10 23:39:17,947 INFO OK IVVB11 (br) — 0 rows persistidas
2026-05-10 23:39:19,513 INFO OK LFTB11 (br) — 0 rows persistidas
2026-05-10 23:39:21,165 INFO OK VGIR11 (br) — 0 rows persistidas
2026-05-10 23:39:22,783 INFO OK GREK (us) — 0 rows persistidas
